[ 2018-12-30T16:59:03+08:00 ] 192.168.6.167 /index.php/Home/index/mychallenge
INFO: [ app_init ] --START--
INFO: Run Behavior\BuildLiteBehavior [ RunTime:0.000006s ]
INFO: [ app_init ] --END-- [ RunTime:0.000354s ]
INFO: [ app_begin ] --START--
INFO: Run Behavior\ReadHtmlCacheBehavior [ RunTime:0.000360s ]
INFO: [ app_begin ] --END-- [ RunTime:0.000378s ]
ERR: 无法加载控制器:Index

[ 2018-12-30T16:59:19+08:00 ] 192.168.6.167 /index.php/Home/challenge/index
INFO: [ app_init ] --START--
INFO: Run Behavior\BuildLiteBehavior [ RunTime:0.000005s ]
INFO: [ app_init ] --END-- [ RunTime:0.000255s ]
INFO: [ app_begin ] --START--
INFO: Run Behavior\ReadHtmlCacheBehavior [ RunTime:0.000334s ]
INFO: [ app_begin ] --END-- [ RunTime:0.000350s ]
SQL: SHOW COLUMNS FROM `user` [ RunTime:0.0050s ]
SQL: SELECT u.is_member,r.room_id,u.openid FROM user u left join room_user as r on u.openid = r.openid  WHERE ( u.openid = 2 and r.is_end = 0 ) LIMIT 1   [ RunTime:0.0008s ]
INFO: [ view_parse ] --START--
INFO: [ template_filter ] --START--
INFO: Run Behavior\ContentReplaceBehavior [ RunTime:0.000052s ]
INFO: [ template_filter ] --END-- [ RunTime:0.000073s ]
INFO: Run Behavior\ParseTemplateBehavior [ RunTime:0.006262s ]
INFO: [ view_parse ] --END-- [ RunTime:0.006283s ]
INFO: [ view_filter ] --START--
INFO: Run Behavior\WriteHtmlCacheBehavior [ RunTime:0.000303s ]
INFO: [ view_filter ] --END-- [ RunTime:0.000319s ]
INFO: [ app_end ] --START--
INFO: Run Behavior\ShowPageTraceBehavior [ RunTime:0.000379s ]
INFO: [ app_end ] --END-- [ RunTime:0.000393s ]

[ 2018-12-30T16:59:25+08:00 ] 192.168.6.167 /index.php/Home/challenge/challenge.html?type=1&openid=2
INFO: [ app_init ] --START--
INFO: Run Behavior\BuildLiteBehavior [ RunTime:0.000005s ]
INFO: [ app_init ] --END-- [ RunTime:0.000296s ]
INFO: [ app_begin ] --START--
INFO: Run Behavior\ReadHtmlCacheBehavior [ RunTime:0.000445s ]
INFO: [ app_begin ] --END-- [ RunTime:0.000467s ]
NOTIC: [8] Undefined index: openid D:\tp3.2\Application\Home\Controller\ChallengeController.class.php 第 28 行.
NOTIC: [8] Undefined index: telephone D:\tp3.2\Application\Home\Controller\ChallengeController.class.php 第 29 行.
NOTIC: [8] Undefined index: type D:\tp3.2\Application\Home\Controller\ChallengeController.class.php 第 30 行.
NOTIC: [8] Undefined variable: user_info D:\tp3.2\Application\Home\Controller\ChallengeController.class.php 第 42 行.
INFO: [ view_parse ] --START--
INFO: [ template_filter ] --START--
INFO: Run Behavior\ContentReplaceBehavior [ RunTime:0.000021s ]
INFO: [ template_filter ] --END-- [ RunTime:0.000039s ]
INFO: Run Behavior\ParseTemplateBehavior [ RunTime:0.005181s ]
INFO: [ view_parse ] --END-- [ RunTime:0.005201s ]
INFO: [ view_filter ] --START--
INFO: Run Behavior\WriteHtmlCacheBehavior [ RunTime:0.000301s ]
INFO: [ view_filter ] --END-- [ RunTime:0.000317s ]
INFO: [ app_end ] --START--
INFO: Run Behavior\ShowPageTraceBehavior [ RunTime:0.000418s ]
INFO: [ app_end ] --END-- [ RunTime:0.000434s ]

[ 2018-12-30T16:59:25+08:00 ] 192.168.6.167 /index.php/home/challenge/challenge
INFO: [ app_init ] --START--
INFO: Run Behavior\BuildLiteBehavior [ RunTime:0.000008s ]
INFO: [ app_init ] --END-- [ RunTime:0.000308s ]
INFO: [ app_begin ] --START--
INFO: Run Behavior\ReadHtmlCacheBehavior [ RunTime:0.000390s ]
INFO: [ app_begin ] --END-- [ RunTime:0.000411s ]
NOTIC: [8] Undefined index: telephone D:\tp3.2\Application\Home\Controller\ChallengeController.class.php 第 29 行.
SQL: SHOW COLUMNS FROM `room_user` [ RunTime:0.0049s ]
SQL: SELECT * FROM `room_user` WHERE ( openid = 2 and is_end=0 ) LIMIT 1   [ RunTime:0.0003s ]
SQL: SHOW COLUMNS FROM `complain` [ RunTime:0.0055s ]
SQL: SELECT * FROM `complain` WHERE ( status = 1 and openid=2 ) LIMIT 1   [ RunTime:0.0003s ]
SQL: SHOW COLUMNS FROM `room` [ RunTime:0.0054s ]
SQL: SELECT ru.room_id,u.nickname,r.start_time,r.room_name,u.pic,u.telephone FROM room r left join room_user as ru on r.id = ru.room_id left join user as u on ru.openid=u.openid  WHERE ( r.is_end =0 and r.type = 1 and  r.is_display=1 ) ORDER BY r.create_time desc,ru.create_time asc  [ RunTime:0.0005s ]
NOTIC: [8] Undefined index: num D:\tp3.2\Application\Home\Controller\ChallengeController.class.php 第 100 行.
NOTIC: [8] Undefined index: num D:\tp3.2\Application\Home\Controller\ChallengeController.class.php 第 100 行.
NOTIC: [8] Undefined variable: myroom D:\tp3.2\Application\Home\Controller\ChallengeController.class.php 第 104 行.

[ 2018-12-30T16:59:25+08:00 ] 192.168.6.167 /index.php/Home/challenge/challenge.html?type=1&openid=2
INFO: [ app_init ] --START--
INFO: Run Behavior\BuildLiteBehavior [ RunTime:0.000006s ]
INFO: [ app_init ] --END-- [ RunTime:0.000310s ]
INFO: [ app_begin ] --START--
INFO: Run Behavior\ReadHtmlCacheBehavior [ RunTime:0.000351s ]
INFO: [ app_begin ] --END-- [ RunTime:0.000373s ]
NOTIC: [8] Undefined index: openid D:\tp3.2\Application\Home\Controller\ChallengeController.class.php 第 28 行.
NOTIC: [8] Undefined index: telephone D:\tp3.2\Application\Home\Controller\ChallengeController.class.php 第 29 行.
NOTIC: [8] Undefined index: type D:\tp3.2\Application\Home\Controller\ChallengeController.class.php 第 30 行.
NOTIC: [8] Undefined variable: user_info D:\tp3.2\Application\Home\Controller\ChallengeController.class.php 第 42 行.
INFO: [ view_parse ] --START--
INFO: [ template_filter ] --START--
INFO: Run Behavior\ContentReplaceBehavior [ RunTime:0.000030s ]
INFO: [ template_filter ] --END-- [ RunTime:0.000057s ]
INFO: Run Behavior\ParseTemplateBehavior [ RunTime:0.003243s ]
INFO: [ view_parse ] --END-- [ RunTime:0.003269s ]
INFO: [ view_filter ] --START--
INFO: Run Behavior\WriteHtmlCacheBehavior [ RunTime:0.000250s ]
INFO: [ view_filter ] --END-- [ RunTime:0.000265s ]
INFO: [ app_end ] --START--
INFO: Run Behavior\ShowPageTraceBehavior [ RunTime:0.000337s ]
INFO: [ app_end ] --END-- [ RunTime:0.000352s ]

[ 2018-12-30T16:59:28+08:00 ] 192.168.6.167 /index.php/Home/challenge/challenge.html?type=2&openid=2
INFO: [ app_init ] --START--
INFO: Run Behavior\BuildLiteBehavior [ RunTime:0.000008s ]
INFO: [ app_init ] --END-- [ RunTime:0.000369s ]
INFO: [ app_begin ] --START--
INFO: Run Behavior\ReadHtmlCacheBehavior [ RunTime:0.000389s ]
INFO: [ app_begin ] --END-- [ RunTime:0.000410s ]
NOTIC: [8] Undefined index: openid D:\tp3.2\Application\Home\Controller\ChallengeController.class.php 第 28 行.
NOTIC: [8] Undefined index: telephone D:\tp3.2\Application\Home\Controller\ChallengeController.class.php 第 29 行.
NOTIC: [8] Undefined index: type D:\tp3.2\Application\Home\Controller\ChallengeController.class.php 第 30 行.
NOTIC: [8] Undefined variable: user_info D:\tp3.2\Application\Home\Controller\ChallengeController.class.php 第 42 行.
INFO: [ view_parse ] --START--
INFO: [ template_filter ] --START--
INFO: Run Behavior\ContentReplaceBehavior [ RunTime:0.000022s ]
INFO: [ template_filter ] --END-- [ RunTime:0.000044s ]
INFO: Run Behavior\ParseTemplateBehavior [ RunTime:0.003030s ]
INFO: [ view_parse ] --END-- [ RunTime:0.003050s ]
INFO: [ view_filter ] --START--
INFO: Run Behavior\WriteHtmlCacheBehavior [ RunTime:0.000272s ]
INFO: [ view_filter ] --END-- [ RunTime:0.000288s ]
INFO: [ app_end ] --START--
INFO: Run Behavior\ShowPageTraceBehavior [ RunTime:0.000391s ]
INFO: [ app_end ] --END-- [ RunTime:0.000405s ]

[ 2018-12-30T16:59:28+08:00 ] 192.168.6.167 /index.php/home/challenge/challenge
INFO: [ app_init ] --START--
INFO: Run Behavior\BuildLiteBehavior [ RunTime:0.000006s ]
INFO: [ app_init ] --END-- [ RunTime:0.000309s ]
INFO: [ app_begin ] --START--
INFO: Run Behavior\ReadHtmlCacheBehavior [ RunTime:0.000378s ]
INFO: [ app_begin ] --END-- [ RunTime:0.000392s ]
NOTIC: [8] Undefined index: telephone D:\tp3.2\Application\Home\Controller\ChallengeController.class.php 第 29 行.
SQL: SHOW COLUMNS FROM `room_user` [ RunTime:0.0053s ]
SQL: SELECT * FROM `room_user` WHERE ( openid = 2 and is_end=0 ) LIMIT 1   [ RunTime:0.0004s ]
SQL: SHOW COLUMNS FROM `complain` [ RunTime:0.0061s ]
SQL: SELECT * FROM `complain` WHERE ( status = 1 and openid=2 ) LIMIT 1   [ RunTime:0.0003s ]
SQL: SHOW COLUMNS FROM `room` [ RunTime:0.0046s ]
SQL: SELECT ru.room_id,u.nickname,r.start_time,r.room_name,u.pic,u.telephone FROM room r left join room_user as ru on r.id = ru.room_id left join user as u on ru.openid=u.openid  WHERE ( r.is_end =0 and r.type = 2 and  r.is_display=1 ) ORDER BY r.create_time desc,ru.create_time asc  [ RunTime:0.0006s ]
NOTIC: [8] Undefined index: num D:\tp3.2\Application\Home\Controller\ChallengeController.class.php 第 100 行.
NOTIC: [8] Undefined index: num D:\tp3.2\Application\Home\Controller\ChallengeController.class.php 第 100 行.
NOTIC: [8] Undefined variable: myroom D:\tp3.2\Application\Home\Controller\ChallengeController.class.php 第 104 行.

[ 2018-12-30T16:59:30+08:00 ] 192.168.6.167 /index.php/Home/challenge/mychallenge.html?room_id=
INFO: [ app_init ] --START--
INFO: Run Behavior\BuildLiteBehavior [ RunTime:0.000006s ]
INFO: [ app_init ] --END-- [ RunTime:0.000245s ]
INFO: [ app_begin ] --START--
INFO: Run Behavior\ReadHtmlCacheBehavior [ RunTime:0.000432s ]
INFO: [ app_begin ] --END-- [ RunTime:0.000452s ]
NOTIC: [8] Undefined index: openid D:\tp3.2\Application\Home\Controller\ChallengeController.class.php 第 295 行.
SQL: SHOW COLUMNS FROM `room_user` [ RunTime:0.0037s ]
ERR: 1064:You have an error in your SQL syntax; check the manual that corresponds to your MySQL server version for the right syntax to use near 'and is_end=0 ) LIMIT 1' at line 1
 [ SQL语句 ] : SELECT * FROM `room_user` WHERE ( openid =  and is_end=0 ) LIMIT 1  
ERR: 1064:You have an error in your SQL syntax; check the manual that corresponds to your MySQL server version for the right syntax to use near 'and is_end=0 ) LIMIT 1' at line 1
 [ SQL语句 ] : SELECT * FROM `room_user` WHERE ( openid =  and is_end=0 ) LIMIT 1  

[ 2018-12-30T16:59:32+08:00 ] 192.168.6.167 /index.php/Home/challenge/ChallengeTheRecord.html
INFO: [ app_init ] --START--
INFO: Run Behavior\BuildLiteBehavior [ RunTime:0.000006s ]
INFO: [ app_init ] --END-- [ RunTime:0.000368s ]
INFO: [ app_begin ] --START--
INFO: Run Behavior\ReadHtmlCacheBehavior [ RunTime:0.000385s ]
INFO: [ app_begin ] --END-- [ RunTime:0.000409s ]
INFO: [ view_parse ] --START--
INFO: [ template_filter ] --START--
INFO: Run Behavior\ContentReplaceBehavior [ RunTime:0.000030s ]
INFO: [ template_filter ] --END-- [ RunTime:0.000078s ]
INFO: Run Behavior\ParseTemplateBehavior [ RunTime:0.004108s ]
INFO: [ view_parse ] --END-- [ RunTime:0.004133s ]
INFO: [ view_filter ] --START--
INFO: Run Behavior\WriteHtmlCacheBehavior [ RunTime:0.000228s ]
INFO: [ view_filter ] --END-- [ RunTime:0.000240s ]
INFO: [ app_end ] --START--
INFO: Run Behavior\ShowPageTraceBehavior [ RunTime:0.000369s ]
INFO: [ app_end ] --END-- [ RunTime:0.000383s ]

[ 2018-12-30T17:45:44+08:00 ] 192.168.6.167 /index.php/Home/challenge/challenge.html?type=1&openid=2
INFO: [ app_init ] --START--
INFO: Run Behavior\BuildLiteBehavior [ RunTime:0.000004s ]
INFO: [ app_init ] --END-- [ RunTime:0.000321s ]
INFO: [ app_begin ] --START--
INFO: Run Behavior\ReadHtmlCacheBehavior [ RunTime:0.000389s ]
INFO: [ app_begin ] --END-- [ RunTime:0.000405s ]
NOTIC: [8] Undefined index: openid D:\tp3.2\Application\Home\Controller\ChallengeController.class.php 第 28 行.
NOTIC: [8] Undefined index: telephone D:\tp3.2\Application\Home\Controller\ChallengeController.class.php 第 29 行.
NOTIC: [8] Undefined index: type D:\tp3.2\Application\Home\Controller\ChallengeController.class.php 第 30 行.
NOTIC: [8] Undefined variable: user_info D:\tp3.2\Application\Home\Controller\ChallengeController.class.php 第 42 行.
INFO: [ view_parse ] --START--
INFO: [ template_filter ] --START--
INFO: Run Behavior\ContentReplaceBehavior [ RunTime:0.000029s ]
INFO: [ template_filter ] --END-- [ RunTime:0.000045s ]
INFO: Run Behavior\ParseTemplateBehavior [ RunTime:0.003869s ]
INFO: [ view_parse ] --END-- [ RunTime:0.003886s ]
INFO: [ view_filter ] --START--
INFO: Run Behavior\WriteHtmlCacheBehavior [ RunTime:0.000302s ]
INFO: [ view_filter ] --END-- [ RunTime:0.000316s ]
INFO: [ app_end ] --START--
INFO: Run Behavior\ShowPageTraceBehavior [ RunTime:0.000417s ]
INFO: [ app_end ] --END-- [ RunTime:0.000430s ]

[ 2018-12-30T17:45:44+08:00 ] 192.168.6.167 /index.php/home/challenge/challenge
INFO: [ app_init ] --START--
INFO: Run Behavior\BuildLiteBehavior [ RunTime:0.000006s ]
INFO: [ app_init ] --END-- [ RunTime:0.000347s ]
INFO: [ app_begin ] --START--
INFO: Run Behavior\ReadHtmlCacheBehavior [ RunTime:0.000395s ]
INFO: [ app_begin ] --END-- [ RunTime:0.000411s ]
NOTIC: [8] Undefined index: telephone D:\tp3.2\Application\Home\Controller\ChallengeController.class.php 第 29 行.
SQL: SHOW COLUMNS FROM `room_user` [ RunTime:0.0064s ]
SQL: SELECT * FROM `room_user` WHERE ( openid = 2 and is_end=0 ) LIMIT 1   [ RunTime:0.0004s ]
SQL: SHOW COLUMNS FROM `complain` [ RunTime:0.0057s ]
SQL: SELECT * FROM `complain` WHERE ( status = 1 and openid=2 ) LIMIT 1   [ RunTime:0.0003s ]
SQL: SHOW COLUMNS FROM `room` [ RunTime:0.0051s ]
SQL: SELECT ru.room_id,u.nickname,r.start_time,r.room_name,u.pic,u.telephone FROM room r left join room_user as ru on r.id = ru.room_id left join user as u on ru.openid=u.openid  WHERE ( r.is_end =0 and r.type = 1 and  r.is_display=1 ) ORDER BY r.create_time desc,ru.create_time asc  [ RunTime:0.0010s ]
NOTIC: [8] Undefined index: num D:\tp3.2\Application\Home\Controller\ChallengeController.class.php 第 100 行.
NOTIC: [8] Undefined index: num D:\tp3.2\Application\Home\Controller\ChallengeController.class.php 第 100 行.
NOTIC: [8] Undefined variable: myroom D:\tp3.2\Application\Home\Controller\ChallengeController.class.php 第 104 行.

[ 2018-12-30T17:45:44+08:00 ] 192.168.6.167 /index.php/Home/challenge/challenge.html?type=1&openid=2
INFO: [ app_init ] --START--
INFO: Run Behavior\BuildLiteBehavior [ RunTime:0.000005s ]
INFO: [ app_init ] --END-- [ RunTime:0.000330s ]
INFO: [ app_begin ] --START--
INFO: Run Behavior\ReadHtmlCacheBehavior [ RunTime:0.000389s ]
INFO: [ app_begin ] --END-- [ RunTime:0.000407s ]
NOTIC: [8] Undefined index: openid D:\tp3.2\Application\Home\Controller\ChallengeController.class.php 第 28 行.
NOTIC: [8] Undefined index: telephone D:\tp3.2\Application\Home\Controller\ChallengeController.class.php 第 29 行.
NOTIC: [8] Undefined index: type D:\tp3.2\Application\Home\Controller\ChallengeController.class.php 第 30 行.
NOTIC: [8] Undefined variable: user_info D:\tp3.2\Application\Home\Controller\ChallengeController.class.php 第 42 行.
INFO: [ view_parse ] --START--
INFO: [ template_filter ] --START--
INFO: Run Behavior\ContentReplaceBehavior [ RunTime:0.000025s ]
INFO: [ template_filter ] --END-- [ RunTime:0.000049s ]
INFO: Run Behavior\ParseTemplateBehavior [ RunTime:0.003875s ]
INFO: [ view_parse ] --END-- [ RunTime:0.003907s ]
INFO: [ view_filter ] --START--
INFO: Run Behavior\WriteHtmlCacheBehavior [ RunTime:0.000613s ]
INFO: [ view_filter ] --END-- [ RunTime:0.000637s ]
INFO: [ app_end ] --START--
INFO: Run Behavior\ShowPageTraceBehavior [ RunTime:0.000959s ]
INFO: [ app_end ] --END-- [ RunTime:0.000994s ]

[ 2018-12-30T17:59:09+08:00 ] 192.168.6.167 /index.php/Home/challenge/challenge.html?type=1&openid=2
INFO: [ app_init ] --START--
INFO: Run Behavior\BuildLiteBehavior [ RunTime:0.000004s ]
INFO: [ app_init ] --END-- [ RunTime:0.000337s ]
INFO: [ app_begin ] --START--
INFO: Run Behavior\ReadHtmlCacheBehavior [ RunTime:0.000381s ]
INFO: [ app_begin ] --END-- [ RunTime:0.000398s ]
NOTIC: [8] Undefined index: openid D:\tp3.2\Application\Home\Controller\ChallengeController.class.php 第 28 行.
NOTIC: [8] Undefined index: telephone D:\tp3.2\Application\Home\Controller\ChallengeController.class.php 第 29 行.
NOTIC: [8] Undefined index: type D:\tp3.2\Application\Home\Controller\ChallengeController.class.php 第 30 行.
NOTIC: [8] Undefined variable: user_info D:\tp3.2\Application\Home\Controller\ChallengeController.class.php 第 42 行.
INFO: [ view_parse ] --START--
INFO: [ template_filter ] --START--
INFO: Run Behavior\ContentReplaceBehavior [ RunTime:0.000026s ]
INFO: [ template_filter ] --END-- [ RunTime:0.000041s ]
INFO: Run Behavior\ParseTemplateBehavior [ RunTime:0.003740s ]
INFO: [ view_parse ] --END-- [ RunTime:0.003758s ]
INFO: [ view_filter ] --START--
INFO: Run Behavior\WriteHtmlCacheBehavior [ RunTime:0.000301s ]
INFO: [ view_filter ] --END-- [ RunTime:0.000315s ]
INFO: [ app_end ] --START--
INFO: Run Behavior\ShowPageTraceBehavior [ RunTime:0.000414s ]
INFO: [ app_end ] --END-- [ RunTime:0.000429s ]

[ 2018-12-30T17:59:09+08:00 ] 192.168.6.167 /index.php/home/challenge/challenge
INFO: [ app_init ] --START--
INFO: Run Behavior\BuildLiteBehavior [ RunTime:0.000006s ]
INFO: [ app_init ] --END-- [ RunTime:0.000397s ]
INFO: [ app_begin ] --START--
INFO: Run Behavior\ReadHtmlCacheBehavior [ RunTime:0.000413s ]
INFO: [ app_begin ] --END-- [ RunTime:0.000435s ]
NOTIC: [8] Undefined index: telephone D:\tp3.2\Application\Home\Controller\ChallengeController.class.php 第 29 行.
SQL: SHOW COLUMNS FROM `room_user` [ RunTime:0.0050s ]
SQL: SELECT * FROM `room_user` WHERE ( openid = 2 and is_end=0 ) LIMIT 1   [ RunTime:0.0003s ]
SQL: SHOW COLUMNS FROM `complain` [ RunTime:0.0047s ]
SQL: SELECT * FROM `complain` WHERE ( status = 1 and openid=2 ) LIMIT 1   [ RunTime:0.0003s ]
SQL: SHOW COLUMNS FROM `room` [ RunTime:0.0050s ]
SQL: SELECT ru.room_id,u.nickname,r.start_time,r.room_name,u.pic,u.telephone FROM room r left join room_user as ru on r.id = ru.room_id left join user as u on ru.openid=u.openid  WHERE ( r.is_end =0 and r.type = 1 and  r.is_display=1 ) ORDER BY r.create_time desc,ru.create_time asc  [ RunTime:0.0005s ]
NOTIC: [8] Undefined index: num D:\tp3.2\Application\Home\Controller\ChallengeController.class.php 第 100 行.
NOTIC: [8] Undefined index: num D:\tp3.2\Application\Home\Controller\ChallengeController.class.php 第 100 行.
NOTIC: [8] Undefined variable: myroom D:\tp3.2\Application\Home\Controller\ChallengeController.class.php 第 104 行.

[ 2018-12-30T17:59:09+08:00 ] 192.168.6.167 /index.php/Home/challenge/challenge.html?type=1&openid=2
INFO: [ app_init ] --START--
INFO: Run Behavior\BuildLiteBehavior [ RunTime:0.000008s ]
INFO: [ app_init ] --END-- [ RunTime:0.000305s ]
INFO: [ app_begin ] --START--
INFO: Run Behavior\ReadHtmlCacheBehavior [ RunTime:0.000427s ]
INFO: [ app_begin ] --END-- [ RunTime:0.000447s ]
NOTIC: [8] Undefined index: openid D:\tp3.2\Application\Home\Controller\ChallengeController.class.php 第 28 行.
NOTIC: [8] Undefined index: telephone D:\tp3.2\Application\Home\Controller\ChallengeController.class.php 第 29 行.
NOTIC: [8] Undefined index: type D:\tp3.2\Application\Home\Controller\ChallengeController.class.php 第 30 行.
NOTIC: [8] Undefined variable: user_info D:\tp3.2\Application\Home\Controller\ChallengeController.class.php 第 42 行.
INFO: [ view_parse ] --START--
INFO: [ template_filter ] --START--
INFO: Run Behavior\ContentReplaceBehavior [ RunTime:0.000022s ]
INFO: [ template_filter ] --END-- [ RunTime:0.000042s ]
INFO: Run Behavior\ParseTemplateBehavior [ RunTime:0.002968s ]
INFO: [ view_parse ] --END-- [ RunTime:0.002988s ]
INFO: [ view_filter ] --START--
INFO: Run Behavior\WriteHtmlCacheBehavior [ RunTime:0.000254s ]
INFO: [ view_filter ] --END-- [ RunTime:0.000267s ]
INFO: [ app_end ] --START--
INFO: Run Behavior\ShowPageTraceBehavior [ RunTime:0.000347s ]
INFO: [ app_end ] --END-- [ RunTime:0.000361s ]

[ 2018-12-30T17:59:09+08:00 ] 192.168.6.167 /index.php/Home/challenge/challenge.html?type=1&openid=2
INFO: [ app_init ] --START--
INFO: Run Behavior\BuildLiteBehavior [ RunTime:0.000005s ]
INFO: [ app_init ] --END-- [ RunTime:0.000315s ]
INFO: [ app_begin ] --START--
INFO: Run Behavior\ReadHtmlCacheBehavior [ RunTime:0.000374s ]
INFO: [ app_begin ] --END-- [ RunTime:0.000390s ]
NOTIC: [8] Undefined index: openid D:\tp3.2\Application\Home\Controller\ChallengeController.class.php 第 28 行.
NOTIC: [8] Undefined index: telephone D:\tp3.2\Application\Home\Controller\ChallengeController.class.php 第 29 行.
NOTIC: [8] Undefined index: type D:\tp3.2\Application\Home\Controller\ChallengeController.class.php 第 30 行.
NOTIC: [8] Undefined variable: user_info D:\tp3.2\Application\Home\Controller\ChallengeController.class.php 第 42 行.
INFO: [ view_parse ] --START--
INFO: [ template_filter ] --START--
INFO: Run Behavior\ContentReplaceBehavior [ RunTime:0.000019s ]
INFO: [ template_filter ] --END-- [ RunTime:0.000035s ]
INFO: Run Behavior\ParseTemplateBehavior [ RunTime:0.002814s ]
INFO: [ view_parse ] --END-- [ RunTime:0.002830s ]
INFO: [ view_filter ] --START--
INFO: Run Behavior\WriteHtmlCacheBehavior [ RunTime:0.000246s ]
INFO: [ view_filter ] --END-- [ RunTime:0.000259s ]
INFO: [ app_end ] --START--
INFO: Run Behavior\ShowPageTraceBehavior [ RunTime:0.000377s ]
INFO: [ app_end ] --END-- [ RunTime:0.000391s ]

[ 2018-12-30T17:59:09+08:00 ] 192.168.6.167 /index.php/home/challenge/challenge
INFO: [ app_init ] --START--
INFO: Run Behavior\BuildLiteBehavior [ RunTime:0.000006s ]
INFO: [ app_init ] --END-- [ RunTime:0.000326s ]
INFO: [ app_begin ] --START--
INFO: Run Behavior\ReadHtmlCacheBehavior [ RunTime:0.000399s ]
INFO: [ app_begin ] --END-- [ RunTime:0.000417s ]
NOTIC: [8] Undefined index: telephone D:\tp3.2\Application\Home\Controller\ChallengeController.class.php 第 29 行.
SQL: SHOW COLUMNS FROM `room_user` [ RunTime:0.0045s ]
SQL: SELECT * FROM `room_user` WHERE ( openid = 2 and is_end=0 ) LIMIT 1   [ RunTime:0.0003s ]
SQL: SHOW COLUMNS FROM `complain` [ RunTime:0.0049s ]
SQL: SELECT * FROM `complain` WHERE ( status = 1 and openid=2 ) LIMIT 1   [ RunTime:0.0003s ]
SQL: SHOW COLUMNS FROM `room` [ RunTime:0.0040s ]
SQL: SELECT ru.room_id,u.nickname,r.start_time,r.room_name,u.pic,u.telephone FROM room r left join room_user as ru on r.id = ru.room_id left join user as u on ru.openid=u.openid  WHERE ( r.is_end =0 and r.type = 1 and  r.is_display=1 ) ORDER BY r.create_time desc,ru.create_time asc  [ RunTime:0.0004s ]
NOTIC: [8] Undefined index: num D:\tp3.2\Application\Home\Controller\ChallengeController.class.php 第 100 行.
NOTIC: [8] Undefined index: num D:\tp3.2\Application\Home\Controller\ChallengeController.class.php 第 100 行.
NOTIC: [8] Undefined variable: myroom D:\tp3.2\Application\Home\Controller\ChallengeController.class.php 第 104 行.

[ 2018-12-30T17:59:09+08:00 ] 192.168.6.167 /index.php/Home/challenge/challenge.html?type=1&openid=2
INFO: [ app_init ] --START--
INFO: Run Behavior\BuildLiteBehavior [ RunTime:0.000006s ]
INFO: [ app_init ] --END-- [ RunTime:0.000356s ]
INFO: [ app_begin ] --START--
INFO: Run Behavior\ReadHtmlCacheBehavior [ RunTime:0.000341s ]
INFO: [ app_begin ] --END-- [ RunTime:0.000357s ]
NOTIC: [8] Undefined index: openid D:\tp3.2\Application\Home\Controller\ChallengeController.class.php 第 28 行.
NOTIC: [8] Undefined index: telephone D:\tp3.2\Application\Home\Controller\ChallengeController.class.php 第 29 行.
NOTIC: [8] Undefined index: type D:\tp3.2\Application\Home\Controller\ChallengeController.class.php 第 30 行.
NOTIC: [8] Undefined variable: user_info D:\tp3.2\Application\Home\Controller\ChallengeController.class.php 第 42 行.
INFO: [ view_parse ] --START--
INFO: [ template_filter ] --START--
INFO: Run Behavior\ContentReplaceBehavior [ RunTime:0.000020s ]
INFO: [ template_filter ] --END-- [ RunTime:0.000036s ]
INFO: Run Behavior\ParseTemplateBehavior [ RunTime:0.002727s ]
INFO: [ view_parse ] --END-- [ RunTime:0.002745s ]
INFO: [ view_filter ] --START--
INFO: Run Behavior\WriteHtmlCacheBehavior [ RunTime:0.000265s ]
INFO: [ view_filter ] --END-- [ RunTime:0.000279s ]
INFO: [ app_end ] --START--
INFO: Run Behavior\ShowPageTraceBehavior [ RunTime:0.000390s ]
INFO: [ app_end ] --END-- [ RunTime:0.000404s ]

[ 2018-12-30T17:59:32+08:00 ] 192.168.6.167 /index.php/Home/challenge/challenge.html?type=1&openid=2
INFO: [ app_init ] --START--
INFO: Run Behavior\BuildLiteBehavior [ RunTime:0.000006s ]
INFO: [ app_init ] --END-- [ RunTime:0.000342s ]
INFO: [ app_begin ] --START--
INFO: Run Behavior\ReadHtmlCacheBehavior [ RunTime:0.000365s ]
INFO: [ app_begin ] --END-- [ RunTime:0.000382s ]
NOTIC: [8] Undefined index: openid D:\tp3.2\Application\Home\Controller\ChallengeController.class.php 第 28 行.
NOTIC: [8] Undefined index: telephone D:\tp3.2\Application\Home\Controller\ChallengeController.class.php 第 29 行.
NOTIC: [8] Undefined index: type D:\tp3.2\Application\Home\Controller\ChallengeController.class.php 第 30 行.
NOTIC: [8] Undefined variable: user_info D:\tp3.2\Application\Home\Controller\ChallengeController.class.php 第 42 行.
INFO: [ view_parse ] --START--
INFO: [ template_filter ] --START--
INFO: Run Behavior\ContentReplaceBehavior [ RunTime:0.000020s ]
INFO: [ template_filter ] --END-- [ RunTime:0.000036s ]
INFO: Run Behavior\ParseTemplateBehavior [ RunTime:0.004264s ]
INFO: [ view_parse ] --END-- [ RunTime:0.004281s ]
INFO: [ view_filter ] --START--
INFO: Run Behavior\WriteHtmlCacheBehavior [ RunTime:0.000271s ]
INFO: [ view_filter ] --END-- [ RunTime:0.000289s ]
INFO: [ app_end ] --START--
INFO: Run Behavior\ShowPageTraceBehavior [ RunTime:0.000369s ]
INFO: [ app_end ] --END-- [ RunTime:0.000383s ]

[ 2018-12-30T17:59:32+08:00 ] 192.168.6.167 /index.php/home/challenge/challenge
INFO: [ app_init ] --START--
INFO: Run Behavior\BuildLiteBehavior [ RunTime:0.000009s ]
INFO: [ app_init ] --END-- [ RunTime:0.000402s ]
INFO: [ app_begin ] --START--
INFO: Run Behavior\ReadHtmlCacheBehavior [ RunTime:0.000420s ]
INFO: [ app_begin ] --END-- [ RunTime:0.000442s ]
NOTIC: [8] Undefined index: telephone D:\tp3.2\Application\Home\Controller\ChallengeController.class.php 第 29 行.
SQL: SHOW COLUMNS FROM `room_user` [ RunTime:0.0042s ]
SQL: SELECT * FROM `room_user` WHERE ( openid = 2 and is_end=0 ) LIMIT 1   [ RunTime:0.0002s ]
SQL: SHOW COLUMNS FROM `complain` [ RunTime:0.0043s ]
SQL: SELECT * FROM `complain` WHERE ( status = 1 and openid=2 ) LIMIT 1   [ RunTime:0.0002s ]
SQL: SHOW COLUMNS FROM `room` [ RunTime:0.0036s ]
SQL: SELECT ru.room_id,u.nickname,r.start_time,r.room_name,u.pic,u.telephone FROM room r left join room_user as ru on r.id = ru.room_id left join user as u on ru.openid=u.openid  WHERE ( r.is_end =0 and r.type = 1 and  r.is_display=1 ) ORDER BY r.create_time desc,ru.create_time asc  [ RunTime:0.0004s ]
NOTIC: [8] Undefined index: num D:\tp3.2\Application\Home\Controller\ChallengeController.class.php 第 100 行.
NOTIC: [8] Undefined index: num D:\tp3.2\Application\Home\Controller\ChallengeController.class.php 第 100 行.
NOTIC: [8] Undefined variable: myroom D:\tp3.2\Application\Home\Controller\ChallengeController.class.php 第 104 行.

[ 2018-12-30T17:59:32+08:00 ] 192.168.6.167 /index.php/Home/challenge/challenge.html?type=1&openid=2
INFO: [ app_init ] --START--
INFO: Run Behavior\BuildLiteBehavior [ RunTime:0.000005s ]
INFO: [ app_init ] --END-- [ RunTime:0.000300s ]
INFO: [ app_begin ] --START--
INFO: Run Behavior\ReadHtmlCacheBehavior [ RunTime:0.000444s ]
INFO: [ app_begin ] --END-- [ RunTime:0.000462s ]
NOTIC: [8] Undefined index: openid D:\tp3.2\Application\Home\Controller\ChallengeController.class.php 第 28 行.
NOTIC: [8] Undefined index: telephone D:\tp3.2\Application\Home\Controller\ChallengeController.class.php 第 29 行.
NOTIC: [8] Undefined index: type D:\tp3.2\Application\Home\Controller\ChallengeController.class.php 第 30 行.
NOTIC: [8] Undefined variable: user_info D:\tp3.2\Application\Home\Controller\ChallengeController.class.php 第 42 行.
INFO: [ view_parse ] --START--
INFO: [ template_filter ] --START--
INFO: Run Behavior\ContentReplaceBehavior [ RunTime:0.000022s ]
INFO: [ template_filter ] --END-- [ RunTime:0.000044s ]
INFO: Run Behavior\ParseTemplateBehavior [ RunTime:0.003143s ]
INFO: [ view_parse ] --END-- [ RunTime:0.003163s ]
INFO: [ view_filter ] --START--
INFO: Run Behavior\WriteHtmlCacheBehavior [ RunTime:0.000276s ]
INFO: [ view_filter ] --END-- [ RunTime:0.000291s ]
INFO: [ app_end ] --START--
INFO: Run Behavior\ShowPageTraceBehavior [ RunTime:0.000390s ]
INFO: [ app_end ] --END-- [ RunTime:0.000404s ]

[ 2018-12-30T18:03:41+08:00 ] 192.168.6.167 /index.php/Home/challenge/challenge.html?type=1&openid=2
INFO: [ app_init ] --START--
INFO: Run Behavior\BuildLiteBehavior [ RunTime:0.000005s ]
INFO: [ app_init ] --END-- [ RunTime:0.000347s ]
INFO: [ app_begin ] --START--
INFO: Run Behavior\ReadHtmlCacheBehavior [ RunTime:0.000401s ]
INFO: [ app_begin ] --END-- [ RunTime:0.000419s ]
NOTIC: [8] Undefined index: openid D:\tp3.2\Application\Home\Controller\ChallengeController.class.php 第 28 行.
NOTIC: [8] Undefined index: telephone D:\tp3.2\Application\Home\Controller\ChallengeController.class.php 第 29 行.
NOTIC: [8] Undefined index: type D:\tp3.2\Application\Home\Controller\ChallengeController.class.php 第 30 行.
NOTIC: [8] Undefined variable: user_info D:\tp3.2\Application\Home\Controller\ChallengeController.class.php 第 42 行.
INFO: [ view_parse ] --START--
INFO: [ template_filter ] --START--
INFO: Run Behavior\ContentReplaceBehavior [ RunTime:0.000023s ]
INFO: [ template_filter ] --END-- [ RunTime:0.000042s ]
INFO: Run Behavior\ParseTemplateBehavior [ RunTime:0.003332s ]
INFO: [ view_parse ] --END-- [ RunTime:0.003360s ]
INFO: [ view_filter ] --START--
INFO: Run Behavior\WriteHtmlCacheBehavior [ RunTime:0.000359s ]
INFO: [ view_filter ] --END-- [ RunTime:0.000376s ]
INFO: [ app_end ] --START--
INFO: Run Behavior\ShowPageTraceBehavior [ RunTime:0.000471s ]
INFO: [ app_end ] --END-- [ RunTime:0.000492s ]

[ 2018-12-30T18:03:41+08:00 ] 192.168.6.167 /index.php/home/challenge/challenge
INFO: [ app_init ] --START--
INFO: Run Behavior\BuildLiteBehavior [ RunTime:0.000006s ]
INFO: [ app_init ] --END-- [ RunTime:0.000328s ]
INFO: [ app_begin ] --START--
INFO: Run Behavior\ReadHtmlCacheBehavior [ RunTime:0.000478s ]
INFO: [ app_begin ] --END-- [ RunTime:0.000513s ]
NOTIC: [8] Undefined index: telephone D:\tp3.2\Application\Home\Controller\ChallengeController.class.php 第 29 行.
SQL: SHOW COLUMNS FROM `room_user` [ RunTime:0.0057s ]
SQL: SELECT * FROM `room_user` WHERE ( openid = 2 and is_end=0 ) LIMIT 1   [ RunTime:0.0003s ]
SQL: SHOW COLUMNS FROM `complain` [ RunTime:0.0043s ]
SQL: SELECT * FROM `complain` WHERE ( status = 1 and openid=2 ) LIMIT 1   [ RunTime:0.0003s ]
SQL: SHOW COLUMNS FROM `room` [ RunTime:0.0038s ]
SQL: SELECT ru.room_id,u.nickname,r.start_time,r.room_name,u.pic,u.telephone FROM room r left join room_user as ru on r.id = ru.room_id left join user as u on ru.openid=u.openid  WHERE ( r.is_end =0 and r.type = 1 and  r.is_display=1 ) ORDER BY r.create_time desc,ru.create_time asc  [ RunTime:0.0004s ]
NOTIC: [8] Undefined index: num D:\tp3.2\Application\Home\Controller\ChallengeController.class.php 第 100 行.
NOTIC: [8] Undefined index: num D:\tp3.2\Application\Home\Controller\ChallengeController.class.php 第 100 行.
NOTIC: [8] Undefined variable: myroom D:\tp3.2\Application\Home\Controller\ChallengeController.class.php 第 104 行.

[ 2018-12-30T18:03:41+08:00 ] 192.168.6.167 /index.php/Home/challenge/challenge.html?type=1&openid=2
INFO: [ app_init ] --START--
INFO: Run Behavior\BuildLiteBehavior [ RunTime:0.000007s ]
INFO: [ app_init ] --END-- [ RunTime:0.000274s ]
INFO: [ app_begin ] --START--
INFO: Run Behavior\ReadHtmlCacheBehavior [ RunTime:0.000636s ]
INFO: [ app_begin ] --END-- [ RunTime:0.000680s ]
NOTIC: [8] Undefined index: openid D:\tp3.2\Application\Home\Controller\ChallengeController.class.php 第 28 行.
NOTIC: [8] Undefined index: telephone D:\tp3.2\Application\Home\Controller\ChallengeController.class.php 第 29 行.
NOTIC: [8] Undefined index: type D:\tp3.2\Application\Home\Controller\ChallengeController.class.php 第 30 行.
NOTIC: [8] Undefined variable: user_info D:\tp3.2\Application\Home\Controller\ChallengeController.class.php 第 42 行.
INFO: [ view_parse ] --START--
INFO: [ template_filter ] --START--
INFO: Run Behavior\ContentReplaceBehavior [ RunTime:0.000023s ]
INFO: [ template_filter ] --END-- [ RunTime:0.000045s ]
INFO: Run Behavior\ParseTemplateBehavior [ RunTime:0.003108s ]
INFO: [ view_parse ] --END-- [ RunTime:0.003131s ]
INFO: [ view_filter ] --START--
INFO: Run Behavior\WriteHtmlCacheBehavior [ RunTime:0.000286s ]
INFO: [ view_filter ] --END-- [ RunTime:0.000305s ]
INFO: [ app_end ] --START--
INFO: Run Behavior\ShowPageTraceBehavior [ RunTime:0.000408s ]
INFO: [ app_end ] --END-- [ RunTime:0.000425s ]

[ 2018-12-30T18:03:42+08:00 ] 192.168.6.167 /index.php/Home/challenge/challenge.html?type=1&openid=2
INFO: [ app_init ] --START--
INFO: Run Behavior\BuildLiteBehavior [ RunTime:0.000008s ]
INFO: [ app_init ] --END-- [ RunTime:0.000338s ]
INFO: [ app_begin ] --START--
INFO: Run Behavior\ReadHtmlCacheBehavior [ RunTime:0.000415s ]
INFO: [ app_begin ] --END-- [ RunTime:0.000432s ]
NOTIC: [8] Undefined index: openid D:\tp3.2\Application\Home\Controller\ChallengeController.class.php 第 28 行.
NOTIC: [8] Undefined index: telephone D:\tp3.2\Application\Home\Controller\ChallengeController.class.php 第 29 行.
NOTIC: [8] Undefined index: type D:\tp3.2\Application\Home\Controller\ChallengeController.class.php 第 30 行.
NOTIC: [8] Undefined variable: user_info D:\tp3.2\Application\Home\Controller\ChallengeController.class.php 第 42 行.
INFO: [ view_parse ] --START--
INFO: [ template_filter ] --START--
INFO: Run Behavior\ContentReplaceBehavior [ RunTime:0.000026s ]
INFO: [ template_filter ] --END-- [ RunTime:0.000066s ]
INFO: Run Behavior\ParseTemplateBehavior [ RunTime:0.003491s ]
INFO: [ view_parse ] --END-- [ RunTime:0.003515s ]
INFO: [ view_filter ] --START--
INFO: Run Behavior\WriteHtmlCacheBehavior [ RunTime:0.000276s ]
INFO: [ view_filter ] --END-- [ RunTime:0.000291s ]
INFO: [ app_end ] --START--
INFO: Run Behavior\ShowPageTraceBehavior [ RunTime:0.000455s ]
INFO: [ app_end ] --END-- [ RunTime:0.000469s ]

[ 2018-12-30T18:03:42+08:00 ] 192.168.6.167 /index.php/home/challenge/challenge
INFO: [ app_init ] --START--
INFO: Run Behavior\BuildLiteBehavior [ RunTime:0.000009s ]
INFO: [ app_init ] --END-- [ RunTime:0.000365s ]
INFO: [ app_begin ] --START--
INFO: Run Behavior\ReadHtmlCacheBehavior [ RunTime:0.000524s ]
INFO: [ app_begin ] --END-- [ RunTime:0.000556s ]
NOTIC: [8] Undefined index: telephone D:\tp3.2\Application\Home\Controller\ChallengeController.class.php 第 29 行.
SQL: SHOW COLUMNS FROM `room_user` [ RunTime:0.0050s ]
SQL: SELECT * FROM `room_user` WHERE ( openid = 2 and is_end=0 ) LIMIT 1   [ RunTime:0.0003s ]
SQL: SHOW COLUMNS FROM `complain` [ RunTime:0.0048s ]
SQL: SELECT * FROM `complain` WHERE ( status = 1 and openid=2 ) LIMIT 1   [ RunTime:0.0003s ]
SQL: SHOW COLUMNS FROM `room` [ RunTime:0.0044s ]
SQL: SELECT ru.room_id,u.nickname,r.start_time,r.room_name,u.pic,u.telephone FROM room r left join room_user as ru on r.id = ru.room_id left join user as u on ru.openid=u.openid  WHERE ( r.is_end =0 and r.type = 1 and  r.is_display=1 ) ORDER BY r.create_time desc,ru.create_time asc  [ RunTime:0.0009s ]
NOTIC: [8] Undefined index: num D:\tp3.2\Application\Home\Controller\ChallengeController.class.php 第 100 行.
NOTIC: [8] Undefined index: num D:\tp3.2\Application\Home\Controller\ChallengeController.class.php 第 100 行.
NOTIC: [8] Undefined variable: myroom D:\tp3.2\Application\Home\Controller\ChallengeController.class.php 第 104 行.

[ 2018-12-30T18:03:42+08:00 ] 192.168.6.167 /index.php/Home/challenge/challenge.html?type=1&openid=2
INFO: [ app_init ] --START--
INFO: Run Behavior\BuildLiteBehavior [ RunTime:0.000011s ]
INFO: [ app_init ] --END-- [ RunTime:0.000422s ]
INFO: [ app_begin ] --START--
INFO: Run Behavior\ReadHtmlCacheBehavior [ RunTime:0.000497s ]
INFO: [ app_begin ] --END-- [ RunTime:0.000519s ]
NOTIC: [8] Undefined index: openid D:\tp3.2\Application\Home\Controller\ChallengeController.class.php 第 28 行.
NOTIC: [8] Undefined index: telephone D:\tp3.2\Application\Home\Controller\ChallengeController.class.php 第 29 行.
NOTIC: [8] Undefined index: type D:\tp3.2\Application\Home\Controller\ChallengeController.class.php 第 30 行.
NOTIC: [8] Undefined variable: user_info D:\tp3.2\Application\Home\Controller\ChallengeController.class.php 第 42 行.
INFO: [ view_parse ] --START--
INFO: [ template_filter ] --START--
INFO: Run Behavior\ContentReplaceBehavior [ RunTime:0.000022s ]
INFO: [ template_filter ] --END-- [ RunTime:0.000043s ]
INFO: Run Behavior\ParseTemplateBehavior [ RunTime:0.003134s ]
INFO: [ view_parse ] --END-- [ RunTime:0.003153s ]
INFO: [ view_filter ] --START--
INFO: Run Behavior\WriteHtmlCacheBehavior [ RunTime:0.000296s ]
INFO: [ view_filter ] --END-- [ RunTime:0.000311s ]
INFO: [ app_end ] --START--
INFO: Run Behavior\ShowPageTraceBehavior [ RunTime:0.000487s ]
INFO: [ app_end ] --END-- [ RunTime:0.000503s ]

[ 2018-12-30T18:03:42+08:00 ] 192.168.6.167 /index.php/Home/challenge/challenge.html?type=1&openid=2
INFO: [ app_init ] --START--
INFO: Run Behavior\BuildLiteBehavior [ RunTime:0.000005s ]
INFO: [ app_init ] --END-- [ RunTime:0.000301s ]
INFO: [ app_begin ] --START--
INFO: Run Behavior\ReadHtmlCacheBehavior [ RunTime:0.000378s ]
INFO: [ app_begin ] --END-- [ RunTime:0.000395s ]
NOTIC: [8] Undefined index: openid D:\tp3.2\Application\Home\Controller\ChallengeController.class.php 第 28 行.
NOTIC: [8] Undefined index: telephone D:\tp3.2\Application\Home\Controller\ChallengeController.class.php 第 29 行.
NOTIC: [8] Undefined index: type D:\tp3.2\Application\Home\Controller\ChallengeController.class.php 第 30 行.
NOTIC: [8] Undefined variable: user_info D:\tp3.2\Application\Home\Controller\ChallengeController.class.php 第 42 行.
INFO: [ view_parse ] --START--
INFO: [ template_filter ] --START--
INFO: Run Behavior\ContentReplaceBehavior [ RunTime:0.000021s ]
INFO: [ template_filter ] --END-- [ RunTime:0.000042s ]
INFO: Run Behavior\ParseTemplateBehavior [ RunTime:0.003193s ]
INFO: [ view_parse ] --END-- [ RunTime:0.003212s ]
INFO: [ view_filter ] --START--
INFO: Run Behavior\WriteHtmlCacheBehavior [ RunTime:0.000261s ]
INFO: [ view_filter ] --END-- [ RunTime:0.000275s ]
INFO: [ app_end ] --START--
INFO: Run Behavior\ShowPageTraceBehavior [ RunTime:0.000374s ]
INFO: [ app_end ] --END-- [ RunTime:0.000389s ]

[ 2018-12-30T18:03:42+08:00 ] 192.168.6.167 /index.php/home/challenge/challenge
INFO: [ app_init ] --START--
INFO: Run Behavior\BuildLiteBehavior [ RunTime:0.000008s ]
INFO: [ app_init ] --END-- [ RunTime:0.000338s ]
INFO: [ app_begin ] --START--
INFO: Run Behavior\ReadHtmlCacheBehavior [ RunTime:0.000451s ]
INFO: [ app_begin ] --END-- [ RunTime:0.000482s ]
NOTIC: [8] Undefined index: telephone D:\tp3.2\Application\Home\Controller\ChallengeController.class.php 第 29 行.
SQL: SHOW COLUMNS FROM `room_user` [ RunTime:0.0046s ]
SQL: SELECT * FROM `room_user` WHERE ( openid = 2 and is_end=0 ) LIMIT 1   [ RunTime:0.0003s ]
SQL: SHOW COLUMNS FROM `complain` [ RunTime:0.0055s ]
SQL: SELECT * FROM `complain` WHERE ( status = 1 and openid=2 ) LIMIT 1   [ RunTime:0.0004s ]
SQL: SHOW COLUMNS FROM `room` [ RunTime:0.0048s ]
SQL: SELECT ru.room_id,u.nickname,r.start_time,r.room_name,u.pic,u.telephone FROM room r left join room_user as ru on r.id = ru.room_id left join user as u on ru.openid=u.openid  WHERE ( r.is_end =0 and r.type = 1 and  r.is_display=1 ) ORDER BY r.create_time desc,ru.create_time asc  [ RunTime:0.0005s ]
NOTIC: [8] Undefined index: num D:\tp3.2\Application\Home\Controller\ChallengeController.class.php 第 100 行.
NOTIC: [8] Undefined index: num D:\tp3.2\Application\Home\Controller\ChallengeController.class.php 第 100 行.
NOTIC: [8] Undefined variable: myroom D:\tp3.2\Application\Home\Controller\ChallengeController.class.php 第 104 行.

[ 2018-12-30T18:03:43+08:00 ] 192.168.6.167 /index.php/Home/challenge/challenge.html?type=1&openid=2
INFO: [ app_init ] --START--
INFO: Run Behavior\BuildLiteBehavior [ RunTime:0.000004s ]
INFO: [ app_init ] --END-- [ RunTime:0.000274s ]
INFO: [ app_begin ] --START--
INFO: Run Behavior\ReadHtmlCacheBehavior [ RunTime:0.000373s ]
INFO: [ app_begin ] --END-- [ RunTime:0.000388s ]
NOTIC: [8] Undefined index: openid D:\tp3.2\Application\Home\Controller\ChallengeController.class.php 第 28 行.
NOTIC: [8] Undefined index: telephone D:\tp3.2\Application\Home\Controller\ChallengeController.class.php 第 29 行.
NOTIC: [8] Undefined index: type D:\tp3.2\Application\Home\Controller\ChallengeController.class.php 第 30 行.
NOTIC: [8] Undefined variable: user_info D:\tp3.2\Application\Home\Controller\ChallengeController.class.php 第 42 行.
INFO: [ view_parse ] --START--
INFO: [ template_filter ] --START--
INFO: Run Behavior\ContentReplaceBehavior [ RunTime:0.000019s ]
INFO: [ template_filter ] --END-- [ RunTime:0.000034s ]
INFO: Run Behavior\ParseTemplateBehavior [ RunTime:0.003051s ]
INFO: [ view_parse ] --END-- [ RunTime:0.003068s ]
INFO: [ view_filter ] --START--
INFO: Run Behavior\WriteHtmlCacheBehavior [ RunTime:0.000202s ]
INFO: [ view_filter ] --END-- [ RunTime:0.000216s ]
INFO: [ app_end ] --START--
INFO: Run Behavior\ShowPageTraceBehavior [ RunTime:0.000303s ]
INFO: [ app_end ] --END-- [ RunTime:0.000317s ]

[ 2018-12-30T18:03:43+08:00 ] 192.168.6.167 /index.php/Home/challenge/challenge.html?type=1&openid=2
INFO: [ app_init ] --START--
INFO: Run Behavior\BuildLiteBehavior [ RunTime:0.000007s ]
INFO: [ app_init ] --END-- [ RunTime:0.000317s ]
INFO: [ app_begin ] --START--
INFO: Run Behavior\ReadHtmlCacheBehavior [ RunTime:0.000506s ]
INFO: [ app_begin ] --END-- [ RunTime:0.000530s ]
NOTIC: [8] Undefined index: openid D:\tp3.2\Application\Home\Controller\ChallengeController.class.php 第 28 行.
NOTIC: [8] Undefined index: telephone D:\tp3.2\Application\Home\Controller\ChallengeController.class.php 第 29 行.
NOTIC: [8] Undefined index: type D:\tp3.2\Application\Home\Controller\ChallengeController.class.php 第 30 行.
NOTIC: [8] Undefined variable: user_info D:\tp3.2\Application\Home\Controller\ChallengeController.class.php 第 42 行.
INFO: [ view_parse ] --START--
INFO: [ template_filter ] --START--
INFO: Run Behavior\ContentReplaceBehavior [ RunTime:0.000027s ]
INFO: [ template_filter ] --END-- [ RunTime:0.000068s ]
INFO: Run Behavior\ParseTemplateBehavior [ RunTime:0.003306s ]
INFO: [ view_parse ] --END-- [ RunTime:0.003327s ]
INFO: [ view_filter ] --START--
INFO: Run Behavior\WriteHtmlCacheBehavior [ RunTime:0.000288s ]
INFO: [ view_filter ] --END-- [ RunTime:0.000305s ]
INFO: [ app_end ] --START--
INFO: Run Behavior\ShowPageTraceBehavior [ RunTime:0.000442s ]
INFO: [ app_end ] --END-- [ RunTime:0.000458s ]

[ 2018-12-30T18:03:43+08:00 ] 192.168.6.167 /index.php/Home/challenge/challenge.html?type=1&openid=2
INFO: [ app_init ] --START--
INFO: Run Behavior\BuildLiteBehavior [ RunTime:0.000006s ]
INFO: [ app_init ] --END-- [ RunTime:0.000461s ]
INFO: [ app_begin ] --START--
INFO: Run Behavior\ReadHtmlCacheBehavior [ RunTime:0.000448s ]
INFO: [ app_begin ] --END-- [ RunTime:0.000486s ]
NOTIC: [8] Undefined index: openid D:\tp3.2\Application\Home\Controller\ChallengeController.class.php 第 28 行.
NOTIC: [8] Undefined index: telephone D:\tp3.2\Application\Home\Controller\ChallengeController.class.php 第 29 行.
NOTIC: [8] Undefined index: type D:\tp3.2\Application\Home\Controller\ChallengeController.class.php 第 30 行.
NOTIC: [8] Undefined variable: user_info D:\tp3.2\Application\Home\Controller\ChallengeController.class.php 第 42 行.
INFO: [ view_parse ] --START--
INFO: [ template_filter ] --START--
INFO: Run Behavior\ContentReplaceBehavior [ RunTime:0.000020s ]
INFO: [ template_filter ] --END-- [ RunTime:0.000037s ]
INFO: Run Behavior\ParseTemplateBehavior [ RunTime:0.002860s ]
INFO: [ view_parse ] --END-- [ RunTime:0.002877s ]
INFO: [ view_filter ] --START--
INFO: Run Behavior\WriteHtmlCacheBehavior [ RunTime:0.000273s ]
INFO: [ view_filter ] --END-- [ RunTime:0.000287s ]
INFO: [ app_end ] --START--
INFO: Run Behavior\ShowPageTraceBehavior [ RunTime:0.000384s ]
INFO: [ app_end ] --END-- [ RunTime:0.000398s ]

[ 2018-12-30T18:03:43+08:00 ] 192.168.6.167 /index.php/Home/challenge/challenge.html?type=1&openid=2
INFO: [ app_init ] --START--
INFO: Run Behavior\BuildLiteBehavior [ RunTime:0.000006s ]
INFO: [ app_init ] --END-- [ RunTime:0.000410s ]
INFO: [ app_begin ] --START--
INFO: Run Behavior\ReadHtmlCacheBehavior [ RunTime:0.000462s ]
INFO: [ app_begin ] --END-- [ RunTime:0.000496s ]
NOTIC: [8] Undefined index: openid D:\tp3.2\Application\Home\Controller\ChallengeController.class.php 第 28 行.
NOTIC: [8] Undefined index: telephone D:\tp3.2\Application\Home\Controller\ChallengeController.class.php 第 29 行.
NOTIC: [8] Undefined index: type D:\tp3.2\Application\Home\Controller\ChallengeController.class.php 第 30 行.
NOTIC: [8] Undefined variable: user_info D:\tp3.2\Application\Home\Controller\ChallengeController.class.php 第 42 行.
INFO: [ view_parse ] --START--
INFO: [ template_filter ] --START--
INFO: Run Behavior\ContentReplaceBehavior [ RunTime:0.000022s ]
INFO: [ template_filter ] --END-- [ RunTime:0.000056s ]
INFO: Run Behavior\ParseTemplateBehavior [ RunTime:0.003507s ]
INFO: [ view_parse ] --END-- [ RunTime:0.003530s ]
INFO: [ view_filter ] --START--
INFO: Run Behavior\WriteHtmlCacheBehavior [ RunTime:0.000320s ]
INFO: [ view_filter ] --END-- [ RunTime:0.000344s ]
INFO: [ app_end ] --START--
INFO: Run Behavior\ShowPageTraceBehavior [ RunTime:0.000558s ]
INFO: [ app_end ] --END-- [ RunTime:0.000580s ]

[ 2018-12-30T18:03:43+08:00 ] 192.168.6.167 /index.php/home/challenge/challenge
INFO: [ app_init ] --START--
INFO: Run Behavior\BuildLiteBehavior [ RunTime:0.000008s ]
INFO: [ app_init ] --END-- [ RunTime:0.000419s ]
INFO: [ app_begin ] --START--
INFO: Run Behavior\ReadHtmlCacheBehavior [ RunTime:0.000443s ]
INFO: [ app_begin ] --END-- [ RunTime:0.000465s ]
NOTIC: [8] Undefined index: telephone D:\tp3.2\Application\Home\Controller\ChallengeController.class.php 第 29 行.
SQL: SHOW COLUMNS FROM `room_user` [ RunTime:0.0043s ]
SQL: SELECT * FROM `room_user` WHERE ( openid = 2 and is_end=0 ) LIMIT 1   [ RunTime:0.0002s ]
SQL: SHOW COLUMNS FROM `complain` [ RunTime:0.0053s ]
SQL: SELECT * FROM `complain` WHERE ( status = 1 and openid=2 ) LIMIT 1   [ RunTime:0.0003s ]
SQL: SHOW COLUMNS FROM `room` [ RunTime:0.0056s ]
SQL: SELECT ru.room_id,u.nickname,r.start_time,r.room_name,u.pic,u.telephone FROM room r left join room_user as ru on r.id = ru.room_id left join user as u on ru.openid=u.openid  WHERE ( r.is_end =0 and r.type = 1 and  r.is_display=1 ) ORDER BY r.create_time desc,ru.create_time asc  [ RunTime:0.0006s ]
NOTIC: [8] Undefined index: num D:\tp3.2\Application\Home\Controller\ChallengeController.class.php 第 100 行.
NOTIC: [8] Undefined index: num D:\tp3.2\Application\Home\Controller\ChallengeController.class.php 第 100 行.
NOTIC: [8] Undefined variable: myroom D:\tp3.2\Application\Home\Controller\ChallengeController.class.php 第 104 行.

[ 2018-12-30T18:03:43+08:00 ] 192.168.6.167 /index.php/Home/challenge/challenge.html?type=1&openid=2
INFO: [ app_init ] --START--
INFO: Run Behavior\BuildLiteBehavior [ RunTime:0.000006s ]
INFO: [ app_init ] --END-- [ RunTime:0.000294s ]
INFO: [ app_begin ] --START--
INFO: Run Behavior\ReadHtmlCacheBehavior [ RunTime:0.000426s ]
INFO: [ app_begin ] --END-- [ RunTime:0.000454s ]
NOTIC: [8] Undefined index: openid D:\tp3.2\Application\Home\Controller\ChallengeController.class.php 第 28 行.
NOTIC: [8] Undefined index: telephone D:\tp3.2\Application\Home\Controller\ChallengeController.class.php 第 29 行.
NOTIC: [8] Undefined index: type D:\tp3.2\Application\Home\Controller\ChallengeController.class.php 第 30 行.
NOTIC: [8] Undefined variable: user_info D:\tp3.2\Application\Home\Controller\ChallengeController.class.php 第 42 行.
INFO: [ view_parse ] --START--
INFO: [ template_filter ] --START--
INFO: Run Behavior\ContentReplaceBehavior [ RunTime:0.000020s ]
INFO: [ template_filter ] --END-- [ RunTime:0.000041s ]
INFO: Run Behavior\ParseTemplateBehavior [ RunTime:0.003158s ]
INFO: [ view_parse ] --END-- [ RunTime:0.003179s ]
INFO: [ view_filter ] --START--
INFO: Run Behavior\WriteHtmlCacheBehavior [ RunTime:0.000262s ]
INFO: [ view_filter ] --END-- [ RunTime:0.000277s ]
INFO: [ app_end ] --START--
INFO: Run Behavior\ShowPageTraceBehavior [ RunTime:0.000365s ]
INFO: [ app_end ] --END-- [ RunTime:0.000381s ]

[ 2018-12-30T19:05:21+08:00 ] 192.168.6.167 /index.php/Home/challenge/challenge.html?type=1&openid=2
INFO: [ app_init ] --START--
INFO: Run Behavior\BuildLiteBehavior [ RunTime:0.000005s ]
INFO: [ app_init ] --END-- [ RunTime:0.000306s ]
INFO: [ app_begin ] --START--
INFO: Run Behavior\ReadHtmlCacheBehavior [ RunTime:0.000326s ]
INFO: [ app_begin ] --END-- [ RunTime:0.000343s ]
NOTIC: [8] Undefined index: openid D:\tp3.2\Application\Home\Controller\ChallengeController.class.php 第 28 行.
NOTIC: [8] Undefined index: telephone D:\tp3.2\Application\Home\Controller\ChallengeController.class.php 第 29 行.
NOTIC: [8] Undefined index: type D:\tp3.2\Application\Home\Controller\ChallengeController.class.php 第 30 行.
NOTIC: [8] Undefined variable: user_info D:\tp3.2\Application\Home\Controller\ChallengeController.class.php 第 42 行.
INFO: [ view_parse ] --START--
INFO: [ template_filter ] --START--
INFO: Run Behavior\ContentReplaceBehavior [ RunTime:0.000026s ]
INFO: [ template_filter ] --END-- [ RunTime:0.000042s ]
INFO: Run Behavior\ParseTemplateBehavior [ RunTime:0.003584s ]
INFO: [ view_parse ] --END-- [ RunTime:0.003601s ]
INFO: [ view_filter ] --START--
INFO: Run Behavior\WriteHtmlCacheBehavior [ RunTime:0.000399s ]
INFO: [ view_filter ] --END-- [ RunTime:0.000413s ]
INFO: [ app_end ] --START--
INFO: Run Behavior\ShowPageTraceBehavior [ RunTime:0.000423s ]
INFO: [ app_end ] --END-- [ RunTime:0.000436s ]

[ 2018-12-30T19:05:21+08:00 ] 192.168.6.167 /index.php/home/challenge/challenge
INFO: [ app_init ] --START--
INFO: Run Behavior\BuildLiteBehavior [ RunTime:0.000008s ]
INFO: [ app_init ] --END-- [ RunTime:0.000379s ]
INFO: [ app_begin ] --START--
INFO: Run Behavior\ReadHtmlCacheBehavior [ RunTime:0.000448s ]
INFO: [ app_begin ] --END-- [ RunTime:0.000469s ]
NOTIC: [8] Undefined index: telephone D:\tp3.2\Application\Home\Controller\ChallengeController.class.php 第 29 行.
SQL: SHOW COLUMNS FROM `room_user` [ RunTime:0.0059s ]
SQL: SELECT * FROM `room_user` WHERE ( openid = 2 and is_end=0 ) LIMIT 1   [ RunTime:0.0003s ]
SQL: SHOW COLUMNS FROM `complain` [ RunTime:0.0049s ]
SQL: SELECT * FROM `complain` WHERE ( status = 1 and openid=2 ) LIMIT 1   [ RunTime:0.0003s ]
SQL: SHOW COLUMNS FROM `room` [ RunTime:0.0047s ]
SQL: SELECT ru.room_id,u.nickname,r.start_time,r.room_name,u.pic,u.telephone FROM room r left join room_user as ru on r.id = ru.room_id left join user as u on ru.openid=u.openid  WHERE ( r.is_end =0 and r.type = 1 and  r.is_display=1 ) ORDER BY r.create_time desc,ru.create_time asc  [ RunTime:0.0011s ]
NOTIC: [8] Undefined index: num D:\tp3.2\Application\Home\Controller\ChallengeController.class.php 第 100 行.
NOTIC: [8] Undefined index: num D:\tp3.2\Application\Home\Controller\ChallengeController.class.php 第 100 行.
NOTIC: [8] Undefined variable: myroom D:\tp3.2\Application\Home\Controller\ChallengeController.class.php 第 104 行.

[ 2018-12-30T19:05:21+08:00 ] 192.168.6.167 /index.php/Home/challenge/challenge.html?type=1&openid=2
INFO: [ app_init ] --START--
INFO: Run Behavior\BuildLiteBehavior [ RunTime:0.000006s ]
INFO: [ app_init ] --END-- [ RunTime:0.000318s ]
INFO: [ app_begin ] --START--
INFO: Run Behavior\ReadHtmlCacheBehavior [ RunTime:0.000401s ]
INFO: [ app_begin ] --END-- [ RunTime:0.000420s ]
NOTIC: [8] Undefined index: openid D:\tp3.2\Application\Home\Controller\ChallengeController.class.php 第 28 行.
NOTIC: [8] Undefined index: telephone D:\tp3.2\Application\Home\Controller\ChallengeController.class.php 第 29 行.
NOTIC: [8] Undefined index: type D:\tp3.2\Application\Home\Controller\ChallengeController.class.php 第 30 行.
NOTIC: [8] Undefined variable: user_info D:\tp3.2\Application\Home\Controller\ChallengeController.class.php 第 42 行.
INFO: [ view_parse ] --START--
INFO: [ template_filter ] --START--
INFO: Run Behavior\ContentReplaceBehavior [ RunTime:0.000023s ]
INFO: [ template_filter ] --END-- [ RunTime:0.000046s ]
INFO: Run Behavior\ParseTemplateBehavior [ RunTime:0.003346s ]
INFO: [ view_parse ] --END-- [ RunTime:0.003366s ]
INFO: [ view_filter ] --START--
INFO: Run Behavior\WriteHtmlCacheBehavior [ RunTime:0.000249s ]
INFO: [ view_filter ] --END-- [ RunTime:0.000265s ]
INFO: [ app_end ] --START--
INFO: Run Behavior\ShowPageTraceBehavior [ RunTime:0.000363s ]
INFO: [ app_end ] --END-- [ RunTime:0.000376s ]

[ 2018-12-30T19:05:21+08:00 ] 192.168.6.167 /index.php/Home/challenge/challenge.html?type=1&openid=2
INFO: [ app_init ] --START--
INFO: Run Behavior\BuildLiteBehavior [ RunTime:0.000005s ]
INFO: [ app_init ] --END-- [ RunTime:0.000251s ]
INFO: [ app_begin ] --START--
INFO: Run Behavior\ReadHtmlCacheBehavior [ RunTime:0.000305s ]
INFO: [ app_begin ] --END-- [ RunTime:0.000323s ]
NOTIC: [8] Undefined index: openid D:\tp3.2\Application\Home\Controller\ChallengeController.class.php 第 28 行.
NOTIC: [8] Undefined index: telephone D:\tp3.2\Application\Home\Controller\ChallengeController.class.php 第 29 行.
NOTIC: [8] Undefined index: type D:\tp3.2\Application\Home\Controller\ChallengeController.class.php 第 30 行.
NOTIC: [8] Undefined variable: user_info D:\tp3.2\Application\Home\Controller\ChallengeController.class.php 第 42 行.
INFO: [ view_parse ] --START--
INFO: [ template_filter ] --START--
INFO: Run Behavior\ContentReplaceBehavior [ RunTime:0.000022s ]
INFO: [ template_filter ] --END-- [ RunTime:0.000041s ]
INFO: Run Behavior\ParseTemplateBehavior [ RunTime:0.003220s ]
INFO: [ view_parse ] --END-- [ RunTime:0.003242s ]
INFO: [ view_filter ] --START--
INFO: Run Behavior\WriteHtmlCacheBehavior [ RunTime:0.000320s ]
INFO: [ view_filter ] --END-- [ RunTime:0.000338s ]
INFO: [ app_end ] --START--
INFO: Run Behavior\ShowPageTraceBehavior [ RunTime:0.000535s ]
INFO: [ app_end ] --END-- [ RunTime:0.000552s ]

[ 2018-12-30T19:05:22+08:00 ] 192.168.6.167 /index.php/home/challenge/challenge
INFO: [ app_init ] --START--
INFO: Run Behavior\BuildLiteBehavior [ RunTime:0.000007s ]
INFO: [ app_init ] --END-- [ RunTime:0.000310s ]
INFO: [ app_begin ] --START--
INFO: Run Behavior\ReadHtmlCacheBehavior [ RunTime:0.000506s ]
INFO: [ app_begin ] --END-- [ RunTime:0.000536s ]
NOTIC: [8] Undefined index: telephone D:\tp3.2\Application\Home\Controller\ChallengeController.class.php 第 29 行.
SQL: SHOW COLUMNS FROM `room_user` [ RunTime:0.0049s ]
SQL: SELECT * FROM `room_user` WHERE ( openid = 2 and is_end=0 ) LIMIT 1   [ RunTime:0.0002s ]
SQL: SHOW COLUMNS FROM `complain` [ RunTime:0.0045s ]
SQL: SELECT * FROM `complain` WHERE ( status = 1 and openid=2 ) LIMIT 1   [ RunTime:0.0003s ]
SQL: SHOW COLUMNS FROM `room` [ RunTime:0.0046s ]
SQL: SELECT ru.room_id,u.nickname,r.start_time,r.room_name,u.pic,u.telephone FROM room r left join room_user as ru on r.id = ru.room_id left join user as u on ru.openid=u.openid  WHERE ( r.is_end =0 and r.type = 1 and  r.is_display=1 ) ORDER BY r.create_time desc,ru.create_time asc  [ RunTime:0.0007s ]
NOTIC: [8] Undefined index: num D:\tp3.2\Application\Home\Controller\ChallengeController.class.php 第 100 行.
NOTIC: [8] Undefined index: num D:\tp3.2\Application\Home\Controller\ChallengeController.class.php 第 100 行.
NOTIC: [8] Undefined variable: myroom D:\tp3.2\Application\Home\Controller\ChallengeController.class.php 第 104 行.

[ 2018-12-30T19:05:22+08:00 ] 192.168.6.167 /index.php/Home/challenge/challenge.html?type=1&openid=2
INFO: [ app_init ] --START--
INFO: Run Behavior\BuildLiteBehavior [ RunTime:0.000007s ]
INFO: [ app_init ] --END-- [ RunTime:0.000438s ]
INFO: [ app_begin ] --START--
INFO: Run Behavior\ReadHtmlCacheBehavior [ RunTime:0.000658s ]
INFO: [ app_begin ] --END-- [ RunTime:0.000685s ]
NOTIC: [8] Undefined index: openid D:\tp3.2\Application\Home\Controller\ChallengeController.class.php 第 28 行.
NOTIC: [8] Undefined index: telephone D:\tp3.2\Application\Home\Controller\ChallengeController.class.php 第 29 行.
NOTIC: [8] Undefined index: type D:\tp3.2\Application\Home\Controller\ChallengeController.class.php 第 30 行.
NOTIC: [8] Undefined variable: user_info D:\tp3.2\Application\Home\Controller\ChallengeController.class.php 第 42 行.
INFO: [ view_parse ] --START--
INFO: [ template_filter ] --START--
INFO: Run Behavior\ContentReplaceBehavior [ RunTime:0.000023s ]
INFO: [ template_filter ] --END-- [ RunTime:0.000043s ]
INFO: Run Behavior\ParseTemplateBehavior [ RunTime:0.003042s ]
INFO: [ view_parse ] --END-- [ RunTime:0.003061s ]
INFO: [ view_filter ] --START--
INFO: Run Behavior\WriteHtmlCacheBehavior [ RunTime:0.000283s ]
INFO: [ view_filter ] --END-- [ RunTime:0.000297s ]
INFO: [ app_end ] --START--
INFO: Run Behavior\ShowPageTraceBehavior [ RunTime:0.000409s ]
INFO: [ app_end ] --END-- [ RunTime:0.000423s ]

[ 2018-12-30T19:05:22+08:00 ] 192.168.6.167 /index.php/Home/challenge/challenge.html?type=1&openid=2
INFO: [ app_init ] --START--
INFO: Run Behavior\BuildLiteBehavior [ RunTime:0.000005s ]
INFO: [ app_init ] --END-- [ RunTime:0.000348s ]
INFO: [ app_begin ] --START--
INFO: Run Behavior\ReadHtmlCacheBehavior [ RunTime:0.000357s ]
INFO: [ app_begin ] --END-- [ RunTime:0.000373s ]
NOTIC: [8] Undefined index: openid D:\tp3.2\Application\Home\Controller\ChallengeController.class.php 第 28 行.
NOTIC: [8] Undefined index: telephone D:\tp3.2\Application\Home\Controller\ChallengeController.class.php 第 29 行.
NOTIC: [8] Undefined index: type D:\tp3.2\Application\Home\Controller\ChallengeController.class.php 第 30 行.
NOTIC: [8] Undefined variable: user_info D:\tp3.2\Application\Home\Controller\ChallengeController.class.php 第 42 行.
INFO: [ view_parse ] --START--
INFO: [ template_filter ] --START--
INFO: Run Behavior\ContentReplaceBehavior [ RunTime:0.000020s ]
INFO: [ template_filter ] --END-- [ RunTime:0.000036s ]
INFO: Run Behavior\ParseTemplateBehavior [ RunTime:0.002730s ]
INFO: [ view_parse ] --END-- [ RunTime:0.002747s ]
INFO: [ view_filter ] --START--
INFO: Run Behavior\WriteHtmlCacheBehavior [ RunTime:0.000263s ]
INFO: [ view_filter ] --END-- [ RunTime:0.000279s ]
INFO: [ app_end ] --START--
INFO: Run Behavior\ShowPageTraceBehavior [ RunTime:0.000382s ]
INFO: [ app_end ] --END-- [ RunTime:0.000396s ]

[ 2018-12-30T19:05:22+08:00 ] 192.168.6.167 /index.php/home/challenge/challenge
INFO: [ app_init ] --START--
INFO: Run Behavior\BuildLiteBehavior [ RunTime:0.000009s ]
INFO: [ app_init ] --END-- [ RunTime:0.000463s ]
INFO: [ app_begin ] --START--
INFO: Run Behavior\ReadHtmlCacheBehavior [ RunTime:0.000456s ]
INFO: [ app_begin ] --END-- [ RunTime:0.000479s ]
NOTIC: [8] Undefined index: telephone D:\tp3.2\Application\Home\Controller\ChallengeController.class.php 第 29 行.
SQL: SHOW COLUMNS FROM `room_user` [ RunTime:0.0044s ]
SQL: SELECT * FROM `room_user` WHERE ( openid = 2 and is_end=0 ) LIMIT 1   [ RunTime:0.0002s ]
SQL: SHOW COLUMNS FROM `complain` [ RunTime:0.0040s ]
SQL: SELECT * FROM `complain` WHERE ( status = 1 and openid=2 ) LIMIT 1   [ RunTime:0.0003s ]
SQL: SHOW COLUMNS FROM `room` [ RunTime:0.0047s ]
SQL: SELECT ru.room_id,u.nickname,r.start_time,r.room_name,u.pic,u.telephone FROM room r left join room_user as ru on r.id = ru.room_id left join user as u on ru.openid=u.openid  WHERE ( r.is_end =0 and r.type = 1 and  r.is_display=1 ) ORDER BY r.create_time desc,ru.create_time asc  [ RunTime:0.0004s ]
NOTIC: [8] Undefined index: num D:\tp3.2\Application\Home\Controller\ChallengeController.class.php 第 100 行.
NOTIC: [8] Undefined index: num D:\tp3.2\Application\Home\Controller\ChallengeController.class.php 第 100 行.
NOTIC: [8] Undefined variable: myroom D:\tp3.2\Application\Home\Controller\ChallengeController.class.php 第 104 行.

[ 2018-12-30T19:05:22+08:00 ] 192.168.6.167 /index.php/Home/challenge/challenge.html?type=1&openid=2
INFO: [ app_init ] --START--
INFO: Run Behavior\BuildLiteBehavior [ RunTime:0.000006s ]
INFO: [ app_init ] --END-- [ RunTime:0.000364s ]
INFO: [ app_begin ] --START--
INFO: Run Behavior\ReadHtmlCacheBehavior [ RunTime:0.000511s ]
INFO: [ app_begin ] --END-- [ RunTime:0.000555s ]
NOTIC: [8] Undefined index: openid D:\tp3.2\Application\Home\Controller\ChallengeController.class.php 第 28 行.
NOTIC: [8] Undefined index: telephone D:\tp3.2\Application\Home\Controller\ChallengeController.class.php 第 29 行.
NOTIC: [8] Undefined index: type D:\tp3.2\Application\Home\Controller\ChallengeController.class.php 第 30 行.
NOTIC: [8] Undefined variable: user_info D:\tp3.2\Application\Home\Controller\ChallengeController.class.php 第 42 行.
INFO: [ view_parse ] --START--
INFO: [ template_filter ] --START--
INFO: Run Behavior\ContentReplaceBehavior [ RunTime:0.000022s ]
INFO: [ template_filter ] --END-- [ RunTime:0.000042s ]
INFO: Run Behavior\ParseTemplateBehavior [ RunTime:0.002919s ]
INFO: [ view_parse ] --END-- [ RunTime:0.002940s ]
INFO: [ view_filter ] --START--
INFO: Run Behavior\WriteHtmlCacheBehavior [ RunTime:0.000289s ]
INFO: [ view_filter ] --END-- [ RunTime:0.000304s ]
INFO: [ app_end ] --START--
INFO: Run Behavior\ShowPageTraceBehavior [ RunTime:0.000403s ]
INFO: [ app_end ] --END-- [ RunTime:0.000417s ]

[ 2018-12-30T19:05:22+08:00 ] 192.168.6.167 /index.php/Home/challenge/challenge.html?type=1&openid=2
INFO: [ app_init ] --START--
INFO: Run Behavior\BuildLiteBehavior [ RunTime:0.000005s ]
INFO: [ app_init ] --END-- [ RunTime:0.000223s ]
INFO: [ app_begin ] --START--
INFO: Run Behavior\ReadHtmlCacheBehavior [ RunTime:0.000352s ]
INFO: [ app_begin ] --END-- [ RunTime:0.000371s ]
NOTIC: [8] Undefined index: openid D:\tp3.2\Application\Home\Controller\ChallengeController.class.php 第 28 行.
NOTIC: [8] Undefined index: telephone D:\tp3.2\Application\Home\Controller\ChallengeController.class.php 第 29 行.
NOTIC: [8] Undefined index: type D:\tp3.2\Application\Home\Controller\ChallengeController.class.php 第 30 行.
NOTIC: [8] Undefined variable: user_info D:\tp3.2\Application\Home\Controller\ChallengeController.class.php 第 42 行.
INFO: [ view_parse ] --START--
INFO: [ template_filter ] --START--
INFO: Run Behavior\ContentReplaceBehavior [ RunTime:0.000020s ]
INFO: [ template_filter ] --END-- [ RunTime:0.000035s ]
INFO: Run Behavior\ParseTemplateBehavior [ RunTime:0.002723s ]
INFO: [ view_parse ] --END-- [ RunTime:0.002740s ]
INFO: [ view_filter ] --START--
INFO: Run Behavior\WriteHtmlCacheBehavior [ RunTime:0.000197s ]
INFO: [ view_filter ] --END-- [ RunTime:0.000210s ]
INFO: [ app_end ] --START--
INFO: Run Behavior\ShowPageTraceBehavior [ RunTime:0.000309s ]
INFO: [ app_end ] --END-- [ RunTime:0.000323s ]

[ 2018-12-30T19:05:22+08:00 ] 192.168.6.167 /index.php/home/challenge/challenge
INFO: [ app_init ] --START--
INFO: Run Behavior\BuildLiteBehavior [ RunTime:0.000008s ]
INFO: [ app_init ] --END-- [ RunTime:0.000344s ]
INFO: [ app_begin ] --START--
INFO: Run Behavior\ReadHtmlCacheBehavior [ RunTime:0.000436s ]
INFO: [ app_begin ] --END-- [ RunTime:0.000460s ]
NOTIC: [8] Undefined index: telephone D:\tp3.2\Application\Home\Controller\ChallengeController.class.php 第 29 行.
SQL: SHOW COLUMNS FROM `room_user` [ RunTime:0.0048s ]
SQL: SELECT * FROM `room_user` WHERE ( openid = 2 and is_end=0 ) LIMIT 1   [ RunTime:0.0003s ]
SQL: SHOW COLUMNS FROM `complain` [ RunTime:0.0042s ]
SQL: SELECT * FROM `complain` WHERE ( status = 1 and openid=2 ) LIMIT 1   [ RunTime:0.0004s ]
SQL: SHOW COLUMNS FROM `room` [ RunTime:0.0041s ]
SQL: SELECT ru.room_id,u.nickname,r.start_time,r.room_name,u.pic,u.telephone FROM room r left join room_user as ru on r.id = ru.room_id left join user as u on ru.openid=u.openid  WHERE ( r.is_end =0 and r.type = 1 and  r.is_display=1 ) ORDER BY r.create_time desc,ru.create_time asc  [ RunTime:0.0007s ]
NOTIC: [8] Undefined index: num D:\tp3.2\Application\Home\Controller\ChallengeController.class.php 第 100 行.
NOTIC: [8] Undefined index: num D:\tp3.2\Application\Home\Controller\ChallengeController.class.php 第 100 行.
NOTIC: [8] Undefined variable: myroom D:\tp3.2\Application\Home\Controller\ChallengeController.class.php 第 104 行.

[ 2018-12-30T19:05:22+08:00 ] 192.168.6.167 /index.php/Home/challenge/challenge.html?type=1&openid=2
INFO: [ app_init ] --START--
INFO: Run Behavior\BuildLiteBehavior [ RunTime:0.000011s ]
INFO: [ app_init ] --END-- [ RunTime:0.000548s ]
INFO: [ app_begin ] --START--
INFO: Run Behavior\ReadHtmlCacheBehavior [ RunTime:0.000494s ]
INFO: [ app_begin ] --END-- [ RunTime:0.000522s ]
NOTIC: [8] Undefined index: openid D:\tp3.2\Application\Home\Controller\ChallengeController.class.php 第 28 行.
NOTIC: [8] Undefined index: telephone D:\tp3.2\Application\Home\Controller\ChallengeController.class.php 第 29 行.
NOTIC: [8] Undefined index: type D:\tp3.2\Application\Home\Controller\ChallengeController.class.php 第 30 行.
NOTIC: [8] Undefined variable: user_info D:\tp3.2\Application\Home\Controller\ChallengeController.class.php 第 42 行.
INFO: [ view_parse ] --START--
INFO: [ template_filter ] --START--
INFO: Run Behavior\ContentReplaceBehavior [ RunTime:0.000022s ]
INFO: [ template_filter ] --END-- [ RunTime:0.000042s ]
INFO: Run Behavior\ParseTemplateBehavior [ RunTime:0.003083s ]
INFO: [ view_parse ] --END-- [ RunTime:0.003102s ]
INFO: [ view_filter ] --START--
INFO: Run Behavior\WriteHtmlCacheBehavior [ RunTime:0.000220s ]
INFO: [ view_filter ] --END-- [ RunTime:0.000234s ]
INFO: [ app_end ] --START--
INFO: Run Behavior\ShowPageTraceBehavior [ RunTime:0.000323s ]
INFO: [ app_end ] --END-- [ RunTime:0.000336s ]

[ 2018-12-30T19:05:22+08:00 ] 192.168.6.167 /index.php/Home/challenge/challenge.html?type=1&openid=2
INFO: [ app_init ] --START--
INFO: Run Behavior\BuildLiteBehavior [ RunTime:0.000005s ]
INFO: [ app_init ] --END-- [ RunTime:0.000240s ]
INFO: [ app_begin ] --START--
INFO: Run Behavior\ReadHtmlCacheBehavior [ RunTime:0.000398s ]
INFO: [ app_begin ] --END-- [ RunTime:0.000419s ]
NOTIC: [8] Undefined index: openid D:\tp3.2\Application\Home\Controller\ChallengeController.class.php 第 28 行.
NOTIC: [8] Undefined index: telephone D:\tp3.2\Application\Home\Controller\ChallengeController.class.php 第 29 行.
NOTIC: [8] Undefined index: type D:\tp3.2\Application\Home\Controller\ChallengeController.class.php 第 30 行.
NOTIC: [8] Undefined variable: user_info D:\tp3.2\Application\Home\Controller\ChallengeController.class.php 第 42 行.
INFO: [ view_parse ] --START--
INFO: [ template_filter ] --START--
INFO: Run Behavior\ContentReplaceBehavior [ RunTime:0.000020s ]
INFO: [ template_filter ] --END-- [ RunTime:0.000037s ]
INFO: Run Behavior\ParseTemplateBehavior [ RunTime:0.002521s ]
INFO: [ view_parse ] --END-- [ RunTime:0.002537s ]
INFO: [ view_filter ] --START--
INFO: Run Behavior\WriteHtmlCacheBehavior [ RunTime:0.000190s ]
INFO: [ view_filter ] --END-- [ RunTime:0.000204s ]
INFO: [ app_end ] --START--
INFO: Run Behavior\ShowPageTraceBehavior [ RunTime:0.000313s ]
INFO: [ app_end ] --END-- [ RunTime:0.000325s ]

[ 2018-12-30T19:05:22+08:00 ] 192.168.6.167 /index.php/home/challenge/challenge
INFO: [ app_init ] --START--
INFO: Run Behavior\BuildLiteBehavior [ RunTime:0.000009s ]
INFO: [ app_init ] --END-- [ RunTime:0.000302s ]
INFO: [ app_begin ] --START--
INFO: Run Behavior\ReadHtmlCacheBehavior [ RunTime:0.000412s ]
INFO: [ app_begin ] --END-- [ RunTime:0.000436s ]
NOTIC: [8] Undefined index: telephone D:\tp3.2\Application\Home\Controller\ChallengeController.class.php 第 29 行.
SQL: SHOW COLUMNS FROM `room_user` [ RunTime:0.0046s ]
SQL: SELECT * FROM `room_user` WHERE ( openid = 2 and is_end=0 ) LIMIT 1   [ RunTime:0.0002s ]
SQL: SHOW COLUMNS FROM `complain` [ RunTime:0.0046s ]
SQL: SELECT * FROM `complain` WHERE ( status = 1 and openid=2 ) LIMIT 1   [ RunTime:0.0002s ]
SQL: SHOW COLUMNS FROM `room` [ RunTime:0.0044s ]
SQL: SELECT ru.room_id,u.nickname,r.start_time,r.room_name,u.pic,u.telephone FROM room r left join room_user as ru on r.id = ru.room_id left join user as u on ru.openid=u.openid  WHERE ( r.is_end =0 and r.type = 1 and  r.is_display=1 ) ORDER BY r.create_time desc,ru.create_time asc  [ RunTime:0.0004s ]
NOTIC: [8] Undefined index: num D:\tp3.2\Application\Home\Controller\ChallengeController.class.php 第 100 行.
NOTIC: [8] Undefined index: num D:\tp3.2\Application\Home\Controller\ChallengeController.class.php 第 100 行.
NOTIC: [8] Undefined variable: myroom D:\tp3.2\Application\Home\Controller\ChallengeController.class.php 第 104 行.

[ 2018-12-30T19:05:22+08:00 ] 192.168.6.167 /index.php/Home/challenge/challenge.html?type=1&openid=2
INFO: [ app_init ] --START--
INFO: Run Behavior\BuildLiteBehavior [ RunTime:0.000006s ]
INFO: [ app_init ] --END-- [ RunTime:0.000323s ]
INFO: [ app_begin ] --START--
INFO: Run Behavior\ReadHtmlCacheBehavior [ RunTime:0.000522s ]
INFO: [ app_begin ] --END-- [ RunTime:0.000551s ]
NOTIC: [8] Undefined index: openid D:\tp3.2\Application\Home\Controller\ChallengeController.class.php 第 28 行.
NOTIC: [8] Undefined index: telephone D:\tp3.2\Application\Home\Controller\ChallengeController.class.php 第 29 行.
NOTIC: [8] Undefined index: type D:\tp3.2\Application\Home\Controller\ChallengeController.class.php 第 30 行.
NOTIC: [8] Undefined variable: user_info D:\tp3.2\Application\Home\Controller\ChallengeController.class.php 第 42 行.
INFO: [ view_parse ] --START--
INFO: [ template_filter ] --START--
INFO: Run Behavior\ContentReplaceBehavior [ RunTime:0.000031s ]
INFO: [ template_filter ] --END-- [ RunTime:0.000060s ]
INFO: Run Behavior\ParseTemplateBehavior [ RunTime:0.003038s ]
INFO: [ view_parse ] --END-- [ RunTime:0.003069s ]
INFO: [ view_filter ] --START--
INFO: Run Behavior\WriteHtmlCacheBehavior [ RunTime:0.000379s ]
INFO: [ view_filter ] --END-- [ RunTime:0.000399s ]
INFO: [ app_end ] --START--
INFO: Run Behavior\ShowPageTraceBehavior [ RunTime:0.000491s ]
INFO: [ app_end ] --END-- [ RunTime:0.000509s ]

[ 2018-12-30T19:05:57+08:00 ] 192.168.6.167 /index.php/Home/challenge/challenge.html?type=1&openid=2
INFO: [ app_init ] --START--
INFO: Run Behavior\BuildLiteBehavior [ RunTime:0.000005s ]
INFO: [ app_init ] --END-- [ RunTime:0.000315s ]
INFO: [ app_begin ] --START--
INFO: Run Behavior\ReadHtmlCacheBehavior [ RunTime:0.000390s ]
INFO: [ app_begin ] --END-- [ RunTime:0.000408s ]
NOTIC: [8] Undefined index: openid D:\tp3.2\Application\Home\Controller\ChallengeController.class.php 第 28 行.
NOTIC: [8] Undefined index: telephone D:\tp3.2\Application\Home\Controller\ChallengeController.class.php 第 29 行.
NOTIC: [8] Undefined index: type D:\tp3.2\Application\Home\Controller\ChallengeController.class.php 第 30 行.
NOTIC: [8] Undefined variable: user_info D:\tp3.2\Application\Home\Controller\ChallengeController.class.php 第 42 行.
INFO: [ view_parse ] --START--
INFO: [ template_filter ] --START--
INFO: Run Behavior\ContentReplaceBehavior [ RunTime:0.000022s ]
INFO: [ template_filter ] --END-- [ RunTime:0.000042s ]
INFO: Run Behavior\ParseTemplateBehavior [ RunTime:0.002981s ]
INFO: [ view_parse ] --END-- [ RunTime:0.003000s ]
INFO: [ view_filter ] --START--
INFO: Run Behavior\WriteHtmlCacheBehavior [ RunTime:0.000305s ]
INFO: [ view_filter ] --END-- [ RunTime:0.000320s ]
INFO: [ app_end ] --START--
INFO: Run Behavior\ShowPageTraceBehavior [ RunTime:0.000389s ]
INFO: [ app_end ] --END-- [ RunTime:0.000403s ]

[ 2018-12-30T19:05:58+08:00 ] 192.168.6.167 /index.php/home/challenge/challenge
INFO: [ app_init ] --START--
INFO: Run Behavior\BuildLiteBehavior [ RunTime:0.000009s ]
INFO: [ app_init ] --END-- [ RunTime:0.000364s ]
INFO: [ app_begin ] --START--
INFO: Run Behavior\ReadHtmlCacheBehavior [ RunTime:0.000454s ]
INFO: [ app_begin ] --END-- [ RunTime:0.000480s ]
NOTIC: [8] Undefined index: telephone D:\tp3.2\Application\Home\Controller\ChallengeController.class.php 第 29 行.
SQL: SHOW COLUMNS FROM `room_user` [ RunTime:0.0046s ]
SQL: SELECT * FROM `room_user` WHERE ( openid = 2 and is_end=0 ) LIMIT 1   [ RunTime:0.0002s ]
SQL: SHOW COLUMNS FROM `complain` [ RunTime:0.0042s ]
SQL: SELECT * FROM `complain` WHERE ( status = 1 and openid=2 ) LIMIT 1   [ RunTime:0.0003s ]
SQL: SHOW COLUMNS FROM `room` [ RunTime:0.0038s ]
SQL: SELECT ru.room_id,u.nickname,r.start_time,r.room_name,u.pic,u.telephone,r.num FROM room r left join room_user as ru on r.id = ru.room_id left join user as u on ru.openid=u.openid  WHERE ( r.is_end =0 and r.type = 1 and  r.is_display=1 ) ORDER BY r.create_time desc,ru.create_time asc  [ RunTime:0.0005s ]
NOTIC: [8] Undefined variable: myroom D:\tp3.2\Application\Home\Controller\ChallengeController.class.php 第 104 行.

[ 2018-12-30T19:05:58+08:00 ] 192.168.6.167 /index.php/Home/challenge/challenge.html?type=1&openid=2
INFO: [ app_init ] --START--
INFO: Run Behavior\BuildLiteBehavior [ RunTime:0.000006s ]
INFO: [ app_init ] --END-- [ RunTime:0.000315s ]
INFO: [ app_begin ] --START--
INFO: Run Behavior\ReadHtmlCacheBehavior [ RunTime:0.000664s ]
INFO: [ app_begin ] --END-- [ RunTime:0.000701s ]
NOTIC: [8] Undefined index: openid D:\tp3.2\Application\Home\Controller\ChallengeController.class.php 第 28 行.
NOTIC: [8] Undefined index: telephone D:\tp3.2\Application\Home\Controller\ChallengeController.class.php 第 29 行.
NOTIC: [8] Undefined index: type D:\tp3.2\Application\Home\Controller\ChallengeController.class.php 第 30 行.
NOTIC: [8] Undefined variable: user_info D:\tp3.2\Application\Home\Controller\ChallengeController.class.php 第 42 行.
INFO: [ view_parse ] --START--
INFO: [ template_filter ] --START--
INFO: Run Behavior\ContentReplaceBehavior [ RunTime:0.000032s ]
INFO: [ template_filter ] --END-- [ RunTime:0.000066s ]
INFO: Run Behavior\ParseTemplateBehavior [ RunTime:0.004708s ]
INFO: [ view_parse ] --END-- [ RunTime:0.004737s ]
INFO: [ view_filter ] --START--
INFO: Run Behavior\WriteHtmlCacheBehavior [ RunTime:0.000259s ]
INFO: [ view_filter ] --END-- [ RunTime:0.000274s ]
INFO: [ app_end ] --START--
INFO: Run Behavior\ShowPageTraceBehavior [ RunTime:0.000454s ]
INFO: [ app_end ] --END-- [ RunTime:0.000469s ]

[ 2018-12-30T19:05:58+08:00 ] 192.168.6.167 /index.php/Home/challenge/challenge.html?type=1&openid=2
INFO: [ app_init ] --START--
INFO: Run Behavior\BuildLiteBehavior [ RunTime:0.000005s ]
INFO: [ app_init ] --END-- [ RunTime:0.000304s ]
INFO: [ app_begin ] --START--
INFO: Run Behavior\ReadHtmlCacheBehavior [ RunTime:0.000323s ]
INFO: [ app_begin ] --END-- [ RunTime:0.000339s ]
NOTIC: [8] Undefined index: openid D:\tp3.2\Application\Home\Controller\ChallengeController.class.php 第 28 行.
NOTIC: [8] Undefined index: telephone D:\tp3.2\Application\Home\Controller\ChallengeController.class.php 第 29 行.
NOTIC: [8] Undefined index: type D:\tp3.2\Application\Home\Controller\ChallengeController.class.php 第 30 行.
NOTIC: [8] Undefined variable: user_info D:\tp3.2\Application\Home\Controller\ChallengeController.class.php 第 42 行.
INFO: [ view_parse ] --START--
INFO: [ template_filter ] --START--
INFO: Run Behavior\ContentReplaceBehavior [ RunTime:0.000021s ]
INFO: [ template_filter ] --END-- [ RunTime:0.000040s ]
INFO: Run Behavior\ParseTemplateBehavior [ RunTime:0.002859s ]
INFO: [ view_parse ] --END-- [ RunTime:0.002876s ]
INFO: [ view_filter ] --START--
INFO: Run Behavior\WriteHtmlCacheBehavior [ RunTime:0.000212s ]
INFO: [ view_filter ] --END-- [ RunTime:0.000225s ]
INFO: [ app_end ] --START--
INFO: Run Behavior\ShowPageTraceBehavior [ RunTime:0.000316s ]
INFO: [ app_end ] --END-- [ RunTime:0.000329s ]

[ 2018-12-30T19:05:58+08:00 ] 192.168.6.167 /index.php/home/challenge/challenge
INFO: [ app_init ] --START--
INFO: Run Behavior\BuildLiteBehavior [ RunTime:0.000011s ]
INFO: [ app_init ] --END-- [ RunTime:0.000321s ]
INFO: [ app_begin ] --START--
INFO: Run Behavior\ReadHtmlCacheBehavior [ RunTime:0.000418s ]
INFO: [ app_begin ] --END-- [ RunTime:0.000439s ]
NOTIC: [8] Undefined index: telephone D:\tp3.2\Application\Home\Controller\ChallengeController.class.php 第 29 行.
SQL: SHOW COLUMNS FROM `room_user` [ RunTime:0.0049s ]
SQL: SELECT * FROM `room_user` WHERE ( openid = 2 and is_end=0 ) LIMIT 1   [ RunTime:0.0003s ]
SQL: SHOW COLUMNS FROM `complain` [ RunTime:0.0043s ]
SQL: SELECT * FROM `complain` WHERE ( status = 1 and openid=2 ) LIMIT 1   [ RunTime:0.0003s ]
SQL: SHOW COLUMNS FROM `room` [ RunTime:0.0040s ]
SQL: SELECT ru.room_id,u.nickname,r.start_time,r.room_name,u.pic,u.telephone,r.num FROM room r left join room_user as ru on r.id = ru.room_id left join user as u on ru.openid=u.openid  WHERE ( r.is_end =0 and r.type = 1 and  r.is_display=1 ) ORDER BY r.create_time desc,ru.create_time asc  [ RunTime:0.0005s ]
NOTIC: [8] Undefined variable: myroom D:\tp3.2\Application\Home\Controller\ChallengeController.class.php 第 104 行.

[ 2018-12-30T19:05:58+08:00 ] 192.168.6.167 /index.php/Home/challenge/challenge.html?type=1&openid=2
INFO: [ app_init ] --START--
INFO: Run Behavior\BuildLiteBehavior [ RunTime:0.000013s ]
INFO: [ app_init ] --END-- [ RunTime:0.000526s ]
INFO: [ app_begin ] --START--
INFO: Run Behavior\ReadHtmlCacheBehavior [ RunTime:0.000461s ]
INFO: [ app_begin ] --END-- [ RunTime:0.000487s ]
NOTIC: [8] Undefined index: openid D:\tp3.2\Application\Home\Controller\ChallengeController.class.php 第 28 行.
NOTIC: [8] Undefined index: telephone D:\tp3.2\Application\Home\Controller\ChallengeController.class.php 第 29 行.
NOTIC: [8] Undefined index: type D:\tp3.2\Application\Home\Controller\ChallengeController.class.php 第 30 行.
NOTIC: [8] Undefined variable: user_info D:\tp3.2\Application\Home\Controller\ChallengeController.class.php 第 42 行.
INFO: [ view_parse ] --START--
INFO: [ template_filter ] --START--
INFO: Run Behavior\ContentReplaceBehavior [ RunTime:0.000020s ]
INFO: [ template_filter ] --END-- [ RunTime:0.000039s ]
INFO: Run Behavior\ParseTemplateBehavior [ RunTime:0.002927s ]
INFO: [ view_parse ] --END-- [ RunTime:0.002947s ]
INFO: [ view_filter ] --START--
INFO: Run Behavior\WriteHtmlCacheBehavior [ RunTime:0.000283s ]
INFO: [ view_filter ] --END-- [ RunTime:0.000298s ]
INFO: [ app_end ] --START--
INFO: Run Behavior\ShowPageTraceBehavior [ RunTime:0.000412s ]
INFO: [ app_end ] --END-- [ RunTime:0.000427s ]

[ 2018-12-30T19:06:01+08:00 ] 192.168.6.167 /index.php/Home/makingplan/makingplan.html?room_id=48&type=1&openid=2
INFO: [ app_init ] --START--
INFO: Run Behavior\BuildLiteBehavior [ RunTime:0.000005s ]
INFO: [ app_init ] --END-- [ RunTime:0.000287s ]
INFO: [ app_begin ] --START--
INFO: Run Behavior\ReadHtmlCacheBehavior [ RunTime:0.000362s ]
INFO: [ app_begin ] --END-- [ RunTime:0.000378s ]
ERR: 无法加载控制器:Makingplan

[ 2018-12-30T19:06:02+08:00 ] 192.168.6.167 /index.php/home/challenge/challenge
INFO: [ app_init ] --START--
INFO: Run Behavior\BuildLiteBehavior [ RunTime:0.000006s ]
INFO: [ app_init ] --END-- [ RunTime:0.000330s ]
INFO: [ app_begin ] --START--
INFO: Run Behavior\ReadHtmlCacheBehavior [ RunTime:0.000459s ]
INFO: [ app_begin ] --END-- [ RunTime:0.000480s ]
NOTIC: [8] Undefined index: telephone D:\tp3.2\Application\Home\Controller\ChallengeController.class.php 第 29 行.
SQL: SHOW COLUMNS FROM `room_user` [ RunTime:0.0045s ]
SQL: SELECT * FROM `room_user` WHERE ( openid = 2 and is_end=0 ) LIMIT 1   [ RunTime:0.0003s ]
SQL: SHOW COLUMNS FROM `complain` [ RunTime:0.0055s ]
SQL: SELECT * FROM `complain` WHERE ( status = 1 and openid=2 ) LIMIT 1   [ RunTime:0.0003s ]
SQL: SHOW COLUMNS FROM `room` [ RunTime:0.0039s ]
SQL: SELECT ru.room_id,u.nickname,r.start_time,r.room_name,u.pic,u.telephone,r.num FROM room r left join room_user as ru on r.id = ru.room_id left join user as u on ru.openid=u.openid  WHERE ( r.is_end =0 and r.type = 1 and  r.is_display=1 ) ORDER BY r.create_time desc,ru.create_time asc  [ RunTime:0.0004s ]
NOTIC: [8] Undefined variable: myroom D:\tp3.2\Application\Home\Controller\ChallengeController.class.php 第 104 行.

[ 2018-12-30T19:06:02+08:00 ] 192.168.6.167 /index.php/Home/challenge/challenge.html?type=1&openid=2
INFO: [ app_init ] --START--
INFO: Run Behavior\BuildLiteBehavior [ RunTime:0.000005s ]
INFO: [ app_init ] --END-- [ RunTime:0.000323s ]
INFO: [ app_begin ] --START--
INFO: Run Behavior\ReadHtmlCacheBehavior [ RunTime:0.000446s ]
INFO: [ app_begin ] --END-- [ RunTime:0.000472s ]
NOTIC: [8] Undefined index: openid D:\tp3.2\Application\Home\Controller\ChallengeController.class.php 第 28 行.
NOTIC: [8] Undefined index: telephone D:\tp3.2\Application\Home\Controller\ChallengeController.class.php 第 29 行.
NOTIC: [8] Undefined index: type D:\tp3.2\Application\Home\Controller\ChallengeController.class.php 第 30 行.
NOTIC: [8] Undefined variable: user_info D:\tp3.2\Application\Home\Controller\ChallengeController.class.php 第 42 行.
INFO: [ view_parse ] --START--
INFO: [ template_filter ] --START--
INFO: Run Behavior\ContentReplaceBehavior [ RunTime:0.000025s ]
INFO: [ template_filter ] --END-- [ RunTime:0.000049s ]
INFO: Run Behavior\ParseTemplateBehavior [ RunTime:0.003705s ]
INFO: [ view_parse ] --END-- [ RunTime:0.003739s ]
INFO: [ view_filter ] --START--
INFO: Run Behavior\WriteHtmlCacheBehavior [ RunTime:0.000316s ]
INFO: [ view_filter ] --END-- [ RunTime:0.000333s ]
INFO: [ app_end ] --START--
INFO: Run Behavior\ShowPageTraceBehavior [ RunTime:0.000459s ]
INFO: [ app_end ] --END-- [ RunTime:0.000475s ]

[ 2018-12-30T19:10:18+08:00 ] 192.168.6.167 /index.php/Home/challenge/challenge.html?type=1&openid=2
INFO: [ app_init ] --START--
INFO: Run Behavior\BuildLiteBehavior [ RunTime:0.000006s ]
INFO: [ app_init ] --END-- [ RunTime:0.000405s ]
INFO: [ app_begin ] --START--
INFO: Run Behavior\ReadHtmlCacheBehavior [ RunTime:0.000412s ]
INFO: [ app_begin ] --END-- [ RunTime:0.000429s ]
NOTIC: [8] Undefined index: openid D:\tp3.2\Application\Home\Controller\ChallengeController.class.php 第 28 行.
NOTIC: [8] Undefined index: telephone D:\tp3.2\Application\Home\Controller\ChallengeController.class.php 第 29 行.
NOTIC: [8] Undefined index: type D:\tp3.2\Application\Home\Controller\ChallengeController.class.php 第 30 行.
NOTIC: [8] Undefined variable: user_info D:\tp3.2\Application\Home\Controller\ChallengeController.class.php 第 42 行.
INFO: [ view_parse ] --START--
INFO: [ template_filter ] --START--
INFO: Run Behavior\ContentReplaceBehavior [ RunTime:0.000021s ]
INFO: [ template_filter ] --END-- [ RunTime:0.000038s ]
INFO: Run Behavior\ParseTemplateBehavior [ RunTime:0.003194s ]
INFO: [ view_parse ] --END-- [ RunTime:0.003217s ]
INFO: [ view_filter ] --START--
INFO: Run Behavior\WriteHtmlCacheBehavior [ RunTime:0.000411s ]
INFO: [ view_filter ] --END-- [ RunTime:0.000427s ]
INFO: [ app_end ] --START--
INFO: Run Behavior\ShowPageTraceBehavior [ RunTime:0.000397s ]
INFO: [ app_end ] --END-- [ RunTime:0.000412s ]

[ 2018-12-30T19:10:18+08:00 ] 192.168.6.167 /index.php/home/challenge/challenge
INFO: [ app_init ] --START--
INFO: Run Behavior\BuildLiteBehavior [ RunTime:0.000006s ]
INFO: [ app_init ] --END-- [ RunTime:0.000319s ]
INFO: [ app_begin ] --START--
INFO: Run Behavior\ReadHtmlCacheBehavior [ RunTime:0.000375s ]
INFO: [ app_begin ] --END-- [ RunTime:0.000390s ]
NOTIC: [8] Undefined index: telephone D:\tp3.2\Application\Home\Controller\ChallengeController.class.php 第 29 行.
SQL: SHOW COLUMNS FROM `room_user` [ RunTime:0.0052s ]
SQL: SELECT * FROM `room_user` WHERE ( openid = 2 and is_end=0 ) LIMIT 1   [ RunTime:0.0003s ]
SQL: SHOW COLUMNS FROM `complain` [ RunTime:0.0045s ]
SQL: SELECT * FROM `complain` WHERE ( status = 1 and openid=2 ) LIMIT 1   [ RunTime:0.0003s ]
SQL: SHOW COLUMNS FROM `room` [ RunTime:0.0049s ]
SQL: SELECT ru.room_id,u.nickname,r.start_time,r.room_name,u.pic,u.telephone,r.num FROM room r left join room_user as ru on r.id = ru.room_id left join user as u on ru.openid=u.openid  WHERE ( r.is_end =0 and r.type = 1 and  r.is_display=1 ) ORDER BY r.create_time desc,ru.create_time asc  [ RunTime:0.0010s ]
NOTIC: [8] Undefined variable: myroom D:\tp3.2\Application\Home\Controller\ChallengeController.class.php 第 104 行.

[ 2018-12-30T19:10:18+08:00 ] 192.168.6.167 /index.php/Home/challenge/challenge.html?type=1&openid=2
INFO: [ app_init ] --START--
INFO: Run Behavior\BuildLiteBehavior [ RunTime:0.000009s ]
INFO: [ app_init ] --END-- [ RunTime:0.000540s ]
INFO: [ app_begin ] --START--
INFO: Run Behavior\ReadHtmlCacheBehavior [ RunTime:0.000403s ]
INFO: [ app_begin ] --END-- [ RunTime:0.000424s ]
NOTIC: [8] Undefined index: openid D:\tp3.2\Application\Home\Controller\ChallengeController.class.php 第 28 行.
NOTIC: [8] Undefined index: telephone D:\tp3.2\Application\Home\Controller\ChallengeController.class.php 第 29 行.
NOTIC: [8] Undefined index: type D:\tp3.2\Application\Home\Controller\ChallengeController.class.php 第 30 行.
NOTIC: [8] Undefined variable: user_info D:\tp3.2\Application\Home\Controller\ChallengeController.class.php 第 42 行.
INFO: [ view_parse ] --START--
INFO: [ template_filter ] --START--
INFO: Run Behavior\ContentReplaceBehavior [ RunTime:0.000327s ]
INFO: [ template_filter ] --END-- [ RunTime:0.000359s ]
INFO: Run Behavior\ParseTemplateBehavior [ RunTime:0.004995s ]
INFO: [ view_parse ] --END-- [ RunTime:0.005015s ]
INFO: [ view_filter ] --START--
INFO: Run Behavior\WriteHtmlCacheBehavior [ RunTime:0.000229s ]
INFO: [ view_filter ] --END-- [ RunTime:0.000242s ]
INFO: [ app_end ] --START--
INFO: Run Behavior\ShowPageTraceBehavior [ RunTime:0.000335s ]
INFO: [ app_end ] --END-- [ RunTime:0.000349s ]

[ 2018-12-30T19:10:20+08:00 ] 192.168.6.167 /index.php/Home/makingplan/makingplan.html?room_id=48&type=1&openid=2
INFO: [ app_init ] --START--
INFO: Run Behavior\BuildLiteBehavior [ RunTime:0.000005s ]
INFO: [ app_init ] --END-- [ RunTime:0.000337s ]
INFO: [ app_begin ] --START--
INFO: Run Behavior\ReadHtmlCacheBehavior [ RunTime:0.000368s ]
INFO: [ app_begin ] --END-- [ RunTime:0.000384s ]
ERR: 无法加载控制器:Makingplan

