[ 2019-05-20T06:48:14+08:00 ] 173.252.87.32 /favicon.ico
INFO: [ app_init ] --START--
INFO: Run Behavior\BuildLiteBehavior [ RunTime:0.000010s ]
INFO: [ app_init ] --END-- [ RunTime:0.000221s ]
ERR: 无法加载模块:Favicon

[ 2019-05-20T20:38:58+08:00 ] 47.110.180.38 /index.php/?s=index/%5Cthink%5Capp/invokefunction&function=call_user_func&vars[0]=md5&vars[1]=3.14
INFO: [ app_init ] --START--
INFO: Run Behavior\BuildLiteBehavior [ RunTime:0.000011s ]
INFO: [ app_init ] --END-- [ RunTime:0.000304s ]
ERR: 无法加载模块:Index

[ 2019-05-20T20:38:58+08:00 ] 47.110.180.38 /index.php/?s=user/%5Cthink%5Capp/invokefunction&function=call_user_func&vars[0]=md5&vars[1]=3.14
INFO: [ app_init ] --START--
INFO: Run Behavior\BuildLiteBehavior [ RunTime:0.000007s ]
INFO: [ app_init ] --END-- [ RunTime:0.000211s ]
ERR: 无法加载模块:User

[ 2019-05-20T20:38:58+08:00 ] 47.110.180.38 /index.php/?s=install/%5Cthink%5Capp/invokefunction&function=call_user_func&vars[0]=md5&vars[1]=3.14
INFO: [ app_init ] --START--
INFO: Run Behavior\BuildLiteBehavior [ RunTime:0.000006s ]
INFO: [ app_init ] --END-- [ RunTime:0.000188s ]
ERR: 无法加载模块:Install

[ 2019-05-20T20:39:09+08:00 ] 47.110.180.32 /index.php?s=captcha
INFO: [ app_init ] --START--
INFO: Run Behavior\BuildLiteBehavior [ RunTime:0.000008s ]
INFO: [ app_init ] --END-- [ RunTime:0.000202s ]
ERR: 无法加载模块:Captcha

