[ 2019-01-23T15:36:35+08:00 ] 114.246.246.154 /favicon.ico
INFO: [ app_init ] --START--
INFO: Run Behavior\BuildLiteBehavior [ RunTime:0.000006s ]
INFO: [ app_init ] --END-- [ RunTime:0.000186s ]
ERR: 无法加载模块:Favicon

[ 2019-01-23T15:39:41+08:00 ] 114.246.246.154 /favicon.ico
INFO: [ app_init ] --START--
INFO: Run Behavior\BuildLiteBehavior [ RunTime:0.000007s ]
INFO: [ app_init ] --END-- [ RunTime:0.000180s ]
ERR: 无法加载模块:Favicon

[ 2019-01-23T15:40:13+08:00 ] 114.246.246.154 /favicon.ico
INFO: [ app_init ] --START--
INFO: Run Behavior\BuildLiteBehavior [ RunTime:0.000007s ]
INFO: [ app_init ] --END-- [ RunTime:0.000201s ]
ERR: 无法加载模块:Favicon

[ 2019-01-23T15:42:04+08:00 ] 114.246.246.154 /favicon.ico
INFO: [ app_init ] --START--
INFO: Run Behavior\BuildLiteBehavior [ RunTime:0.000007s ]
INFO: [ app_init ] --END-- [ RunTime:0.000177s ]
ERR: 无法加载模块:Favicon

