[ 2019-02-22T12:13:24+08:00 ] 120.78.85.252 /?s=captcha
INFO: [ app_init ] --START--
INFO: Run Behavior\BuildLiteBehavior [ RunTime:0.000008s ]
INFO: [ app_init ] --END-- [ RunTime:0.000185s ]
ERR: 无法加载模块:Captcha

[ 2019-02-22T12:13:24+08:00 ] 120.78.85.252 /?s=xxxxx
INFO: [ app_init ] --START--
INFO: Run Behavior\BuildLiteBehavior [ RunTime:0.000006s ]
INFO: [ app_init ] --END-- [ RunTime:0.000173s ]
ERR: 无法加载模块:Xxxxx

[ 2019-02-22T12:13:24+08:00 ] 120.78.85.252 /?s=index/index/index&login=/login/&admin=///.js?
INFO: [ app_init ] --START--
INFO: Run Behavior\BuildLiteBehavior [ RunTime:0.000005s ]
INFO: [ app_init ] --END-- [ RunTime:0.000166s ]
ERR: 无法加载模块:Index

[ 2019-02-22T12:13:24+08:00 ] 120.78.85.252 /?s=captcha&test=@++eval++(++$_POST++[++a++]++)++;&login=/login/&admin=///.js?
INFO: [ app_init ] --START--
INFO: Run Behavior\BuildLiteBehavior [ RunTime:0.000006s ]
INFO: [ app_init ] --END-- [ RunTime:0.000166s ]
ERR: 无法加载模块:Captcha

[ 2019-02-22T12:13:24+08:00 ] 120.78.85.252 /?s=index/%5Cthink%5CRequest/input&filter=pi&data=1&login=/login/&admin=///.js?
INFO: [ app_init ] --START--
INFO: Run Behavior\BuildLiteBehavior [ RunTime:0.000007s ]
INFO: [ app_init ] --END-- [ RunTime:0.000205s ]
ERR: 无法加载模块:Index

[ 2019-02-22T12:13:24+08:00 ] 120.78.85.252 /?s=index/%5Cthink%5Cconfig/get&name=database.datetime_format&login=/login/&admin=///.js?
INFO: [ app_init ] --START--
INFO: Run Behavior\BuildLiteBehavior [ RunTime:0.000006s ]
INFO: [ app_init ] --END-- [ RunTime:0.000171s ]
ERR: 无法加载模块:Index

[ 2019-02-22T17:16:18+08:00 ] 39.104.84.150 /?s=xxxxx
INFO: [ app_init ] --START--
INFO: Run Behavior\BuildLiteBehavior [ RunTime:0.000007s ]
INFO: [ app_init ] --END-- [ RunTime:0.000187s ]
ERR: 无法加载模块:Xxxxx

[ 2019-02-22T17:16:18+08:00 ] 39.104.84.150 /?s=index/index/index&login=/login/&admin=///.js?
INFO: [ app_init ] --START--
INFO: Run Behavior\BuildLiteBehavior [ RunTime:0.000007s ]
INFO: [ app_init ] --END-- [ RunTime:0.000169s ]
ERR: 无法加载模块:Index

[ 2019-02-22T17:16:18+08:00 ] 39.104.84.150 /?s=captcha
INFO: [ app_init ] --START--
INFO: Run Behavior\BuildLiteBehavior [ RunTime:0.000006s ]
INFO: [ app_init ] --END-- [ RunTime:0.000178s ]
ERR: 无法加载模块:Captcha

[ 2019-02-22T17:16:18+08:00 ] 39.104.84.150 /?s=captcha&test=@++eval++(++$_POST++[++a++]++)++;&login=/login/&admin=///.js?
INFO: [ app_init ] --START--
INFO: Run Behavior\BuildLiteBehavior [ RunTime:0.000006s ]
INFO: [ app_init ] --END-- [ RunTime:0.000166s ]
ERR: 无法加载模块:Captcha

