[ 2019-10-27T00:05:26+08:00 ] 103.125.216.16 //?s=captcha
INFO: [ app_init ] --START--
INFO: Run Behavior\BuildLiteBehavior [ RunTime:0.000008s ]
INFO: [ app_init ] --END-- [ RunTime:0.000201s ]
ERR: 无法加载模块:Captcha

[ 2019-10-27T00:05:26+08:00 ] 103.125.216.16 //?s=xxxxx
INFO: [ app_init ] --START--
INFO: Run Behavior\BuildLiteBehavior [ RunTime:0.000006s ]
INFO: [ app_init ] --END-- [ RunTime:0.000188s ]
ERR: 无法加载模块:Xxxxx

[ 2019-10-27T00:05:26+08:00 ] 103.125.216.16 //?s=.%7Cthink%5CRequest/input&filter=pi&data=1&login=/login/&admin=///.js?
INFO: [ app_init ] --START--
INFO: Run Behavior\BuildLiteBehavior [ RunTime:0.000006s ]
INFO: [ app_init ] --END-- [ RunTime:0.000192s ]
ERR: 无法加载模块:.|think\Request

[ 2019-10-27T00:05:26+08:00 ] 103.125.216.16 //?s=index/index/index&login=/login/&admin=///.js?
INFO: [ app_init ] --START--
INFO: Run Behavior\BuildLiteBehavior [ RunTime:0.000006s ]
INFO: [ app_init ] --END-- [ RunTime:0.000180s ]
ERR: 无法加载模块:Index

[ 2019-10-27T00:05:26+08:00 ] 103.125.216.16 //?g=api&m=checkcode
INFO: [ app_init ] --START--
INFO: Run Behavior\BuildLiteBehavior [ RunTime:0.000006s ]
INFO: [ app_init ] --END-- [ RunTime:0.000179s ]
ERR: 无法加载模块:Checkcode

[ 2019-10-27T00:05:26+08:00 ] 103.125.216.16 //?s=index/%5Cthink%5Cconfig/get&name=database.datetime_format&login=/login/&admin=///.js?
INFO: [ app_init ] --START--
INFO: Run Behavior\BuildLiteBehavior [ RunTime:0.000005s ]
INFO: [ app_init ] --END-- [ RunTime:0.000179s ]
ERR: 无法加载模块:Index

[ 2019-10-27T00:05:26+08:00 ] 103.125.216.16 //?s=.%7Cthink%5Cconfig/get&name=database.datetime_format&login=/login/&admin=///.js?
INFO: [ app_init ] --START--
INFO: Run Behavior\BuildLiteBehavior [ RunTime:0.000005s ]
INFO: [ app_init ] --END-- [ RunTime:0.000181s ]
ERR: 无法加载模块:.|think\config

[ 2019-10-27T00:05:26+08:00 ] 103.125.216.16 //?s=index/%5Cthink%5CRequest/input&filter=pi&data=1&login=/login/&admin=///.js?
INFO: [ app_init ] --START--
INFO: Run Behavior\BuildLiteBehavior [ RunTime:0.000006s ]
INFO: [ app_init ] --END-- [ RunTime:0.000177s ]
ERR: 无法加载模块:Index

[ 2019-10-27T00:05:26+08:00 ] 103.125.216.16 //?s=captcha&test=@++eval++(++$_POST++%5B++a++%5D++)++;&login=/login/&admin=///.js?
INFO: [ app_init ] --START--
INFO: Run Behavior\BuildLiteBehavior [ RunTime:0.000005s ]
INFO: [ app_init ] --END-- [ RunTime:0.000171s ]
ERR: 无法加载模块:Captcha

[ 2019-10-27T03:25:53+08:00 ] 120.78.85.252 /?s=xxxxx
INFO: [ app_init ] --START--
INFO: Run Behavior\BuildLiteBehavior [ RunTime:0.000006s ]
INFO: [ app_init ] --END-- [ RunTime:0.000182s ]
ERR: 无法加载模块:Xxxxx

[ 2019-10-27T16:59:05+08:00 ] 120.78.85.252 /?s=xxxxx
INFO: [ app_init ] --START--
INFO: Run Behavior\BuildLiteBehavior [ RunTime:0.000007s ]
INFO: [ app_init ] --END-- [ RunTime:0.000203s ]
ERR: 无法加载模块:Xxxxx

