[ 2019-11-27T01:35:13+08:00 ] 106.14.251.218 /index.php/explicit_not_exist_path
INFO: [ app_init ] --START--
INFO: Run Behavior\BuildLiteBehavior [ RunTime:0.000006s ]
INFO: [ app_init ] --END-- [ RunTime:0.000168s ]
ERR: 无法加载模块:Explicit_not_exist_path

[ 2019-11-27T02:44:50+08:00 ] 139.224.106.184 /index.php/explicit_not_exist_path
INFO: [ app_init ] --START--
INFO: Run Behavior\BuildLiteBehavior [ RunTime:0.000006s ]
INFO: [ app_init ] --END-- [ RunTime:0.000191s ]
ERR: 无法加载模块:Explicit_not_exist_path

[ 2019-11-27T07:11:24+08:00 ] 47.103.77.60 /index.php/explicit_not_exist_path
INFO: [ app_init ] --START--
INFO: Run Behavior\BuildLiteBehavior [ RunTime:0.000007s ]
INFO: [ app_init ] --END-- [ RunTime:0.000196s ]
ERR: 无法加载模块:Explicit_not_exist_path

[ 2019-11-27T09:54:46+08:00 ] 106.15.32.103 /index.php/explicit_not_exist_path
INFO: [ app_init ] --START--
INFO: Run Behavior\BuildLiteBehavior [ RunTime:0.000006s ]
INFO: [ app_init ] --END-- [ RunTime:0.000174s ]
ERR: 无法加载模块:Explicit_not_exist_path

[ 2019-11-27T15:09:33+08:00 ] 157.55.39.31 /robots.txt
INFO: [ app_init ] --START--
INFO: Run Behavior\BuildLiteBehavior [ RunTime:0.000007s ]
INFO: [ app_init ] --END-- [ RunTime:0.000185s ]
ERR: 无法加载模块:Robots

[ 2019-11-27T16:43:37+08:00 ] 157.55.39.166 /robots.txt
INFO: [ app_init ] --START--
INFO: Run Behavior\BuildLiteBehavior [ RunTime:0.000006s ]
INFO: [ app_init ] --END-- [ RunTime:0.000196s ]
ERR: 无法加载模块:Robots

