[ 2018-12-29T13:12:22+08:00 ] 192.168.6.167 /index.php/Admin/Topic/index
INFO: [ app_init ] --START--
INFO: Run Behavior\BuildLiteBehavior [ RunTime:0.000010s ]
INFO: [ app_init ] --END-- [ RunTime:0.000388s ]
INFO: [ app_begin ] --START--
INFO: Run Behavior\ReadHtmlCacheBehavior [ RunTime:0.000443s ]
INFO: [ app_begin ] --END-- [ RunTime:0.000465s ]
SQL: SHOW COLUMNS FROM `topic` [ RunTime:0.0065s ]
SQL: SELECT COUNT(*) AS tp_count FROM `topic` LIMIT 1   [ RunTime:0.0002s ]
SQL: SELECT * FROM `topic` ORDER BY id desc LIMIT 0,10   [ RunTime:0.0003s ]
INFO: [ view_parse ] --START--
INFO: [ template_filter ] --START--
INFO: Run Behavior\ContentReplaceBehavior [ RunTime:0.000034s ]
INFO: [ template_filter ] --END-- [ RunTime:0.000052s ]
INFO: Run Behavior\ParseTemplateBehavior [ RunTime:0.008006s ]
INFO: [ view_parse ] --END-- [ RunTime:0.008024s ]
INFO: [ view_filter ] --START--
INFO: Run Behavior\WriteHtmlCacheBehavior [ RunTime:0.000312s ]
INFO: [ view_filter ] --END-- [ RunTime:0.000327s ]
INFO: [ app_end ] --START--
INFO: Run Behavior\ShowPageTraceBehavior [ RunTime:0.000428s ]
INFO: [ app_end ] --END-- [ RunTime:0.000443s ]

[ 2018-12-29T13:12:25+08:00 ] 192.168.6.167 /index.php/Admin/Topic/publish
INFO: [ app_init ] --START--
INFO: Run Behavior\BuildLiteBehavior [ RunTime:0.000004s ]
INFO: [ app_init ] --END-- [ RunTime:0.000279s ]
INFO: [ app_begin ] --START--
INFO: Run Behavior\ReadHtmlCacheBehavior [ RunTime:0.000389s ]
INFO: [ app_begin ] --END-- [ RunTime:0.000406s ]
NOTIC: [8] Undefined index: id D:\tp3.2\Application\Admin\Controller\TopicController.class.php 第 30 行.
NOTIC: [8] Undefined index: id D:\tp3.2\Application\Admin\Controller\TopicController.class.php 第 30 行.
INFO: [ view_parse ] --START--
INFO: [ template_filter ] --START--
INFO: Run Behavior\ContentReplaceBehavior [ RunTime:0.000019s ]
INFO: [ template_filter ] --END-- [ RunTime:0.000034s ]
NOTIC: [8] Undefined variable: detail D:\tp3.2\Application\Runtime\Cache\Admin\63fa7dbece9b314c0f87e1fca1240699.php 第 68 行.
NOTIC: [8] Undefined variable: detail D:\tp3.2\Application\Runtime\Cache\Admin\63fa7dbece9b314c0f87e1fca1240699.php 第 71 行.
INFO: Run Behavior\ParseTemplateBehavior [ RunTime:0.003968s ]
INFO: [ view_parse ] --END-- [ RunTime:0.003983s ]
INFO: [ view_filter ] --START--
INFO: Run Behavior\WriteHtmlCacheBehavior [ RunTime:0.000216s ]
INFO: [ view_filter ] --END-- [ RunTime:0.000230s ]
INFO: [ app_end ] --START--
INFO: Run Behavior\ShowPageTraceBehavior [ RunTime:0.000358s ]
INFO: [ app_end ] --END-- [ RunTime:0.000372s ]

[ 2018-12-29T13:12:29+08:00 ] 192.168.6.167 /index.php/admin/topic/publish.html
INFO: [ app_init ] --START--
INFO: Run Behavior\BuildLiteBehavior [ RunTime:0.000005s ]
INFO: [ app_init ] --END-- [ RunTime:0.000281s ]
INFO: [ app_begin ] --START--
INFO: Run Behavior\ReadHtmlCacheBehavior [ RunTime:0.000305s ]
INFO: [ app_begin ] --END-- [ RunTime:0.000320s ]
NOTIC: [8] Undefined index: id D:\tp3.2\Application\Admin\Controller\TopicController.class.php 第 30 行.
NOTIC: [8] Undefined index: id D:\tp3.2\Application\Admin\Controller\TopicController.class.php 第 30 行.
SQL: SHOW COLUMNS FROM `topic` [ RunTime:0.0034s ]
SQL: INSERT INTO `topic` (`topic_name`,`topic_time`) VALUES ('运动','2018-12-29 13:12:29') [ RunTime:0.0003s ]

[ 2018-12-29T13:12:30+08:00 ] 192.168.6.167 /index.php/admin/topic/index.html
INFO: [ app_init ] --START--
INFO: Run Behavior\BuildLiteBehavior [ RunTime:0.000004s ]
INFO: [ app_init ] --END-- [ RunTime:0.000254s ]
INFO: [ app_begin ] --START--
INFO: Run Behavior\ReadHtmlCacheBehavior [ RunTime:0.000324s ]
INFO: [ app_begin ] --END-- [ RunTime:0.000340s ]
SQL: SHOW COLUMNS FROM `topic` [ RunTime:0.0034s ]
SQL: SELECT COUNT(*) AS tp_count FROM `topic` LIMIT 1   [ RunTime:0.0002s ]
SQL: SELECT * FROM `topic` ORDER BY id desc LIMIT 0,10   [ RunTime:0.0002s ]
INFO: [ view_parse ] --START--
INFO: [ template_filter ] --START--
INFO: Run Behavior\ContentReplaceBehavior [ RunTime:0.000023s ]
INFO: [ template_filter ] --END-- [ RunTime:0.000038s ]
INFO: Run Behavior\ParseTemplateBehavior [ RunTime:0.003434s ]
INFO: [ view_parse ] --END-- [ RunTime:0.003450s ]
INFO: [ view_filter ] --START--
INFO: Run Behavior\WriteHtmlCacheBehavior [ RunTime:0.000246s ]
INFO: [ view_filter ] --END-- [ RunTime:0.000260s ]
INFO: [ app_end ] --START--
INFO: Run Behavior\ShowPageTraceBehavior [ RunTime:0.000358s ]
INFO: [ app_end ] --END-- [ RunTime:0.000371s ]

[ 2018-12-29T13:12:33+08:00 ] 192.168.6.167 /index.php/admin/topicContent/index.html?id=29
INFO: [ app_init ] --START--
INFO: Run Behavior\BuildLiteBehavior [ RunTime:0.000005s ]
INFO: [ app_init ] --END-- [ RunTime:0.000278s ]
INFO: [ app_begin ] --START--
INFO: Run Behavior\ReadHtmlCacheBehavior [ RunTime:0.000347s ]
INFO: [ app_begin ] --END-- [ RunTime:0.000365s ]
SQL: SHOW COLUMNS FROM `topic_content` [ RunTime:0.0061s ]
SQL: SELECT COUNT(*) AS tp_count FROM `topic_content` WHERE ( tid = 29 ) LIMIT 1   [ RunTime:0.0006s ]
SQL: SELECT * FROM `topic_content` WHERE ( tid = 29 ) ORDER BY id desc LIMIT 0,10   [ RunTime:0.0002s ]
INFO: [ view_parse ] --START--
INFO: [ template_filter ] --START--
INFO: Run Behavior\ContentReplaceBehavior [ RunTime:0.000027s ]
INFO: [ template_filter ] --END-- [ RunTime:0.000044s ]
INFO: Run Behavior\ParseTemplateBehavior [ RunTime:0.005121s ]
INFO: [ view_parse ] --END-- [ RunTime:0.005140s ]
INFO: [ view_filter ] --START--
INFO: Run Behavior\WriteHtmlCacheBehavior [ RunTime:0.000296s ]
INFO: [ view_filter ] --END-- [ RunTime:0.000312s ]
INFO: [ app_end ] --START--
INFO: Run Behavior\ShowPageTraceBehavior [ RunTime:0.000402s ]
INFO: [ app_end ] --END-- [ RunTime:0.000416s ]

[ 2018-12-29T13:12:34+08:00 ] 192.168.6.167 /index.php/admin/topicContent/publish.html?tid=29
INFO: [ app_init ] --START--
INFO: Run Behavior\BuildLiteBehavior [ RunTime:0.000004s ]
INFO: [ app_init ] --END-- [ RunTime:0.000286s ]
INFO: [ app_begin ] --START--
INFO: Run Behavior\ReadHtmlCacheBehavior [ RunTime:0.000383s ]
INFO: [ app_begin ] --END-- [ RunTime:0.000399s ]
NOTIC: [8] Undefined index: id D:\tp3.2\Application\Admin\Controller\TopicContentController.class.php 第 31 行.
NOTIC: [8] Undefined index: id D:\tp3.2\Application\Admin\Controller\TopicContentController.class.php 第 31 行.
INFO: [ view_parse ] --START--
INFO: [ template_filter ] --START--
INFO: Run Behavior\ContentReplaceBehavior [ RunTime:0.000025s ]
INFO: [ template_filter ] --END-- [ RunTime:0.000039s ]
NOTIC: [8] Undefined variable: detail D:\tp3.2\Application\Runtime\Cache\Admin\8b9f8681cc698f4f1cad4596a67284d6.php 第 68 行.
NOTIC: [8] Undefined variable: detail D:\tp3.2\Application\Runtime\Cache\Admin\8b9f8681cc698f4f1cad4596a67284d6.php 第 75 行.
NOTIC: [8] Use of undefined constant result - assumed 'result' D:\tp3.2\Application\Runtime\Cache\Admin\8b9f8681cc698f4f1cad4596a67284d6.php 第 83 行.
NOTIC: [8] Undefined variable: detail D:\tp3.2\Application\Runtime\Cache\Admin\8b9f8681cc698f4f1cad4596a67284d6.php 第 83 行.
NOTIC: [8] Use of undefined constant param - assumed 'param' D:\tp3.2\Application\Runtime\Cache\Admin\8b9f8681cc698f4f1cad4596a67284d6.php 第 83 行.
NOTIC: [8] Undefined variable: detail D:\tp3.2\Application\Runtime\Cache\Admin\8b9f8681cc698f4f1cad4596a67284d6.php 第 83 行.
NOTIC: [8] Use of undefined constant result - assumed 'result' D:\tp3.2\Application\Runtime\Cache\Admin\8b9f8681cc698f4f1cad4596a67284d6.php 第 84 行.
NOTIC: [8] Undefined variable: detail D:\tp3.2\Application\Runtime\Cache\Admin\8b9f8681cc698f4f1cad4596a67284d6.php 第 84 行.
NOTIC: [8] Use of undefined constant answer - assumed 'answer' D:\tp3.2\Application\Runtime\Cache\Admin\8b9f8681cc698f4f1cad4596a67284d6.php 第 84 行.
NOTIC: [8] Undefined variable: detail D:\tp3.2\Application\Runtime\Cache\Admin\8b9f8681cc698f4f1cad4596a67284d6.php 第 84 行.
NOTIC: [8] Use of undefined constant result - assumed 'result' D:\tp3.2\Application\Runtime\Cache\Admin\8b9f8681cc698f4f1cad4596a67284d6.php 第 90 行.
NOTIC: [8] Undefined variable: detail D:\tp3.2\Application\Runtime\Cache\Admin\8b9f8681cc698f4f1cad4596a67284d6.php 第 90 行.
NOTIC: [8] Use of undefined constant param - assumed 'param' D:\tp3.2\Application\Runtime\Cache\Admin\8b9f8681cc698f4f1cad4596a67284d6.php 第 90 行.
NOTIC: [8] Undefined variable: detail D:\tp3.2\Application\Runtime\Cache\Admin\8b9f8681cc698f4f1cad4596a67284d6.php 第 90 行.
NOTIC: [8] Use of undefined constant result - assumed 'result' D:\tp3.2\Application\Runtime\Cache\Admin\8b9f8681cc698f4f1cad4596a67284d6.php 第 91 行.
NOTIC: [8] Undefined variable: detail D:\tp3.2\Application\Runtime\Cache\Admin\8b9f8681cc698f4f1cad4596a67284d6.php 第 91 行.
NOTIC: [8] Use of undefined constant answer - assumed 'answer' D:\tp3.2\Application\Runtime\Cache\Admin\8b9f8681cc698f4f1cad4596a67284d6.php 第 91 行.
NOTIC: [8] Undefined variable: detail D:\tp3.2\Application\Runtime\Cache\Admin\8b9f8681cc698f4f1cad4596a67284d6.php 第 91 行.
NOTIC: [8] Use of undefined constant result - assumed 'result' D:\tp3.2\Application\Runtime\Cache\Admin\8b9f8681cc698f4f1cad4596a67284d6.php 第 97 行.
NOTIC: [8] Undefined variable: detail D:\tp3.2\Application\Runtime\Cache\Admin\8b9f8681cc698f4f1cad4596a67284d6.php 第 97 行.
NOTIC: [8] Use of undefined constant param - assumed 'param' D:\tp3.2\Application\Runtime\Cache\Admin\8b9f8681cc698f4f1cad4596a67284d6.php 第 97 行.
NOTIC: [8] Undefined variable: detail D:\tp3.2\Application\Runtime\Cache\Admin\8b9f8681cc698f4f1cad4596a67284d6.php 第 97 行.
NOTIC: [8] Use of undefined constant result - assumed 'result' D:\tp3.2\Application\Runtime\Cache\Admin\8b9f8681cc698f4f1cad4596a67284d6.php 第 98 行.
NOTIC: [8] Undefined variable: detail D:\tp3.2\Application\Runtime\Cache\Admin\8b9f8681cc698f4f1cad4596a67284d6.php 第 98 行.
NOTIC: [8] Use of undefined constant answer - assumed 'answer' D:\tp3.2\Application\Runtime\Cache\Admin\8b9f8681cc698f4f1cad4596a67284d6.php 第 98 行.
NOTIC: [8] Undefined variable: detail D:\tp3.2\Application\Runtime\Cache\Admin\8b9f8681cc698f4f1cad4596a67284d6.php 第 98 行.
NOTIC: [8] Use of undefined constant result - assumed 'result' D:\tp3.2\Application\Runtime\Cache\Admin\8b9f8681cc698f4f1cad4596a67284d6.php 第 104 行.
NOTIC: [8] Undefined variable: detail D:\tp3.2\Application\Runtime\Cache\Admin\8b9f8681cc698f4f1cad4596a67284d6.php 第 104 行.
NOTIC: [8] Use of undefined constant param - assumed 'param' D:\tp3.2\Application\Runtime\Cache\Admin\8b9f8681cc698f4f1cad4596a67284d6.php 第 104 行.
NOTIC: [8] Undefined variable: detail D:\tp3.2\Application\Runtime\Cache\Admin\8b9f8681cc698f4f1cad4596a67284d6.php 第 104 行.
NOTIC: [8] Use of undefined constant result - assumed 'result' D:\tp3.2\Application\Runtime\Cache\Admin\8b9f8681cc698f4f1cad4596a67284d6.php 第 105 行.
NOTIC: [8] Undefined variable: detail D:\tp3.2\Application\Runtime\Cache\Admin\8b9f8681cc698f4f1cad4596a67284d6.php 第 105 行.
NOTIC: [8] Use of undefined constant answer - assumed 'answer' D:\tp3.2\Application\Runtime\Cache\Admin\8b9f8681cc698f4f1cad4596a67284d6.php 第 105 行.
NOTIC: [8] Undefined variable: detail D:\tp3.2\Application\Runtime\Cache\Admin\8b9f8681cc698f4f1cad4596a67284d6.php 第 105 行.
NOTIC: [8] Undefined variable: detail D:\tp3.2\Application\Runtime\Cache\Admin\8b9f8681cc698f4f1cad4596a67284d6.php 第 108 行.
NOTIC: [8] Undefined variable: detail D:\tp3.2\Application\Runtime\Cache\Admin\8b9f8681cc698f4f1cad4596a67284d6.php 第 109 行.
INFO: Run Behavior\ParseTemplateBehavior [ RunTime:0.004504s ]
INFO: [ view_parse ] --END-- [ RunTime:0.004521s ]
INFO: [ view_filter ] --START--
INFO: Run Behavior\WriteHtmlCacheBehavior [ RunTime:0.000268s ]
INFO: [ view_filter ] --END-- [ RunTime:0.000280s ]
INFO: [ app_end ] --START--
INFO: Run Behavior\ShowPageTraceBehavior [ RunTime:0.000367s ]
INFO: [ app_end ] --END-- [ RunTime:0.000380s ]

[ 2018-12-29T13:15:40+08:00 ] 192.168.6.167 /index.php/admin/topicContent/publish.html
INFO: [ app_init ] --START--
INFO: Run Behavior\BuildLiteBehavior [ RunTime:0.000005s ]
INFO: [ app_init ] --END-- [ RunTime:0.000325s ]
INFO: [ app_begin ] --START--
INFO: Run Behavior\ReadHtmlCacheBehavior [ RunTime:0.000387s ]
INFO: [ app_begin ] --END-- [ RunTime:0.000402s ]
NOTIC: [8] Undefined index: id D:\tp3.2\Application\Admin\Controller\TopicContentController.class.php 第 31 行.
NOTIC: [8] Undefined index: id D:\tp3.2\Application\Admin\Controller\TopicContentController.class.php 第 31 行.
SQL: SHOW COLUMNS FROM `topic_content` [ RunTime:0.0043s ]
SQL: INSERT INTO `topic_content` (`title`,`tid`,`weight`,`result`,`create_time`) VALUES ('时间','29','1.5','a:2:{s:6:\"answer\";a:4:{i:0;s:10:\"0-10分钟\";i:1;s:12:\"10-30分钟 \";i:2;s:11:\"30-60分钟\";i:3;s:13:\"1小时以上\";}s:5:\"score\";a:4:{i:0;s:1:\"1\";i:1;s:1:\"2\";i:2;s:1:\"4\";i:3;s:1:\"3\";}}','2018-12-29 13:15:40') [ RunTime:0.0003s ]

[ 2018-12-29T13:15:41+08:00 ] 192.168.6.167 /index.php/admin/topicContent/index/id/29.html
INFO: [ app_init ] --START--
INFO: Run Behavior\BuildLiteBehavior [ RunTime:0.000005s ]
INFO: [ app_init ] --END-- [ RunTime:0.000256s ]
INFO: [ app_begin ] --START--
INFO: Run Behavior\ReadHtmlCacheBehavior [ RunTime:0.000310s ]
INFO: [ app_begin ] --END-- [ RunTime:0.000327s ]
SQL: SHOW COLUMNS FROM `topic_content` [ RunTime:0.0041s ]
SQL: SELECT COUNT(*) AS tp_count FROM `topic_content` WHERE ( tid = 29 ) LIMIT 1   [ RunTime:0.0003s ]
SQL: SELECT * FROM `topic_content` WHERE ( tid = 29 ) ORDER BY id desc LIMIT 0,10   [ RunTime:0.0002s ]
INFO: [ view_parse ] --START--
INFO: [ template_filter ] --START--
INFO: Run Behavior\ContentReplaceBehavior [ RunTime:0.000025s ]
INFO: [ template_filter ] --END-- [ RunTime:0.000041s ]
INFO: Run Behavior\ParseTemplateBehavior [ RunTime:0.004160s ]
INFO: [ view_parse ] --END-- [ RunTime:0.004178s ]
INFO: [ view_filter ] --START--
INFO: Run Behavior\WriteHtmlCacheBehavior [ RunTime:0.000320s ]
INFO: [ view_filter ] --END-- [ RunTime:0.000334s ]
INFO: [ app_end ] --START--
INFO: Run Behavior\ShowPageTraceBehavior [ RunTime:0.000420s ]
INFO: [ app_end ] --END-- [ RunTime:0.000434s ]

[ 2018-12-29T13:15:43+08:00 ] 192.168.6.167 /index.php/admin/topicContent/publish.html?tid=29
INFO: [ app_init ] --START--
INFO: Run Behavior\BuildLiteBehavior [ RunTime:0.000006s ]
INFO: [ app_init ] --END-- [ RunTime:0.000295s ]
INFO: [ app_begin ] --START--
INFO: Run Behavior\ReadHtmlCacheBehavior [ RunTime:0.001259s ]
INFO: [ app_begin ] --END-- [ RunTime:0.001276s ]
NOTIC: [8] Undefined index: id D:\tp3.2\Application\Admin\Controller\TopicContentController.class.php 第 31 行.
NOTIC: [8] Undefined index: id D:\tp3.2\Application\Admin\Controller\TopicContentController.class.php 第 31 行.
INFO: [ view_parse ] --START--
INFO: [ template_filter ] --START--
INFO: Run Behavior\ContentReplaceBehavior [ RunTime:0.000025s ]
INFO: [ template_filter ] --END-- [ RunTime:0.000039s ]
NOTIC: [8] Undefined variable: detail D:\tp3.2\Application\Runtime\Cache\Admin\8b9f8681cc698f4f1cad4596a67284d6.php 第 68 行.
NOTIC: [8] Undefined variable: detail D:\tp3.2\Application\Runtime\Cache\Admin\8b9f8681cc698f4f1cad4596a67284d6.php 第 75 行.
NOTIC: [8] Use of undefined constant result - assumed 'result' D:\tp3.2\Application\Runtime\Cache\Admin\8b9f8681cc698f4f1cad4596a67284d6.php 第 83 行.
NOTIC: [8] Undefined variable: detail D:\tp3.2\Application\Runtime\Cache\Admin\8b9f8681cc698f4f1cad4596a67284d6.php 第 83 行.
NOTIC: [8] Use of undefined constant param - assumed 'param' D:\tp3.2\Application\Runtime\Cache\Admin\8b9f8681cc698f4f1cad4596a67284d6.php 第 83 行.
NOTIC: [8] Undefined variable: detail D:\tp3.2\Application\Runtime\Cache\Admin\8b9f8681cc698f4f1cad4596a67284d6.php 第 83 行.
NOTIC: [8] Use of undefined constant result - assumed 'result' D:\tp3.2\Application\Runtime\Cache\Admin\8b9f8681cc698f4f1cad4596a67284d6.php 第 84 行.
NOTIC: [8] Undefined variable: detail D:\tp3.2\Application\Runtime\Cache\Admin\8b9f8681cc698f4f1cad4596a67284d6.php 第 84 行.
NOTIC: [8] Use of undefined constant answer - assumed 'answer' D:\tp3.2\Application\Runtime\Cache\Admin\8b9f8681cc698f4f1cad4596a67284d6.php 第 84 行.
NOTIC: [8] Undefined variable: detail D:\tp3.2\Application\Runtime\Cache\Admin\8b9f8681cc698f4f1cad4596a67284d6.php 第 84 行.
NOTIC: [8] Use of undefined constant result - assumed 'result' D:\tp3.2\Application\Runtime\Cache\Admin\8b9f8681cc698f4f1cad4596a67284d6.php 第 90 行.
NOTIC: [8] Undefined variable: detail D:\tp3.2\Application\Runtime\Cache\Admin\8b9f8681cc698f4f1cad4596a67284d6.php 第 90 行.
NOTIC: [8] Use of undefined constant param - assumed 'param' D:\tp3.2\Application\Runtime\Cache\Admin\8b9f8681cc698f4f1cad4596a67284d6.php 第 90 行.
NOTIC: [8] Undefined variable: detail D:\tp3.2\Application\Runtime\Cache\Admin\8b9f8681cc698f4f1cad4596a67284d6.php 第 90 行.
NOTIC: [8] Use of undefined constant result - assumed 'result' D:\tp3.2\Application\Runtime\Cache\Admin\8b9f8681cc698f4f1cad4596a67284d6.php 第 91 行.
NOTIC: [8] Undefined variable: detail D:\tp3.2\Application\Runtime\Cache\Admin\8b9f8681cc698f4f1cad4596a67284d6.php 第 91 行.
NOTIC: [8] Use of undefined constant answer - assumed 'answer' D:\tp3.2\Application\Runtime\Cache\Admin\8b9f8681cc698f4f1cad4596a67284d6.php 第 91 行.
NOTIC: [8] Undefined variable: detail D:\tp3.2\Application\Runtime\Cache\Admin\8b9f8681cc698f4f1cad4596a67284d6.php 第 91 行.
NOTIC: [8] Use of undefined constant result - assumed 'result' D:\tp3.2\Application\Runtime\Cache\Admin\8b9f8681cc698f4f1cad4596a67284d6.php 第 97 行.
NOTIC: [8] Undefined variable: detail D:\tp3.2\Application\Runtime\Cache\Admin\8b9f8681cc698f4f1cad4596a67284d6.php 第 97 行.
NOTIC: [8] Use of undefined constant param - assumed 'param' D:\tp3.2\Application\Runtime\Cache\Admin\8b9f8681cc698f4f1cad4596a67284d6.php 第 97 行.
NOTIC: [8] Undefined variable: detail D:\tp3.2\Application\Runtime\Cache\Admin\8b9f8681cc698f4f1cad4596a67284d6.php 第 97 行.
NOTIC: [8] Use of undefined constant result - assumed 'result' D:\tp3.2\Application\Runtime\Cache\Admin\8b9f8681cc698f4f1cad4596a67284d6.php 第 98 行.
NOTIC: [8] Undefined variable: detail D:\tp3.2\Application\Runtime\Cache\Admin\8b9f8681cc698f4f1cad4596a67284d6.php 第 98 行.
NOTIC: [8] Use of undefined constant answer - assumed 'answer' D:\tp3.2\Application\Runtime\Cache\Admin\8b9f8681cc698f4f1cad4596a67284d6.php 第 98 行.
NOTIC: [8] Undefined variable: detail D:\tp3.2\Application\Runtime\Cache\Admin\8b9f8681cc698f4f1cad4596a67284d6.php 第 98 行.
NOTIC: [8] Use of undefined constant result - assumed 'result' D:\tp3.2\Application\Runtime\Cache\Admin\8b9f8681cc698f4f1cad4596a67284d6.php 第 104 行.
NOTIC: [8] Undefined variable: detail D:\tp3.2\Application\Runtime\Cache\Admin\8b9f8681cc698f4f1cad4596a67284d6.php 第 104 行.
NOTIC: [8] Use of undefined constant param - assumed 'param' D:\tp3.2\Application\Runtime\Cache\Admin\8b9f8681cc698f4f1cad4596a67284d6.php 第 104 行.
NOTIC: [8] Undefined variable: detail D:\tp3.2\Application\Runtime\Cache\Admin\8b9f8681cc698f4f1cad4596a67284d6.php 第 104 行.
NOTIC: [8] Use of undefined constant result - assumed 'result' D:\tp3.2\Application\Runtime\Cache\Admin\8b9f8681cc698f4f1cad4596a67284d6.php 第 105 行.
NOTIC: [8] Undefined variable: detail D:\tp3.2\Application\Runtime\Cache\Admin\8b9f8681cc698f4f1cad4596a67284d6.php 第 105 行.
NOTIC: [8] Use of undefined constant answer - assumed 'answer' D:\tp3.2\Application\Runtime\Cache\Admin\8b9f8681cc698f4f1cad4596a67284d6.php 第 105 行.
NOTIC: [8] Undefined variable: detail D:\tp3.2\Application\Runtime\Cache\Admin\8b9f8681cc698f4f1cad4596a67284d6.php 第 105 行.
NOTIC: [8] Undefined variable: detail D:\tp3.2\Application\Runtime\Cache\Admin\8b9f8681cc698f4f1cad4596a67284d6.php 第 108 行.
NOTIC: [8] Undefined variable: detail D:\tp3.2\Application\Runtime\Cache\Admin\8b9f8681cc698f4f1cad4596a67284d6.php 第 109 行.
INFO: Run Behavior\ParseTemplateBehavior [ RunTime:0.003835s ]
INFO: [ view_parse ] --END-- [ RunTime:0.003850s ]
INFO: [ view_filter ] --START--
INFO: Run Behavior\WriteHtmlCacheBehavior [ RunTime:0.000275s ]
INFO: [ view_filter ] --END-- [ RunTime:0.000289s ]
INFO: [ app_end ] --START--
INFO: Run Behavior\ShowPageTraceBehavior [ RunTime:0.000385s ]
INFO: [ app_end ] --END-- [ RunTime:0.000399s ]

[ 2018-12-29T13:15:46+08:00 ] 192.168.6.167 /index.php/admin/topicContent/publish.html?tid=29
INFO: [ app_init ] --START--
INFO: Run Behavior\BuildLiteBehavior [ RunTime:0.000006s ]
INFO: [ app_init ] --END-- [ RunTime:0.000235s ]
INFO: [ app_begin ] --START--
INFO: Run Behavior\ReadHtmlCacheBehavior [ RunTime:0.000334s ]
INFO: [ app_begin ] --END-- [ RunTime:0.000350s ]
NOTIC: [8] Undefined index: id D:\tp3.2\Application\Admin\Controller\TopicContentController.class.php 第 31 行.
NOTIC: [8] Undefined index: id D:\tp3.2\Application\Admin\Controller\TopicContentController.class.php 第 31 行.
INFO: [ view_parse ] --START--
INFO: [ template_filter ] --START--
INFO: Run Behavior\ContentReplaceBehavior [ RunTime:0.000026s ]
INFO: [ template_filter ] --END-- [ RunTime:0.000041s ]
NOTIC: [8] Undefined variable: detail D:\tp3.2\Application\Runtime\Cache\Admin\8b9f8681cc698f4f1cad4596a67284d6.php 第 68 行.
NOTIC: [8] Undefined variable: detail D:\tp3.2\Application\Runtime\Cache\Admin\8b9f8681cc698f4f1cad4596a67284d6.php 第 75 行.
NOTIC: [8] Use of undefined constant result - assumed 'result' D:\tp3.2\Application\Runtime\Cache\Admin\8b9f8681cc698f4f1cad4596a67284d6.php 第 83 行.
NOTIC: [8] Undefined variable: detail D:\tp3.2\Application\Runtime\Cache\Admin\8b9f8681cc698f4f1cad4596a67284d6.php 第 83 行.
NOTIC: [8] Use of undefined constant param - assumed 'param' D:\tp3.2\Application\Runtime\Cache\Admin\8b9f8681cc698f4f1cad4596a67284d6.php 第 83 行.
NOTIC: [8] Undefined variable: detail D:\tp3.2\Application\Runtime\Cache\Admin\8b9f8681cc698f4f1cad4596a67284d6.php 第 83 行.
NOTIC: [8] Use of undefined constant result - assumed 'result' D:\tp3.2\Application\Runtime\Cache\Admin\8b9f8681cc698f4f1cad4596a67284d6.php 第 84 行.
NOTIC: [8] Undefined variable: detail D:\tp3.2\Application\Runtime\Cache\Admin\8b9f8681cc698f4f1cad4596a67284d6.php 第 84 行.
NOTIC: [8] Use of undefined constant answer - assumed 'answer' D:\tp3.2\Application\Runtime\Cache\Admin\8b9f8681cc698f4f1cad4596a67284d6.php 第 84 行.
NOTIC: [8] Undefined variable: detail D:\tp3.2\Application\Runtime\Cache\Admin\8b9f8681cc698f4f1cad4596a67284d6.php 第 84 行.
NOTIC: [8] Use of undefined constant result - assumed 'result' D:\tp3.2\Application\Runtime\Cache\Admin\8b9f8681cc698f4f1cad4596a67284d6.php 第 90 行.
NOTIC: [8] Undefined variable: detail D:\tp3.2\Application\Runtime\Cache\Admin\8b9f8681cc698f4f1cad4596a67284d6.php 第 90 行.
NOTIC: [8] Use of undefined constant param - assumed 'param' D:\tp3.2\Application\Runtime\Cache\Admin\8b9f8681cc698f4f1cad4596a67284d6.php 第 90 行.
NOTIC: [8] Undefined variable: detail D:\tp3.2\Application\Runtime\Cache\Admin\8b9f8681cc698f4f1cad4596a67284d6.php 第 90 行.
NOTIC: [8] Use of undefined constant result - assumed 'result' D:\tp3.2\Application\Runtime\Cache\Admin\8b9f8681cc698f4f1cad4596a67284d6.php 第 91 行.
NOTIC: [8] Undefined variable: detail D:\tp3.2\Application\Runtime\Cache\Admin\8b9f8681cc698f4f1cad4596a67284d6.php 第 91 行.
NOTIC: [8] Use of undefined constant answer - assumed 'answer' D:\tp3.2\Application\Runtime\Cache\Admin\8b9f8681cc698f4f1cad4596a67284d6.php 第 91 行.
NOTIC: [8] Undefined variable: detail D:\tp3.2\Application\Runtime\Cache\Admin\8b9f8681cc698f4f1cad4596a67284d6.php 第 91 行.
NOTIC: [8] Use of undefined constant result - assumed 'result' D:\tp3.2\Application\Runtime\Cache\Admin\8b9f8681cc698f4f1cad4596a67284d6.php 第 97 行.
NOTIC: [8] Undefined variable: detail D:\tp3.2\Application\Runtime\Cache\Admin\8b9f8681cc698f4f1cad4596a67284d6.php 第 97 行.
NOTIC: [8] Use of undefined constant param - assumed 'param' D:\tp3.2\Application\Runtime\Cache\Admin\8b9f8681cc698f4f1cad4596a67284d6.php 第 97 行.
NOTIC: [8] Undefined variable: detail D:\tp3.2\Application\Runtime\Cache\Admin\8b9f8681cc698f4f1cad4596a67284d6.php 第 97 行.
NOTIC: [8] Use of undefined constant result - assumed 'result' D:\tp3.2\Application\Runtime\Cache\Admin\8b9f8681cc698f4f1cad4596a67284d6.php 第 98 行.
NOTIC: [8] Undefined variable: detail D:\tp3.2\Application\Runtime\Cache\Admin\8b9f8681cc698f4f1cad4596a67284d6.php 第 98 行.
NOTIC: [8] Use of undefined constant answer - assumed 'answer' D:\tp3.2\Application\Runtime\Cache\Admin\8b9f8681cc698f4f1cad4596a67284d6.php 第 98 行.
NOTIC: [8] Undefined variable: detail D:\tp3.2\Application\Runtime\Cache\Admin\8b9f8681cc698f4f1cad4596a67284d6.php 第 98 行.
NOTIC: [8] Use of undefined constant result - assumed 'result' D:\tp3.2\Application\Runtime\Cache\Admin\8b9f8681cc698f4f1cad4596a67284d6.php 第 104 行.
NOTIC: [8] Undefined variable: detail D:\tp3.2\Application\Runtime\Cache\Admin\8b9f8681cc698f4f1cad4596a67284d6.php 第 104 行.
NOTIC: [8] Use of undefined constant param - assumed 'param' D:\tp3.2\Application\Runtime\Cache\Admin\8b9f8681cc698f4f1cad4596a67284d6.php 第 104 行.
NOTIC: [8] Undefined variable: detail D:\tp3.2\Application\Runtime\Cache\Admin\8b9f8681cc698f4f1cad4596a67284d6.php 第 104 行.
NOTIC: [8] Use of undefined constant result - assumed 'result' D:\tp3.2\Application\Runtime\Cache\Admin\8b9f8681cc698f4f1cad4596a67284d6.php 第 105 行.
NOTIC: [8] Undefined variable: detail D:\tp3.2\Application\Runtime\Cache\Admin\8b9f8681cc698f4f1cad4596a67284d6.php 第 105 行.
NOTIC: [8] Use of undefined constant answer - assumed 'answer' D:\tp3.2\Application\Runtime\Cache\Admin\8b9f8681cc698f4f1cad4596a67284d6.php 第 105 行.
NOTIC: [8] Undefined variable: detail D:\tp3.2\Application\Runtime\Cache\Admin\8b9f8681cc698f4f1cad4596a67284d6.php 第 105 行.
NOTIC: [8] Undefined variable: detail D:\tp3.2\Application\Runtime\Cache\Admin\8b9f8681cc698f4f1cad4596a67284d6.php 第 108 行.
NOTIC: [8] Undefined variable: detail D:\tp3.2\Application\Runtime\Cache\Admin\8b9f8681cc698f4f1cad4596a67284d6.php 第 109 行.
INFO: Run Behavior\ParseTemplateBehavior [ RunTime:0.003730s ]
INFO: [ view_parse ] --END-- [ RunTime:0.003746s ]
INFO: [ view_filter ] --START--
INFO: Run Behavior\WriteHtmlCacheBehavior [ RunTime:0.000275s ]
INFO: [ view_filter ] --END-- [ RunTime:0.000289s ]
INFO: [ app_end ] --START--
INFO: Run Behavior\ShowPageTraceBehavior [ RunTime:0.000383s ]
INFO: [ app_end ] --END-- [ RunTime:0.000398s ]

[ 2018-12-29T13:17:40+08:00 ] 192.168.6.167 /index.php/admin/topicContent/publish.html
INFO: [ app_init ] --START--
INFO: Run Behavior\BuildLiteBehavior [ RunTime:0.000005s ]
INFO: [ app_init ] --END-- [ RunTime:0.000264s ]
INFO: [ app_begin ] --START--
INFO: Run Behavior\ReadHtmlCacheBehavior [ RunTime:0.001258s ]
INFO: [ app_begin ] --END-- [ RunTime:0.001274s ]
NOTIC: [8] Undefined index: id D:\tp3.2\Application\Admin\Controller\TopicContentController.class.php 第 31 行.
NOTIC: [8] Undefined index: id D:\tp3.2\Application\Admin\Controller\TopicContentController.class.php 第 31 行.
SQL: SHOW COLUMNS FROM `topic_content` [ RunTime:0.0039s ]
SQL: INSERT INTO `topic_content` (`title`,`tid`,`weight`,`result`,`create_time`) VALUES ('运动次数','29','1.2','a:2:{s:6:\"answer\";a:4:{i:0;s:3:\"0-5\";i:1;s:4:\"5-10\";i:2;s:5:\"10-15\";i:3;s:5:\"15-20\";}s:5:\"score\";a:4:{i:0;s:1:\"1\";i:1;s:1:\"2\";i:2;s:1:\"4\";i:3;s:1:\"3\";}}','2018-12-29 13:17:40') [ RunTime:0.0002s ]

[ 2018-12-29T13:17:41+08:00 ] 192.168.6.167 /index.php/admin/topicContent/index/id/29.html
INFO: [ app_init ] --START--
INFO: Run Behavior\BuildLiteBehavior [ RunTime:0.000005s ]
INFO: [ app_init ] --END-- [ RunTime:0.000287s ]
INFO: [ app_begin ] --START--
INFO: Run Behavior\ReadHtmlCacheBehavior [ RunTime:0.000440s ]
INFO: [ app_begin ] --END-- [ RunTime:0.000463s ]
SQL: SHOW COLUMNS FROM `topic_content` [ RunTime:0.0038s ]
SQL: SELECT COUNT(*) AS tp_count FROM `topic_content` WHERE ( tid = 29 ) LIMIT 1   [ RunTime:0.0002s ]
SQL: SELECT * FROM `topic_content` WHERE ( tid = 29 ) ORDER BY id desc LIMIT 0,10   [ RunTime:0.0002s ]
INFO: [ view_parse ] --START--
INFO: [ template_filter ] --START--
INFO: Run Behavior\ContentReplaceBehavior [ RunTime:0.000025s ]
INFO: [ template_filter ] --END-- [ RunTime:0.000041s ]
INFO: Run Behavior\ParseTemplateBehavior [ RunTime:0.003777s ]
INFO: [ view_parse ] --END-- [ RunTime:0.003794s ]
INFO: [ view_filter ] --START--
INFO: Run Behavior\WriteHtmlCacheBehavior [ RunTime:0.000268s ]
INFO: [ view_filter ] --END-- [ RunTime:0.000283s ]
INFO: [ app_end ] --START--
INFO: Run Behavior\ShowPageTraceBehavior [ RunTime:0.000379s ]
INFO: [ app_end ] --END-- [ RunTime:0.000395s ]

[ 2018-12-29T13:17:44+08:00 ] 192.168.6.167 /index.php/admin/topicContent/publish.html?tid=29
INFO: [ app_init ] --START--
INFO: Run Behavior\BuildLiteBehavior [ RunTime:0.000004s ]
INFO: [ app_init ] --END-- [ RunTime:0.000267s ]
INFO: [ app_begin ] --START--
INFO: Run Behavior\ReadHtmlCacheBehavior [ RunTime:0.000355s ]
INFO: [ app_begin ] --END-- [ RunTime:0.000372s ]
NOTIC: [8] Undefined index: id D:\tp3.2\Application\Admin\Controller\TopicContentController.class.php 第 31 行.
NOTIC: [8] Undefined index: id D:\tp3.2\Application\Admin\Controller\TopicContentController.class.php 第 31 行.
INFO: [ view_parse ] --START--
INFO: [ template_filter ] --START--
INFO: Run Behavior\ContentReplaceBehavior [ RunTime:0.000025s ]
INFO: [ template_filter ] --END-- [ RunTime:0.000039s ]
NOTIC: [8] Undefined variable: detail D:\tp3.2\Application\Runtime\Cache\Admin\8b9f8681cc698f4f1cad4596a67284d6.php 第 68 行.
NOTIC: [8] Undefined variable: detail D:\tp3.2\Application\Runtime\Cache\Admin\8b9f8681cc698f4f1cad4596a67284d6.php 第 75 行.
NOTIC: [8] Use of undefined constant result - assumed 'result' D:\tp3.2\Application\Runtime\Cache\Admin\8b9f8681cc698f4f1cad4596a67284d6.php 第 83 行.
NOTIC: [8] Undefined variable: detail D:\tp3.2\Application\Runtime\Cache\Admin\8b9f8681cc698f4f1cad4596a67284d6.php 第 83 行.
NOTIC: [8] Use of undefined constant param - assumed 'param' D:\tp3.2\Application\Runtime\Cache\Admin\8b9f8681cc698f4f1cad4596a67284d6.php 第 83 行.
NOTIC: [8] Undefined variable: detail D:\tp3.2\Application\Runtime\Cache\Admin\8b9f8681cc698f4f1cad4596a67284d6.php 第 83 行.
NOTIC: [8] Use of undefined constant result - assumed 'result' D:\tp3.2\Application\Runtime\Cache\Admin\8b9f8681cc698f4f1cad4596a67284d6.php 第 84 行.
NOTIC: [8] Undefined variable: detail D:\tp3.2\Application\Runtime\Cache\Admin\8b9f8681cc698f4f1cad4596a67284d6.php 第 84 行.
NOTIC: [8] Use of undefined constant answer - assumed 'answer' D:\tp3.2\Application\Runtime\Cache\Admin\8b9f8681cc698f4f1cad4596a67284d6.php 第 84 行.
NOTIC: [8] Undefined variable: detail D:\tp3.2\Application\Runtime\Cache\Admin\8b9f8681cc698f4f1cad4596a67284d6.php 第 84 行.
NOTIC: [8] Use of undefined constant result - assumed 'result' D:\tp3.2\Application\Runtime\Cache\Admin\8b9f8681cc698f4f1cad4596a67284d6.php 第 90 行.
NOTIC: [8] Undefined variable: detail D:\tp3.2\Application\Runtime\Cache\Admin\8b9f8681cc698f4f1cad4596a67284d6.php 第 90 行.
NOTIC: [8] Use of undefined constant param - assumed 'param' D:\tp3.2\Application\Runtime\Cache\Admin\8b9f8681cc698f4f1cad4596a67284d6.php 第 90 行.
NOTIC: [8] Undefined variable: detail D:\tp3.2\Application\Runtime\Cache\Admin\8b9f8681cc698f4f1cad4596a67284d6.php 第 90 行.
NOTIC: [8] Use of undefined constant result - assumed 'result' D:\tp3.2\Application\Runtime\Cache\Admin\8b9f8681cc698f4f1cad4596a67284d6.php 第 91 行.
NOTIC: [8] Undefined variable: detail D:\tp3.2\Application\Runtime\Cache\Admin\8b9f8681cc698f4f1cad4596a67284d6.php 第 91 行.
NOTIC: [8] Use of undefined constant answer - assumed 'answer' D:\tp3.2\Application\Runtime\Cache\Admin\8b9f8681cc698f4f1cad4596a67284d6.php 第 91 行.
NOTIC: [8] Undefined variable: detail D:\tp3.2\Application\Runtime\Cache\Admin\8b9f8681cc698f4f1cad4596a67284d6.php 第 91 行.
NOTIC: [8] Use of undefined constant result - assumed 'result' D:\tp3.2\Application\Runtime\Cache\Admin\8b9f8681cc698f4f1cad4596a67284d6.php 第 97 行.
NOTIC: [8] Undefined variable: detail D:\tp3.2\Application\Runtime\Cache\Admin\8b9f8681cc698f4f1cad4596a67284d6.php 第 97 行.
NOTIC: [8] Use of undefined constant param - assumed 'param' D:\tp3.2\Application\Runtime\Cache\Admin\8b9f8681cc698f4f1cad4596a67284d6.php 第 97 行.
NOTIC: [8] Undefined variable: detail D:\tp3.2\Application\Runtime\Cache\Admin\8b9f8681cc698f4f1cad4596a67284d6.php 第 97 行.
NOTIC: [8] Use of undefined constant result - assumed 'result' D:\tp3.2\Application\Runtime\Cache\Admin\8b9f8681cc698f4f1cad4596a67284d6.php 第 98 行.
NOTIC: [8] Undefined variable: detail D:\tp3.2\Application\Runtime\Cache\Admin\8b9f8681cc698f4f1cad4596a67284d6.php 第 98 行.
NOTIC: [8] Use of undefined constant answer - assumed 'answer' D:\tp3.2\Application\Runtime\Cache\Admin\8b9f8681cc698f4f1cad4596a67284d6.php 第 98 行.
NOTIC: [8] Undefined variable: detail D:\tp3.2\Application\Runtime\Cache\Admin\8b9f8681cc698f4f1cad4596a67284d6.php 第 98 行.
NOTIC: [8] Use of undefined constant result - assumed 'result' D:\tp3.2\Application\Runtime\Cache\Admin\8b9f8681cc698f4f1cad4596a67284d6.php 第 104 行.
NOTIC: [8] Undefined variable: detail D:\tp3.2\Application\Runtime\Cache\Admin\8b9f8681cc698f4f1cad4596a67284d6.php 第 104 行.
NOTIC: [8] Use of undefined constant param - assumed 'param' D:\tp3.2\Application\Runtime\Cache\Admin\8b9f8681cc698f4f1cad4596a67284d6.php 第 104 行.
NOTIC: [8] Undefined variable: detail D:\tp3.2\Application\Runtime\Cache\Admin\8b9f8681cc698f4f1cad4596a67284d6.php 第 104 行.
NOTIC: [8] Use of undefined constant result - assumed 'result' D:\tp3.2\Application\Runtime\Cache\Admin\8b9f8681cc698f4f1cad4596a67284d6.php 第 105 行.
NOTIC: [8] Undefined variable: detail D:\tp3.2\Application\Runtime\Cache\Admin\8b9f8681cc698f4f1cad4596a67284d6.php 第 105 行.
NOTIC: [8] Use of undefined constant answer - assumed 'answer' D:\tp3.2\Application\Runtime\Cache\Admin\8b9f8681cc698f4f1cad4596a67284d6.php 第 105 行.
NOTIC: [8] Undefined variable: detail D:\tp3.2\Application\Runtime\Cache\Admin\8b9f8681cc698f4f1cad4596a67284d6.php 第 105 行.
NOTIC: [8] Undefined variable: detail D:\tp3.2\Application\Runtime\Cache\Admin\8b9f8681cc698f4f1cad4596a67284d6.php 第 108 行.
NOTIC: [8] Undefined variable: detail D:\tp3.2\Application\Runtime\Cache\Admin\8b9f8681cc698f4f1cad4596a67284d6.php 第 109 行.
INFO: Run Behavior\ParseTemplateBehavior [ RunTime:0.003944s ]
INFO: [ view_parse ] --END-- [ RunTime:0.003957s ]
INFO: [ view_filter ] --START--
INFO: Run Behavior\WriteHtmlCacheBehavior [ RunTime:0.000283s ]
INFO: [ view_filter ] --END-- [ RunTime:0.000294s ]
INFO: [ app_end ] --START--
INFO: Run Behavior\ShowPageTraceBehavior [ RunTime:0.000381s ]
INFO: [ app_end ] --END-- [ RunTime:0.000394s ]

[ 2018-12-29T13:18:30+08:00 ] 192.168.6.167 /index.php/admin/topicContent/publish.html?tid=29&id=29
INFO: [ app_init ] --START--
INFO: Run Behavior\BuildLiteBehavior [ RunTime:0.000005s ]
INFO: [ app_init ] --END-- [ RunTime:0.000290s ]
INFO: [ app_begin ] --START--
INFO: Run Behavior\ReadHtmlCacheBehavior [ RunTime:0.000352s ]
INFO: [ app_begin ] --END-- [ RunTime:0.000369s ]
SQL: SHOW COLUMNS FROM `topic_content` [ RunTime:0.0042s ]
SQL: SELECT * FROM `topic_content` WHERE ( id = 29 and tid=29 ) LIMIT 1   [ RunTime:0.0002s ]
INFO: [ view_parse ] --START--
INFO: [ template_filter ] --START--
INFO: Run Behavior\ContentReplaceBehavior [ RunTime:0.000025s ]
INFO: [ template_filter ] --END-- [ RunTime:0.000041s ]
NOTIC: [8] Use of undefined constant result - assumed 'result' D:\tp3.2\Application\Runtime\Cache\Admin\8b9f8681cc698f4f1cad4596a67284d6.php 第 83 行.
NOTIC: [8] Array to string conversion D:\tp3.2\Application\Runtime\Cache\Admin\8b9f8681cc698f4f1cad4596a67284d6.php 第 83 行.
NOTIC: [8] Use of undefined constant param - assumed 'param' D:\tp3.2\Application\Runtime\Cache\Admin\8b9f8681cc698f4f1cad4596a67284d6.php 第 83 行.
NOTIC: [8] Use of undefined constant result - assumed 'result' D:\tp3.2\Application\Runtime\Cache\Admin\8b9f8681cc698f4f1cad4596a67284d6.php 第 84 行.
NOTIC: [8] Array to string conversion D:\tp3.2\Application\Runtime\Cache\Admin\8b9f8681cc698f4f1cad4596a67284d6.php 第 84 行.
NOTIC: [8] Use of undefined constant answer - assumed 'answer' D:\tp3.2\Application\Runtime\Cache\Admin\8b9f8681cc698f4f1cad4596a67284d6.php 第 84 行.
NOTIC: [8] Use of undefined constant result - assumed 'result' D:\tp3.2\Application\Runtime\Cache\Admin\8b9f8681cc698f4f1cad4596a67284d6.php 第 90 行.
NOTIC: [8] Array to string conversion D:\tp3.2\Application\Runtime\Cache\Admin\8b9f8681cc698f4f1cad4596a67284d6.php 第 90 行.
NOTIC: [8] Use of undefined constant param - assumed 'param' D:\tp3.2\Application\Runtime\Cache\Admin\8b9f8681cc698f4f1cad4596a67284d6.php 第 90 行.
NOTIC: [8] Use of undefined constant result - assumed 'result' D:\tp3.2\Application\Runtime\Cache\Admin\8b9f8681cc698f4f1cad4596a67284d6.php 第 91 行.
NOTIC: [8] Array to string conversion D:\tp3.2\Application\Runtime\Cache\Admin\8b9f8681cc698f4f1cad4596a67284d6.php 第 91 行.
NOTIC: [8] Use of undefined constant answer - assumed 'answer' D:\tp3.2\Application\Runtime\Cache\Admin\8b9f8681cc698f4f1cad4596a67284d6.php 第 91 行.
NOTIC: [8] Use of undefined constant result - assumed 'result' D:\tp3.2\Application\Runtime\Cache\Admin\8b9f8681cc698f4f1cad4596a67284d6.php 第 97 行.
NOTIC: [8] Array to string conversion D:\tp3.2\Application\Runtime\Cache\Admin\8b9f8681cc698f4f1cad4596a67284d6.php 第 97 行.
NOTIC: [8] Use of undefined constant param - assumed 'param' D:\tp3.2\Application\Runtime\Cache\Admin\8b9f8681cc698f4f1cad4596a67284d6.php 第 97 行.
NOTIC: [8] Use of undefined constant result - assumed 'result' D:\tp3.2\Application\Runtime\Cache\Admin\8b9f8681cc698f4f1cad4596a67284d6.php 第 98 行.
NOTIC: [8] Array to string conversion D:\tp3.2\Application\Runtime\Cache\Admin\8b9f8681cc698f4f1cad4596a67284d6.php 第 98 行.
NOTIC: [8] Use of undefined constant answer - assumed 'answer' D:\tp3.2\Application\Runtime\Cache\Admin\8b9f8681cc698f4f1cad4596a67284d6.php 第 98 行.
NOTIC: [8] Use of undefined constant result - assumed 'result' D:\tp3.2\Application\Runtime\Cache\Admin\8b9f8681cc698f4f1cad4596a67284d6.php 第 104 行.
NOTIC: [8] Array to string conversion D:\tp3.2\Application\Runtime\Cache\Admin\8b9f8681cc698f4f1cad4596a67284d6.php 第 104 行.
NOTIC: [8] Use of undefined constant param - assumed 'param' D:\tp3.2\Application\Runtime\Cache\Admin\8b9f8681cc698f4f1cad4596a67284d6.php 第 104 行.
NOTIC: [8] Use of undefined constant result - assumed 'result' D:\tp3.2\Application\Runtime\Cache\Admin\8b9f8681cc698f4f1cad4596a67284d6.php 第 105 行.
NOTIC: [8] Array to string conversion D:\tp3.2\Application\Runtime\Cache\Admin\8b9f8681cc698f4f1cad4596a67284d6.php 第 105 行.
NOTIC: [8] Use of undefined constant answer - assumed 'answer' D:\tp3.2\Application\Runtime\Cache\Admin\8b9f8681cc698f4f1cad4596a67284d6.php 第 105 行.
NOTIC: [8] Undefined variable: tid D:\tp3.2\Application\Runtime\Cache\Admin\8b9f8681cc698f4f1cad4596a67284d6.php 第 110 行.
INFO: Run Behavior\ParseTemplateBehavior [ RunTime:0.003870s ]
INFO: [ view_parse ] --END-- [ RunTime:0.003885s ]
INFO: [ view_filter ] --START--
INFO: Run Behavior\WriteHtmlCacheBehavior [ RunTime:0.000278s ]
INFO: [ view_filter ] --END-- [ RunTime:0.000292s ]
INFO: [ app_end ] --START--
INFO: Run Behavior\ShowPageTraceBehavior [ RunTime:0.000395s ]
INFO: [ app_end ] --END-- [ RunTime:0.000408s ]

[ 2018-12-29T13:19:01+08:00 ] 192.168.6.167 /index.php/admin/topicContent/publish.html
INFO: [ app_init ] --START--
INFO: Run Behavior\BuildLiteBehavior [ RunTime:0.000004s ]
INFO: [ app_init ] --END-- [ RunTime:0.000220s ]
INFO: [ app_begin ] --START--
INFO: Run Behavior\ReadHtmlCacheBehavior [ RunTime:0.000290s ]
INFO: [ app_begin ] --END-- [ RunTime:0.000303s ]
NOTIC: [8] Undefined index: id D:\tp3.2\Application\Admin\Controller\TopicContentController.class.php 第 31 行.
NOTIC: [8] Undefined index: tid D:\tp3.2\Application\Admin\Controller\TopicContentController.class.php 第 36 行.
SQL: SHOW COLUMNS FROM `topic_content` [ RunTime:0.0038s ]
SQL: UPDATE `topic_content` SET `result`='a:2:{s:6:\"answer\";a:4:{i:0;s:6:\"0-3次\";i:1;s:6:\"3-6次\";i:2;s:6:\"6-9次\";i:3;s:10:\"9次以上\";}s:5:\"score\";a:4:{i:0;s:1:\"1\";i:1;s:1:\"2\";i:2;s:1:\"4\";i:3;s:1:\"3\";}}',`title`='运动次数',`weight`='1.2' WHERE ( id = 29 and tid =29 ) [ RunTime:0.0003s ]

[ 2018-12-29T13:19:02+08:00 ] 192.168.6.167 /index.php/admin/topicContent/index/id/29.html
INFO: [ app_init ] --START--
INFO: Run Behavior\BuildLiteBehavior [ RunTime:0.000004s ]
INFO: [ app_init ] --END-- [ RunTime:0.000226s ]
INFO: [ app_begin ] --START--
INFO: Run Behavior\ReadHtmlCacheBehavior [ RunTime:0.000301s ]
INFO: [ app_begin ] --END-- [ RunTime:0.000316s ]
SQL: SHOW COLUMNS FROM `topic_content` [ RunTime:0.0037s ]
SQL: SELECT COUNT(*) AS tp_count FROM `topic_content` WHERE ( tid = 29 ) LIMIT 1   [ RunTime:0.0002s ]
SQL: SELECT * FROM `topic_content` WHERE ( tid = 29 ) ORDER BY id desc LIMIT 0,10   [ RunTime:0.0002s ]
INFO: [ view_parse ] --START--
INFO: [ template_filter ] --START--
INFO: Run Behavior\ContentReplaceBehavior [ RunTime:0.000025s ]
INFO: [ template_filter ] --END-- [ RunTime:0.000039s ]
INFO: Run Behavior\ParseTemplateBehavior [ RunTime:0.003882s ]
INFO: [ view_parse ] --END-- [ RunTime:0.003899s ]
INFO: [ view_filter ] --START--
INFO: Run Behavior\WriteHtmlCacheBehavior [ RunTime:0.000284s ]
INFO: [ view_filter ] --END-- [ RunTime:0.000298s ]
INFO: [ app_end ] --START--
INFO: Run Behavior\ShowPageTraceBehavior [ RunTime:0.000390s ]
INFO: [ app_end ] --END-- [ RunTime:0.000404s ]

[ 2018-12-29T13:19:41+08:00 ] 192.168.6.167 /index.php/admin/topicContent/publish.html?tid=29&id=29
INFO: [ app_init ] --START--
INFO: Run Behavior\BuildLiteBehavior [ RunTime:0.000005s ]
INFO: [ app_init ] --END-- [ RunTime:0.000301s ]
INFO: [ app_begin ] --START--
INFO: Run Behavior\ReadHtmlCacheBehavior [ RunTime:0.000396s ]
INFO: [ app_begin ] --END-- [ RunTime:0.000414s ]
SQL: SHOW COLUMNS FROM `topic_content` [ RunTime:0.0041s ]
SQL: SELECT * FROM `topic_content` WHERE ( id = 29 and tid=29 ) LIMIT 1   [ RunTime:0.0002s ]
INFO: [ view_parse ] --START--
INFO: [ template_filter ] --START--
INFO: Run Behavior\ContentReplaceBehavior [ RunTime:0.000026s ]
INFO: [ template_filter ] --END-- [ RunTime:0.000041s ]
NOTIC: [8] Use of undefined constant result - assumed 'result' D:\tp3.2\Application\Runtime\Cache\Admin\8b9f8681cc698f4f1cad4596a67284d6.php 第 83 行.
NOTIC: [8] Array to string conversion D:\tp3.2\Application\Runtime\Cache\Admin\8b9f8681cc698f4f1cad4596a67284d6.php 第 83 行.
NOTIC: [8] Use of undefined constant param - assumed 'param' D:\tp3.2\Application\Runtime\Cache\Admin\8b9f8681cc698f4f1cad4596a67284d6.php 第 83 行.
NOTIC: [8] Use of undefined constant result - assumed 'result' D:\tp3.2\Application\Runtime\Cache\Admin\8b9f8681cc698f4f1cad4596a67284d6.php 第 84 行.
NOTIC: [8] Array to string conversion D:\tp3.2\Application\Runtime\Cache\Admin\8b9f8681cc698f4f1cad4596a67284d6.php 第 84 行.
NOTIC: [8] Use of undefined constant answer - assumed 'answer' D:\tp3.2\Application\Runtime\Cache\Admin\8b9f8681cc698f4f1cad4596a67284d6.php 第 84 行.
NOTIC: [8] Use of undefined constant result - assumed 'result' D:\tp3.2\Application\Runtime\Cache\Admin\8b9f8681cc698f4f1cad4596a67284d6.php 第 90 行.
NOTIC: [8] Array to string conversion D:\tp3.2\Application\Runtime\Cache\Admin\8b9f8681cc698f4f1cad4596a67284d6.php 第 90 行.
NOTIC: [8] Use of undefined constant param - assumed 'param' D:\tp3.2\Application\Runtime\Cache\Admin\8b9f8681cc698f4f1cad4596a67284d6.php 第 90 行.
NOTIC: [8] Use of undefined constant result - assumed 'result' D:\tp3.2\Application\Runtime\Cache\Admin\8b9f8681cc698f4f1cad4596a67284d6.php 第 91 行.
NOTIC: [8] Array to string conversion D:\tp3.2\Application\Runtime\Cache\Admin\8b9f8681cc698f4f1cad4596a67284d6.php 第 91 行.
NOTIC: [8] Use of undefined constant answer - assumed 'answer' D:\tp3.2\Application\Runtime\Cache\Admin\8b9f8681cc698f4f1cad4596a67284d6.php 第 91 行.
NOTIC: [8] Use of undefined constant result - assumed 'result' D:\tp3.2\Application\Runtime\Cache\Admin\8b9f8681cc698f4f1cad4596a67284d6.php 第 97 行.
NOTIC: [8] Array to string conversion D:\tp3.2\Application\Runtime\Cache\Admin\8b9f8681cc698f4f1cad4596a67284d6.php 第 97 行.
NOTIC: [8] Use of undefined constant param - assumed 'param' D:\tp3.2\Application\Runtime\Cache\Admin\8b9f8681cc698f4f1cad4596a67284d6.php 第 97 行.
NOTIC: [8] Use of undefined constant result - assumed 'result' D:\tp3.2\Application\Runtime\Cache\Admin\8b9f8681cc698f4f1cad4596a67284d6.php 第 98 行.
NOTIC: [8] Array to string conversion D:\tp3.2\Application\Runtime\Cache\Admin\8b9f8681cc698f4f1cad4596a67284d6.php 第 98 行.
NOTIC: [8] Use of undefined constant answer - assumed 'answer' D:\tp3.2\Application\Runtime\Cache\Admin\8b9f8681cc698f4f1cad4596a67284d6.php 第 98 行.
NOTIC: [8] Use of undefined constant result - assumed 'result' D:\tp3.2\Application\Runtime\Cache\Admin\8b9f8681cc698f4f1cad4596a67284d6.php 第 104 行.
NOTIC: [8] Array to string conversion D:\tp3.2\Application\Runtime\Cache\Admin\8b9f8681cc698f4f1cad4596a67284d6.php 第 104 行.
NOTIC: [8] Use of undefined constant param - assumed 'param' D:\tp3.2\Application\Runtime\Cache\Admin\8b9f8681cc698f4f1cad4596a67284d6.php 第 104 行.
NOTIC: [8] Use of undefined constant result - assumed 'result' D:\tp3.2\Application\Runtime\Cache\Admin\8b9f8681cc698f4f1cad4596a67284d6.php 第 105 行.
NOTIC: [8] Array to string conversion D:\tp3.2\Application\Runtime\Cache\Admin\8b9f8681cc698f4f1cad4596a67284d6.php 第 105 行.
NOTIC: [8] Use of undefined constant answer - assumed 'answer' D:\tp3.2\Application\Runtime\Cache\Admin\8b9f8681cc698f4f1cad4596a67284d6.php 第 105 行.
NOTIC: [8] Undefined variable: tid D:\tp3.2\Application\Runtime\Cache\Admin\8b9f8681cc698f4f1cad4596a67284d6.php 第 110 行.
INFO: Run Behavior\ParseTemplateBehavior [ RunTime:0.003726s ]
INFO: [ view_parse ] --END-- [ RunTime:0.003743s ]
INFO: [ view_filter ] --START--
INFO: Run Behavior\WriteHtmlCacheBehavior [ RunTime:0.000314s ]
INFO: [ view_filter ] --END-- [ RunTime:0.000328s ]
INFO: [ app_end ] --START--
INFO: Run Behavior\ShowPageTraceBehavior [ RunTime:0.000413s ]
INFO: [ app_end ] --END-- [ RunTime:0.000428s ]

[ 2018-12-29T13:19:59+08:00 ] 192.168.6.167 /index.php/admin/topicContent/publish.html
INFO: [ app_init ] --START--
INFO: Run Behavior\BuildLiteBehavior [ RunTime:0.000004s ]
INFO: [ app_init ] --END-- [ RunTime:0.000259s ]
INFO: [ app_begin ] --START--
INFO: Run Behavior\ReadHtmlCacheBehavior [ RunTime:0.000328s ]
INFO: [ app_begin ] --END-- [ RunTime:0.000343s ]
NOTIC: [8] Undefined index: id D:\tp3.2\Application\Admin\Controller\TopicContentController.class.php 第 31 行.
NOTIC: [8] Undefined index: tid D:\tp3.2\Application\Admin\Controller\TopicContentController.class.php 第 36 行.
SQL: SHOW COLUMNS FROM `topic_content` [ RunTime:0.0038s ]
SQL: UPDATE `topic_content` SET `result`='a:2:{s:6:\"answer\";a:4:{i:0;s:6:\"0-4次\";i:1;s:6:\"4-8次\";i:2;s:7:\"8-12次\";i:3;s:11:\"12次以上\";}s:5:\"score\";a:4:{i:0;s:1:\"1\";i:1;s:1:\"2\";i:2;s:1:\"4\";i:3;s:1:\"3\";}}',`title`='运动次数',`weight`='1.2' WHERE ( id = 29 and tid =29 ) [ RunTime:0.0002s ]

[ 2018-12-29T13:20:00+08:00 ] 192.168.6.167 /index.php/admin/topicContent/index/id/29.html
INFO: [ app_init ] --START--
INFO: Run Behavior\BuildLiteBehavior [ RunTime:0.000005s ]
INFO: [ app_init ] --END-- [ RunTime:0.000282s ]
INFO: [ app_begin ] --START--
INFO: Run Behavior\ReadHtmlCacheBehavior [ RunTime:0.000306s ]
INFO: [ app_begin ] --END-- [ RunTime:0.000322s ]
SQL: SHOW COLUMNS FROM `topic_content` [ RunTime:0.0037s ]
SQL: SELECT COUNT(*) AS tp_count FROM `topic_content` WHERE ( tid = 29 ) LIMIT 1   [ RunTime:0.0002s ]
SQL: SELECT * FROM `topic_content` WHERE ( tid = 29 ) ORDER BY id desc LIMIT 0,10   [ RunTime:0.0003s ]
INFO: [ view_parse ] --START--
INFO: [ template_filter ] --START--
INFO: Run Behavior\ContentReplaceBehavior [ RunTime:0.000030s ]
INFO: [ template_filter ] --END-- [ RunTime:0.000049s ]
INFO: Run Behavior\ParseTemplateBehavior [ RunTime:0.005472s ]
INFO: [ view_parse ] --END-- [ RunTime:0.005492s ]
INFO: [ view_filter ] --START--
INFO: Run Behavior\WriteHtmlCacheBehavior [ RunTime:0.000317s ]
INFO: [ view_filter ] --END-- [ RunTime:0.000330s ]
INFO: [ app_end ] --START--
INFO: Run Behavior\ShowPageTraceBehavior [ RunTime:0.000437s ]
INFO: [ app_end ] --END-- [ RunTime:0.000451s ]

[ 2018-12-29T16:38:15+08:00 ] 192.168.6.167 /index.php/Admin/Challenge/index
INFO: [ app_init ] --START--
INFO: Run Behavior\BuildLiteBehavior [ RunTime:0.000004s ]
INFO: [ app_init ] --END-- [ RunTime:0.000308s ]
INFO: [ app_begin ] --START--
INFO: Run Behavior\ReadHtmlCacheBehavior [ RunTime:0.000346s ]
INFO: [ app_begin ] --END-- [ RunTime:0.000364s ]
SQL: SHOW COLUMNS FROM `room` [ RunTime:0.0052s ]
SQL: SHOW COLUMNS FROM `room` [ RunTime:0.0037s ]
NOTIC: [8] Undefined variable: where D:\tp3.2\Application\Admin\Controller\ChallengeController.class.php 第 34 行.
NOTIC: [8] Undefined variable: order D:\tp3.2\Application\Admin\Controller\ChallengeController.class.php 第 35 行.
SQL: SELECT COUNT(*) AS tp_count FROM room r left join room_user as ru on r.id = ru.room_id left join user as us on ru.openid = us.openid  LIMIT 1   [ RunTime:0.0014s ]
NOTIC: [8] Undefined variable: where D:\tp3.2\Application\Admin\Controller\ChallengeController.class.php 第 45 行.
SQL: SELECT r.id,r.create_time,r.status,r.type,r.status,r.failcause,us.nickname FROM room r left join room_user as ru on r.id = ru.room_id left join user as us on ru.openid = us.openid  ORDER BY r.id desc LIMIT 0,10   [ RunTime:0.0004s ]
INFO: [ view_parse ] --START--
INFO: [ template_filter ] --START--
INFO: Run Behavior\ContentReplaceBehavior [ RunTime:0.000058s ]
INFO: [ template_filter ] --END-- [ RunTime:0.000077s ]
INFO: Run Behavior\ParseTemplateBehavior [ RunTime:0.006132s ]
INFO: [ view_parse ] --END-- [ RunTime:0.006151s ]
INFO: [ view_filter ] --START--
INFO: Run Behavior\WriteHtmlCacheBehavior [ RunTime:0.000278s ]
INFO: [ view_filter ] --END-- [ RunTime:0.000292s ]
INFO: [ app_end ] --START--
INFO: Run Behavior\ShowPageTraceBehavior [ RunTime:0.000401s ]
INFO: [ app_end ] --END-- [ RunTime:0.000416s ]

[ 2018-12-29T16:38:16+08:00 ] 192.168.6.167 /index.php/Admin/Challenge/complain
INFO: [ app_init ] --START--
INFO: Run Behavior\BuildLiteBehavior [ RunTime:0.000004s ]
INFO: [ app_init ] --END-- [ RunTime:0.000227s ]
INFO: [ app_begin ] --START--
INFO: Run Behavior\ReadHtmlCacheBehavior [ RunTime:0.000306s ]
INFO: [ app_begin ] --END-- [ RunTime:0.000322s ]
SQL: SHOW COLUMNS FROM `complain` [ RunTime:0.0043s ]
SQL: SELECT COUNT(*) AS tp_count FROM `complain` LIMIT 1   [ RunTime:0.0001s ]
SQL: SELECT * FROM `complain` ORDER BY complain_time desc LIMIT 0,10   [ RunTime:0.0002s ]
INFO: [ view_parse ] --START--
INFO: [ template_filter ] --START--
INFO: Run Behavior\ContentReplaceBehavior [ RunTime:0.000032s ]
INFO: [ template_filter ] --END-- [ RunTime:0.000050s ]
INFO: Run Behavior\ParseTemplateBehavior [ RunTime:0.005022s ]
INFO: [ view_parse ] --END-- [ RunTime:0.005039s ]
INFO: [ view_filter ] --START--
INFO: Run Behavior\WriteHtmlCacheBehavior [ RunTime:0.000281s ]
INFO: [ view_filter ] --END-- [ RunTime:0.000296s ]
INFO: [ app_end ] --START--
INFO: Run Behavior\ShowPageTraceBehavior [ RunTime:0.000406s ]
INFO: [ app_end ] --END-- [ RunTime:0.000421s ]

[ 2018-12-29T16:38:16+08:00 ] 192.168.6.167 /index.php/Admin/Challenge/public/Uploads/2018-12-20/5c1b1590b71ad.png
INFO: [ app_init ] --START--
INFO: Run Behavior\BuildLiteBehavior [ RunTime:0.000008s ]
INFO: [ app_init ] --END-- [ RunTime:0.000311s ]

[ 2018-12-29T16:38:16+08:00 ] 192.168.6.167 /index.php/Admin/Challenge/public/Uploads/2018-12-19/5c19fd08e3043.png
INFO: [ app_init ] --START--
INFO: Run Behavior\BuildLiteBehavior [ RunTime:0.000005s ]
INFO: [ app_init ] --END-- [ RunTime:0.000318s ]

[ 2018-12-29T16:38:16+08:00 ] 192.168.6.167 /index.php/Admin/Challenge/public/Uploads/2018-12-19/5c19fcb83ecae.png
INFO: [ app_init ] --START--
INFO: Run Behavior\BuildLiteBehavior [ RunTime:0.000005s ]
INFO: [ app_init ] --END-- [ RunTime:0.000308s ]

[ 2018-12-29T16:38:16+08:00 ] 192.168.6.167 /index.php/Admin/Challenge/public/Uploads/2018-12-19/5c19fcb83c423.png
INFO: [ app_init ] --START--
INFO: Run Behavior\BuildLiteBehavior [ RunTime:0.000004s ]
INFO: [ app_init ] --END-- [ RunTime:0.000222s ]

[ 2018-12-29T16:38:16+08:00 ] 192.168.6.167 /index.php/Admin/Challenge/public/Uploads/2018-12-19/5c19fcb83c0cd.png
INFO: [ app_init ] --START--
INFO: Run Behavior\BuildLiteBehavior [ RunTime:0.000004s ]
INFO: [ app_init ] --END-- [ RunTime:0.000282s ]

[ 2018-12-29T16:38:16+08:00 ] 192.168.6.167 /index.php/Admin/Challenge/222
INFO: [ app_init ] --START--
INFO: Run Behavior\BuildLiteBehavior [ RunTime:0.000005s ]
INFO: [ app_init ] --END-- [ RunTime:0.000289s ]
INFO: [ app_begin ] --START--
INFO: Run Behavior\ReadHtmlCacheBehavior [ RunTime:0.000377s ]
INFO: [ app_begin ] --END-- [ RunTime:0.000393s ]
ERR: 非法操作:222

[ 2018-12-29T16:38:16+08:00 ] 192.168.6.167 /index.php/Admin/Challenge/2018-12-18%2017:27:23
INFO: [ app_init ] --START--
INFO: Run Behavior\BuildLiteBehavior [ RunTime:0.000006s ]
INFO: [ app_init ] --END-- [ RunTime:0.000282s ]
INFO: [ app_begin ] --START--
INFO: Run Behavior\ReadHtmlCacheBehavior [ RunTime:0.000373s ]
INFO: [ app_begin ] --END-- [ RunTime:0.000391s ]
ERR: 非法操作:2018-12-18 17:27:23

[ 2018-12-29T16:38:16+08:00 ] 192.168.6.167 /index.php/Admin/Challenge/2
INFO: [ app_init ] --START--
INFO: Run Behavior\BuildLiteBehavior [ RunTime:0.000005s ]
INFO: [ app_init ] --END-- [ RunTime:0.000227s ]
INFO: [ app_begin ] --START--
INFO: Run Behavior\ReadHtmlCacheBehavior [ RunTime:0.000354s ]
INFO: [ app_begin ] --END-- [ RunTime:0.000370s ]
ERR: 非法操作:2

[ 2018-12-29T16:38:16+08:00 ] 192.168.6.167 /index.php/Admin/Challenge/111
INFO: [ app_init ] --START--
INFO: Run Behavior\BuildLiteBehavior [ RunTime:0.000005s ]
INFO: [ app_init ] --END-- [ RunTime:0.000280s ]
INFO: [ app_begin ] --START--
INFO: Run Behavior\ReadHtmlCacheBehavior [ RunTime:0.000368s ]
INFO: [ app_begin ] --END-- [ RunTime:0.000385s ]
ERR: 非法操作:111

[ 2018-12-29T16:38:16+08:00 ] 192.168.6.167 /index.php/Admin/Topic/index
INFO: [ app_init ] --START--
INFO: Run Behavior\BuildLiteBehavior [ RunTime:0.000006s ]
INFO: [ app_init ] --END-- [ RunTime:0.000287s ]
INFO: [ app_begin ] --START--
INFO: Run Behavior\ReadHtmlCacheBehavior [ RunTime:0.000417s ]
INFO: [ app_begin ] --END-- [ RunTime:0.000434s ]
SQL: SHOW COLUMNS FROM `topic` [ RunTime:0.0041s ]
SQL: SELECT COUNT(*) AS tp_count FROM `topic` LIMIT 1   [ RunTime:0.0002s ]
SQL: SELECT * FROM `topic` ORDER BY id desc LIMIT 0,10   [ RunTime:0.0002s ]
INFO: [ view_parse ] --START--
INFO: [ template_filter ] --START--
INFO: Run Behavior\ContentReplaceBehavior [ RunTime:0.000026s ]
INFO: [ template_filter ] --END-- [ RunTime:0.000043s ]
INFO: Run Behavior\ParseTemplateBehavior [ RunTime:0.003657s ]
INFO: [ view_parse ] --END-- [ RunTime:0.003679s ]
INFO: [ view_filter ] --START--
INFO: Run Behavior\WriteHtmlCacheBehavior [ RunTime:0.000313s ]
INFO: [ view_filter ] --END-- [ RunTime:0.000328s ]
INFO: [ app_end ] --START--
INFO: Run Behavior\ShowPageTraceBehavior [ RunTime:0.000402s ]
INFO: [ app_end ] --END-- [ RunTime:0.000416s ]

[ 2018-12-29T16:38:17+08:00 ] 192.168.6.167 /index.php/Admin/Challenge/public/Uploads/2018-12-19/5c1a4d9096c65.png
INFO: [ app_init ] --START--
INFO: Run Behavior\BuildLiteBehavior [ RunTime:0.000007s ]
INFO: [ app_init ] --END-- [ RunTime:0.000317s ]

[ 2018-12-29T16:38:17+08:00 ] 192.168.6.167 /index.php/Admin/Challenge/public/Uploads/2018-12-19/5c1a4d865835d.png
INFO: [ app_init ] --START--
INFO: Run Behavior\BuildLiteBehavior [ RunTime:0.000005s ]
INFO: [ app_init ] --END-- [ RunTime:0.000347s ]

[ 2018-12-29T16:38:17+08:00 ] 192.168.6.167 /index.php/Admin/Challenge/public/Uploads/2018-12-19/5c1a0bf7d2ffb.jpg
INFO: [ app_init ] --START--
INFO: Run Behavior\BuildLiteBehavior [ RunTime:0.000007s ]
INFO: [ app_init ] --END-- [ RunTime:0.000378s ]

[ 2018-12-29T16:38:17+08:00 ] 192.168.6.167 /index.php/Admin/Challenge/public/Uploads/2018-12-19/5c19fd08e0e63.png
INFO: [ app_init ] --START--
INFO: Run Behavior\BuildLiteBehavior [ RunTime:0.000005s ]
INFO: [ app_init ] --END-- [ RunTime:0.000332s ]

[ 2018-12-29T16:38:17+08:00 ] 192.168.6.167 /index.php/Admin/Challenge/public/Uploads/2018-12-19/5c19fd08e0b3c.png
INFO: [ app_init ] --START--
INFO: Run Behavior\BuildLiteBehavior [ RunTime:0.000007s ]
INFO: [ app_init ] --END-- [ RunTime:0.000430s ]

