[ 2018-12-14T10:29:27+08:00 ] 127.0.0.1 /index.php/admin/index/index.html
INFO: [ app_init ] --START--
INFO: Run Behavior\BuildLiteBehavior [ RunTime:0.000005s ]
INFO: [ app_init ] --END-- [ RunTime:0.000280s ]
INFO: [ app_begin ] --START--
INFO: Run Behavior\ReadHtmlCacheBehavior [ RunTime:0.000347s ]
INFO: [ app_begin ] --END-- [ RunTime:0.000363s ]
ERR: 无法加载控制器:Index

[ 2018-12-14T10:29:56+08:00 ] 127.0.0.1 /index.php/admin/index
INFO: [ app_init ] --START--
INFO: Run Behavior\BuildLiteBehavior [ RunTime:0.000004s ]
INFO: [ app_init ] --END-- [ RunTime:0.000283s ]
INFO: [ app_begin ] --START--
INFO: Run Behavior\ReadHtmlCacheBehavior [ RunTime:0.000360s ]
INFO: [ app_begin ] --END-- [ RunTime:0.000377s ]
ERR: 无法加载控制器:Index

[ 2018-12-14T10:30:30+08:00 ] 127.0.0.1 /index.php/admin/index/
INFO: [ app_init ] --START--
INFO: Run Behavior\BuildLiteBehavior [ RunTime:0.000004s ]
INFO: [ app_init ] --END-- [ RunTime:0.000222s ]
INFO: [ app_begin ] --START--
INFO: Run Behavior\ReadHtmlCacheBehavior [ RunTime:0.000326s ]
INFO: [ app_begin ] --END-- [ RunTime:0.000340s ]
ERR: 无法加载控制器:Index

[ 2018-12-14T10:30:33+08:00 ] 127.0.0.1 /index.php/admin/index/index
INFO: [ app_init ] --START--
INFO: Run Behavior\BuildLiteBehavior [ RunTime:0.000006s ]
INFO: [ app_init ] --END-- [ RunTime:0.000252s ]
INFO: [ app_begin ] --START--
INFO: Run Behavior\ReadHtmlCacheBehavior [ RunTime:0.000475s ]
INFO: [ app_begin ] --END-- [ RunTime:0.000493s ]
ERR: 无法加载控制器:Index

[ 2018-12-14T10:31:26+08:00 ] 127.0.0.1 /index.php/Admin/Index/index
INFO: [ app_init ] --START--
INFO: Run Behavior\BuildLiteBehavior [ RunTime:0.000022s ]
INFO: [ app_init ] --END-- [ RunTime:0.000421s ]
INFO: [ app_begin ] --START--
INFO: Run Behavior\ReadHtmlCacheBehavior [ RunTime:0.000509s ]
INFO: [ app_begin ] --END-- [ RunTime:0.000528s ]
ERR: 无法加载控制器:Index

[ 2018-12-14T10:31:28+08:00 ] 127.0.0.1 /index.php/Admin/Index/index
INFO: [ app_init ] --START--
INFO: Run Behavior\BuildLiteBehavior [ RunTime:0.000004s ]
INFO: [ app_init ] --END-- [ RunTime:0.000236s ]
INFO: [ app_begin ] --START--
INFO: Run Behavior\ReadHtmlCacheBehavior [ RunTime:0.000310s ]
INFO: [ app_begin ] --END-- [ RunTime:0.000325s ]
ERR: 无法加载控制器:Index

[ 2018-12-14T10:31:43+08:00 ] 127.0.0.1 /index.php/Admin/Challenge/index
INFO: [ app_init ] --START--
INFO: Run Behavior\BuildLiteBehavior [ RunTime:0.000004s ]
INFO: [ app_init ] --END-- [ RunTime:0.000228s ]
INFO: [ app_begin ] --START--
INFO: Run Behavior\ReadHtmlCacheBehavior [ RunTime:0.000421s ]
INFO: [ app_begin ] --END-- [ RunTime:0.000439s ]

[ 2018-12-14T10:45:21+08:00 ] 127.0.0.1 /index.php/Admin/Challenge/index
INFO: [ app_init ] --START--
INFO: Run Behavior\BuildLiteBehavior [ RunTime:0.000005s ]
INFO: [ app_init ] --END-- [ RunTime:0.000291s ]
INFO: [ app_begin ] --START--
INFO: Run Behavior\ReadHtmlCacheBehavior [ RunTime:0.000635s ]
INFO: [ app_begin ] --END-- [ RunTime:0.000659s ]
ERR: Call to undefined function Admin\Controller\db()

[ 2018-12-14T10:45:43+08:00 ] 127.0.0.1 /index.php/Admin/Challenge/index
INFO: [ app_init ] --START--
INFO: Run Behavior\BuildLiteBehavior [ RunTime:0.000005s ]
INFO: [ app_init ] --END-- [ RunTime:0.000288s ]
INFO: [ app_begin ] --START--
INFO: Run Behavior\ReadHtmlCacheBehavior [ RunTime:0.000373s ]
INFO: [ app_begin ] --END-- [ RunTime:0.000388s ]
NOTIC: [2] call_user_func_array() expects parameter 1 to be a valid callback, first array member is not a valid class name or object D:\tp3.2\ThinkPHP\Library\Think\Db.class.php 第 135 行.
ERR: Call to a member function select() on null

[ 2018-12-14T10:45:45+08:00 ] 127.0.0.1 /index.php/Admin/Challenge/index
INFO: [ app_init ] --START--
INFO: Run Behavior\BuildLiteBehavior [ RunTime:0.000004s ]
INFO: [ app_init ] --END-- [ RunTime:0.000274s ]
INFO: [ app_begin ] --START--
INFO: Run Behavior\ReadHtmlCacheBehavior [ RunTime:0.000349s ]
INFO: [ app_begin ] --END-- [ RunTime:0.000364s ]
NOTIC: [2] call_user_func_array() expects parameter 1 to be a valid callback, first array member is not a valid class name or object D:\tp3.2\ThinkPHP\Library\Think\Db.class.php 第 135 行.
ERR: Call to a member function select() on null

[ 2018-12-14T10:51:37+08:00 ] 127.0.0.1 /index.php/Admin/Challenge/index
INFO: [ app_init ] --START--
INFO: Run Behavior\BuildLiteBehavior [ RunTime:0.000005s ]
INFO: [ app_init ] --END-- [ RunTime:0.000353s ]
INFO: [ app_begin ] --START--
INFO: Run Behavior\ReadHtmlCacheBehavior [ RunTime:0.000392s ]
INFO: [ app_begin ] --END-- [ RunTime:0.000409s ]
ERR: Class 'Admin\Model\RoomModel' not found

[ 2018-12-14T10:51:38+08:00 ] 127.0.0.1 /index.php/Admin/Challenge/index
INFO: [ app_init ] --START--
INFO: Run Behavior\BuildLiteBehavior [ RunTime:0.000005s ]
INFO: [ app_init ] --END-- [ RunTime:0.000300s ]
INFO: [ app_begin ] --START--
INFO: Run Behavior\ReadHtmlCacheBehavior [ RunTime:0.000373s ]
INFO: [ app_begin ] --END-- [ RunTime:0.000388s ]
ERR: Class 'Admin\Model\RoomModel' not found

[ 2018-12-14T10:52:21+08:00 ] 127.0.0.1 /index.php/Admin/Challenge/index
INFO: [ app_init ] --START--
INFO: Run Behavior\BuildLiteBehavior [ RunTime:0.000004s ]
INFO: [ app_init ] --END-- [ RunTime:0.000271s ]
INFO: [ app_begin ] --START--
INFO: Run Behavior\ReadHtmlCacheBehavior [ RunTime:0.000412s ]
INFO: [ app_begin ] --END-- [ RunTime:0.000429s ]
ERR: Class 'Admin\Controller\RoomModel' not found

[ 2018-12-14T10:52:22+08:00 ] 127.0.0.1 /index.php/Admin/Challenge/index
INFO: [ app_init ] --START--
INFO: Run Behavior\BuildLiteBehavior [ RunTime:0.000005s ]
INFO: [ app_init ] --END-- [ RunTime:0.000288s ]
INFO: [ app_begin ] --START--
INFO: Run Behavior\ReadHtmlCacheBehavior [ RunTime:0.000379s ]
INFO: [ app_begin ] --END-- [ RunTime:0.000395s ]
ERR: Class 'Admin\Controller\RoomModel' not found

[ 2018-12-14T10:53:09+08:00 ] 127.0.0.1 /index.php/Admin/Challenge/index
INFO: [ app_init ] --START--
INFO: Run Behavior\BuildLiteBehavior [ RunTime:0.000004s ]
INFO: [ app_init ] --END-- [ RunTime:0.000327s ]
INFO: [ app_begin ] --START--
INFO: Run Behavior\ReadHtmlCacheBehavior [ RunTime:0.000369s ]
INFO: [ app_begin ] --END-- [ RunTime:0.000385s ]
SQL: SHOW COLUMNS FROM `room` [ RunTime:0.0040s ]
SQL: SELECT * FROM `room`  [ RunTime:0.0002s ]
INFO: [ view_parse ] --START--
INFO: [ template_filter ] --START--
INFO: Run Behavior\ContentReplaceBehavior [ RunTime:0.002596s ]
INFO: [ template_filter ] --END-- [ RunTime:0.002621s ]
ERR: Call to undefined function url()

[ 2018-12-14T10:53:09+08:00 ] 127.0.0.1 /index.php/Admin/Challenge/__LAYUI__/css/layui.css
INFO: [ app_init ] --START--
INFO: Run Behavior\BuildLiteBehavior [ RunTime:0.000006s ]
INFO: [ app_init ] --END-- [ RunTime:0.000315s ]
INFO: [ app_begin ] --START--
INFO: Run Behavior\ReadHtmlCacheBehavior [ RunTime:0.001184s ]
INFO: [ app_begin ] --END-- [ RunTime:0.001204s ]
ERR: 非法操作:__LAYUI__

[ 2018-12-14T10:53:10+08:00 ] 127.0.0.1 /index.php/Admin/Challenge/__LAYUI__/css/admin.css
INFO: [ app_init ] --START--
INFO: Run Behavior\BuildLiteBehavior [ RunTime:0.000005s ]
INFO: [ app_init ] --END-- [ RunTime:0.000230s ]
INFO: [ app_begin ] --START--
INFO: Run Behavior\ReadHtmlCacheBehavior [ RunTime:0.000387s ]
INFO: [ app_begin ] --END-- [ RunTime:0.000404s ]
ERR: 非法操作:__LAYUI__

[ 2018-12-14T10:53:10+08:00 ] 127.0.0.1 /index.php/Admin/Challenge/__LAYUI__/css/admin.css
INFO: [ app_init ] --START--
INFO: Run Behavior\BuildLiteBehavior [ RunTime:0.000004s ]
INFO: [ app_init ] --END-- [ RunTime:0.000314s ]
INFO: [ app_begin ] --START--
INFO: Run Behavior\ReadHtmlCacheBehavior [ RunTime:0.000395s ]
INFO: [ app_begin ] --END-- [ RunTime:0.000413s ]
ERR: 非法操作:__LAYUI__

[ 2018-12-14T10:53:11+08:00 ] 127.0.0.1 /index.php/Admin/Challenge/%3C!DOCTYPE%20html%20PUBLIC
INFO: [ app_init ] --START--
INFO: Run Behavior\BuildLiteBehavior [ RunTime:0.000005s ]
INFO: [ app_init ] --END-- [ RunTime:0.000376s ]
INFO: [ app_begin ] --START--
INFO: Run Behavior\ReadHtmlCacheBehavior [ RunTime:0.000316s ]
INFO: [ app_begin ] --END-- [ RunTime:0.000332s ]
ERR: 非法操作:

[ 2018-12-14T10:53:15+08:00 ] 127.0.0.1 /index.php/Admin/Challenge/index
INFO: [ app_init ] --START--
INFO: Run Behavior\BuildLiteBehavior [ RunTime:0.000004s ]
INFO: [ app_init ] --END-- [ RunTime:0.000270s ]
INFO: [ app_begin ] --START--
INFO: Run Behavior\ReadHtmlCacheBehavior [ RunTime:0.000311s ]
INFO: [ app_begin ] --END-- [ RunTime:0.000327s ]
SQL: SHOW COLUMNS FROM `room` [ RunTime:0.0039s ]
SQL: SELECT * FROM `room`  [ RunTime:0.0002s ]
INFO: [ view_parse ] --START--
INFO: [ template_filter ] --START--
INFO: Run Behavior\ContentReplaceBehavior [ RunTime:0.000025s ]
INFO: [ template_filter ] --END-- [ RunTime:0.000038s ]
ERR: Call to undefined function url()

[ 2018-12-14T10:53:15+08:00 ] 127.0.0.1 /index.php/Admin/Challenge/__LAYUI__/css/layui.css
INFO: [ app_init ] --START--
INFO: Run Behavior\BuildLiteBehavior [ RunTime:0.000005s ]
INFO: [ app_init ] --END-- [ RunTime:0.000233s ]
INFO: [ app_begin ] --START--
INFO: Run Behavior\ReadHtmlCacheBehavior [ RunTime:0.000318s ]
INFO: [ app_begin ] --END-- [ RunTime:0.000335s ]
ERR: 非法操作:__LAYUI__

[ 2018-12-14T10:53:15+08:00 ] 127.0.0.1 /index.php/Admin/Challenge/__LAYUI__/css/admin.css
INFO: [ app_init ] --START--
INFO: Run Behavior\BuildLiteBehavior [ RunTime:0.000005s ]
INFO: [ app_init ] --END-- [ RunTime:0.000246s ]
INFO: [ app_begin ] --START--
INFO: Run Behavior\ReadHtmlCacheBehavior [ RunTime:0.000307s ]
INFO: [ app_begin ] --END-- [ RunTime:0.000323s ]
ERR: 非法操作:__LAYUI__

[ 2018-12-14T10:53:15+08:00 ] 127.0.0.1 /index.php/Admin/Challenge/__LAYUI__/css/admin.css
INFO: [ app_init ] --START--
INFO: Run Behavior\BuildLiteBehavior [ RunTime:0.000006s ]
INFO: [ app_init ] --END-- [ RunTime:0.000261s ]
INFO: [ app_begin ] --START--
INFO: Run Behavior\ReadHtmlCacheBehavior [ RunTime:0.000398s ]
INFO: [ app_begin ] --END-- [ RunTime:0.000416s ]
ERR: 非法操作:__LAYUI__

[ 2018-12-14T10:53:21+08:00 ] 127.0.0.1 /index.php/Admin/Challenge/index
INFO: [ app_init ] --START--
INFO: Run Behavior\BuildLiteBehavior [ RunTime:0.000004s ]
INFO: [ app_init ] --END-- [ RunTime:0.000288s ]
INFO: [ app_begin ] --START--
INFO: Run Behavior\ReadHtmlCacheBehavior [ RunTime:0.000367s ]
INFO: [ app_begin ] --END-- [ RunTime:0.000383s ]
SQL: SHOW COLUMNS FROM `room` [ RunTime:0.0074s ]
SQL: SELECT * FROM `room`  [ RunTime:0.0002s ]

[ 2018-12-14T10:59:35+08:00 ] 127.0.0.1 /index.php/Admin/Challenge/index
INFO: [ app_init ] --START--
INFO: Run Behavior\BuildLiteBehavior [ RunTime:0.000004s ]
INFO: [ app_init ] --END-- [ RunTime:0.000305s ]
INFO: [ app_begin ] --START--
INFO: Run Behavior\ReadHtmlCacheBehavior [ RunTime:0.000372s ]
INFO: [ app_begin ] --END-- [ RunTime:0.000388s ]
SQL: SHOW COLUMNS FROM `room` [ RunTime:0.0041s ]
ERR: 1064:You have an error in your SQL syntax; check the manual that corresponds to your MySQL server version for the right syntax to use near 'r.id = u.room_id JOIN room_user u  WHERE r.is_del = 0 AND u.is_del = 0' at line 1
 [ SQL语句 ] : SELECT * FROM room r r.id = u.room_id JOIN room_user u  WHERE r.is_del = 0 AND u.is_del = 0 
ERR: 1064:You have an error in your SQL syntax; check the manual that corresponds to your MySQL server version for the right syntax to use near 'r.id = u.room_id JOIN room_user u  WHERE r.is_del = 0 AND u.is_del = 0' at line 1
 [ SQL语句 ] : SELECT * FROM room r r.id = u.room_id JOIN room_user u  WHERE r.is_del = 0 AND u.is_del = 0 

[ 2018-12-14T11:01:36+08:00 ] 127.0.0.1 /index.php/Admin/Challenge/index
INFO: [ app_init ] --START--
INFO: Run Behavior\BuildLiteBehavior [ RunTime:0.000004s ]
INFO: [ app_init ] --END-- [ RunTime:0.000309s ]
INFO: [ app_begin ] --START--
INFO: Run Behavior\ReadHtmlCacheBehavior [ RunTime:0.000393s ]
INFO: [ app_begin ] --END-- [ RunTime:0.000410s ]
SQL: SHOW COLUMNS FROM `room` [ RunTime:0.0039s ]
ERR: 1064:You have an error in your SQL syntax; check the manual that corresponds to your MySQL server version for the right syntax to use near 'r.id = u.room_id JOIN room_user u  WHERE r.is_del = 0 AND u.is_del = 0' at line 1
 [ SQL语句 ] : SELECT * FROM room r r.id = u.room_id JOIN room_user u  WHERE r.is_del = 0 AND u.is_del = 0 
ERR: 1064:You have an error in your SQL syntax; check the manual that corresponds to your MySQL server version for the right syntax to use near 'r.id = u.room_id JOIN room_user u  WHERE r.is_del = 0 AND u.is_del = 0' at line 1
 [ SQL语句 ] : SELECT * FROM room r r.id = u.room_id JOIN room_user u  WHERE r.is_del = 0 AND u.is_del = 0 

[ 2018-12-14T11:02:56+08:00 ] 127.0.0.1 /index.php/Admin/Challenge/index
INFO: [ app_init ] --START--
INFO: Run Behavior\BuildLiteBehavior [ RunTime:0.000005s ]
INFO: [ app_init ] --END-- [ RunTime:0.000283s ]
INFO: [ app_begin ] --START--
INFO: Run Behavior\ReadHtmlCacheBehavior [ RunTime:0.000358s ]
INFO: [ app_begin ] --END-- [ RunTime:0.000374s ]
SQL: SHOW COLUMNS FROM `room` [ RunTime:0.0045s ]
ERR: 1064:You have an error in your SQL syntax; check the manual that corresponds to your MySQL server version for the right syntax to use near 'r.id = u.room_id JOIN room_user u  WHERE r.is_del = 0 AND u.is_del = 0' at line 1
 [ SQL语句 ] : SELECT * FROM room r r.id = u.room_id JOIN room_user u  WHERE r.is_del = 0 AND u.is_del = 0 
ERR: 1064:You have an error in your SQL syntax; check the manual that corresponds to your MySQL server version for the right syntax to use near 'r.id = u.room_id JOIN room_user u  WHERE r.is_del = 0 AND u.is_del = 0' at line 1
 [ SQL语句 ] : SELECT * FROM room r r.id = u.room_id JOIN room_user u  WHERE r.is_del = 0 AND u.is_del = 0 

[ 2018-12-14T11:06:14+08:00 ] 127.0.0.1 /index.php/Admin/Challenge/index
INFO: [ app_init ] --START--
INFO: Run Behavior\BuildLiteBehavior [ RunTime:0.000004s ]
INFO: [ app_init ] --END-- [ RunTime:0.000325s ]
INFO: [ app_begin ] --START--
INFO: Run Behavior\ReadHtmlCacheBehavior [ RunTime:0.000389s ]
INFO: [ app_begin ] --END-- [ RunTime:0.000406s ]
SQL: SHOW COLUMNS FROM `room` [ RunTime:0.0039s ]
ERR: 1064:You have an error in your SQL syntax; check the manual that corresponds to your MySQL server version for the right syntax to use near 'r.id = u.room_id JOIN room_user u  WHERE `is_del` = 0' at line 1
 [ SQL语句 ] : SELECT * FROM room r r.id = u.room_id JOIN room_user u  WHERE `is_del` = 0 
ERR: 1064:You have an error in your SQL syntax; check the manual that corresponds to your MySQL server version for the right syntax to use near 'r.id = u.room_id JOIN room_user u  WHERE `is_del` = 0' at line 1
 [ SQL语句 ] : SELECT * FROM room r r.id = u.room_id JOIN room_user u  WHERE `is_del` = 0 

[ 2018-12-14T11:06:42+08:00 ] 127.0.0.1 /index.php/Admin/Challenge/index
INFO: [ app_init ] --START--
INFO: Run Behavior\BuildLiteBehavior [ RunTime:0.000004s ]
INFO: [ app_init ] --END-- [ RunTime:0.000217s ]
INFO: [ app_begin ] --START--
INFO: Run Behavior\ReadHtmlCacheBehavior [ RunTime:0.000292s ]
INFO: [ app_begin ] --END-- [ RunTime:0.000308s ]
SQL: SHOW COLUMNS FROM `room` [ RunTime:0.0048s ]
ERR: 1064:You have an error in your SQL syntax; check the manual that corresponds to your MySQL server version for the right syntax to use near '= u.room_id JOIN room_user u  WHERE `is_del` = 0' at line 1
 [ SQL语句 ] : SELECT * FROM `room` id = u.room_id JOIN room_user u  WHERE `is_del` = 0 
ERR: 1064:You have an error in your SQL syntax; check the manual that corresponds to your MySQL server version for the right syntax to use near '= u.room_id JOIN room_user u  WHERE `is_del` = 0' at line 1
 [ SQL语句 ] : SELECT * FROM `room` id = u.room_id JOIN room_user u  WHERE `is_del` = 0 

[ 2018-12-14T11:07:02+08:00 ] 127.0.0.1 /index.php/Admin/Challenge/index
INFO: [ app_init ] --START--
INFO: Run Behavior\BuildLiteBehavior [ RunTime:0.000004s ]
INFO: [ app_init ] --END-- [ RunTime:0.000292s ]
INFO: [ app_begin ] --START--
INFO: Run Behavior\ReadHtmlCacheBehavior [ RunTime:0.000355s ]
INFO: [ app_begin ] --END-- [ RunTime:0.000370s ]
SQL: SHOW COLUMNS FROM `room` [ RunTime:0.0043s ]
ERR: 1064:You have an error in your SQL syntax; check the manual that corresponds to your MySQL server version for the right syntax to use near '= u.room_id JOIN room_user as  u  WHERE `is_del` = 0' at line 1
 [ SQL语句 ] : SELECT * FROM `room` id = u.room_id JOIN room_user as  u  WHERE `is_del` = 0 
ERR: 1064:You have an error in your SQL syntax; check the manual that corresponds to your MySQL server version for the right syntax to use near '= u.room_id JOIN room_user as  u  WHERE `is_del` = 0' at line 1
 [ SQL语句 ] : SELECT * FROM `room` id = u.room_id JOIN room_user as  u  WHERE `is_del` = 0 

[ 2018-12-14T11:08:35+08:00 ] 127.0.0.1 /index.php/Admin/Challenge/index
INFO: [ app_init ] --START--
INFO: Run Behavior\BuildLiteBehavior [ RunTime:0.000004s ]
INFO: [ app_init ] --END-- [ RunTime:0.000261s ]
INFO: [ app_begin ] --START--
INFO: Run Behavior\ReadHtmlCacheBehavior [ RunTime:0.000369s ]
INFO: [ app_begin ] --END-- [ RunTime:0.000387s ]
SQL: SHOW COLUMNS FROM `room` [ RunTime:0.0045s ]
ERR: 1052:Column 'is_del' in where clause is ambiguous
 [ SQL语句 ] : SELECT * FROM room r LEFT JOIN room_user u on r.id = u.room_id   WHERE `is_del` = 0 
ERR: 1052:Column 'is_del' in where clause is ambiguous
 [ SQL语句 ] : SELECT * FROM room r LEFT JOIN room_user u on r.id = u.room_id   WHERE `is_del` = 0 

[ 2018-12-14T11:08:36+08:00 ] 127.0.0.1 /index.php/Admin/Challenge/index
INFO: [ app_init ] --START--
INFO: Run Behavior\BuildLiteBehavior [ RunTime:0.000005s ]
INFO: [ app_init ] --END-- [ RunTime:0.000219s ]
INFO: [ app_begin ] --START--
INFO: Run Behavior\ReadHtmlCacheBehavior [ RunTime:0.000331s ]
INFO: [ app_begin ] --END-- [ RunTime:0.000346s ]
SQL: SHOW COLUMNS FROM `room` [ RunTime:0.0039s ]
ERR: 1052:Column 'is_del' in where clause is ambiguous
 [ SQL语句 ] : SELECT * FROM room r LEFT JOIN room_user u on r.id = u.room_id   WHERE `is_del` = 0 
ERR: 1052:Column 'is_del' in where clause is ambiguous
 [ SQL语句 ] : SELECT * FROM room r LEFT JOIN room_user u on r.id = u.room_id   WHERE `is_del` = 0 

[ 2018-12-14T11:08:44+08:00 ] 127.0.0.1 /index.php/Admin/Challenge/index
INFO: [ app_init ] --START--
INFO: Run Behavior\BuildLiteBehavior [ RunTime:0.000004s ]
INFO: [ app_init ] --END-- [ RunTime:0.000217s ]
INFO: [ app_begin ] --START--
INFO: Run Behavior\ReadHtmlCacheBehavior [ RunTime:0.001228s ]
INFO: [ app_begin ] --END-- [ RunTime:0.001243s ]
SQL: SHOW COLUMNS FROM `room` [ RunTime:0.0042s ]
SQL: SELECT * FROM room r LEFT JOIN room_user u on r.id = u.room_id   WHERE r.is_del = 0  [ RunTime:0.0002s ]

[ 2018-12-14T11:09:04+08:00 ] 127.0.0.1 /index.php/Admin/Challenge/index
INFO: [ app_init ] --START--
INFO: Run Behavior\BuildLiteBehavior [ RunTime:0.000005s ]
INFO: [ app_init ] --END-- [ RunTime:0.000250s ]
INFO: [ app_begin ] --START--
INFO: Run Behavior\ReadHtmlCacheBehavior [ RunTime:0.000322s ]
INFO: [ app_begin ] --END-- [ RunTime:0.000337s ]
SQL: SHOW COLUMNS FROM `room` [ RunTime:0.0039s ]
SQL: SELECT * FROM room r LEFT JOIN room_user u on r.id = u.room_id   WHERE r.is_del = 0 AND u.is_del = 0  [ RunTime:0.0002s ]

[ 2018-12-14T11:09:05+08:00 ] 127.0.0.1 /index.php/Admin/Challenge/index
INFO: [ app_init ] --START--
INFO: Run Behavior\BuildLiteBehavior [ RunTime:0.000004s ]
INFO: [ app_init ] --END-- [ RunTime:0.000259s ]
INFO: [ app_begin ] --START--
INFO: Run Behavior\ReadHtmlCacheBehavior [ RunTime:0.000302s ]
INFO: [ app_begin ] --END-- [ RunTime:0.000318s ]
SQL: SHOW COLUMNS FROM `room` [ RunTime:0.0041s ]
SQL: SELECT * FROM room r LEFT JOIN room_user u on r.id = u.room_id   WHERE r.is_del = 0 AND u.is_del = 0  [ RunTime:0.0003s ]

[ 2018-12-14T11:09:06+08:00 ] 127.0.0.1 /index.php/Admin/Challenge/index
INFO: [ app_init ] --START--
INFO: Run Behavior\BuildLiteBehavior [ RunTime:0.000004s ]
INFO: [ app_init ] --END-- [ RunTime:0.000219s ]
INFO: [ app_begin ] --START--
INFO: Run Behavior\ReadHtmlCacheBehavior [ RunTime:0.000294s ]
INFO: [ app_begin ] --END-- [ RunTime:0.000310s ]
SQL: SHOW COLUMNS FROM `room` [ RunTime:0.0038s ]
SQL: SELECT * FROM room r LEFT JOIN room_user u on r.id = u.room_id   WHERE r.is_del = 0 AND u.is_del = 0  [ RunTime:0.0002s ]

[ 2018-12-14T11:09:53+08:00 ] 127.0.0.1 /index.php/Admin/Challenge/index
INFO: [ app_init ] --START--
INFO: Run Behavior\BuildLiteBehavior [ RunTime:0.000006s ]
INFO: [ app_init ] --END-- [ RunTime:0.000301s ]
INFO: [ app_begin ] --START--
INFO: Run Behavior\ReadHtmlCacheBehavior [ RunTime:0.000364s ]
INFO: [ app_begin ] --END-- [ RunTime:0.000380s ]
SQL: SHOW COLUMNS FROM `room` [ RunTime:0.0056s ]
SQL: SELECT * FROM room r LEFT JOIN room_user u on r.id = u.room_id   WHERE r.is_del = 0  [ RunTime:0.0003s ]

[ 2018-12-14T11:15:18+08:00 ] 127.0.0.1 /index.php/Admin/Challenge/index
INFO: [ app_init ] --START--
INFO: Run Behavior\BuildLiteBehavior [ RunTime:0.000005s ]
INFO: [ app_init ] --END-- [ RunTime:0.001316s ]
INFO: [ app_begin ] --START--
INFO: Run Behavior\ReadHtmlCacheBehavior [ RunTime:0.000409s ]
INFO: [ app_begin ] --END-- [ RunTime:0.000428s ]
SQL: SHOW COLUMNS FROM `room` [ RunTime:0.0043s ]
SQL: SELECT r.id,u.nickname,r.create_time,r.type,r.status FROM room r INNER JOIN room_user u on r.id = u.room_id  WHERE r.is_del = 0  [ RunTime:0.0008s ]

[ 2018-12-14T11:16:50+08:00 ] 127.0.0.1 /index.php/Admin/Challenge/index
INFO: [ app_init ] --START--
INFO: Run Behavior\BuildLiteBehavior [ RunTime:0.000006s ]
INFO: [ app_init ] --END-- [ RunTime:0.000347s ]
INFO: [ app_begin ] --START--
INFO: Run Behavior\ReadHtmlCacheBehavior [ RunTime:0.000429s ]
INFO: [ app_begin ] --END-- [ RunTime:0.000447s ]
SQL: SHOW COLUMNS FROM `room` [ RunTime:0.0044s ]
SQL: SELECT * FROM room r INNER JOIN room_user u on r.id = u.room_id  WHERE r.is_del = 0  [ RunTime:0.0003s ]

[ 2018-12-14T11:16:52+08:00 ] 127.0.0.1 /index.php/Admin/Challenge/index
INFO: [ app_init ] --START--
INFO: Run Behavior\BuildLiteBehavior [ RunTime:0.000006s ]
INFO: [ app_init ] --END-- [ RunTime:0.000220s ]
INFO: [ app_begin ] --START--
INFO: Run Behavior\ReadHtmlCacheBehavior [ RunTime:0.000293s ]
INFO: [ app_begin ] --END-- [ RunTime:0.000309s ]
SQL: SHOW COLUMNS FROM `room` [ RunTime:0.0040s ]
SQL: SELECT * FROM room r INNER JOIN room_user u on r.id = u.room_id  WHERE r.is_del = 0  [ RunTime:0.0002s ]

[ 2018-12-14T11:17:11+08:00 ] 127.0.0.1 /index.php/Admin/Challenge/index3
INFO: [ app_init ] --START--
INFO: Run Behavior\BuildLiteBehavior [ RunTime:0.000007s ]
INFO: [ app_init ] --END-- [ RunTime:0.000395s ]
INFO: [ app_begin ] --START--
INFO: Run Behavior\ReadHtmlCacheBehavior [ RunTime:0.000399s ]
INFO: [ app_begin ] --END-- [ RunTime:0.000417s ]
ERR: 非法操作:index3

[ 2018-12-14T11:17:14+08:00 ] 127.0.0.1 /index.php/Admin/Challenge/index
INFO: [ app_init ] --START--
INFO: Run Behavior\BuildLiteBehavior [ RunTime:0.000005s ]
INFO: [ app_init ] --END-- [ RunTime:0.000304s ]
INFO: [ app_begin ] --START--
INFO: Run Behavior\ReadHtmlCacheBehavior [ RunTime:0.000346s ]
INFO: [ app_begin ] --END-- [ RunTime:0.000362s ]
SQL: SHOW COLUMNS FROM `room` [ RunTime:0.0044s ]
SQL: SELECT * FROM room r INNER JOIN room_user u on r.id = u.room_id  WHERE r.is_del = 0  [ RunTime:0.0003s ]

[ 2018-12-14T11:17:38+08:00 ] 127.0.0.1 /index.php/Admin/Challenge/index
INFO: [ app_init ] --START--
INFO: Run Behavior\BuildLiteBehavior [ RunTime:0.000004s ]
INFO: [ app_init ] --END-- [ RunTime:0.000306s ]
INFO: [ app_begin ] --START--
INFO: Run Behavior\ReadHtmlCacheBehavior [ RunTime:0.000372s ]
INFO: [ app_begin ] --END-- [ RunTime:0.000388s ]
SQL: SHOW COLUMNS FROM `room` [ RunTime:0.0038s ]
SQL: SELECT * FROM room r WHERE r.is_del = 0  [ RunTime:0.0002s ]

[ 2018-12-14T11:17:45+08:00 ] 127.0.0.1 /index.php/Admin/Challenge/index
INFO: [ app_init ] --START--
INFO: Run Behavior\BuildLiteBehavior [ RunTime:0.000004s ]
INFO: [ app_init ] --END-- [ RunTime:0.000285s ]
INFO: [ app_begin ] --START--
INFO: Run Behavior\ReadHtmlCacheBehavior [ RunTime:0.000360s ]
INFO: [ app_begin ] --END-- [ RunTime:0.000376s ]
SQL: SHOW COLUMNS FROM `room` [ RunTime:0.0039s ]
SQL: SELECT * FROM room r INNER JOIN room_user u on r.id = u.room_id  WHERE r.is_del = 0  [ RunTime:0.0003s ]

[ 2018-12-14T11:17:46+08:00 ] 127.0.0.1 /index.php/Admin/Challenge/index
INFO: [ app_init ] --START--
INFO: Run Behavior\BuildLiteBehavior [ RunTime:0.000005s ]
INFO: [ app_init ] --END-- [ RunTime:0.000231s ]
INFO: [ app_begin ] --START--
INFO: Run Behavior\ReadHtmlCacheBehavior [ RunTime:0.000354s ]
INFO: [ app_begin ] --END-- [ RunTime:0.000370s ]
SQL: SHOW COLUMNS FROM `room` [ RunTime:0.0038s ]
SQL: SELECT * FROM room r INNER JOIN room_user u on r.id = u.room_id  WHERE r.is_del = 0  [ RunTime:0.0002s ]

[ 2018-12-14T11:19:00+08:00 ] 127.0.0.1 /index.php/Admin/Challenge/index
INFO: [ app_init ] --START--
INFO: Run Behavior\BuildLiteBehavior [ RunTime:0.000004s ]
INFO: [ app_init ] --END-- [ RunTime:0.000297s ]
INFO: [ app_begin ] --START--
INFO: Run Behavior\ReadHtmlCacheBehavior [ RunTime:0.000405s ]
INFO: [ app_begin ] --END-- [ RunTime:0.000423s ]
SQL: SHOW COLUMNS FROM `room` [ RunTime:0.0038s ]
SQL: SELECT * FROM room r INNER JOIN room_user u on r.id = u.room_id  WHERE r.is_del = 0  [ RunTime:0.0002s ]

[ 2018-12-14T11:19:24+08:00 ] 127.0.0.1 /index.php/Admin/Challenge/index
INFO: [ app_init ] --START--
INFO: Run Behavior\BuildLiteBehavior [ RunTime:0.000025s ]
INFO: [ app_init ] --END-- [ RunTime:0.000250s ]
INFO: [ app_begin ] --START--
INFO: Run Behavior\ReadHtmlCacheBehavior [ RunTime:0.000295s ]
INFO: [ app_begin ] --END-- [ RunTime:0.000311s ]
SQL: SHOW COLUMNS FROM `room` [ RunTime:0.0040s ]
SQL: SELECT * FROM room r LEFT JOIN room_user u on r.id = u.room_id  WHERE r.is_del = 0  [ RunTime:0.0002s ]

[ 2018-12-14T11:19:30+08:00 ] 127.0.0.1 /index.php/Admin/Challenge/index
INFO: [ app_init ] --START--
INFO: Run Behavior\BuildLiteBehavior [ RunTime:0.000005s ]
INFO: [ app_init ] --END-- [ RunTime:0.000229s ]
INFO: [ app_begin ] --START--
INFO: Run Behavior\ReadHtmlCacheBehavior [ RunTime:0.000308s ]
INFO: [ app_begin ] --END-- [ RunTime:0.000324s ]
SQL: SHOW COLUMNS FROM `room` [ RunTime:0.0045s ]
SQL: SELECT * FROM room r LEFT JOIN room_user u on r.id = u.room_id  WHERE r.is_del = 0  [ RunTime:0.0002s ]

[ 2018-12-14T11:19:33+08:00 ] 127.0.0.1 /index.php/Admin/Challenge/index
INFO: [ app_init ] --START--
INFO: Run Behavior\BuildLiteBehavior [ RunTime:0.000004s ]
INFO: [ app_init ] --END-- [ RunTime:0.000339s ]
INFO: [ app_begin ] --START--
INFO: Run Behavior\ReadHtmlCacheBehavior [ RunTime:0.000390s ]
INFO: [ app_begin ] --END-- [ RunTime:0.000406s ]
SQL: SHOW COLUMNS FROM `room` [ RunTime:0.0045s ]
SQL: SELECT * FROM room r LEFT JOIN room_user u on r.id = u.room_id  WHERE r.is_del = 0  [ RunTime:0.0002s ]

[ 2018-12-14T11:19:45+08:00 ] 127.0.0.1 /index.php/Admin/Challenge/index
INFO: [ app_init ] --START--
INFO: Run Behavior\BuildLiteBehavior [ RunTime:0.000005s ]
INFO: [ app_init ] --END-- [ RunTime:0.000220s ]
INFO: [ app_begin ] --START--
INFO: Run Behavior\ReadHtmlCacheBehavior [ RunTime:0.000304s ]
INFO: [ app_begin ] --END-- [ RunTime:0.000320s ]
SQL: SHOW COLUMNS FROM `room` [ RunTime:0.0037s ]
SQL: SELECT r.id,u.nickname,r.create_time,r.type,r.status FROM room r LEFT JOIN room_user u on r.id = u.room_id  WHERE r.is_del = 0  [ RunTime:0.0002s ]

[ 2018-12-14T11:20:46+08:00 ] 127.0.0.1 /index.php/Admin/Challenge/index
INFO: [ app_init ] --START--
INFO: Run Behavior\BuildLiteBehavior [ RunTime:0.000005s ]
INFO: [ app_init ] --END-- [ RunTime:0.000217s ]
INFO: [ app_begin ] --START--
INFO: Run Behavior\ReadHtmlCacheBehavior [ RunTime:0.000289s ]
INFO: [ app_begin ] --END-- [ RunTime:0.000305s ]
ERR: syntax error, unexpected 'print_R' (T_STRING), expecting variable (T_VARIABLE) or '{' or '$'

[ 2018-12-14T11:20:54+08:00 ] 127.0.0.1 /index.php/Admin/Challenge/index
INFO: [ app_init ] --START--
INFO: Run Behavior\BuildLiteBehavior [ RunTime:0.000005s ]
INFO: [ app_init ] --END-- [ RunTime:0.000365s ]
INFO: [ app_begin ] --START--
INFO: Run Behavior\ReadHtmlCacheBehavior [ RunTime:0.000334s ]
INFO: [ app_begin ] --END-- [ RunTime:0.000351s ]
SQL: SHOW COLUMNS FROM `room` [ RunTime:0.0042s ]
SQL: SELECT r.id,u.nickname,r.create_time,r.type,r.status FROM room r LEFT JOIN room_user u on r.id = u.room_id  WHERE r.is_del = 0  [ RunTime:0.0002s ]

[ 2018-12-14T11:21:00+08:00 ] 127.0.0.1 /index.php/Admin/Challenge/index
INFO: [ app_init ] --START--
INFO: Run Behavior\BuildLiteBehavior [ RunTime:0.000005s ]
INFO: [ app_init ] --END-- [ RunTime:0.000287s ]
INFO: [ app_begin ] --START--
INFO: Run Behavior\ReadHtmlCacheBehavior [ RunTime:0.000347s ]
INFO: [ app_begin ] --END-- [ RunTime:0.000365s ]
SQL: SHOW COLUMNS FROM `room` [ RunTime:0.0040s ]
SQL: SELECT r.id,u.nickname,r.create_time,r.type,r.status FROM room r LEFT JOIN room_user u on r.id = u.room_id  WHERE r.is_del = 0  [ RunTime:0.0002s ]

[ 2018-12-14T11:21:13+08:00 ] 127.0.0.1 /index.php/Admin/Challenge/index
INFO: [ app_init ] --START--
INFO: Run Behavior\BuildLiteBehavior [ RunTime:0.000004s ]
INFO: [ app_init ] --END-- [ RunTime:0.000316s ]
INFO: [ app_begin ] --START--
INFO: Run Behavior\ReadHtmlCacheBehavior [ RunTime:0.000395s ]
INFO: [ app_begin ] --END-- [ RunTime:0.000413s ]
SQL: SHOW COLUMNS FROM `room` [ RunTime:0.0038s ]
SQL: SELECT r.id,u.nickname,r.create_time,r.type,r.status FROM room r LEFT JOIN room_user u on r.id = u.room_id  WHERE r.is_del = 0  [ RunTime:0.0002s ]

[ 2018-12-14T11:21:28+08:00 ] 127.0.0.1 /index.php/Admin/Challenge/index
INFO: [ app_init ] --START--
INFO: Run Behavior\BuildLiteBehavior [ RunTime:0.000004s ]
INFO: [ app_init ] --END-- [ RunTime:0.000278s ]
INFO: [ app_begin ] --START--
INFO: Run Behavior\ReadHtmlCacheBehavior [ RunTime:0.000379s ]
INFO: [ app_begin ] --END-- [ RunTime:0.000395s ]
SQL: SHOW COLUMNS FROM `room` [ RunTime:0.0043s ]
SQL: SELECT r.id,u.nickname,r.create_time,r.type,r.status FROM room r LEFT JOIN room_user u on r.id = u.room_id  WHERE r.is_del = 0  [ RunTime:0.0002s ]

[ 2018-12-14T11:21:30+08:00 ] 127.0.0.1 /index.php/Admin/Challenge/index
INFO: [ app_init ] --START--
INFO: Run Behavior\BuildLiteBehavior [ RunTime:0.000004s ]
INFO: [ app_init ] --END-- [ RunTime:0.000235s ]
INFO: [ app_begin ] --START--
INFO: Run Behavior\ReadHtmlCacheBehavior [ RunTime:0.000323s ]
INFO: [ app_begin ] --END-- [ RunTime:0.000338s ]
SQL: SHOW COLUMNS FROM `room` [ RunTime:0.0047s ]
SQL: SELECT r.id,u.nickname,r.create_time,r.type,r.status FROM room r LEFT JOIN room_user u on r.id = u.room_id  WHERE r.is_del = 0  [ RunTime:0.0004s ]

[ 2018-12-14T11:21:31+08:00 ] 127.0.0.1 /index.php/Admin/Challenge/index
INFO: [ app_init ] --START--
INFO: Run Behavior\BuildLiteBehavior [ RunTime:0.000005s ]
INFO: [ app_init ] --END-- [ RunTime:0.000275s ]
INFO: [ app_begin ] --START--
INFO: Run Behavior\ReadHtmlCacheBehavior [ RunTime:0.000347s ]
INFO: [ app_begin ] --END-- [ RunTime:0.000362s ]
SQL: SHOW COLUMNS FROM `room` [ RunTime:0.0043s ]
SQL: SELECT r.id,u.nickname,r.create_time,r.type,r.status FROM room r LEFT JOIN room_user u on r.id = u.room_id  WHERE r.is_del = 0  [ RunTime:0.0002s ]

[ 2018-12-14T11:21:32+08:00 ] 127.0.0.1 /index.php/Admin/Challenge/index
INFO: [ app_init ] --START--
INFO: Run Behavior\BuildLiteBehavior [ RunTime:0.000004s ]
INFO: [ app_init ] --END-- [ RunTime:0.000278s ]
INFO: [ app_begin ] --START--
INFO: Run Behavior\ReadHtmlCacheBehavior [ RunTime:0.000357s ]
INFO: [ app_begin ] --END-- [ RunTime:0.000372s ]
SQL: SHOW COLUMNS FROM `room` [ RunTime:0.0042s ]
SQL: SELECT r.id,u.nickname,r.create_time,r.type,r.status FROM room r LEFT JOIN room_user u on r.id = u.room_id  WHERE r.is_del = 0  [ RunTime:0.0003s ]

[ 2018-12-14T11:21:33+08:00 ] 127.0.0.1 /index.php/Admin/Challenge/index
INFO: [ app_init ] --START--
INFO: Run Behavior\BuildLiteBehavior [ RunTime:0.000005s ]
INFO: [ app_init ] --END-- [ RunTime:0.000313s ]
INFO: [ app_begin ] --START--
INFO: Run Behavior\ReadHtmlCacheBehavior [ RunTime:0.000368s ]
INFO: [ app_begin ] --END-- [ RunTime:0.000384s ]
SQL: SHOW COLUMNS FROM `room` [ RunTime:0.0038s ]
SQL: SELECT r.id,u.nickname,r.create_time,r.type,r.status FROM room r LEFT JOIN room_user u on r.id = u.room_id  WHERE r.is_del = 0  [ RunTime:0.0003s ]

[ 2018-12-14T11:21:33+08:00 ] 127.0.0.1 /index.php/Admin/Challenge/index
INFO: [ app_init ] --START--
INFO: Run Behavior\BuildLiteBehavior [ RunTime:0.000005s ]
INFO: [ app_init ] --END-- [ RunTime:0.000314s ]
INFO: [ app_begin ] --START--
INFO: Run Behavior\ReadHtmlCacheBehavior [ RunTime:0.000358s ]
INFO: [ app_begin ] --END-- [ RunTime:0.000374s ]
SQL: SHOW COLUMNS FROM `room` [ RunTime:0.0036s ]
SQL: SELECT r.id,u.nickname,r.create_time,r.type,r.status FROM room r LEFT JOIN room_user u on r.id = u.room_id  WHERE r.is_del = 0  [ RunTime:0.0002s ]

[ 2018-12-14T11:21:34+08:00 ] 127.0.0.1 /index.php/Admin/Challenge/index
INFO: [ app_init ] --START--
INFO: Run Behavior\BuildLiteBehavior [ RunTime:0.000004s ]
INFO: [ app_init ] --END-- [ RunTime:0.000283s ]
INFO: [ app_begin ] --START--
INFO: Run Behavior\ReadHtmlCacheBehavior [ RunTime:0.000374s ]
INFO: [ app_begin ] --END-- [ RunTime:0.000391s ]
SQL: SHOW COLUMNS FROM `room` [ RunTime:0.0046s ]
SQL: SELECT r.id,u.nickname,r.create_time,r.type,r.status FROM room r LEFT JOIN room_user u on r.id = u.room_id  WHERE r.is_del = 0  [ RunTime:0.0002s ]

[ 2018-12-14T11:21:35+08:00 ] 127.0.0.1 /index.php/Admin/Challenge/index
INFO: [ app_init ] --START--
INFO: Run Behavior\BuildLiteBehavior [ RunTime:0.000005s ]
INFO: [ app_init ] --END-- [ RunTime:0.000246s ]
INFO: [ app_begin ] --START--
INFO: Run Behavior\ReadHtmlCacheBehavior [ RunTime:0.000294s ]
INFO: [ app_begin ] --END-- [ RunTime:0.000309s ]
SQL: SHOW COLUMNS FROM `room` [ RunTime:0.0037s ]
SQL: SELECT r.id,u.nickname,r.create_time,r.type,r.status FROM room r LEFT JOIN room_user u on r.id = u.room_id  WHERE r.is_del = 0  [ RunTime:0.0002s ]

[ 2018-12-14T11:21:36+08:00 ] 127.0.0.1 /index.php/Admin/Challenge/index
INFO: [ app_init ] --START--
INFO: Run Behavior\BuildLiteBehavior [ RunTime:0.000004s ]
INFO: [ app_init ] --END-- [ RunTime:0.000331s ]
INFO: [ app_begin ] --START--
INFO: Run Behavior\ReadHtmlCacheBehavior [ RunTime:0.000365s ]
INFO: [ app_begin ] --END-- [ RunTime:0.000382s ]
SQL: SHOW COLUMNS FROM `room` [ RunTime:0.0084s ]
SQL: SELECT r.id,u.nickname,r.create_time,r.type,r.status FROM room r LEFT JOIN room_user u on r.id = u.room_id  WHERE r.is_del = 0  [ RunTime:0.0002s ]

[ 2018-12-14T11:21:36+08:00 ] 127.0.0.1 /index.php/Admin/Challenge/index
INFO: [ app_init ] --START--
INFO: Run Behavior\BuildLiteBehavior [ RunTime:0.000004s ]
INFO: [ app_init ] --END-- [ RunTime:0.000266s ]
INFO: [ app_begin ] --START--
INFO: Run Behavior\ReadHtmlCacheBehavior [ RunTime:0.000341s ]
INFO: [ app_begin ] --END-- [ RunTime:0.000356s ]
SQL: SHOW COLUMNS FROM `room` [ RunTime:0.0038s ]
SQL: SELECT r.id,u.nickname,r.create_time,r.type,r.status FROM room r LEFT JOIN room_user u on r.id = u.room_id  WHERE r.is_del = 0  [ RunTime:0.0002s ]

[ 2018-12-14T11:44:57+08:00 ] 127.0.0.1 /index.php/Admin/Challenge/index
INFO: [ app_init ] --START--
INFO: Run Behavior\BuildLiteBehavior [ RunTime:0.000005s ]
INFO: [ app_init ] --END-- [ RunTime:0.000309s ]
INFO: [ app_begin ] --START--
INFO: Run Behavior\ReadHtmlCacheBehavior [ RunTime:0.000376s ]
INFO: [ app_begin ] --END-- [ RunTime:0.000392s ]
SQL: SHOW COLUMNS FROM `room` [ RunTime:0.0042s ]
NOTIC: [2] A non-numeric value encountered D:\tp3.2\Application\Admin\Controller\ChallengeController.class.php 第 14 行.
NOTIC: [2] A non-numeric value encountered D:\tp3.2\Application\Admin\Controller\ChallengeController.class.php 第 14 行.
ERR: Think\Model:concat方法不存在！

[ 2018-12-14T11:45:58+08:00 ] 127.0.0.1 /index.php/Admin/Challenge/index
INFO: [ app_init ] --START--
INFO: Run Behavior\BuildLiteBehavior [ RunTime:0.000004s ]
INFO: [ app_init ] --END-- [ RunTime:0.000282s ]
INFO: [ app_begin ] --START--
INFO: Run Behavior\ReadHtmlCacheBehavior [ RunTime:0.000364s ]
INFO: [ app_begin ] --END-- [ RunTime:0.000380s ]
SQL: SHOW COLUMNS FROM `room` [ RunTime:0.0047s ]
ERR: Think\Model:concat方法不存在！

[ 2018-12-14T11:46:01+08:00 ] 127.0.0.1 /index.php/Admin/Challenge/index
INFO: [ app_init ] --START--
INFO: Run Behavior\BuildLiteBehavior [ RunTime:0.000005s ]
INFO: [ app_init ] --END-- [ RunTime:0.000290s ]
INFO: [ app_begin ] --START--
INFO: Run Behavior\ReadHtmlCacheBehavior [ RunTime:0.000338s ]
INFO: [ app_begin ] --END-- [ RunTime:0.000354s ]
SQL: SHOW COLUMNS FROM `room` [ RunTime:0.0039s ]
ERR: Think\Model:concat方法不存在！

[ 2018-12-14T11:46:02+08:00 ] 127.0.0.1 /index.php/Admin/Challenge/index
INFO: [ app_init ] --START--
INFO: Run Behavior\BuildLiteBehavior [ RunTime:0.000004s ]
INFO: [ app_init ] --END-- [ RunTime:0.000284s ]
INFO: [ app_begin ] --START--
INFO: Run Behavior\ReadHtmlCacheBehavior [ RunTime:0.000332s ]
INFO: [ app_begin ] --END-- [ RunTime:0.000349s ]
SQL: SHOW COLUMNS FROM `room` [ RunTime:0.0039s ]
ERR: Think\Model:concat方法不存在！

[ 2018-12-14T11:46:03+08:00 ] 127.0.0.1 /index.php/Admin/Challenge/index
INFO: [ app_init ] --START--
INFO: Run Behavior\BuildLiteBehavior [ RunTime:0.000005s ]
INFO: [ app_init ] --END-- [ RunTime:0.000301s ]
INFO: [ app_begin ] --START--
INFO: Run Behavior\ReadHtmlCacheBehavior [ RunTime:0.000352s ]
INFO: [ app_begin ] --END-- [ RunTime:0.000370s ]
SQL: SHOW COLUMNS FROM `room` [ RunTime:0.0038s ]
ERR: Think\Model:concat方法不存在！

[ 2018-12-14T11:46:07+08:00 ] 127.0.0.1 /index.php/Admin/Challenge/index
INFO: [ app_init ] --START--
INFO: Run Behavior\BuildLiteBehavior [ RunTime:0.000004s ]
INFO: [ app_init ] --END-- [ RunTime:0.000276s ]
INFO: [ app_begin ] --START--
INFO: Run Behavior\ReadHtmlCacheBehavior [ RunTime:0.000353s ]
INFO: [ app_begin ] --END-- [ RunTime:0.000369s ]
SQL: SHOW COLUMNS FROM `room` [ RunTime:0.0045s ]
ERR: Think\Model:concat方法不存在！

[ 2018-12-14T11:49:15+08:00 ] 127.0.0.1 /index.php/Admin/Challenge/index
INFO: [ app_init ] --START--
INFO: Run Behavior\BuildLiteBehavior [ RunTime:0.000005s ]
INFO: [ app_init ] --END-- [ RunTime:0.000309s ]
INFO: [ app_begin ] --START--
INFO: Run Behavior\ReadHtmlCacheBehavior [ RunTime:0.000369s ]
INFO: [ app_begin ] --END-- [ RunTime:0.000385s ]
SQL: SHOW COLUMNS FROM `room` [ RunTime:0.0043s ]
SQL: SELECT u.id,u.nickname,concat(u.nickname) as nickname FROM room r LEFT JOIN room_user u on r.id = u.room_id   [ RunTime:0.0008s ]

[ 2018-12-14T11:50:05+08:00 ] 127.0.0.1 /index.php/Admin/Challenge/index
INFO: [ app_init ] --START--
INFO: Run Behavior\BuildLiteBehavior [ RunTime:0.000004s ]
INFO: [ app_init ] --END-- [ RunTime:0.000266s ]
INFO: [ app_begin ] --START--
INFO: Run Behavior\ReadHtmlCacheBehavior [ RunTime:0.000338s ]
INFO: [ app_begin ] --END-- [ RunTime:0.000354s ]
SQL: SHOW COLUMNS FROM `room` [ RunTime:0.0041s ]
SQL: SELECT u.nickname,concat(nickname) as nickname FROM room r LEFT JOIN room_user u on r.id = u.room_id  GROUP BY u.id  [ RunTime:0.0004s ]

[ 2018-12-14T11:50:16+08:00 ] 127.0.0.1 /index.php/Admin/Challenge/index
INFO: [ app_init ] --START--
INFO: Run Behavior\BuildLiteBehavior [ RunTime:0.000004s ]
INFO: [ app_init ] --END-- [ RunTime:0.000291s ]
INFO: [ app_begin ] --START--
INFO: Run Behavior\ReadHtmlCacheBehavior [ RunTime:0.000347s ]
INFO: [ app_begin ] --END-- [ RunTime:0.000362s ]
SQL: SHOW COLUMNS FROM `room` [ RunTime:0.0042s ]
ERR: 1054:Unknown column 'r.nickname' in 'field list'
 [ SQL语句 ] : SELECT u.nickname,concat(r.nickname) as nickname FROM room r LEFT JOIN room_user u on r.id = u.room_id  GROUP BY u.id 
ERR: 1054:Unknown column 'r.nickname' in 'field list'
 [ SQL语句 ] : SELECT u.nickname,concat(r.nickname) as nickname FROM room r LEFT JOIN room_user u on r.id = u.room_id  GROUP BY u.id 

[ 2018-12-14T11:50:37+08:00 ] 127.0.0.1 /index.php/Admin/Challenge/index
INFO: [ app_init ] --START--
INFO: Run Behavior\BuildLiteBehavior [ RunTime:0.000005s ]
INFO: [ app_init ] --END-- [ RunTime:0.000286s ]
INFO: [ app_begin ] --START--
INFO: Run Behavior\ReadHtmlCacheBehavior [ RunTime:0.000359s ]
INFO: [ app_begin ] --END-- [ RunTime:0.000375s ]
SQL: SHOW COLUMNS FROM `room` [ RunTime:0.0040s ]
SQL: SELECT u.nickname,concat(u.nickname) as nickname FROM room r LEFT JOIN room_user u on r.id = u.room_id  GROUP BY u.id  [ RunTime:0.0003s ]

[ 2018-12-14T11:52:15+08:00 ] 127.0.0.1 /index.php/Admin/Challenge/index
INFO: [ app_init ] --START--
INFO: Run Behavior\BuildLiteBehavior [ RunTime:0.000004s ]
INFO: [ app_init ] --END-- [ RunTime:0.000278s ]
INFO: [ app_begin ] --START--
INFO: Run Behavior\ReadHtmlCacheBehavior [ RunTime:0.000348s ]
INFO: [ app_begin ] --END-- [ RunTime:0.000366s ]
SQL: SHOW COLUMNS FROM `room` [ RunTime:0.0038s ]
SQL: SELECT u.nickname,concat(u.nickname) as nickname1 FROM room r LEFT JOIN room_user u on r.id = u.room_id  GROUP BY u.id  [ RunTime:0.0004s ]

[ 2018-12-14T11:52:17+08:00 ] 127.0.0.1 /index.php/Admin/Challenge/index
INFO: [ app_init ] --START--
INFO: Run Behavior\BuildLiteBehavior [ RunTime:0.000004s ]
INFO: [ app_init ] --END-- [ RunTime:0.000274s ]
INFO: [ app_begin ] --START--
INFO: Run Behavior\ReadHtmlCacheBehavior [ RunTime:0.000358s ]
INFO: [ app_begin ] --END-- [ RunTime:0.000373s ]
SQL: SHOW COLUMNS FROM `room` [ RunTime:0.0038s ]
SQL: SELECT u.nickname,concat(u.nickname) as nickname1 FROM room r LEFT JOIN room_user u on r.id = u.room_id  GROUP BY u.id  [ RunTime:0.0004s ]

[ 2018-12-14T11:52:34+08:00 ] 127.0.0.1 /index.php/Admin/Challenge/index
INFO: [ app_init ] --START--
INFO: Run Behavior\BuildLiteBehavior [ RunTime:0.000005s ]
INFO: [ app_init ] --END-- [ RunTime:0.000297s ]
INFO: [ app_begin ] --START--
INFO: Run Behavior\ReadHtmlCacheBehavior [ RunTime:0.000370s ]
INFO: [ app_begin ] --END-- [ RunTime:0.000388s ]
SQL: SHOW COLUMNS FROM `room` [ RunTime:0.0037s ]
ERR: 1064:You have an error in your SQL syntax; check the manual that corresponds to your MySQL server version for the right syntax to use near '.nickname FROM room r LEFT JOIN room_user u on r.id = u.room_id  GROUP BY u.id' at line 1
 [ SQL语句 ] : SELECT u.nickname,concat(u.nickname) as u.nickname FROM room r LEFT JOIN room_user u on r.id = u.room_id  GROUP BY u.id 
ERR: 1064:You have an error in your SQL syntax; check the manual that corresponds to your MySQL server version for the right syntax to use near '.nickname FROM room r LEFT JOIN room_user u on r.id = u.room_id  GROUP BY u.id' at line 1
 [ SQL语句 ] : SELECT u.nickname,concat(u.nickname) as u.nickname FROM room r LEFT JOIN room_user u on r.id = u.room_id  GROUP BY u.id 

[ 2018-12-14T11:52:36+08:00 ] 127.0.0.1 /index.php/Admin/Challenge/index
INFO: [ app_init ] --START--
INFO: Run Behavior\BuildLiteBehavior [ RunTime:0.000007s ]
INFO: [ app_init ] --END-- [ RunTime:0.000308s ]
INFO: [ app_begin ] --START--
INFO: Run Behavior\ReadHtmlCacheBehavior [ RunTime:0.000546s ]
INFO: [ app_begin ] --END-- [ RunTime:0.000566s ]
SQL: SHOW COLUMNS FROM `room` [ RunTime:0.0076s ]
ERR: 1064:You have an error in your SQL syntax; check the manual that corresponds to your MySQL server version for the right syntax to use near '.nickname FROM room r LEFT JOIN room_user u on r.id = u.room_id  GROUP BY u.id' at line 1
 [ SQL语句 ] : SELECT u.nickname,concat(u.nickname) as u.nickname FROM room r LEFT JOIN room_user u on r.id = u.room_id  GROUP BY u.id 
ERR: 1064:You have an error in your SQL syntax; check the manual that corresponds to your MySQL server version for the right syntax to use near '.nickname FROM room r LEFT JOIN room_user u on r.id = u.room_id  GROUP BY u.id' at line 1
 [ SQL语句 ] : SELECT u.nickname,concat(u.nickname) as u.nickname FROM room r LEFT JOIN room_user u on r.id = u.room_id  GROUP BY u.id 

[ 2018-12-14T11:52:38+08:00 ] 127.0.0.1 /index.php/Admin/Challenge/index
INFO: [ app_init ] --START--
INFO: Run Behavior\BuildLiteBehavior [ RunTime:0.000004s ]
INFO: [ app_init ] --END-- [ RunTime:0.000338s ]
INFO: [ app_begin ] --START--
INFO: Run Behavior\ReadHtmlCacheBehavior [ RunTime:0.000339s ]
INFO: [ app_begin ] --END-- [ RunTime:0.000356s ]
SQL: SHOW COLUMNS FROM `room` [ RunTime:0.0037s ]
ERR: 1064:You have an error in your SQL syntax; check the manual that corresponds to your MySQL server version for the right syntax to use near '.nickname FROM room r LEFT JOIN room_user u on r.id = u.room_id  GROUP BY u.id' at line 1
 [ SQL语句 ] : SELECT u.nickname,concat(u.nickname) as u.nickname FROM room r LEFT JOIN room_user u on r.id = u.room_id  GROUP BY u.id 
ERR: 1064:You have an error in your SQL syntax; check the manual that corresponds to your MySQL server version for the right syntax to use near '.nickname FROM room r LEFT JOIN room_user u on r.id = u.room_id  GROUP BY u.id' at line 1
 [ SQL语句 ] : SELECT u.nickname,concat(u.nickname) as u.nickname FROM room r LEFT JOIN room_user u on r.id = u.room_id  GROUP BY u.id 

[ 2018-12-14T11:52:43+08:00 ] 127.0.0.1 /index.php/Admin/Challenge/index
INFO: [ app_init ] --START--
INFO: Run Behavior\BuildLiteBehavior [ RunTime:0.000004s ]
INFO: [ app_init ] --END-- [ RunTime:0.000219s ]
INFO: [ app_begin ] --START--
INFO: Run Behavior\ReadHtmlCacheBehavior [ RunTime:0.000293s ]
INFO: [ app_begin ] --END-- [ RunTime:0.000309s ]
SQL: SHOW COLUMNS FROM `room` [ RunTime:0.0043s ]
SQL: SELECT u.nickname,concat(u.nickname) as nickname FROM room r LEFT JOIN room_user u on r.id = u.room_id  GROUP BY u.id  [ RunTime:0.0004s ]

[ 2018-12-14T11:53:52+08:00 ] 127.0.0.1 /index.php/Admin/Challenge/index
INFO: [ app_init ] --START--
INFO: Run Behavior\BuildLiteBehavior [ RunTime:0.000005s ]
INFO: [ app_init ] --END-- [ RunTime:0.000289s ]
INFO: [ app_begin ] --START--
INFO: Run Behavior\ReadHtmlCacheBehavior [ RunTime:0.000376s ]
INFO: [ app_begin ] --END-- [ RunTime:0.000393s ]
SQL: SHOW COLUMNS FROM `room` [ RunTime:0.0043s ]
ERR: 1064:You have an error in your SQL syntax; check the manual that corresponds to your MySQL server version for the right syntax to use near 'separator '|') FROM room r LEFT JOIN room_user u on r.id = u.room_id  GROUP BY u' at line 1
 [ SQL语句 ] : SELECT u.nickname,concat(u.nickname separator '|') FROM room r LEFT JOIN room_user u on r.id = u.room_id  GROUP BY u.id 
ERR: 1064:You have an error in your SQL syntax; check the manual that corresponds to your MySQL server version for the right syntax to use near 'separator '|') FROM room r LEFT JOIN room_user u on r.id = u.room_id  GROUP BY u' at line 1
 [ SQL语句 ] : SELECT u.nickname,concat(u.nickname separator '|') FROM room r LEFT JOIN room_user u on r.id = u.room_id  GROUP BY u.id 

[ 2018-12-14T11:54:06+08:00 ] 127.0.0.1 /index.php/Admin/Challenge/index
INFO: [ app_init ] --START--
INFO: Run Behavior\BuildLiteBehavior [ RunTime:0.000004s ]
INFO: [ app_init ] --END-- [ RunTime:0.000286s ]
INFO: [ app_begin ] --START--
INFO: Run Behavior\ReadHtmlCacheBehavior [ RunTime:0.000340s ]
INFO: [ app_begin ] --END-- [ RunTime:0.000356s ]
SQL: SHOW COLUMNS FROM `room` [ RunTime:0.0045s ]
SQL: SELECT u.nickname,concat(u.nickname) as nickname FROM room r LEFT JOIN room_user u on r.id = u.room_id  GROUP BY u.id  [ RunTime:0.0003s ]

[ 2018-12-14T11:55:09+08:00 ] 127.0.0.1 /index.php/Admin/Challenge/index
INFO: [ app_init ] --START--
INFO: Run Behavior\BuildLiteBehavior [ RunTime:0.000008s ]
INFO: [ app_init ] --END-- [ RunTime:0.000317s ]
INFO: [ app_begin ] --START--
INFO: Run Behavior\ReadHtmlCacheBehavior [ RunTime:0.001294s ]
INFO: [ app_begin ] --END-- [ RunTime:0.001313s ]
SQL: SHOW COLUMNS FROM `room` [ RunTime:0.0040s ]
SQL: SELECT u.nickname,group_concat(u.nickname) FROM room r LEFT JOIN room_user u on r.id = u.room_id  GROUP BY u.id  [ RunTime:0.0014s ]

[ 2018-12-14T12:00:22+08:00 ] 127.0.0.1 /index.php/Admin/Challenge/index
INFO: [ app_init ] --START--
INFO: Run Behavior\BuildLiteBehavior [ RunTime:0.000003s ]
INFO: [ app_init ] --END-- [ RunTime:0.000301s ]
INFO: [ app_begin ] --START--
INFO: Run Behavior\ReadHtmlCacheBehavior [ RunTime:0.000378s ]
INFO: [ app_begin ] --END-- [ RunTime:0.000398s ]
SQL: SHOW COLUMNS FROM `room` [ RunTime:0.0038s ]
ERR: Call to undefined function Admin\Controller\query()

[ 2018-12-14T12:00:23+08:00 ] 127.0.0.1 /index.php/Admin/Challenge/index
INFO: [ app_init ] --START--
INFO: Run Behavior\BuildLiteBehavior [ RunTime:0.000005s ]
INFO: [ app_init ] --END-- [ RunTime:0.000220s ]
INFO: [ app_begin ] --START--
INFO: Run Behavior\ReadHtmlCacheBehavior [ RunTime:0.000292s ]
INFO: [ app_begin ] --END-- [ RunTime:0.000308s ]
SQL: SHOW COLUMNS FROM `room` [ RunTime:0.0039s ]
ERR: Call to undefined function Admin\Controller\query()

[ 2018-12-14T12:00:23+08:00 ] 127.0.0.1 /index.php/Admin/Challenge/index
INFO: [ app_init ] --START--
INFO: Run Behavior\BuildLiteBehavior [ RunTime:0.000004s ]
INFO: [ app_init ] --END-- [ RunTime:0.000350s ]
INFO: [ app_begin ] --START--
INFO: Run Behavior\ReadHtmlCacheBehavior [ RunTime:0.000366s ]
INFO: [ app_begin ] --END-- [ RunTime:0.000383s ]
SQL: SHOW COLUMNS FROM `room` [ RunTime:0.0040s ]
ERR: Call to undefined function Admin\Controller\query()

[ 2018-12-14T12:01:06+08:00 ] 127.0.0.1 /index.php/Admin/Challenge/index
INFO: [ app_init ] --START--
INFO: Run Behavior\BuildLiteBehavior [ RunTime:0.000004s ]
INFO: [ app_init ] --END-- [ RunTime:0.000277s ]
INFO: [ app_begin ] --START--
INFO: Run Behavior\ReadHtmlCacheBehavior [ RunTime:0.000351s ]
INFO: [ app_begin ] --END-- [ RunTime:0.000366s ]
SQL: SHOW COLUMNS FROM `room` [ RunTime:0.0043s ]
ERR: 1064:You have an error in your SQL syntax; check the manual that corresponds to your MySQL server version for the right syntax to use near 'table room as r left join table room_user as u on table r.id = u.room_id' at line 1
 [ SQL语句 ] : select * from table room as r left join table room_user as u on table r.id = u.room_id
ERR: 1064:You have an error in your SQL syntax; check the manual that corresponds to your MySQL server version for the right syntax to use near 'table room as r left join table room_user as u on table r.id = u.room_id' at line 1
 [ SQL语句 ] : select * from table room as r left join table room_user as u on table r.id = u.room_id

[ 2018-12-14T12:42:04+08:00 ] 127.0.0.1 /index.php/Admin/Challenge/index
INFO: [ app_init ] --START--
INFO: Run Behavior\BuildLiteBehavior [ RunTime:0.000004s ]
INFO: [ app_init ] --END-- [ RunTime:0.000335s ]
INFO: [ app_begin ] --START--
INFO: Run Behavior\ReadHtmlCacheBehavior [ RunTime:0.000395s ]
INFO: [ app_begin ] --END-- [ RunTime:0.000412s ]
SQL: SHOW COLUMNS FROM `room` [ RunTime:0.0043s ]
ERR: 1064:You have an error in your SQL syntax; check the manual that corresponds to your MySQL server version for the right syntax to use near 'table room as r 
                                 left join table room_user as ' at line 2
 [ SQL语句 ] : select * 
                                 from table room as r 
                                 left join table room_user as uon table r.id = u.room_id
                                where r.is_del = 0
ERR: 1064:You have an error in your SQL syntax; check the manual that corresponds to your MySQL server version for the right syntax to use near 'table room as r 
                                 left join table room_user as ' at line 2
 [ SQL语句 ] : select * 
                                 from table room as r 
                                 left join table room_user as uon table r.id = u.room_id
                                where r.is_del = 0

[ 2018-12-14T12:42:05+08:00 ] 127.0.0.1 /index.php/Admin/Challenge/index
INFO: [ app_init ] --START--
INFO: Run Behavior\BuildLiteBehavior [ RunTime:0.000004s ]
INFO: [ app_init ] --END-- [ RunTime:0.000260s ]
INFO: [ app_begin ] --START--
INFO: Run Behavior\ReadHtmlCacheBehavior [ RunTime:0.000338s ]
INFO: [ app_begin ] --END-- [ RunTime:0.000354s ]
SQL: SHOW COLUMNS FROM `room` [ RunTime:0.0056s ]
ERR: 1064:You have an error in your SQL syntax; check the manual that corresponds to your MySQL server version for the right syntax to use near 'table room as r 
                                 left join table room_user as ' at line 2
 [ SQL语句 ] : select * 
                                 from table room as r 
                                 left join table room_user as uon table r.id = u.room_id
                                where r.is_del = 0
ERR: 1064:You have an error in your SQL syntax; check the manual that corresponds to your MySQL server version for the right syntax to use near 'table room as r 
                                 left join table room_user as ' at line 2
 [ SQL语句 ] : select * 
                                 from table room as r 
                                 left join table room_user as uon table r.id = u.room_id
                                where r.is_del = 0

[ 2018-12-14T12:42:23+08:00 ] 127.0.0.1 /index.php/Admin/Challenge/index
INFO: [ app_init ] --START--
INFO: Run Behavior\BuildLiteBehavior [ RunTime:0.000004s ]
INFO: [ app_init ] --END-- [ RunTime:0.000310s ]
INFO: [ app_begin ] --START--
INFO: Run Behavior\ReadHtmlCacheBehavior [ RunTime:0.000355s ]
INFO: [ app_begin ] --END-- [ RunTime:0.000390s ]
SQL: SHOW COLUMNS FROM `room` [ RunTime:0.0039s ]
ERR: 1064:You have an error in your SQL syntax; check the manual that corresponds to your MySQL server version for the right syntax to use near 'table r.id = u.room_id
                                where r.is_del = 0' at line 3
 [ SQL语句 ] : select * 
                                 from room as r 
                                 left join room_user as uon table r.id = u.room_id
                                where r.is_del = 0
ERR: 1064:You have an error in your SQL syntax; check the manual that corresponds to your MySQL server version for the right syntax to use near 'table r.id = u.room_id
                                where r.is_del = 0' at line 3
 [ SQL语句 ] : select * 
                                 from room as r 
                                 left join room_user as uon table r.id = u.room_id
                                where r.is_del = 0

[ 2018-12-14T12:42:25+08:00 ] 127.0.0.1 /index.php/Admin/Challenge/index
INFO: [ app_init ] --START--
INFO: Run Behavior\BuildLiteBehavior [ RunTime:0.000005s ]
INFO: [ app_init ] --END-- [ RunTime:0.000271s ]
INFO: [ app_begin ] --START--
INFO: Run Behavior\ReadHtmlCacheBehavior [ RunTime:0.000337s ]
INFO: [ app_begin ] --END-- [ RunTime:0.000354s ]
SQL: SHOW COLUMNS FROM `room` [ RunTime:0.0041s ]
ERR: 1064:You have an error in your SQL syntax; check the manual that corresponds to your MySQL server version for the right syntax to use near 'table r.id = u.room_id
                                where r.is_del = 0' at line 3
 [ SQL语句 ] : select * 
                                 from room as r 
                                 left join room_user as uon table r.id = u.room_id
                                where r.is_del = 0
ERR: 1064:You have an error in your SQL syntax; check the manual that corresponds to your MySQL server version for the right syntax to use near 'table r.id = u.room_id
                                where r.is_del = 0' at line 3
 [ SQL语句 ] : select * 
                                 from room as r 
                                 left join room_user as uon table r.id = u.room_id
                                where r.is_del = 0

[ 2018-12-14T12:42:43+08:00 ] 127.0.0.1 /index.php/Admin/Challenge/index
INFO: [ app_init ] --START--
INFO: Run Behavior\BuildLiteBehavior [ RunTime:0.000004s ]
INFO: [ app_init ] --END-- [ RunTime:0.000213s ]
INFO: [ app_begin ] --START--
INFO: Run Behavior\ReadHtmlCacheBehavior [ RunTime:0.000287s ]
INFO: [ app_begin ] --END-- [ RunTime:0.000303s ]
SQL: SHOW COLUMNS FROM `room` [ RunTime:0.0039s ]
SQL: select * 
                                 from room as r 
                                 left join room_user as u on  r.id = u.room_id
                                where r.is_del = 0 [ RunTime:0.0011s ]

[ 2018-12-14T12:42:44+08:00 ] 127.0.0.1 /index.php/Admin/Challenge/index
INFO: [ app_init ] --START--
INFO: Run Behavior\BuildLiteBehavior [ RunTime:0.000005s ]
INFO: [ app_init ] --END-- [ RunTime:0.000223s ]
INFO: [ app_begin ] --START--
INFO: Run Behavior\ReadHtmlCacheBehavior [ RunTime:0.000294s ]
INFO: [ app_begin ] --END-- [ RunTime:0.000310s ]
SQL: SHOW COLUMNS FROM `room` [ RunTime:0.0042s ]
SQL: select * 
                                 from room as r 
                                 left join room_user as u on  r.id = u.room_id
                                where r.is_del = 0 [ RunTime:0.0005s ]

[ 2018-12-14T12:42:47+08:00 ] 127.0.0.1 /index.php/Admin/Challenge/index
INFO: [ app_init ] --START--
INFO: Run Behavior\BuildLiteBehavior [ RunTime:0.000008s ]
INFO: [ app_init ] --END-- [ RunTime:0.000440s ]
INFO: [ app_begin ] --START--
INFO: Run Behavior\ReadHtmlCacheBehavior [ RunTime:0.000433s ]
INFO: [ app_begin ] --END-- [ RunTime:0.000472s ]
SQL: SHOW COLUMNS FROM `room` [ RunTime:0.0048s ]
SQL: select * 
                                 from room as r 
                                 left join room_user as u on  r.id = u.room_id
                                where r.is_del = 0 [ RunTime:0.0003s ]

[ 2018-12-14T12:43:49+08:00 ] 127.0.0.1 /index.php/Admin/Challenge/index
INFO: [ app_init ] --START--
INFO: Run Behavior\BuildLiteBehavior [ RunTime:0.000005s ]
INFO: [ app_init ] --END-- [ RunTime:0.000282s ]
INFO: [ app_begin ] --START--
INFO: Run Behavior\ReadHtmlCacheBehavior [ RunTime:0.000350s ]
INFO: [ app_begin ] --END-- [ RunTime:0.000366s ]
SQL: SHOW COLUMNS FROM `room` [ RunTime:0.0043s ]
ERR: 1064:You have an error in your SQL syntax; check the manual that corresponds to your MySQL server version for the right syntax to use near 'r.nickname' at line 5
 [ SQL语句 ] : select `r`.`id`,`u`.`nickname`
                                 from room as r 
                                 left join room_user as u on  r.id = u.room_id
                                 where r.is_del = 0
                                 group r.nickname
ERR: 1064:You have an error in your SQL syntax; check the manual that corresponds to your MySQL server version for the right syntax to use near 'r.nickname' at line 5
 [ SQL语句 ] : select `r`.`id`,`u`.`nickname`
                                 from room as r 
                                 left join room_user as u on  r.id = u.room_id
                                 where r.is_del = 0
                                 group r.nickname

[ 2018-12-14T12:44:02+08:00 ] 127.0.0.1 /index.php/Admin/Challenge/index
INFO: [ app_init ] --START--
INFO: Run Behavior\BuildLiteBehavior [ RunTime:0.000005s ]
INFO: [ app_init ] --END-- [ RunTime:0.000340s ]
INFO: [ app_begin ] --START--
INFO: Run Behavior\ReadHtmlCacheBehavior [ RunTime:0.000361s ]
INFO: [ app_begin ] --END-- [ RunTime:0.000377s ]
SQL: SHOW COLUMNS FROM `room` [ RunTime:0.0046s ]
ERR: 1054:Unknown column 'r.nickname' in 'group statement'
 [ SQL语句 ] : select `r`.`id`,`u`.`nickname`
                                 from room as r 
                                 left join room_user as u on  r.id = u.room_id
                                 where r.is_del = 0
                                 group by r.nickname
ERR: 1054:Unknown column 'r.nickname' in 'group statement'
 [ SQL语句 ] : select `r`.`id`,`u`.`nickname`
                                 from room as r 
                                 left join room_user as u on  r.id = u.room_id
                                 where r.is_del = 0
                                 group by r.nickname

[ 2018-12-14T12:44:04+08:00 ] 127.0.0.1 /index.php/Admin/Challenge/index
INFO: [ app_init ] --START--
INFO: Run Behavior\BuildLiteBehavior [ RunTime:0.000004s ]
INFO: [ app_init ] --END-- [ RunTime:0.000273s ]
INFO: [ app_begin ] --START--
INFO: Run Behavior\ReadHtmlCacheBehavior [ RunTime:0.000353s ]
INFO: [ app_begin ] --END-- [ RunTime:0.000367s ]
SQL: SHOW COLUMNS FROM `room` [ RunTime:0.0041s ]
ERR: 1054:Unknown column 'r.nickname' in 'group statement'
 [ SQL语句 ] : select `r`.`id`,`u`.`nickname`
                                 from room as r 
                                 left join room_user as u on  r.id = u.room_id
                                 where r.is_del = 0
                                 group by r.nickname
ERR: 1054:Unknown column 'r.nickname' in 'group statement'
 [ SQL语句 ] : select `r`.`id`,`u`.`nickname`
                                 from room as r 
                                 left join room_user as u on  r.id = u.room_id
                                 where r.is_del = 0
                                 group by r.nickname

[ 2018-12-14T12:45:21+08:00 ] 127.0.0.1 /index.php/Admin/Challenge/index
INFO: [ app_init ] --START--
INFO: Run Behavior\BuildLiteBehavior [ RunTime:0.000006s ]
INFO: [ app_init ] --END-- [ RunTime:0.000319s ]
INFO: [ app_begin ] --START--
INFO: Run Behavior\ReadHtmlCacheBehavior [ RunTime:0.000376s ]
INFO: [ app_begin ] --END-- [ RunTime:0.000394s ]
SQL: SHOW COLUMNS FROM `room` [ RunTime:0.0048s ]
SQL: select `r`.`id`,`u`.`nickname`,`u`.`room_id`
                                 from room as r 
                                 left join room_user as u on  r.id = u.room_id
                                 where r.is_del = 0
                                 group by u.room_id [ RunTime:0.0009s ]

[ 2018-12-14T12:45:43+08:00 ] 127.0.0.1 /index.php/Admin/Challenge/index
INFO: [ app_init ] --START--
INFO: Run Behavior\BuildLiteBehavior [ RunTime:0.000005s ]
INFO: [ app_init ] --END-- [ RunTime:0.001196s ]
INFO: [ app_begin ] --START--
INFO: Run Behavior\ReadHtmlCacheBehavior [ RunTime:0.000364s ]
INFO: [ app_begin ] --END-- [ RunTime:0.000381s ]
SQL: SHOW COLUMNS FROM `room` [ RunTime:0.0043s ]
SQL: select `r`.`id`,`u`.`nickname`,`u`.`room_id`
                                 from room as r 
                                 left join room_user as u on  r.id = u.room_id
                                 where r.is_del = 0
                                  [ RunTime:0.0002s ]

[ 2018-12-14T12:46:40+08:00 ] 127.0.0.1 /index.php/Admin/Challenge/index
INFO: [ app_init ] --START--
INFO: Run Behavior\BuildLiteBehavior [ RunTime:0.000004s ]
INFO: [ app_init ] --END-- [ RunTime:0.000235s ]
INFO: [ app_begin ] --START--
INFO: Run Behavior\ReadHtmlCacheBehavior [ RunTime:0.000313s ]
INFO: [ app_begin ] --END-- [ RunTime:0.000329s ]
SQL: SHOW COLUMNS FROM `room` [ RunTime:0.0038s ]
ERR: 1054:Unknown column 'r.nickname' in 'field list'
 [ SQL语句 ] : select `r`.`id`,`u`.`nickname`,`u`.`room_id`,GROUP_CONCAT(r.nickname)
                                 from room as r 
                                 left join room_user as u on  r.id = u.room_id
                                 where r.is_del = 0
                                 
ERR: 1054:Unknown column 'r.nickname' in 'field list'
 [ SQL语句 ] : select `r`.`id`,`u`.`nickname`,`u`.`room_id`,GROUP_CONCAT(r.nickname)
                                 from room as r 
                                 left join room_user as u on  r.id = u.room_id
                                 where r.is_del = 0
                                 

[ 2018-12-14T12:46:43+08:00 ] 127.0.0.1 /index.php/Admin/Challenge/index
INFO: [ app_init ] --START--
INFO: Run Behavior\BuildLiteBehavior [ RunTime:0.000004s ]
INFO: [ app_init ] --END-- [ RunTime:0.000260s ]
INFO: [ app_begin ] --START--
INFO: Run Behavior\ReadHtmlCacheBehavior [ RunTime:0.000336s ]
INFO: [ app_begin ] --END-- [ RunTime:0.000350s ]
SQL: SHOW COLUMNS FROM `room` [ RunTime:0.0078s ]
ERR: 1054:Unknown column 'r.nickname' in 'field list'
 [ SQL语句 ] : select `r`.`id`,`u`.`nickname`,`u`.`room_id`,GROUP_CONCAT(r.nickname)
                                 from room as r 
                                 left join room_user as u on  r.id = u.room_id
                                 where r.is_del = 0
                                 
ERR: 1054:Unknown column 'r.nickname' in 'field list'
 [ SQL语句 ] : select `r`.`id`,`u`.`nickname`,`u`.`room_id`,GROUP_CONCAT(r.nickname)
                                 from room as r 
                                 left join room_user as u on  r.id = u.room_id
                                 where r.is_del = 0
                                 

[ 2018-12-14T12:46:49+08:00 ] 127.0.0.1 /index.php/Admin/Challenge/index
INFO: [ app_init ] --START--
INFO: Run Behavior\BuildLiteBehavior [ RunTime:0.000004s ]
INFO: [ app_init ] --END-- [ RunTime:0.000211s ]
INFO: [ app_begin ] --START--
INFO: Run Behavior\ReadHtmlCacheBehavior [ RunTime:0.000319s ]
INFO: [ app_begin ] --END-- [ RunTime:0.000335s ]
SQL: SHOW COLUMNS FROM `room` [ RunTime:0.0046s ]
SQL: select `r`.`id`,`u`.`nickname`,`u`.`room_id`,GROUP_CONCAT(u.nickname)
                                 from room as r 
                                 left join room_user as u on  r.id = u.room_id
                                 where r.is_del = 0
                                  [ RunTime:0.0004s ]

[ 2018-12-14T12:46:51+08:00 ] 127.0.0.1 /index.php/Admin/Challenge/index
INFO: [ app_init ] --START--
INFO: Run Behavior\BuildLiteBehavior [ RunTime:0.000004s ]
INFO: [ app_init ] --END-- [ RunTime:0.000218s ]
INFO: [ app_begin ] --START--
INFO: Run Behavior\ReadHtmlCacheBehavior [ RunTime:0.000302s ]
INFO: [ app_begin ] --END-- [ RunTime:0.000318s ]
SQL: SHOW COLUMNS FROM `room` [ RunTime:0.0037s ]
SQL: select `r`.`id`,`u`.`nickname`,`u`.`room_id`,GROUP_CONCAT(u.nickname)
                                 from room as r 
                                 left join room_user as u on  r.id = u.room_id
                                 where r.is_del = 0
                                  [ RunTime:0.0004s ]

[ 2018-12-14T12:47:05+08:00 ] 127.0.0.1 /index.php/Admin/Challenge/index
INFO: [ app_init ] --START--
INFO: Run Behavior\BuildLiteBehavior [ RunTime:0.000004s ]
INFO: [ app_init ] --END-- [ RunTime:0.000280s ]
INFO: [ app_begin ] --START--
INFO: Run Behavior\ReadHtmlCacheBehavior [ RunTime:0.000351s ]
INFO: [ app_begin ] --END-- [ RunTime:0.000370s ]
SQL: SHOW COLUMNS FROM `room` [ RunTime:0.0045s ]
ERR: 1064:You have an error in your SQL syntax; check the manual that corresponds to your MySQL server version for the right syntax to use near 'as nickname)
                                 from room as r 
                ' at line 1
 [ SQL语句 ] : select `r`.`id`,`u`.`nickname`,`u`.`room_id`,GROUP_CONCAT(u.nickname as nickname)
                                 from room as r 
                                 left join room_user as u on  r.id = u.room_id
                                 where r.is_del = 0
                                 
ERR: 1064:You have an error in your SQL syntax; check the manual that corresponds to your MySQL server version for the right syntax to use near 'as nickname)
                                 from room as r 
                ' at line 1
 [ SQL语句 ] : select `r`.`id`,`u`.`nickname`,`u`.`room_id`,GROUP_CONCAT(u.nickname as nickname)
                                 from room as r 
                                 left join room_user as u on  r.id = u.room_id
                                 where r.is_del = 0
                                 

[ 2018-12-14T12:47:36+08:00 ] 127.0.0.1 /index.php/Admin/Challenge/index
INFO: [ app_init ] --START--
INFO: Run Behavior\BuildLiteBehavior [ RunTime:0.000005s ]
INFO: [ app_init ] --END-- [ RunTime:0.000313s ]
INFO: [ app_begin ] --START--
INFO: Run Behavior\ReadHtmlCacheBehavior [ RunTime:0.000396s ]
INFO: [ app_begin ] --END-- [ RunTime:0.000415s ]
SQL: SHOW COLUMNS FROM `room` [ RunTime:0.0039s ]
SQL: select `r`.`id`,`u`.`nickname`,`u`.`room_id`,GROUP_CONCAT(u.nickname)
                                 from room as r 
                                 left join room_user as u on  r.id = u.room_id
                                 where r.is_del = 0
                                  [ RunTime:0.0004s ]

[ 2018-12-14T12:47:58+08:00 ] 127.0.0.1 /index.php/Admin/Challenge/index
INFO: [ app_init ] --START--
INFO: Run Behavior\BuildLiteBehavior [ RunTime:0.000004s ]
INFO: [ app_init ] --END-- [ RunTime:0.000289s ]
INFO: [ app_begin ] --START--
INFO: Run Behavior\ReadHtmlCacheBehavior [ RunTime:0.000357s ]
INFO: [ app_begin ] --END-- [ RunTime:0.000373s ]
SQL: SHOW COLUMNS FROM `room` [ RunTime:0.0039s ]
SQL: select `r`.`id`,`u`.`nickname`,`u`.`room_id`,GROUP_CONCAT(u.nickname)as nickname
                                 from room as r 
                                 left join room_user as u on  r.id = u.room_id
                                 where r.is_del = 0
                                  [ RunTime:0.0004s ]

[ 2018-12-14T14:17:06+08:00 ] 127.0.0.1 /index.php/Admin/Challenge/index
INFO: [ app_init ] --START--
INFO: Run Behavior\BuildLiteBehavior [ RunTime:0.000004s ]
INFO: [ app_init ] --END-- [ RunTime:0.000306s ]
INFO: [ app_begin ] --START--
INFO: Run Behavior\ReadHtmlCacheBehavior [ RunTime:0.000356s ]
INFO: [ app_begin ] --END-- [ RunTime:0.000372s ]
SQL: SHOW COLUMNS FROM `room` [ RunTime:0.0055s ]
SQL: select `r`.`id`,`u`.`nickname`,`u`.`room_id`,GROUP_CONCAT(u.nickname)as nickname
                                 from room as r 
                                 left join room_user as u on  r.id = u.room_id
                                 where r.is_del = 0
                                  [ RunTime:0.0020s ]

[ 2018-12-14T14:18:23+08:00 ] 127.0.0.1 /index.php/Admin/Challenge/index
INFO: [ app_init ] --START--
INFO: Run Behavior\BuildLiteBehavior [ RunTime:0.000005s ]
INFO: [ app_init ] --END-- [ RunTime:0.000267s ]
INFO: [ app_begin ] --START--
INFO: Run Behavior\ReadHtmlCacheBehavior [ RunTime:0.000367s ]
INFO: [ app_begin ] --END-- [ RunTime:0.000383s ]
ERR: Call to undefined function Admin\Controller\len()

[ 2018-12-14T14:18:29+08:00 ] 127.0.0.1 /index.php/Admin/Challenge/index
INFO: [ app_init ] --START--
INFO: Run Behavior\BuildLiteBehavior [ RunTime:0.000004s ]
INFO: [ app_init ] --END-- [ RunTime:0.000235s ]
INFO: [ app_begin ] --START--
INFO: Run Behavior\ReadHtmlCacheBehavior [ RunTime:0.000314s ]
INFO: [ app_begin ] --END-- [ RunTime:0.000330s ]
SQL: SHOW COLUMNS FROM `room` [ RunTime:0.0043s ]
SQL: select `r`.`id`,`u`.`nickname`,`u`.`room_id`,GROUP_CONCAT(u.nickname)as nickname
                                 from room as r 
                                 left join room_user as u on  r.id = u.room_id
                                 where r.is_del = 0
                                  [ RunTime:0.0004s ]

[ 2018-12-14T14:18:36+08:00 ] 127.0.0.1 /index.php/Admin/Challenge/index
INFO: [ app_init ] --START--
INFO: Run Behavior\BuildLiteBehavior [ RunTime:0.000005s ]
INFO: [ app_init ] --END-- [ RunTime:0.000326s ]
INFO: [ app_begin ] --START--
INFO: Run Behavior\ReadHtmlCacheBehavior [ RunTime:0.000339s ]
INFO: [ app_begin ] --END-- [ RunTime:0.000373s ]
SQL: SHOW COLUMNS FROM `room` [ RunTime:0.0045s ]
SQL: select `r`.`id`,`u`.`nickname`,`u`.`room_id`,GROUP_CONCAT(u.nickname)as nickname
                                 from room as r 
                                 left join room_user as u on  r.id = u.room_id
                                 where r.is_del = 0
                                  [ RunTime:0.0004s ]

[ 2018-12-14T14:18:49+08:00 ] 127.0.0.1 /index.php/Admin/Challenge/index
INFO: [ app_init ] --START--
INFO: Run Behavior\BuildLiteBehavior [ RunTime:0.000004s ]
INFO: [ app_init ] --END-- [ RunTime:0.000251s ]
INFO: [ app_begin ] --START--
INFO: Run Behavior\ReadHtmlCacheBehavior [ RunTime:0.000324s ]
INFO: [ app_begin ] --END-- [ RunTime:0.000339s ]
SQL: SHOW COLUMNS FROM `room` [ RunTime:0.0039s ]
SQL: select `r`.`id`,`u`.`nickname`,`u`.`room_id`,GROUP_CONCAT(u.nickname)as nickname
                                 from room as r 
                                 left join room_user as u on  r.id = u.room_id
                                 where r.is_del = 0
                                  [ RunTime:0.0003s ]

[ 2018-12-14T14:19:21+08:00 ] 127.0.0.1 /index.php/Admin/Challenge/index
INFO: [ app_init ] --START--
INFO: Run Behavior\BuildLiteBehavior [ RunTime:0.000004s ]
INFO: [ app_init ] --END-- [ RunTime:0.000287s ]
INFO: [ app_begin ] --START--
INFO: Run Behavior\ReadHtmlCacheBehavior [ RunTime:0.000329s ]
INFO: [ app_begin ] --END-- [ RunTime:0.000345s ]
SQL: SHOW COLUMNS FROM `room` [ RunTime:0.0040s ]
SQL: select `r`.`id`,`u`.`nickname`,`u`.`room_id`,GROUP_CONCAT(u.nickname)as nickname
                                 from room as r 
                                 left join room_user as u on  r.id = u.room_id
                                 where r.is_del = 0
                                  [ RunTime:0.0004s ]

[ 2018-12-14T14:19:27+08:00 ] 127.0.0.1 /index.php/Admin/Challenge/index
INFO: [ app_init ] --START--
INFO: Run Behavior\BuildLiteBehavior [ RunTime:0.000005s ]
INFO: [ app_init ] --END-- [ RunTime:0.000245s ]
INFO: [ app_begin ] --START--
INFO: Run Behavior\ReadHtmlCacheBehavior [ RunTime:0.000292s ]
INFO: [ app_begin ] --END-- [ RunTime:0.000308s ]
SQL: SHOW COLUMNS FROM `room` [ RunTime:0.0046s ]
SQL: select `r`.`id`,`u`.`nickname`,`u`.`room_id`,GROUP_CONCAT(u.nickname)as nickname
                                 from room as r 
                                 left join room_user as u on  r.id = u.room_id
                                 where r.is_del = 0
                                  [ RunTime:0.0003s ]

[ 2018-12-14T14:19:46+08:00 ] 127.0.0.1 /index.php/Admin/Challenge/index
INFO: [ app_init ] --START--
INFO: Run Behavior\BuildLiteBehavior [ RunTime:0.000004s ]
INFO: [ app_init ] --END-- [ RunTime:0.000277s ]
INFO: [ app_begin ] --START--
INFO: Run Behavior\ReadHtmlCacheBehavior [ RunTime:0.000382s ]
INFO: [ app_begin ] --END-- [ RunTime:0.000398s ]
SQL: SHOW COLUMNS FROM `room` [ RunTime:0.0043s ]
SQL: select `r`.`id`,`u`.`nickname`,`u`.`room_id`,GROUP_CONCAT(u.nickname)as nickname
                                 from room as r 
                                 left join room_user as u on  r.id = u.room_id
                                 where r.is_del = 0
                                  [ RunTime:0.0004s ]

[ 2018-12-14T14:21:44+08:00 ] 127.0.0.1 /index.php/Admin/Challenge/index
INFO: [ app_init ] --START--
INFO: Run Behavior\BuildLiteBehavior [ RunTime:0.000006s ]
INFO: [ app_init ] --END-- [ RunTime:0.000484s ]
INFO: [ app_begin ] --START--
INFO: Run Behavior\ReadHtmlCacheBehavior [ RunTime:0.000336s ]
INFO: [ app_begin ] --END-- [ RunTime:0.000353s ]
NOTIC: [2] explode() expects parameter 2 to be string, object given D:\tp3.2\Application\Admin\Controller\ChallengeController.class.php 第 22 行.
SQL: SHOW COLUMNS FROM `room` [ RunTime:0.0044s ]
SQL: select `r`.`id`,`u`.`nickname`,`u`.`room_id`,GROUP_CONCAT(u.nickname)as nickname
                                 from room as r 
                                 left join room_user as u on  r.id = u.room_id
                                 where r.is_del = 0
                                  [ RunTime:0.0003s ]

[ 2018-12-14T14:21:57+08:00 ] 127.0.0.1 /index.php/Admin/Challenge/index
INFO: [ app_init ] --START--
INFO: Run Behavior\BuildLiteBehavior [ RunTime:0.000005s ]
INFO: [ app_init ] --END-- [ RunTime:0.000273s ]
INFO: [ app_begin ] --START--
INFO: Run Behavior\ReadHtmlCacheBehavior [ RunTime:0.000357s ]
INFO: [ app_begin ] --END-- [ RunTime:0.000374s ]
SQL: SHOW COLUMNS FROM `room` [ RunTime:0.0040s ]
SQL: select `r`.`id`,`u`.`nickname`,`u`.`room_id`,GROUP_CONCAT(u.nickname)as nickname
                                 from room as r 
                                 left join room_user as u on  r.id = u.room_id
                                 where r.is_del = 0
                                  [ RunTime:0.0004s ]

[ 2018-12-14T14:55:12+08:00 ] 127.0.0.1 /index.php/Admin/Challenge/index
INFO: [ app_init ] --START--
INFO: Run Behavior\BuildLiteBehavior [ RunTime:0.000005s ]
INFO: [ app_init ] --END-- [ RunTime:0.000334s ]
INFO: [ app_begin ] --START--
INFO: Run Behavior\ReadHtmlCacheBehavior [ RunTime:0.000421s ]
INFO: [ app_begin ] --END-- [ RunTime:0.000438s ]
ERR: Think\Controller:ext_json_decode方法不存在！

[ 2018-12-14T14:55:21+08:00 ] 127.0.0.1 /index.php/Admin/Challenge/index
INFO: [ app_init ] --START--
INFO: Run Behavior\BuildLiteBehavior [ RunTime:0.000005s ]
INFO: [ app_init ] --END-- [ RunTime:0.000292s ]
INFO: [ app_begin ] --START--
INFO: Run Behavior\ReadHtmlCacheBehavior [ RunTime:0.000347s ]
INFO: [ app_begin ] --END-- [ RunTime:0.000363s ]
SQL: SHOW COLUMNS FROM `room` [ RunTime:0.0044s ]
SQL: select `r`.`id`,`u`.`nickname`,`u`.`room_id`,GROUP_CONCAT(u.nickname)as nickname
                                 from room as r 
                                 left join room_user as u on  r.id = u.room_id
                                 where r.is_del = 0
                                  [ RunTime:0.0010s ]

[ 2018-12-14T16:42:12+08:00 ] 127.0.0.1 /index.php/Admin/Challenge/index
INFO: [ app_init ] --START--
INFO: Run Behavior\BuildLiteBehavior [ RunTime:0.000008s ]
INFO: [ app_init ] --END-- [ RunTime:0.000457s ]
INFO: [ app_begin ] --START--
INFO: Run Behavior\ReadHtmlCacheBehavior [ RunTime:0.000431s ]
INFO: [ app_begin ] --END-- [ RunTime:0.000458s ]
SQL: SHOW COLUMNS FROM `room` [ RunTime:0.0075s ]
SQL: select `r`.`id`,`u`.`nickname`,`u`.`room_id`,GROUP_CONCAT(u.nickname)as nickname
                                 from room as r 
                                 left join room_user as u on  r.id = u.room_id
                                 where r.is_del = 0
                                  [ RunTime:0.0015s ]

[ 2018-12-14T16:42:12+08:00 ] 127.0.0.1 /index.php/Admin/Challenge/index
INFO: [ app_init ] --START--
INFO: Run Behavior\BuildLiteBehavior [ RunTime:0.000008s ]
INFO: [ app_init ] --END-- [ RunTime:0.000301s ]
INFO: [ app_begin ] --START--
INFO: Run Behavior\ReadHtmlCacheBehavior [ RunTime:0.000409s ]
INFO: [ app_begin ] --END-- [ RunTime:0.000434s ]
SQL: SHOW COLUMNS FROM `room` [ RunTime:0.0048s ]
SQL: select `r`.`id`,`u`.`nickname`,`u`.`room_id`,GROUP_CONCAT(u.nickname)as nickname
                                 from room as r 
                                 left join room_user as u on  r.id = u.room_id
                                 where r.is_del = 0
                                  [ RunTime:0.0004s ]

[ 2018-12-14T16:42:13+08:00 ] 127.0.0.1 /index.php/Admin/Challenge/index
INFO: [ app_init ] --START--
INFO: Run Behavior\BuildLiteBehavior [ RunTime:0.000008s ]
INFO: [ app_init ] --END-- [ RunTime:0.000255s ]
INFO: [ app_begin ] --START--
INFO: Run Behavior\ReadHtmlCacheBehavior [ RunTime:0.000344s ]
INFO: [ app_begin ] --END-- [ RunTime:0.000362s ]
SQL: SHOW COLUMNS FROM `room` [ RunTime:0.0043s ]
SQL: select `r`.`id`,`u`.`nickname`,`u`.`room_id`,GROUP_CONCAT(u.nickname)as nickname
                                 from room as r 
                                 left join room_user as u on  r.id = u.room_id
                                 where r.is_del = 0
                                  [ RunTime:0.0004s ]

[ 2018-12-14T17:40:05+08:00 ] 127.0.0.1 /index.php/Admin/Challenge/index
INFO: [ app_init ] --START--
INFO: Run Behavior\BuildLiteBehavior [ RunTime:0.000004s ]
INFO: [ app_init ] --END-- [ RunTime:0.000331s ]
INFO: [ app_begin ] --START--
INFO: Run Behavior\ReadHtmlCacheBehavior [ RunTime:0.000352s ]
INFO: [ app_begin ] --END-- [ RunTime:0.000369s ]
SQL: SHOW COLUMNS FROM `room` [ RunTime:0.0049s ]
SQL: select `r`.`id`,`u`.`nickname`,`u`.`room_id`,GROUP_CONCAT(u.nickname)as nickname
                                 from room as r 
                                 left join room_user as u on  r.id = u.room_id
                                 where r.is_del = 0
                                  [ RunTime:0.0010s ]

[ 2018-12-14T17:40:06+08:00 ] 127.0.0.1 /index.php/Admin/Challenge/index
INFO: [ app_init ] --START--
INFO: Run Behavior\BuildLiteBehavior [ RunTime:0.000004s ]
INFO: [ app_init ] --END-- [ RunTime:0.000265s ]
INFO: [ app_begin ] --START--
INFO: Run Behavior\ReadHtmlCacheBehavior [ RunTime:0.000325s ]
INFO: [ app_begin ] --END-- [ RunTime:0.000341s ]
SQL: SHOW COLUMNS FROM `room` [ RunTime:0.0038s ]
SQL: select `r`.`id`,`u`.`nickname`,`u`.`room_id`,GROUP_CONCAT(u.nickname)as nickname
                                 from room as r 
                                 left join room_user as u on  r.id = u.room_id
                                 where r.is_del = 0
                                  [ RunTime:0.0003s ]

[ 2018-12-14T18:53:39+08:00 ] 127.0.0.1 /index.php/Admin/Challenge/index
INFO: [ app_init ] --START--
INFO: Run Behavior\BuildLiteBehavior [ RunTime:0.000003s ]
INFO: [ app_init ] --END-- [ RunTime:0.000276s ]
INFO: [ app_begin ] --START--
INFO: Run Behavior\ReadHtmlCacheBehavior [ RunTime:0.000384s ]
INFO: [ app_begin ] --END-- [ RunTime:0.000401s ]
SQL: SHOW COLUMNS FROM `room` [ RunTime:0.0045s ]
SQL: select `r`.`id`,`u`.`nickname`,`u`.`room_id`,GROUP_CONCAT(u.nickname)as nickname
                                 from room as r 
                                 left join room_user as u on  r.id = u.room_id
                                 where r.is_del = 0
                                  [ RunTime:0.0009s ]

