[ 2019-01-02T10:06:47+08:00 ] 192.168.6.167 /index.php/Admin/Topic/index
INFO: [ app_init ] --START--
INFO: Run Behavior\BuildLiteBehavior [ RunTime:0.000005s ]
INFO: [ app_init ] --END-- [ RunTime:0.000789s ]
INFO: [ app_begin ] --START--
INFO: Run Behavior\ReadHtmlCacheBehavior [ RunTime:0.001028s ]
INFO: [ app_begin ] --END-- [ RunTime:0.001048s ]
SQL: SHOW COLUMNS FROM `topic` [ RunTime:0.0065s ]
SQL: SELECT COUNT(*) AS tp_count FROM `topic` LIMIT 1   [ RunTime:0.0002s ]
SQL: SELECT * FROM `topic` ORDER BY id desc LIMIT 0,10   [ RunTime:0.0003s ]
INFO: [ view_parse ] --START--
INFO: [ template_filter ] --START--
INFO: Run Behavior\ContentReplaceBehavior [ RunTime:0.002169s ]
INFO: [ template_filter ] --END-- [ RunTime:0.002188s ]
INFO: Run Behavior\ParseTemplateBehavior [ RunTime:0.010982s ]
INFO: [ view_parse ] --END-- [ RunTime:0.010999s ]
INFO: [ view_filter ] --START--
INFO: Run Behavior\WriteHtmlCacheBehavior [ RunTime:0.001388s ]
INFO: [ view_filter ] --END-- [ RunTime:0.001402s ]
INFO: [ app_end ] --START--
INFO: Run Behavior\ShowPageTraceBehavior [ RunTime:0.001044s ]
INFO: [ app_end ] --END-- [ RunTime:0.001059s ]

[ 2019-01-02T10:06:49+08:00 ] 192.168.6.167 /index.php/Admin/Topic/index
INFO: [ app_init ] --START--
INFO: Run Behavior\BuildLiteBehavior [ RunTime:0.000006s ]
INFO: [ app_init ] --END-- [ RunTime:0.000463s ]
INFO: [ app_begin ] --START--
INFO: Run Behavior\ReadHtmlCacheBehavior [ RunTime:0.000476s ]
INFO: [ app_begin ] --END-- [ RunTime:0.000496s ]
SQL: SHOW COLUMNS FROM `topic` [ RunTime:0.0035s ]
SQL: SELECT COUNT(*) AS tp_count FROM `topic` LIMIT 1   [ RunTime:0.0002s ]
SQL: SELECT * FROM `topic` ORDER BY id desc LIMIT 0,10   [ RunTime:0.0002s ]
INFO: [ view_parse ] --START--
INFO: [ template_filter ] --START--
INFO: Run Behavior\ContentReplaceBehavior [ RunTime:0.000024s ]
INFO: [ template_filter ] --END-- [ RunTime:0.000038s ]
INFO: Run Behavior\ParseTemplateBehavior [ RunTime:0.003389s ]
INFO: [ view_parse ] --END-- [ RunTime:0.003405s ]
INFO: [ view_filter ] --START--
INFO: Run Behavior\WriteHtmlCacheBehavior [ RunTime:0.000279s ]
INFO: [ view_filter ] --END-- [ RunTime:0.000293s ]
INFO: [ app_end ] --START--
INFO: Run Behavior\ShowPageTraceBehavior [ RunTime:0.000398s ]
INFO: [ app_end ] --END-- [ RunTime:0.000413s ]

[ 2019-01-02T10:06:49+08:00 ] 192.168.6.167 /index.php/Admin/Challenge/complain
INFO: [ app_init ] --START--
INFO: Run Behavior\BuildLiteBehavior [ RunTime:0.000004s ]
INFO: [ app_init ] --END-- [ RunTime:0.001286s ]
INFO: [ app_begin ] --START--
INFO: Run Behavior\ReadHtmlCacheBehavior [ RunTime:0.000377s ]
INFO: [ app_begin ] --END-- [ RunTime:0.000392s ]
SQL: SHOW COLUMNS FROM `complain` [ RunTime:0.0071s ]
SQL: SELECT COUNT(*) AS tp_count FROM `complain` LIMIT 1   [ RunTime:0.0002s ]
SQL: SELECT * FROM `complain` ORDER BY complain_time desc LIMIT 0,10   [ RunTime:0.0008s ]
INFO: [ view_parse ] --START--
INFO: [ template_filter ] --START--
INFO: Run Behavior\ContentReplaceBehavior [ RunTime:0.000032s ]
INFO: [ template_filter ] --END-- [ RunTime:0.000051s ]
INFO: Run Behavior\ParseTemplateBehavior [ RunTime:0.005919s ]
INFO: [ view_parse ] --END-- [ RunTime:0.005938s ]
INFO: [ view_filter ] --START--
INFO: Run Behavior\WriteHtmlCacheBehavior [ RunTime:0.000276s ]
INFO: [ view_filter ] --END-- [ RunTime:0.000290s ]
INFO: [ app_end ] --START--
INFO: Run Behavior\ShowPageTraceBehavior [ RunTime:0.000426s ]
INFO: [ app_end ] --END-- [ RunTime:0.000440s ]

[ 2019-01-02T10:06:49+08:00 ] 192.168.6.167 /index.php/Admin/Challenge/public/Uploads/2018-12-20/5c1b1590b71ad.png
INFO: [ app_init ] --START--
INFO: Run Behavior\BuildLiteBehavior [ RunTime:0.000006s ]
INFO: [ app_init ] --END-- [ RunTime:0.000316s ]

[ 2019-01-02T10:06:49+08:00 ] 192.168.6.167 /index.php/Admin/Challenge/public/Uploads/2018-12-19/5c19fd08e3043.png
INFO: [ app_init ] --START--
INFO: Run Behavior\BuildLiteBehavior [ RunTime:0.000006s ]
INFO: [ app_init ] --END-- [ RunTime:0.000288s ]

[ 2019-01-02T10:06:49+08:00 ] 192.168.6.167 /index.php/Admin/Challenge/2
INFO: [ app_init ] --START--
INFO: Run Behavior\BuildLiteBehavior [ RunTime:0.000006s ]
INFO: [ app_init ] --END-- [ RunTime:0.000298s ]
INFO: [ app_begin ] --START--
INFO: Run Behavior\ReadHtmlCacheBehavior [ RunTime:0.000516s ]
INFO: [ app_begin ] --END-- [ RunTime:0.000543s ]
ERR: 非法操作:2

[ 2019-01-02T10:06:49+08:00 ] 192.168.6.167 /index.php/Admin/Challenge/222
INFO: [ app_init ] --START--
INFO: Run Behavior\BuildLiteBehavior [ RunTime:0.000005s ]
INFO: [ app_init ] --END-- [ RunTime:0.000319s ]
INFO: [ app_begin ] --START--
INFO: Run Behavior\ReadHtmlCacheBehavior [ RunTime:0.000355s ]
INFO: [ app_begin ] --END-- [ RunTime:0.000372s ]
ERR: 非法操作:222

[ 2019-01-02T10:06:49+08:00 ] 192.168.6.167 /index.php/Admin/Challenge/public/Uploads/2018-12-19/5c19fcb83c0cd.png
INFO: [ app_init ] --START--
INFO: Run Behavior\BuildLiteBehavior [ RunTime:0.000006s ]
INFO: [ app_init ] --END-- [ RunTime:0.000245s ]

[ 2019-01-02T10:06:49+08:00 ] 192.168.6.167 /index.php/Admin/Challenge/public/Uploads/2018-12-19/5c19fcb83ecae.png
INFO: [ app_init ] --START--
INFO: Run Behavior\BuildLiteBehavior [ RunTime:0.000004s ]
INFO: [ app_init ] --END-- [ RunTime:0.000228s ]

[ 2019-01-02T10:06:49+08:00 ] 192.168.6.167 /index.php/Admin/Challenge/public/Uploads/2018-12-19/5c19fcb83c423.png
INFO: [ app_init ] --START--
INFO: Run Behavior\BuildLiteBehavior [ RunTime:0.000005s ]
INFO: [ app_init ] --END-- [ RunTime:0.000238s ]

[ 2019-01-02T10:06:50+08:00 ] 192.168.6.167 /index.php/Admin/Challenge/2018-12-18%2017:27:23
INFO: [ app_init ] --START--
INFO: Run Behavior\BuildLiteBehavior [ RunTime:0.000004s ]
INFO: [ app_init ] --END-- [ RunTime:0.000225s ]
INFO: [ app_begin ] --START--
INFO: Run Behavior\ReadHtmlCacheBehavior [ RunTime:0.000303s ]
INFO: [ app_begin ] --END-- [ RunTime:0.000318s ]
ERR: 非法操作:2018-12-18 17:27:23

[ 2019-01-02T10:06:50+08:00 ] 192.168.6.167 /index.php/Admin/Challenge/111
INFO: [ app_init ] --START--
INFO: Run Behavior\BuildLiteBehavior [ RunTime:0.000004s ]
INFO: [ app_init ] --END-- [ RunTime:0.000226s ]
INFO: [ app_begin ] --START--
INFO: Run Behavior\ReadHtmlCacheBehavior [ RunTime:0.000304s ]
INFO: [ app_begin ] --END-- [ RunTime:0.000320s ]
ERR: 非法操作:111

[ 2019-01-02T10:06:50+08:00 ] 192.168.6.167 /index.php/Admin/Challenge/index
INFO: [ app_init ] --START--
INFO: Run Behavior\BuildLiteBehavior [ RunTime:0.000004s ]
INFO: [ app_init ] --END-- [ RunTime:0.000288s ]
INFO: [ app_begin ] --START--
INFO: Run Behavior\ReadHtmlCacheBehavior [ RunTime:0.000366s ]
INFO: [ app_begin ] --END-- [ RunTime:0.000382s ]
SQL: SHOW COLUMNS FROM `room` [ RunTime:0.0080s ]
SQL: SHOW COLUMNS FROM `room` [ RunTime:0.0037s ]
NOTIC: [8] Undefined variable: where D:\tp3.2\Application\Admin\Controller\ChallengeController.class.php 第 34 行.
NOTIC: [8] Undefined variable: order D:\tp3.2\Application\Admin\Controller\ChallengeController.class.php 第 35 行.
SQL: SELECT COUNT(*) AS tp_count FROM room r left join room_user as ru on r.id = ru.room_id left join user as us on ru.openid = us.openid  LIMIT 1   [ RunTime:0.0064s ]
NOTIC: [8] Undefined variable: where D:\tp3.2\Application\Admin\Controller\ChallengeController.class.php 第 45 行.
SQL: SELECT r.id,r.create_time,r.status,r.type,r.status,r.failcause,us.nickname FROM room r left join room_user as ru on r.id = ru.room_id left join user as us on ru.openid = us.openid  ORDER BY r.id desc LIMIT 0,10   [ RunTime:0.0005s ]
INFO: [ view_parse ] --START--
INFO: [ template_filter ] --START--
INFO: Run Behavior\ContentReplaceBehavior [ RunTime:0.000027s ]
INFO: [ template_filter ] --END-- [ RunTime:0.000041s ]
INFO: Run Behavior\ParseTemplateBehavior [ RunTime:0.004338s ]
INFO: [ view_parse ] --END-- [ RunTime:0.004356s ]
INFO: [ view_filter ] --START--
INFO: Run Behavior\WriteHtmlCacheBehavior [ RunTime:0.000273s ]
INFO: [ view_filter ] --END-- [ RunTime:0.000287s ]
INFO: [ app_end ] --START--
INFO: Run Behavior\ShowPageTraceBehavior [ RunTime:0.000406s ]
INFO: [ app_end ] --END-- [ RunTime:0.000421s ]

[ 2019-01-02T10:06:50+08:00 ] 192.168.6.167 /index.php/Admin/Challenge/public/Uploads/2018-12-19/5c1a4d9096c65.png
INFO: [ app_init ] --START--
INFO: Run Behavior\BuildLiteBehavior [ RunTime:0.000005s ]
INFO: [ app_init ] --END-- [ RunTime:0.000365s ]

[ 2019-01-02T10:06:50+08:00 ] 192.168.6.167 /index.php/Admin/Challenge/public/Uploads/2018-12-19/5c1a4d865835d.png
INFO: [ app_init ] --START--
INFO: Run Behavior\BuildLiteBehavior [ RunTime:0.000004s ]
INFO: [ app_init ] --END-- [ RunTime:0.000366s ]

[ 2019-01-02T10:06:50+08:00 ] 192.168.6.167 /index.php/Admin/Challenge/public/Uploads/2018-12-19/5c1a0bf7d2ffb.jpg
INFO: [ app_init ] --START--
INFO: Run Behavior\BuildLiteBehavior [ RunTime:0.000005s ]
INFO: [ app_init ] --END-- [ RunTime:0.000481s ]

[ 2019-01-02T10:06:50+08:00 ] 192.168.6.167 /index.php/Admin/Challenge/public/Uploads/2018-12-19/5c19fd08e0b3c.png
INFO: [ app_init ] --START--
INFO: Run Behavior\BuildLiteBehavior [ RunTime:0.000004s ]
INFO: [ app_init ] --END-- [ RunTime:0.000247s ]

[ 2019-01-02T10:06:50+08:00 ] 192.168.6.167 /index.php/Admin/Challenge/public/Uploads/2018-12-19/5c19fd08e0e63.png
INFO: [ app_init ] --START--
INFO: Run Behavior\BuildLiteBehavior [ RunTime:0.000004s ]
INFO: [ app_init ] --END-- [ RunTime:0.000275s ]

[ 2019-01-02T10:06:51+08:00 ] 192.168.6.167 /index.php/Admin/Challenge/complain
INFO: [ app_init ] --START--
INFO: Run Behavior\BuildLiteBehavior [ RunTime:0.000004s ]
INFO: [ app_init ] --END-- [ RunTime:0.000275s ]
INFO: [ app_begin ] --START--
INFO: Run Behavior\ReadHtmlCacheBehavior [ RunTime:0.000383s ]
INFO: [ app_begin ] --END-- [ RunTime:0.000402s ]
SQL: SHOW COLUMNS FROM `complain` [ RunTime:0.0039s ]
SQL: SELECT COUNT(*) AS tp_count FROM `complain` LIMIT 1   [ RunTime:0.0002s ]
SQL: SELECT * FROM `complain` ORDER BY complain_time desc LIMIT 0,10   [ RunTime:0.0003s ]
INFO: [ view_parse ] --START--
INFO: [ template_filter ] --START--
INFO: Run Behavior\ContentReplaceBehavior [ RunTime:0.000041s ]
INFO: [ template_filter ] --END-- [ RunTime:0.000056s ]
INFO: Run Behavior\ParseTemplateBehavior [ RunTime:0.004972s ]
INFO: [ view_parse ] --END-- [ RunTime:0.004988s ]
INFO: [ view_filter ] --START--
INFO: Run Behavior\WriteHtmlCacheBehavior [ RunTime:0.000324s ]
INFO: [ view_filter ] --END-- [ RunTime:0.000337s ]
INFO: [ app_end ] --START--
INFO: Run Behavior\ShowPageTraceBehavior [ RunTime:0.000445s ]
INFO: [ app_end ] --END-- [ RunTime:0.000459s ]

[ 2019-01-02T10:06:51+08:00 ] 192.168.6.167 /index.php/Admin/Challenge/public/Uploads/2018-12-20/5c1b1590b71ad.png
INFO: [ app_init ] --START--
INFO: Run Behavior\BuildLiteBehavior [ RunTime:0.000006s ]
INFO: [ app_init ] --END-- [ RunTime:0.000241s ]

[ 2019-01-02T10:06:51+08:00 ] 192.168.6.167 /index.php/Admin/Challenge/public/Uploads/2018-12-19/5c1a4d9096c65.png
INFO: [ app_init ] --START--
INFO: Run Behavior\BuildLiteBehavior [ RunTime:0.000005s ]
INFO: [ app_init ] --END-- [ RunTime:0.000249s ]

[ 2019-01-02T10:06:51+08:00 ] 192.168.6.167 /index.php/Admin/Challenge/public/Uploads/2018-12-19/5c1a4d865835d.png
INFO: [ app_init ] --START--
INFO: Run Behavior\BuildLiteBehavior [ RunTime:0.000006s ]
INFO: [ app_init ] --END-- [ RunTime:0.000249s ]

[ 2019-01-02T10:06:51+08:00 ] 192.168.6.167 /index.php/Admin/Challenge/public/Uploads/2018-12-19/5c19fd08e0b3c.png
INFO: [ app_init ] --START--
INFO: Run Behavior\BuildLiteBehavior [ RunTime:0.000005s ]
INFO: [ app_init ] --END-- [ RunTime:0.000274s ]

[ 2019-01-02T10:06:51+08:00 ] 192.168.6.167 /index.php/Admin/Challenge/public/Uploads/2018-12-19/5c19fd08e3043.png
INFO: [ app_init ] --START--
INFO: Run Behavior\BuildLiteBehavior [ RunTime:0.000007s ]
INFO: [ app_init ] --END-- [ RunTime:0.000415s ]

[ 2019-01-02T10:06:51+08:00 ] 192.168.6.167 /index.php/Admin/Challenge/public/Uploads/2018-12-19/5c19fcb83ecae.png
INFO: [ app_init ] --START--
INFO: Run Behavior\BuildLiteBehavior [ RunTime:0.000005s ]
INFO: [ app_init ] --END-- [ RunTime:0.000291s ]

[ 2019-01-02T10:06:51+08:00 ] 192.168.6.167 /index.php/Admin/Challenge/public/Uploads/2018-12-19/5c19fcb83c0cd.png
INFO: [ app_init ] --START--
INFO: Run Behavior\BuildLiteBehavior [ RunTime:0.000005s ]
INFO: [ app_init ] --END-- [ RunTime:0.000302s ]

[ 2019-01-02T10:06:51+08:00 ] 192.168.6.167 /index.php/Admin/Challenge/public/Uploads/2018-12-19/5c19fcb83c423.png
INFO: [ app_init ] --START--
INFO: Run Behavior\BuildLiteBehavior [ RunTime:0.000006s ]
INFO: [ app_init ] --END-- [ RunTime:0.000290s ]

[ 2019-01-02T10:06:51+08:00 ] 192.168.6.167 /index.php/Admin/Challenge/2
INFO: [ app_init ] --START--
INFO: Run Behavior\BuildLiteBehavior [ RunTime:0.000006s ]
INFO: [ app_init ] --END-- [ RunTime:0.000274s ]
INFO: [ app_begin ] --START--
INFO: Run Behavior\ReadHtmlCacheBehavior [ RunTime:0.000391s ]
INFO: [ app_begin ] --END-- [ RunTime:0.000409s ]
ERR: 非法操作:2

[ 2019-01-02T10:06:51+08:00 ] 192.168.6.167 /index.php/Admin/Challenge/2018-12-18%2017:27:23
INFO: [ app_init ] --START--
INFO: Run Behavior\BuildLiteBehavior [ RunTime:0.000006s ]
INFO: [ app_init ] --END-- [ RunTime:0.000317s ]
INFO: [ app_begin ] --START--
INFO: Run Behavior\ReadHtmlCacheBehavior [ RunTime:0.000417s ]
INFO: [ app_begin ] --END-- [ RunTime:0.000438s ]
ERR: 非法操作:2018-12-18 17:27:23

[ 2019-01-02T10:06:51+08:00 ] 192.168.6.167 /index.php/Admin/Challenge/222
INFO: [ app_init ] --START--
INFO: Run Behavior\BuildLiteBehavior [ RunTime:0.000008s ]
INFO: [ app_init ] --END-- [ RunTime:0.000382s ]
INFO: [ app_begin ] --START--
INFO: Run Behavior\ReadHtmlCacheBehavior [ RunTime:0.000409s ]
INFO: [ app_begin ] --END-- [ RunTime:0.000430s ]
ERR: 非法操作:222

[ 2019-01-02T10:06:51+08:00 ] 192.168.6.167 /index.php/Admin/Challenge/111
INFO: [ app_init ] --START--
INFO: Run Behavior\BuildLiteBehavior [ RunTime:0.000007s ]
INFO: [ app_init ] --END-- [ RunTime:0.000426s ]
INFO: [ app_begin ] --START--
INFO: Run Behavior\ReadHtmlCacheBehavior [ RunTime:0.000439s ]
INFO: [ app_begin ] --END-- [ RunTime:0.000460s ]
ERR: 非法操作:111

[ 2019-01-02T10:06:52+08:00 ] 192.168.6.167 /index.php/Admin/Topic/index
INFO: [ app_init ] --START--
INFO: Run Behavior\BuildLiteBehavior [ RunTime:0.000005s ]
INFO: [ app_init ] --END-- [ RunTime:0.000316s ]
INFO: [ app_begin ] --START--
INFO: Run Behavior\ReadHtmlCacheBehavior [ RunTime:0.000367s ]
INFO: [ app_begin ] --END-- [ RunTime:0.000384s ]
SQL: SHOW COLUMNS FROM `topic` [ RunTime:0.0049s ]
SQL: SELECT COUNT(*) AS tp_count FROM `topic` LIMIT 1   [ RunTime:0.0002s ]
SQL: SELECT * FROM `topic` ORDER BY id desc LIMIT 0,10   [ RunTime:0.0003s ]
INFO: [ view_parse ] --START--
INFO: [ template_filter ] --START--
INFO: Run Behavior\ContentReplaceBehavior [ RunTime:0.000034s ]
INFO: [ template_filter ] --END-- [ RunTime:0.000052s ]
INFO: Run Behavior\ParseTemplateBehavior [ RunTime:0.004795s ]
INFO: [ view_parse ] --END-- [ RunTime:0.004811s ]
INFO: [ view_filter ] --START--
INFO: Run Behavior\WriteHtmlCacheBehavior [ RunTime:0.000307s ]
INFO: [ view_filter ] --END-- [ RunTime:0.000321s ]
INFO: [ app_end ] --START--
INFO: Run Behavior\ShowPageTraceBehavior [ RunTime:0.000424s ]
INFO: [ app_end ] --END-- [ RunTime:0.000438s ]

[ 2019-01-02T10:06:52+08:00 ] 192.168.6.167 /index.php/Admin/Challenge/public/Uploads/2018-12-19/5c19fd08e0e63.png
INFO: [ app_init ] --START--
INFO: Run Behavior\BuildLiteBehavior [ RunTime:0.000005s ]
INFO: [ app_init ] --END-- [ RunTime:0.000299s ]

[ 2019-01-02T10:06:52+08:00 ] 192.168.6.167 /index.php/Admin/Challenge/complain
INFO: [ app_init ] --START--
INFO: Run Behavior\BuildLiteBehavior [ RunTime:0.000004s ]
INFO: [ app_init ] --END-- [ RunTime:0.000273s ]
INFO: [ app_begin ] --START--
INFO: Run Behavior\ReadHtmlCacheBehavior [ RunTime:0.000347s ]
INFO: [ app_begin ] --END-- [ RunTime:0.000363s ]
SQL: SHOW COLUMNS FROM `complain` [ RunTime:0.0037s ]
SQL: SELECT COUNT(*) AS tp_count FROM `complain` LIMIT 1   [ RunTime:0.0002s ]
SQL: SELECT * FROM `complain` ORDER BY complain_time desc LIMIT 0,10   [ RunTime:0.0003s ]
INFO: [ view_parse ] --START--
INFO: [ template_filter ] --START--
INFO: Run Behavior\ContentReplaceBehavior [ RunTime:0.000031s ]
INFO: [ template_filter ] --END-- [ RunTime:0.000048s ]
INFO: Run Behavior\ParseTemplateBehavior [ RunTime:0.004154s ]
INFO: [ view_parse ] --END-- [ RunTime:0.004171s ]
INFO: [ view_filter ] --START--
INFO: Run Behavior\WriteHtmlCacheBehavior [ RunTime:0.000277s ]
INFO: [ view_filter ] --END-- [ RunTime:0.000291s ]
INFO: [ app_end ] --START--
INFO: Run Behavior\ShowPageTraceBehavior [ RunTime:0.000424s ]
INFO: [ app_end ] --END-- [ RunTime:0.000439s ]

[ 2019-01-02T10:06:52+08:00 ] 192.168.6.167 /index.php/Admin/Challenge/public/Uploads/2018-12-19/5c1a4d9096c65.png
INFO: [ app_init ] --START--
INFO: Run Behavior\BuildLiteBehavior [ RunTime:0.000005s ]
INFO: [ app_init ] --END-- [ RunTime:0.000256s ]

[ 2019-01-02T10:06:52+08:00 ] 192.168.6.167 /index.php/Admin/Challenge/public/Uploads/2018-12-19/5c19fd08e0b3c.png
INFO: [ app_init ] --START--
INFO: Run Behavior\BuildLiteBehavior [ RunTime:0.000005s ]
INFO: [ app_init ] --END-- [ RunTime:0.000257s ]

[ 2019-01-02T10:06:52+08:00 ] 192.168.6.167 /index.php/Admin/Challenge/public/Uploads/2018-12-20/5c1b1590b71ad.png
INFO: [ app_init ] --START--
INFO: Run Behavior\BuildLiteBehavior [ RunTime:0.000004s ]
INFO: [ app_init ] --END-- [ RunTime:0.000262s ]

[ 2019-01-02T10:06:52+08:00 ] 192.168.6.167 /index.php/Admin/Challenge/public/Uploads/2018-12-19/5c1a0bf7d2ffb.jpg
INFO: [ app_init ] --START--
INFO: Run Behavior\BuildLiteBehavior [ RunTime:0.000006s ]
INFO: [ app_init ] --END-- [ RunTime:0.000255s ]

[ 2019-01-02T10:06:52+08:00 ] 192.168.6.167 /index.php/Admin/Challenge/public/Uploads/2018-12-19/5c19fd08e3043.png
INFO: [ app_init ] --START--
INFO: Run Behavior\BuildLiteBehavior [ RunTime:0.000006s ]
INFO: [ app_init ] --END-- [ RunTime:0.000274s ]

[ 2019-01-02T10:06:52+08:00 ] 192.168.6.167 /index.php/Admin/Challenge/public/Uploads/2018-12-19/5c19fcb83c423.png
INFO: [ app_init ] --START--
INFO: Run Behavior\BuildLiteBehavior [ RunTime:0.000005s ]
INFO: [ app_init ] --END-- [ RunTime:0.000262s ]

[ 2019-01-02T10:06:53+08:00 ] 192.168.6.167 /index.php/Admin/Challenge/2
INFO: [ app_init ] --START--
INFO: Run Behavior\BuildLiteBehavior [ RunTime:0.000006s ]
INFO: [ app_init ] --END-- [ RunTime:0.000267s ]
INFO: [ app_begin ] --START--
INFO: Run Behavior\ReadHtmlCacheBehavior [ RunTime:0.000371s ]
INFO: [ app_begin ] --END-- [ RunTime:0.000390s ]
ERR: 非法操作:2

[ 2019-01-02T10:06:53+08:00 ] 192.168.6.167 /index.php/Admin/Challenge/public/Uploads/2018-12-19/5c19fcb83c0cd.png
INFO: [ app_init ] --START--
INFO: Run Behavior\BuildLiteBehavior [ RunTime:0.000005s ]
INFO: [ app_init ] --END-- [ RunTime:0.000996s ]

[ 2019-01-02T10:06:53+08:00 ] 192.168.6.167 /index.php/Admin/Challenge/public/Uploads/2018-12-19/5c19fcb83ecae.png
INFO: [ app_init ] --START--
INFO: Run Behavior\BuildLiteBehavior [ RunTime:0.000006s ]
INFO: [ app_init ] --END-- [ RunTime:0.000323s ]

[ 2019-01-02T10:06:53+08:00 ] 192.168.6.167 /index.php/Admin/Challenge/222
INFO: [ app_init ] --START--
INFO: Run Behavior\BuildLiteBehavior [ RunTime:0.000007s ]
INFO: [ app_init ] --END-- [ RunTime:0.000288s ]
INFO: [ app_begin ] --START--
INFO: Run Behavior\ReadHtmlCacheBehavior [ RunTime:0.000473s ]
INFO: [ app_begin ] --END-- [ RunTime:0.000497s ]
ERR: 非法操作:222

[ 2019-01-02T10:06:53+08:00 ] 192.168.6.167 /index.php/Admin/Challenge/2018-12-18%2017:27:23
INFO: [ app_init ] --START--
INFO: Run Behavior\BuildLiteBehavior [ RunTime:0.000005s ]
INFO: [ app_init ] --END-- [ RunTime:0.000363s ]
INFO: [ app_begin ] --START--
INFO: Run Behavior\ReadHtmlCacheBehavior [ RunTime:0.000413s ]
INFO: [ app_begin ] --END-- [ RunTime:0.000439s ]
ERR: 非法操作:2018-12-18 17:27:23

[ 2019-01-02T10:06:53+08:00 ] 192.168.6.167 /index.php/Admin/Challenge/111
INFO: [ app_init ] --START--
INFO: Run Behavior\BuildLiteBehavior [ RunTime:0.000005s ]
INFO: [ app_init ] --END-- [ RunTime:0.000256s ]
INFO: [ app_begin ] --START--
INFO: Run Behavior\ReadHtmlCacheBehavior [ RunTime:0.000365s ]
INFO: [ app_begin ] --END-- [ RunTime:0.000383s ]
ERR: 非法操作:111

[ 2019-01-02T10:06:53+08:00 ] 192.168.6.167 /index.php/Admin/Challenge/complain
INFO: [ app_init ] --START--
INFO: Run Behavior\BuildLiteBehavior [ RunTime:0.000004s ]
INFO: [ app_init ] --END-- [ RunTime:0.000273s ]
INFO: [ app_begin ] --START--
INFO: Run Behavior\ReadHtmlCacheBehavior [ RunTime:0.000356s ]
INFO: [ app_begin ] --END-- [ RunTime:0.000373s ]
SQL: SHOW COLUMNS FROM `complain` [ RunTime:0.0039s ]
SQL: SELECT COUNT(*) AS tp_count FROM `complain` LIMIT 1   [ RunTime:0.0002s ]
SQL: SELECT * FROM `complain` ORDER BY complain_time desc LIMIT 0,10   [ RunTime:0.0003s ]
INFO: [ view_parse ] --START--
INFO: [ template_filter ] --START--
INFO: Run Behavior\ContentReplaceBehavior [ RunTime:0.000039s ]
INFO: [ template_filter ] --END-- [ RunTime:0.000054s ]
INFO: Run Behavior\ParseTemplateBehavior [ RunTime:0.004954s ]
INFO: [ view_parse ] --END-- [ RunTime:0.004969s ]
INFO: [ view_filter ] --START--
INFO: Run Behavior\WriteHtmlCacheBehavior [ RunTime:0.000282s ]
INFO: [ view_filter ] --END-- [ RunTime:0.000295s ]
INFO: [ app_end ] --START--
INFO: Run Behavior\ShowPageTraceBehavior [ RunTime:0.000402s ]
INFO: [ app_end ] --END-- [ RunTime:0.000416s ]

[ 2019-01-02T10:06:53+08:00 ] 192.168.6.167 /index.php/Admin/Challenge/public/Uploads/2018-12-20/5c1b1590b71ad.png
INFO: [ app_init ] --START--
INFO: Run Behavior\BuildLiteBehavior [ RunTime:0.000006s ]
INFO: [ app_init ] --END-- [ RunTime:0.000256s ]

[ 2019-01-02T10:06:53+08:00 ] 192.168.6.167 /index.php/Admin/Challenge/public/Uploads/2018-12-19/5c19fd08e0b3c.png
INFO: [ app_init ] --START--
INFO: Run Behavior\BuildLiteBehavior [ RunTime:0.000006s ]
INFO: [ app_init ] --END-- [ RunTime:0.000277s ]

[ 2019-01-02T10:06:53+08:00 ] 192.168.6.167 /index.php/Admin/Challenge/public/Uploads/2018-12-19/5c1a0bf7d2ffb.jpg
INFO: [ app_init ] --START--
INFO: Run Behavior\BuildLiteBehavior [ RunTime:0.000005s ]
INFO: [ app_init ] --END-- [ RunTime:0.000337s ]

[ 2019-01-02T10:06:53+08:00 ] 192.168.6.167 /index.php/Admin/Challenge/public/Uploads/2018-12-19/5c1a4d865835d.png
INFO: [ app_init ] --START--
INFO: Run Behavior\BuildLiteBehavior [ RunTime:0.000005s ]
INFO: [ app_init ] --END-- [ RunTime:0.000285s ]

[ 2019-01-02T10:06:53+08:00 ] 192.168.6.167 /index.php/Admin/Challenge/public/Uploads/2018-12-19/5c19fd08e3043.png
INFO: [ app_init ] --START--
INFO: Run Behavior\BuildLiteBehavior [ RunTime:0.000006s ]
INFO: [ app_init ] --END-- [ RunTime:0.000275s ]

[ 2019-01-02T10:06:53+08:00 ] 192.168.6.167 /index.php/Admin/Challenge/public/Uploads/2018-12-19/5c19fcb83c423.png
INFO: [ app_init ] --START--
INFO: Run Behavior\BuildLiteBehavior [ RunTime:0.000006s ]
INFO: [ app_init ] --END-- [ RunTime:0.000254s ]

[ 2019-01-02T10:06:53+08:00 ] 192.168.6.167 /index.php/Admin/Challenge/public/Uploads/2018-12-19/5c19fcb83c0cd.png
INFO: [ app_init ] --START--
INFO: Run Behavior\BuildLiteBehavior [ RunTime:0.000005s ]
INFO: [ app_init ] --END-- [ RunTime:0.000312s ]

[ 2019-01-02T10:06:53+08:00 ] 192.168.6.167 /index.php/Admin/Challenge/public/Uploads/2018-12-19/5c19fcb83ecae.png
INFO: [ app_init ] --START--
INFO: Run Behavior\BuildLiteBehavior [ RunTime:0.000006s ]
INFO: [ app_init ] --END-- [ RunTime:0.000266s ]

[ 2019-01-02T10:06:53+08:00 ] 192.168.6.167 /index.php/Admin/Challenge/2
INFO: [ app_init ] --START--
INFO: Run Behavior\BuildLiteBehavior [ RunTime:0.000007s ]
INFO: [ app_init ] --END-- [ RunTime:0.000293s ]
INFO: [ app_begin ] --START--
INFO: Run Behavior\ReadHtmlCacheBehavior [ RunTime:0.001302s ]
INFO: [ app_begin ] --END-- [ RunTime:0.001331s ]
ERR: 非法操作:2

[ 2019-01-02T10:06:53+08:00 ] 192.168.6.167 /index.php/Admin/Challenge/222
INFO: [ app_init ] --START--
INFO: Run Behavior\BuildLiteBehavior [ RunTime:0.000005s ]
INFO: [ app_init ] --END-- [ RunTime:0.000273s ]
INFO: [ app_begin ] --START--
INFO: Run Behavior\ReadHtmlCacheBehavior [ RunTime:0.000361s ]
INFO: [ app_begin ] --END-- [ RunTime:0.000386s ]
ERR: 非法操作:222

[ 2019-01-02T10:06:53+08:00 ] 192.168.6.167 /index.php/Admin/Challenge/111
INFO: [ app_init ] --START--
INFO: Run Behavior\BuildLiteBehavior [ RunTime:0.000005s ]
INFO: [ app_init ] --END-- [ RunTime:0.000277s ]
INFO: [ app_begin ] --START--
INFO: Run Behavior\ReadHtmlCacheBehavior [ RunTime:0.000396s ]
INFO: [ app_begin ] --END-- [ RunTime:0.000415s ]
ERR: 非法操作:111

[ 2019-01-02T10:06:53+08:00 ] 192.168.6.167 /index.php/Admin/Challenge/2018-12-18%2017:27:23
INFO: [ app_init ] --START--
INFO: Run Behavior\BuildLiteBehavior [ RunTime:0.000005s ]
INFO: [ app_init ] --END-- [ RunTime:0.000347s ]
INFO: [ app_begin ] --START--
INFO: Run Behavior\ReadHtmlCacheBehavior [ RunTime:0.000462s ]
INFO: [ app_begin ] --END-- [ RunTime:0.000489s ]
ERR: 非法操作:2018-12-18 17:27:23

[ 2019-01-02T10:06:53+08:00 ] 192.168.6.167 /index.php/Admin/Challenge/public/Uploads/2018-12-19/5c19fd08e0e63.png
INFO: [ app_init ] --START--
INFO: Run Behavior\BuildLiteBehavior [ RunTime:0.000004s ]
INFO: [ app_init ] --END-- [ RunTime:0.000291s ]

[ 2019-01-02T10:06:54+08:00 ] 192.168.6.167 /index.php/Admin/Challenge/index
INFO: [ app_init ] --START--
INFO: Run Behavior\BuildLiteBehavior [ RunTime:0.000004s ]
INFO: [ app_init ] --END-- [ RunTime:0.000291s ]
INFO: [ app_begin ] --START--
INFO: Run Behavior\ReadHtmlCacheBehavior [ RunTime:0.000357s ]
INFO: [ app_begin ] --END-- [ RunTime:0.000373s ]
SQL: SHOW COLUMNS FROM `room` [ RunTime:0.0046s ]
SQL: SHOW COLUMNS FROM `room` [ RunTime:0.0035s ]
NOTIC: [8] Undefined variable: where D:\tp3.2\Application\Admin\Controller\ChallengeController.class.php 第 34 行.
NOTIC: [8] Undefined variable: order D:\tp3.2\Application\Admin\Controller\ChallengeController.class.php 第 35 行.
SQL: SELECT COUNT(*) AS tp_count FROM room r left join room_user as ru on r.id = ru.room_id left join user as us on ru.openid = us.openid  LIMIT 1   [ RunTime:0.0002s ]
NOTIC: [8] Undefined variable: where D:\tp3.2\Application\Admin\Controller\ChallengeController.class.php 第 45 行.
SQL: SELECT r.id,r.create_time,r.status,r.type,r.status,r.failcause,us.nickname FROM room r left join room_user as ru on r.id = ru.room_id left join user as us on ru.openid = us.openid  ORDER BY r.id desc LIMIT 0,10   [ RunTime:0.0004s ]
INFO: [ view_parse ] --START--
INFO: [ template_filter ] --START--
INFO: Run Behavior\ContentReplaceBehavior [ RunTime:0.000026s ]
INFO: [ template_filter ] --END-- [ RunTime:0.000040s ]
INFO: Run Behavior\ParseTemplateBehavior [ RunTime:0.003616s ]
INFO: [ view_parse ] --END-- [ RunTime:0.003633s ]
INFO: [ view_filter ] --START--
INFO: Run Behavior\WriteHtmlCacheBehavior [ RunTime:0.000265s ]
INFO: [ view_filter ] --END-- [ RunTime:0.000279s ]
INFO: [ app_end ] --START--
INFO: Run Behavior\ShowPageTraceBehavior [ RunTime:0.000388s ]
INFO: [ app_end ] --END-- [ RunTime:0.000403s ]

[ 2019-01-02T10:06:54+08:00 ] 192.168.6.167 /index.php/Admin/Challenge/complain
INFO: [ app_init ] --START--
INFO: Run Behavior\BuildLiteBehavior [ RunTime:0.000005s ]
INFO: [ app_init ] --END-- [ RunTime:0.000313s ]
INFO: [ app_begin ] --START--
INFO: Run Behavior\ReadHtmlCacheBehavior [ RunTime:0.000402s ]
INFO: [ app_begin ] --END-- [ RunTime:0.000420s ]
SQL: SHOW COLUMNS FROM `complain` [ RunTime:0.0041s ]
SQL: SELECT COUNT(*) AS tp_count FROM `complain` LIMIT 1   [ RunTime:0.0002s ]
SQL: SELECT * FROM `complain` ORDER BY complain_time desc LIMIT 0,10   [ RunTime:0.0002s ]
INFO: [ view_parse ] --START--
INFO: [ template_filter ] --START--
INFO: Run Behavior\ContentReplaceBehavior [ RunTime:0.000031s ]
INFO: [ template_filter ] --END-- [ RunTime:0.000048s ]
INFO: Run Behavior\ParseTemplateBehavior [ RunTime:0.003962s ]
INFO: [ view_parse ] --END-- [ RunTime:0.003978s ]
INFO: [ view_filter ] --START--
INFO: Run Behavior\WriteHtmlCacheBehavior [ RunTime:0.000271s ]
INFO: [ view_filter ] --END-- [ RunTime:0.000285s ]
INFO: [ app_end ] --START--
INFO: Run Behavior\ShowPageTraceBehavior [ RunTime:0.000412s ]
INFO: [ app_end ] --END-- [ RunTime:0.000427s ]

[ 2019-01-02T10:06:54+08:00 ] 192.168.6.167 /index.php/Admin/Challenge/public/Uploads/2018-12-19/5c1a4d9096c65.png
INFO: [ app_init ] --START--
INFO: Run Behavior\BuildLiteBehavior [ RunTime:0.000007s ]
INFO: [ app_init ] --END-- [ RunTime:0.000260s ]

[ 2019-01-02T10:06:54+08:00 ] 192.168.6.167 /index.php/Admin/Challenge/public/Uploads/2018-12-19/5c1a4d865835d.png
INFO: [ app_init ] --START--
INFO: Run Behavior\BuildLiteBehavior [ RunTime:0.000007s ]
INFO: [ app_init ] --END-- [ RunTime:0.000304s ]

[ 2019-01-02T10:06:54+08:00 ] 192.168.6.167 /index.php/Admin/Challenge/public/Uploads/2018-12-19/5c1a0bf7d2ffb.jpg
INFO: [ app_init ] --START--
INFO: Run Behavior\BuildLiteBehavior [ RunTime:0.000006s ]
INFO: [ app_init ] --END-- [ RunTime:0.000250s ]

[ 2019-01-02T10:06:54+08:00 ] 192.168.6.167 /index.php/Admin/Challenge/public/Uploads/2018-12-19/5c19fd08e0e63.png
INFO: [ app_init ] --START--
INFO: Run Behavior\BuildLiteBehavior [ RunTime:0.000005s ]
INFO: [ app_init ] --END-- [ RunTime:0.000257s ]

[ 2019-01-02T10:06:54+08:00 ] 192.168.6.167 /index.php/Admin/Challenge/public/Uploads/2018-12-20/5c1b1590b71ad.png
INFO: [ app_init ] --START--
INFO: Run Behavior\BuildLiteBehavior [ RunTime:0.000006s ]
INFO: [ app_init ] --END-- [ RunTime:0.000300s ]

[ 2019-01-02T10:06:54+08:00 ] 192.168.6.167 /index.php/Admin/Challenge/public/Uploads/2018-12-19/5c19fd08e3043.png
INFO: [ app_init ] --START--
INFO: Run Behavior\BuildLiteBehavior [ RunTime:0.000005s ]
INFO: [ app_init ] --END-- [ RunTime:0.000300s ]

[ 2019-01-02T10:06:54+08:00 ] 192.168.6.167 /index.php/Admin/Challenge/public/Uploads/2018-12-19/5c19fcb83c0cd.png
INFO: [ app_init ] --START--
INFO: Run Behavior\BuildLiteBehavior [ RunTime:0.000006s ]
INFO: [ app_init ] --END-- [ RunTime:0.000254s ]

[ 2019-01-02T10:06:54+08:00 ] 192.168.6.167 /index.php/Admin/Challenge/public/Uploads/2018-12-19/5c19fcb83c423.png
INFO: [ app_init ] --START--
INFO: Run Behavior\BuildLiteBehavior [ RunTime:0.000006s ]
INFO: [ app_init ] --END-- [ RunTime:0.000285s ]

[ 2019-01-02T10:06:54+08:00 ] 192.168.6.167 /index.php/Admin/Challenge/public/Uploads/2018-12-19/5c19fcb83ecae.png
INFO: [ app_init ] --START--
INFO: Run Behavior\BuildLiteBehavior [ RunTime:0.000006s ]
INFO: [ app_init ] --END-- [ RunTime:0.000315s ]

[ 2019-01-02T10:06:54+08:00 ] 192.168.6.167 /index.php/Admin/Challenge/222
INFO: [ app_init ] --START--
INFO: Run Behavior\BuildLiteBehavior [ RunTime:0.000006s ]
INFO: [ app_init ] --END-- [ RunTime:0.000390s ]
INFO: [ app_begin ] --START--
INFO: Run Behavior\ReadHtmlCacheBehavior [ RunTime:0.000471s ]
INFO: [ app_begin ] --END-- [ RunTime:0.000491s ]
ERR: 非法操作:222

[ 2019-01-02T10:06:54+08:00 ] 192.168.6.167 /index.php/Admin/Challenge/2018-12-18%2017:27:23
INFO: [ app_init ] --START--
INFO: Run Behavior\BuildLiteBehavior [ RunTime:0.000006s ]
INFO: [ app_init ] --END-- [ RunTime:0.000268s ]
INFO: [ app_begin ] --START--
INFO: Run Behavior\ReadHtmlCacheBehavior [ RunTime:0.000352s ]
INFO: [ app_begin ] --END-- [ RunTime:0.000373s ]
ERR: 非法操作:2018-12-18 17:27:23

[ 2019-01-02T10:06:54+08:00 ] 192.168.6.167 /index.php/Admin/Challenge/2
INFO: [ app_init ] --START--
INFO: Run Behavior\BuildLiteBehavior [ RunTime:0.000005s ]
INFO: [ app_init ] --END-- [ RunTime:0.000330s ]
INFO: [ app_begin ] --START--
INFO: Run Behavior\ReadHtmlCacheBehavior [ RunTime:0.000381s ]
INFO: [ app_begin ] --END-- [ RunTime:0.000398s ]
ERR: 非法操作:2

[ 2019-01-02T10:06:54+08:00 ] 192.168.6.167 /index.php/Admin/Challenge/111
INFO: [ app_init ] --START--
INFO: Run Behavior\BuildLiteBehavior [ RunTime:0.000007s ]
INFO: [ app_init ] --END-- [ RunTime:0.000287s ]
INFO: [ app_begin ] --START--
INFO: Run Behavior\ReadHtmlCacheBehavior [ RunTime:0.000418s ]
INFO: [ app_begin ] --END-- [ RunTime:0.000450s ]
ERR: 非法操作:111

[ 2019-01-02T10:06:54+08:00 ] 192.168.6.167 /index.php/Admin/Challenge/public/Uploads/2018-12-19/5c19fd08e0e63.png
INFO: [ app_init ] --START--
INFO: Run Behavior\BuildLiteBehavior [ RunTime:0.000004s ]
INFO: [ app_init ] --END-- [ RunTime:0.000257s ]

[ 2019-01-02T10:06:55+08:00 ] 192.168.6.167 /index.php/Admin/Topic/index
INFO: [ app_init ] --START--
INFO: Run Behavior\BuildLiteBehavior [ RunTime:0.000004s ]
INFO: [ app_init ] --END-- [ RunTime:0.000245s ]
INFO: [ app_begin ] --START--
INFO: Run Behavior\ReadHtmlCacheBehavior [ RunTime:0.000375s ]
INFO: [ app_begin ] --END-- [ RunTime:0.000395s ]
SQL: SHOW COLUMNS FROM `topic` [ RunTime:0.0036s ]
SQL: SELECT COUNT(*) AS tp_count FROM `topic` LIMIT 1   [ RunTime:0.0002s ]
SQL: SELECT * FROM `topic` ORDER BY id desc LIMIT 0,10   [ RunTime:0.0002s ]
INFO: [ view_parse ] --START--
INFO: [ template_filter ] --START--
INFO: Run Behavior\ContentReplaceBehavior [ RunTime:0.000033s ]
INFO: [ template_filter ] --END-- [ RunTime:0.000051s ]
INFO: Run Behavior\ParseTemplateBehavior [ RunTime:0.004807s ]
INFO: [ view_parse ] --END-- [ RunTime:0.004824s ]
INFO: [ view_filter ] --START--
INFO: Run Behavior\WriteHtmlCacheBehavior [ RunTime:0.000300s ]
INFO: [ view_filter ] --END-- [ RunTime:0.000315s ]
INFO: [ app_end ] --START--
INFO: Run Behavior\ShowPageTraceBehavior [ RunTime:0.000432s ]
INFO: [ app_end ] --END-- [ RunTime:0.000446s ]

[ 2019-01-02T10:06:55+08:00 ] 192.168.6.167 /index.php/Admin/Challenge/public/Uploads/2018-12-19/5c19fd08e0b3c.png
INFO: [ app_init ] --START--
INFO: Run Behavior\BuildLiteBehavior [ RunTime:0.000004s ]
INFO: [ app_init ] --END-- [ RunTime:0.000288s ]

[ 2019-01-02T10:06:55+08:00 ] 192.168.6.167 /index.php/Admin/Topic/publish
INFO: [ app_init ] --START--
INFO: Run Behavior\BuildLiteBehavior [ RunTime:0.000005s ]
INFO: [ app_init ] --END-- [ RunTime:0.000228s ]
INFO: [ app_begin ] --START--
INFO: Run Behavior\ReadHtmlCacheBehavior [ RunTime:0.000316s ]
INFO: [ app_begin ] --END-- [ RunTime:0.000331s ]
NOTIC: [8] Undefined index: id D:\tp3.2\Application\Admin\Controller\TopicController.class.php 第 30 行.
NOTIC: [8] Undefined index: id D:\tp3.2\Application\Admin\Controller\TopicController.class.php 第 30 行.
INFO: [ view_parse ] --START--
INFO: [ template_filter ] --START--
INFO: Run Behavior\ContentReplaceBehavior [ RunTime:0.000018s ]
INFO: [ template_filter ] --END-- [ RunTime:0.000032s ]
NOTIC: [8] Undefined variable: detail D:\tp3.2\Application\Runtime\Cache\Admin\63fa7dbece9b314c0f87e1fca1240699.php 第 68 行.
NOTIC: [8] Undefined variable: detail D:\tp3.2\Application\Runtime\Cache\Admin\63fa7dbece9b314c0f87e1fca1240699.php 第 71 行.
INFO: Run Behavior\ParseTemplateBehavior [ RunTime:0.003598s ]
INFO: [ view_parse ] --END-- [ RunTime:0.003613s ]
INFO: [ view_filter ] --START--
INFO: Run Behavior\WriteHtmlCacheBehavior [ RunTime:0.000283s ]
INFO: [ view_filter ] --END-- [ RunTime:0.000297s ]
INFO: [ app_end ] --START--
INFO: Run Behavior\ShowPageTraceBehavior [ RunTime:0.000399s ]
INFO: [ app_end ] --END-- [ RunTime:0.000413s ]

[ 2019-01-02T10:06:59+08:00 ] 192.168.6.167 /index.php/Admin/Challenge/index
INFO: [ app_init ] --START--
INFO: Run Behavior\BuildLiteBehavior [ RunTime:0.000006s ]
INFO: [ app_init ] --END-- [ RunTime:0.000380s ]
INFO: [ app_begin ] --START--
INFO: Run Behavior\ReadHtmlCacheBehavior [ RunTime:0.000493s ]
INFO: [ app_begin ] --END-- [ RunTime:0.000515s ]
SQL: SHOW COLUMNS FROM `room` [ RunTime:0.0048s ]
SQL: SHOW COLUMNS FROM `room` [ RunTime:0.0045s ]
NOTIC: [8] Undefined variable: where D:\tp3.2\Application\Admin\Controller\ChallengeController.class.php 第 34 行.
NOTIC: [8] Undefined variable: order D:\tp3.2\Application\Admin\Controller\ChallengeController.class.php 第 35 行.
SQL: SELECT COUNT(*) AS tp_count FROM room r left join room_user as ru on r.id = ru.room_id left join user as us on ru.openid = us.openid  LIMIT 1   [ RunTime:0.0003s ]
NOTIC: [8] Undefined variable: where D:\tp3.2\Application\Admin\Controller\ChallengeController.class.php 第 45 行.
SQL: SELECT r.id,r.create_time,r.status,r.type,r.status,r.failcause,us.nickname FROM room r left join room_user as ru on r.id = ru.room_id left join user as us on ru.openid = us.openid  ORDER BY r.id desc LIMIT 0,10   [ RunTime:0.0005s ]
INFO: [ view_parse ] --START--
INFO: [ template_filter ] --START--
INFO: Run Behavior\ContentReplaceBehavior [ RunTime:0.000027s ]
INFO: [ template_filter ] --END-- [ RunTime:0.000042s ]
INFO: Run Behavior\ParseTemplateBehavior [ RunTime:0.003746s ]
INFO: [ view_parse ] --END-- [ RunTime:0.003763s ]
INFO: [ view_filter ] --START--
INFO: Run Behavior\WriteHtmlCacheBehavior [ RunTime:0.000274s ]
INFO: [ view_filter ] --END-- [ RunTime:0.000288s ]
INFO: [ app_end ] --START--
INFO: Run Behavior\ShowPageTraceBehavior [ RunTime:0.000412s ]
INFO: [ app_end ] --END-- [ RunTime:0.000427s ]

[ 2019-01-02T10:07:00+08:00 ] 192.168.6.167 /index.php/Admin/Challenge/complain
INFO: [ app_init ] --START--
INFO: Run Behavior\BuildLiteBehavior [ RunTime:0.000005s ]
INFO: [ app_init ] --END-- [ RunTime:0.000288s ]
INFO: [ app_begin ] --START--
INFO: Run Behavior\ReadHtmlCacheBehavior [ RunTime:0.000376s ]
INFO: [ app_begin ] --END-- [ RunTime:0.000392s ]
SQL: SHOW COLUMNS FROM `complain` [ RunTime:0.0037s ]
SQL: SELECT COUNT(*) AS tp_count FROM `complain` LIMIT 1   [ RunTime:0.0002s ]
SQL: SELECT * FROM `complain` ORDER BY complain_time desc LIMIT 0,10   [ RunTime:0.0003s ]
INFO: [ view_parse ] --START--
INFO: [ template_filter ] --START--
INFO: Run Behavior\ContentReplaceBehavior [ RunTime:0.000031s ]
INFO: [ template_filter ] --END-- [ RunTime:0.000046s ]
INFO: Run Behavior\ParseTemplateBehavior [ RunTime:0.004993s ]
INFO: [ view_parse ] --END-- [ RunTime:0.005012s ]
INFO: [ view_filter ] --START--
INFO: Run Behavior\WriteHtmlCacheBehavior [ RunTime:0.000289s ]
INFO: [ view_filter ] --END-- [ RunTime:0.000304s ]
INFO: [ app_end ] --START--
INFO: Run Behavior\ShowPageTraceBehavior [ RunTime:0.000428s ]
INFO: [ app_end ] --END-- [ RunTime:0.000442s ]

[ 2019-01-02T10:07:00+08:00 ] 192.168.6.167 /index.php/Admin/Challenge/public/Uploads/2018-12-19/5c1a4d9096c65.png
INFO: [ app_init ] --START--
INFO: Run Behavior\BuildLiteBehavior [ RunTime:0.000005s ]
INFO: [ app_init ] --END-- [ RunTime:0.000239s ]

[ 2019-01-02T10:07:00+08:00 ] 192.168.6.167 /index.php/Admin/Challenge/public/Uploads/2018-12-19/5c1a4d865835d.png
INFO: [ app_init ] --START--
INFO: Run Behavior\BuildLiteBehavior [ RunTime:0.000006s ]
INFO: [ app_init ] --END-- [ RunTime:0.000271s ]

[ 2019-01-02T10:07:00+08:00 ] 192.168.6.167 /index.php/Admin/Challenge/public/Uploads/2018-12-20/5c1b1590b71ad.png
INFO: [ app_init ] --START--
INFO: Run Behavior\BuildLiteBehavior [ RunTime:0.000006s ]
INFO: [ app_init ] --END-- [ RunTime:0.000741s ]

[ 2019-01-02T10:07:00+08:00 ] 192.168.6.167 /index.php/Admin/Challenge/public/Uploads/2018-12-19/5c19fd08e0b3c.png
INFO: [ app_init ] --START--
INFO: Run Behavior\BuildLiteBehavior [ RunTime:0.000006s ]
INFO: [ app_init ] --END-- [ RunTime:0.000277s ]

[ 2019-01-02T10:07:00+08:00 ] 192.168.6.167 /index.php/Admin/Challenge/public/Uploads/2018-12-19/5c19fd08e3043.png
INFO: [ app_init ] --START--
INFO: Run Behavior\BuildLiteBehavior [ RunTime:0.000006s ]
INFO: [ app_init ] --END-- [ RunTime:0.000311s ]

[ 2019-01-02T10:07:00+08:00 ] 192.168.6.167 /index.php/Admin/Challenge/public/Uploads/2018-12-19/5c19fcb83c0cd.png
INFO: [ app_init ] --START--
INFO: Run Behavior\BuildLiteBehavior [ RunTime:0.000005s ]
INFO: [ app_init ] --END-- [ RunTime:0.000252s ]

[ 2019-01-02T10:07:00+08:00 ] 192.168.6.167 /index.php/Admin/Challenge/public/Uploads/2018-12-19/5c19fcb83c423.png
INFO: [ app_init ] --START--
INFO: Run Behavior\BuildLiteBehavior [ RunTime:0.000007s ]
INFO: [ app_init ] --END-- [ RunTime:0.000268s ]

[ 2019-01-02T10:07:00+08:00 ] 192.168.6.167 /index.php/Admin/Challenge/public/Uploads/2018-12-19/5c19fcb83ecae.png
INFO: [ app_init ] --START--
INFO: Run Behavior\BuildLiteBehavior [ RunTime:0.000006s ]
INFO: [ app_init ] --END-- [ RunTime:0.000355s ]

[ 2019-01-02T10:07:00+08:00 ] 192.168.6.167 /index.php/Admin/Challenge/2
INFO: [ app_init ] --START--
INFO: Run Behavior\BuildLiteBehavior [ RunTime:0.000005s ]
INFO: [ app_init ] --END-- [ RunTime:0.000279s ]
INFO: [ app_begin ] --START--
INFO: Run Behavior\ReadHtmlCacheBehavior [ RunTime:0.000328s ]
INFO: [ app_begin ] --END-- [ RunTime:0.000347s ]
ERR: 非法操作:2

[ 2019-01-02T10:07:00+08:00 ] 192.168.6.167 /index.php/Admin/Challenge/public/Uploads/2018-12-19/5c19fd08e0e63.png
INFO: [ app_init ] --START--
INFO: Run Behavior\BuildLiteBehavior [ RunTime:0.000005s ]
INFO: [ app_init ] --END-- [ RunTime:0.000268s ]

[ 2019-01-02T10:07:00+08:00 ] 192.168.6.167 /index.php/Admin/Challenge/2018-12-18%2017:27:23
INFO: [ app_init ] --START--
INFO: Run Behavior\BuildLiteBehavior [ RunTime:0.000006s ]
INFO: [ app_init ] --END-- [ RunTime:0.000285s ]
INFO: [ app_begin ] --START--
INFO: Run Behavior\ReadHtmlCacheBehavior [ RunTime:0.000375s ]
INFO: [ app_begin ] --END-- [ RunTime:0.000399s ]
ERR: 非法操作:2018-12-18 17:27:23

[ 2019-01-02T10:07:00+08:00 ] 192.168.6.167 /index.php/Admin/Challenge/111
INFO: [ app_init ] --START--
INFO: Run Behavior\BuildLiteBehavior [ RunTime:0.000006s ]
INFO: [ app_init ] --END-- [ RunTime:0.000334s ]
INFO: [ app_begin ] --START--
INFO: Run Behavior\ReadHtmlCacheBehavior [ RunTime:0.000394s ]
INFO: [ app_begin ] --END-- [ RunTime:0.000413s ]
ERR: 非法操作:111

[ 2019-01-02T10:07:00+08:00 ] 192.168.6.167 /index.php/Admin/Challenge/222
INFO: [ app_init ] --START--
INFO: Run Behavior\BuildLiteBehavior [ RunTime:0.000005s ]
INFO: [ app_init ] --END-- [ RunTime:0.000290s ]
INFO: [ app_begin ] --START--
INFO: Run Behavior\ReadHtmlCacheBehavior [ RunTime:0.000361s ]
INFO: [ app_begin ] --END-- [ RunTime:0.000384s ]
ERR: 非法操作:222

[ 2019-01-02T10:07:00+08:00 ] 192.168.6.167 /index.php/Admin/Topic/index
INFO: [ app_init ] --START--
INFO: Run Behavior\BuildLiteBehavior [ RunTime:0.000004s ]
INFO: [ app_init ] --END-- [ RunTime:0.000283s ]
INFO: [ app_begin ] --START--
INFO: Run Behavior\ReadHtmlCacheBehavior [ RunTime:0.000394s ]
INFO: [ app_begin ] --END-- [ RunTime:0.000411s ]
SQL: SHOW COLUMNS FROM `topic` [ RunTime:0.0036s ]
SQL: SELECT COUNT(*) AS tp_count FROM `topic` LIMIT 1   [ RunTime:0.0002s ]
SQL: SELECT * FROM `topic` ORDER BY id desc LIMIT 0,10   [ RunTime:0.0002s ]
INFO: [ view_parse ] --START--
INFO: [ template_filter ] --START--
INFO: Run Behavior\ContentReplaceBehavior [ RunTime:0.000025s ]
INFO: [ template_filter ] --END-- [ RunTime:0.000041s ]
INFO: Run Behavior\ParseTemplateBehavior [ RunTime:0.003584s ]
INFO: [ view_parse ] --END-- [ RunTime:0.003600s ]
INFO: [ view_filter ] --START--
INFO: Run Behavior\WriteHtmlCacheBehavior [ RunTime:0.000268s ]
INFO: [ view_filter ] --END-- [ RunTime:0.000282s ]
INFO: [ app_end ] --START--
INFO: Run Behavior\ShowPageTraceBehavior [ RunTime:0.000381s ]
INFO: [ app_end ] --END-- [ RunTime:0.000395s ]

[ 2019-01-02T10:07:02+08:00 ] 192.168.6.167 /index.php/Admin/Challenge/complain
INFO: [ app_init ] --START--
INFO: Run Behavior\BuildLiteBehavior [ RunTime:0.000005s ]
INFO: [ app_init ] --END-- [ RunTime:0.000255s ]
INFO: [ app_begin ] --START--
INFO: Run Behavior\ReadHtmlCacheBehavior [ RunTime:0.000329s ]
INFO: [ app_begin ] --END-- [ RunTime:0.000345s ]
SQL: SHOW COLUMNS FROM `complain` [ RunTime:0.0037s ]
SQL: SELECT COUNT(*) AS tp_count FROM `complain` LIMIT 1   [ RunTime:0.0002s ]
SQL: SELECT * FROM `complain` ORDER BY complain_time desc LIMIT 0,10   [ RunTime:0.0003s ]
INFO: [ view_parse ] --START--
INFO: [ template_filter ] --START--
INFO: Run Behavior\ContentReplaceBehavior [ RunTime:0.000031s ]
INFO: [ template_filter ] --END-- [ RunTime:0.000048s ]
INFO: Run Behavior\ParseTemplateBehavior [ RunTime:0.004690s ]
INFO: [ view_parse ] --END-- [ RunTime:0.004707s ]
INFO: [ view_filter ] --START--
INFO: Run Behavior\WriteHtmlCacheBehavior [ RunTime:0.000273s ]
INFO: [ view_filter ] --END-- [ RunTime:0.000286s ]
INFO: [ app_end ] --START--
INFO: Run Behavior\ShowPageTraceBehavior [ RunTime:0.000391s ]
INFO: [ app_end ] --END-- [ RunTime:0.000406s ]

[ 2019-01-02T10:07:02+08:00 ] 192.168.6.167 /index.php/Admin/Challenge/public/Uploads/2018-12-20/5c1b1590b71ad.png
INFO: [ app_init ] --START--
INFO: Run Behavior\BuildLiteBehavior [ RunTime:0.000005s ]
INFO: [ app_init ] --END-- [ RunTime:0.000239s ]

[ 2019-01-02T10:07:02+08:00 ] 192.168.6.167 /index.php/Admin/Challenge/public/Uploads/2018-12-19/5c1a4d9096c65.png
INFO: [ app_init ] --START--
INFO: Run Behavior\BuildLiteBehavior [ RunTime:0.000006s ]
INFO: [ app_init ] --END-- [ RunTime:0.000276s ]

[ 2019-01-02T10:07:02+08:00 ] 192.168.6.167 /index.php/Admin/Challenge/public/Uploads/2018-12-19/5c1a4d865835d.png
INFO: [ app_init ] --START--
INFO: Run Behavior\BuildLiteBehavior [ RunTime:0.000005s ]
INFO: [ app_init ] --END-- [ RunTime:0.000298s ]

[ 2019-01-02T10:07:02+08:00 ] 192.168.6.167 /index.php/Admin/Challenge/public/Uploads/2018-12-19/5c19fd08e0b3c.png
INFO: [ app_init ] --START--
INFO: Run Behavior\BuildLiteBehavior [ RunTime:0.000005s ]
INFO: [ app_init ] --END-- [ RunTime:0.000239s ]

[ 2019-01-02T10:07:02+08:00 ] 192.168.6.167 /index.php/Admin/Challenge/public/Uploads/2018-12-19/5c19fcb83c0cd.png
INFO: [ app_init ] --START--
INFO: Run Behavior\BuildLiteBehavior [ RunTime:0.000005s ]
INFO: [ app_init ] --END-- [ RunTime:0.000261s ]

[ 2019-01-02T10:07:02+08:00 ] 192.168.6.167 /index.php/Admin/Challenge/public/Uploads/2018-12-19/5c1a0bf7d2ffb.jpg
INFO: [ app_init ] --START--
INFO: Run Behavior\BuildLiteBehavior [ RunTime:0.000005s ]
INFO: [ app_init ] --END-- [ RunTime:0.000659s ]

[ 2019-01-02T10:07:02+08:00 ] 192.168.6.167 /index.php/Admin/Challenge/public/Uploads/2018-12-19/5c19fcb83ecae.png
INFO: [ app_init ] --START--
INFO: Run Behavior\BuildLiteBehavior [ RunTime:0.000005s ]
INFO: [ app_init ] --END-- [ RunTime:0.000441s ]

[ 2019-01-02T10:07:02+08:00 ] 192.168.6.167 /index.php/Admin/Challenge/public/Uploads/2018-12-19/5c19fcb83c423.png
INFO: [ app_init ] --START--
INFO: Run Behavior\BuildLiteBehavior [ RunTime:0.000005s ]
INFO: [ app_init ] --END-- [ RunTime:0.000496s ]

[ 2019-01-02T10:07:02+08:00 ] 192.168.6.167 /index.php/Admin/Challenge/2
INFO: [ app_init ] --START--
INFO: Run Behavior\BuildLiteBehavior [ RunTime:0.000005s ]
INFO: [ app_init ] --END-- [ RunTime:0.000325s ]
INFO: [ app_begin ] --START--
INFO: Run Behavior\ReadHtmlCacheBehavior [ RunTime:0.000411s ]
INFO: [ app_begin ] --END-- [ RunTime:0.000434s ]
ERR: 非法操作:2

[ 2019-01-02T10:07:02+08:00 ] 192.168.6.167 /index.php/Admin/Challenge/2018-12-18%2017:27:23
INFO: [ app_init ] --START--
INFO: Run Behavior\BuildLiteBehavior [ RunTime:0.000007s ]
INFO: [ app_init ] --END-- [ RunTime:0.000289s ]
INFO: [ app_begin ] --START--
INFO: Run Behavior\ReadHtmlCacheBehavior [ RunTime:0.000431s ]
INFO: [ app_begin ] --END-- [ RunTime:0.000456s ]
ERR: 非法操作:2018-12-18 17:27:23

[ 2019-01-02T10:07:02+08:00 ] 192.168.6.167 /index.php/Admin/Challenge/222
INFO: [ app_init ] --START--
INFO: Run Behavior\BuildLiteBehavior [ RunTime:0.000005s ]
INFO: [ app_init ] --END-- [ RunTime:0.000314s ]
INFO: [ app_begin ] --START--
INFO: Run Behavior\ReadHtmlCacheBehavior [ RunTime:0.000479s ]
INFO: [ app_begin ] --END-- [ RunTime:0.000505s ]
ERR: 非法操作:222

[ 2019-01-02T10:07:02+08:00 ] 192.168.6.167 /index.php/Admin/Challenge/111
INFO: [ app_init ] --START--
INFO: Run Behavior\BuildLiteBehavior [ RunTime:0.000005s ]
INFO: [ app_init ] --END-- [ RunTime:0.000302s ]
INFO: [ app_begin ] --START--
INFO: Run Behavior\ReadHtmlCacheBehavior [ RunTime:0.000401s ]
INFO: [ app_begin ] --END-- [ RunTime:0.000422s ]
ERR: 非法操作:111

[ 2019-01-02T10:07:03+08:00 ] 192.168.6.167 /index.php/Admin/Challenge/complain
INFO: [ app_init ] --START--
INFO: Run Behavior\BuildLiteBehavior [ RunTime:0.000005s ]
INFO: [ app_init ] --END-- [ RunTime:0.000248s ]
INFO: [ app_begin ] --START--
INFO: Run Behavior\ReadHtmlCacheBehavior [ RunTime:0.000573s ]
INFO: [ app_begin ] --END-- [ RunTime:0.000624s ]
SQL: SHOW COLUMNS FROM `complain` [ RunTime:0.0042s ]
SQL: SELECT COUNT(*) AS tp_count FROM complain c left join user as u on c.openid = u.openid  WHERE `status` = 0 LIMIT 1   [ RunTime:0.0003s ]
SQL: SELECT * FROM complain c left join user as u on c.openid = u.openid  WHERE `status` = 0 ORDER BY c.complain_time desc LIMIT 0,10   [ RunTime:0.0034s ]
INFO: [ view_parse ] --START--
INFO: [ template_filter ] --START--
INFO: Run Behavior\ContentReplaceBehavior [ RunTime:0.000039s ]
INFO: [ template_filter ] --END-- [ RunTime:0.000056s ]
INFO: Run Behavior\ParseTemplateBehavior [ RunTime:0.005062s ]
INFO: [ view_parse ] --END-- [ RunTime:0.005082s ]
INFO: [ view_filter ] --START--
INFO: Run Behavior\WriteHtmlCacheBehavior [ RunTime:0.000268s ]
INFO: [ view_filter ] --END-- [ RunTime:0.000283s ]
INFO: [ app_end ] --START--
INFO: Run Behavior\ShowPageTraceBehavior [ RunTime:0.000438s ]
INFO: [ app_end ] --END-- [ RunTime:0.000453s ]

[ 2019-01-02T10:07:04+08:00 ] 192.168.6.167 /index.php/Admin/Challenge/complain
INFO: [ app_init ] --START--
INFO: Run Behavior\BuildLiteBehavior [ RunTime:0.000004s ]
INFO: [ app_init ] --END-- [ RunTime:0.000261s ]
INFO: [ app_begin ] --START--
INFO: Run Behavior\ReadHtmlCacheBehavior [ RunTime:0.000354s ]
INFO: [ app_begin ] --END-- [ RunTime:0.000371s ]
SQL: SHOW COLUMNS FROM `complain` [ RunTime:0.0043s ]
SQL: SELECT COUNT(*) AS tp_count FROM complain c left join user as u on c.openid = u.openid  WHERE `status` = 1 LIMIT 1   [ RunTime:0.0003s ]
SQL: SELECT * FROM complain c left join user as u on c.openid = u.openid  WHERE `status` = 1 ORDER BY c.complain_time desc LIMIT 0,10   [ RunTime:0.0034s ]
INFO: [ view_parse ] --START--
INFO: [ template_filter ] --START--
INFO: Run Behavior\ContentReplaceBehavior [ RunTime:0.000032s ]
INFO: [ template_filter ] --END-- [ RunTime:0.000049s ]
INFO: Run Behavior\ParseTemplateBehavior [ RunTime:0.005031s ]
INFO: [ view_parse ] --END-- [ RunTime:0.005047s ]
INFO: [ view_filter ] --START--
INFO: Run Behavior\WriteHtmlCacheBehavior [ RunTime:0.000282s ]
INFO: [ view_filter ] --END-- [ RunTime:0.000296s ]
INFO: [ app_end ] --START--
INFO: Run Behavior\ShowPageTraceBehavior [ RunTime:0.000408s ]
INFO: [ app_end ] --END-- [ RunTime:0.000423s ]

[ 2019-01-02T10:07:05+08:00 ] 192.168.6.167 /index.php/Admin/Challenge/complain
INFO: [ app_init ] --START--
INFO: Run Behavior\BuildLiteBehavior [ RunTime:0.000005s ]
INFO: [ app_init ] --END-- [ RunTime:0.000297s ]
INFO: [ app_begin ] --START--
INFO: Run Behavior\ReadHtmlCacheBehavior [ RunTime:0.000397s ]
INFO: [ app_begin ] --END-- [ RunTime:0.000414s ]
SQL: SHOW COLUMNS FROM `complain` [ RunTime:0.0044s ]
SQL: SELECT COUNT(*) AS tp_count FROM complain c left join user as u on c.openid = u.openid  WHERE `status` = 2 LIMIT 1   [ RunTime:0.0002s ]
SQL: SELECT * FROM complain c left join user as u on c.openid = u.openid  WHERE `status` = 2 ORDER BY c.complain_time desc LIMIT 0,10   [ RunTime:0.0035s ]
INFO: [ view_parse ] --START--
INFO: [ template_filter ] --START--
INFO: Run Behavior\ContentReplaceBehavior [ RunTime:0.000032s ]
INFO: [ template_filter ] --END-- [ RunTime:0.000048s ]
INFO: Run Behavior\ParseTemplateBehavior [ RunTime:0.003965s ]
INFO: [ view_parse ] --END-- [ RunTime:0.003981s ]
INFO: [ view_filter ] --START--
INFO: Run Behavior\WriteHtmlCacheBehavior [ RunTime:0.000256s ]
INFO: [ view_filter ] --END-- [ RunTime:0.000270s ]
INFO: [ app_end ] --START--
INFO: Run Behavior\ShowPageTraceBehavior [ RunTime:0.000381s ]
INFO: [ app_end ] --END-- [ RunTime:0.000396s ]

[ 2019-01-02T16:51:44+08:00 ] 192.168.6.167 /index.php/Admin/Topic/index
INFO: [ app_init ] --START--
INFO: Run Behavior\BuildLiteBehavior [ RunTime:0.000005s ]
INFO: [ app_init ] --END-- [ RunTime:0.000319s ]
INFO: [ app_begin ] --START--
INFO: Run Behavior\ReadHtmlCacheBehavior [ RunTime:0.000418s ]
INFO: [ app_begin ] --END-- [ RunTime:0.000435s ]
SQL: SHOW COLUMNS FROM `topic` [ RunTime:0.0044s ]
SQL: SELECT COUNT(*) AS tp_count FROM `topic` LIMIT 1   [ RunTime:0.0002s ]
SQL: SELECT * FROM `topic` ORDER BY id desc LIMIT 0,10   [ RunTime:0.0003s ]
INFO: [ view_parse ] --START--
INFO: [ template_filter ] --START--
INFO: Run Behavior\ContentReplaceBehavior [ RunTime:0.000026s ]
INFO: [ template_filter ] --END-- [ RunTime:0.000042s ]
INFO: Run Behavior\ParseTemplateBehavior [ RunTime:0.003870s ]
INFO: [ view_parse ] --END-- [ RunTime:0.003886s ]
INFO: [ view_filter ] --START--
INFO: Run Behavior\WriteHtmlCacheBehavior [ RunTime:0.000306s ]
INFO: [ view_filter ] --END-- [ RunTime:0.000319s ]
INFO: [ app_end ] --START--
INFO: Run Behavior\ShowPageTraceBehavior [ RunTime:0.000433s ]
INFO: [ app_end ] --END-- [ RunTime:0.000447s ]

[ 2019-01-02T16:51:44+08:00 ] 192.168.6.167 /index.php/Admin/Challenge/complain
INFO: [ app_init ] --START--
INFO: Run Behavior\BuildLiteBehavior [ RunTime:0.000005s ]
INFO: [ app_init ] --END-- [ RunTime:0.000287s ]
INFO: [ app_begin ] --START--
INFO: Run Behavior\ReadHtmlCacheBehavior [ RunTime:0.000363s ]
INFO: [ app_begin ] --END-- [ RunTime:0.000380s ]
SQL: SHOW COLUMNS FROM `complain` [ RunTime:0.0038s ]
SQL: SELECT COUNT(*) AS tp_count FROM `complain` LIMIT 1   [ RunTime:0.0002s ]
SQL: SELECT * FROM `complain` ORDER BY complain_time desc LIMIT 0,10   [ RunTime:0.0003s ]
INFO: [ view_parse ] --START--
INFO: [ template_filter ] --START--
INFO: Run Behavior\ContentReplaceBehavior [ RunTime:0.000034s ]
INFO: [ template_filter ] --END-- [ RunTime:0.000049s ]
INFO: Run Behavior\ParseTemplateBehavior [ RunTime:0.004025s ]
INFO: [ view_parse ] --END-- [ RunTime:0.004043s ]
INFO: [ view_filter ] --START--
INFO: Run Behavior\WriteHtmlCacheBehavior [ RunTime:0.000275s ]
INFO: [ view_filter ] --END-- [ RunTime:0.000289s ]
INFO: [ app_end ] --START--
INFO: Run Behavior\ShowPageTraceBehavior [ RunTime:0.000392s ]
INFO: [ app_end ] --END-- [ RunTime:0.000407s ]

[ 2019-01-02T16:51:44+08:00 ] 192.168.6.167 /index.php/Admin/Challenge/public/Uploads/2018-12-20/5c1b1590b71ad.png
INFO: [ app_init ] --START--
INFO: Run Behavior\BuildLiteBehavior [ RunTime:0.000010s ]
INFO: [ app_init ] --END-- [ RunTime:0.000470s ]

[ 2019-01-02T16:51:45+08:00 ] 192.168.6.167 /index.php/Admin/Challenge/public/Uploads/2018-12-19/5c19fd08e3043.png
INFO: [ app_init ] --START--
INFO: Run Behavior\BuildLiteBehavior [ RunTime:0.000005s ]
INFO: [ app_init ] --END-- [ RunTime:0.000310s ]

[ 2019-01-02T16:51:45+08:00 ] 192.168.6.167 /index.php/Admin/Challenge/111
INFO: [ app_init ] --START--
INFO: Run Behavior\BuildLiteBehavior [ RunTime:0.000006s ]
INFO: [ app_init ] --END-- [ RunTime:0.000340s ]
INFO: [ app_begin ] --START--
INFO: Run Behavior\ReadHtmlCacheBehavior [ RunTime:0.000406s ]
INFO: [ app_begin ] --END-- [ RunTime:0.000423s ]
ERR: 非法操作:111

[ 2019-01-02T16:51:45+08:00 ] 192.168.6.167 /index.php/Admin/Challenge/public/Uploads/2018-12-19/5c19fcb83c0cd.png
INFO: [ app_init ] --START--
INFO: Run Behavior\BuildLiteBehavior [ RunTime:0.000005s ]
INFO: [ app_init ] --END-- [ RunTime:0.000261s ]

[ 2019-01-02T16:51:45+08:00 ] 192.168.6.167 /index.php/Admin/Challenge/2
INFO: [ app_init ] --START--
INFO: Run Behavior\BuildLiteBehavior [ RunTime:0.000005s ]
INFO: [ app_init ] --END-- [ RunTime:0.000282s ]
INFO: [ app_begin ] --START--
INFO: Run Behavior\ReadHtmlCacheBehavior [ RunTime:0.000353s ]
INFO: [ app_begin ] --END-- [ RunTime:0.000370s ]
ERR: 非法操作:2

[ 2019-01-02T16:51:45+08:00 ] 192.168.6.167 /index.php/Admin/Challenge/public/Uploads/2018-12-19/5c19fcb83c423.png
INFO: [ app_init ] --START--
INFO: Run Behavior\BuildLiteBehavior [ RunTime:0.000005s ]
INFO: [ app_init ] --END-- [ RunTime:0.000275s ]

[ 2019-01-02T16:51:45+08:00 ] 192.168.6.167 /index.php/Admin/Challenge/222
INFO: [ app_init ] --START--
INFO: Run Behavior\BuildLiteBehavior [ RunTime:0.000004s ]
INFO: [ app_init ] --END-- [ RunTime:0.000243s ]
INFO: [ app_begin ] --START--
INFO: Run Behavior\ReadHtmlCacheBehavior [ RunTime:0.000330s ]
INFO: [ app_begin ] --END-- [ RunTime:0.000349s ]
ERR: 非法操作:222

[ 2019-01-02T16:51:45+08:00 ] 192.168.6.167 /index.php/Admin/Challenge/2018-12-18%2017:27:23
INFO: [ app_init ] --START--
INFO: Run Behavior\BuildLiteBehavior [ RunTime:0.000005s ]
INFO: [ app_init ] --END-- [ RunTime:0.000220s ]
INFO: [ app_begin ] --START--
INFO: Run Behavior\ReadHtmlCacheBehavior [ RunTime:0.000297s ]
INFO: [ app_begin ] --END-- [ RunTime:0.000313s ]
ERR: 非法操作:2018-12-18 17:27:23

[ 2019-01-02T16:51:45+08:00 ] 192.168.6.167 /index.php/Admin/Challenge/public/Uploads/2018-12-19/5c19fcb83ecae.png
INFO: [ app_init ] --START--
INFO: Run Behavior\BuildLiteBehavior [ RunTime:0.000004s ]
INFO: [ app_init ] --END-- [ RunTime:0.000220s ]

[ 2019-01-02T16:51:45+08:00 ] 192.168.6.167 /index.php/Admin/Challenge/index
INFO: [ app_init ] --START--
INFO: Run Behavior\BuildLiteBehavior [ RunTime:0.000007s ]
INFO: [ app_init ] --END-- [ RunTime:0.000287s ]
INFO: [ app_begin ] --START--
INFO: Run Behavior\ReadHtmlCacheBehavior [ RunTime:0.000405s ]
INFO: [ app_begin ] --END-- [ RunTime:0.000428s ]
SQL: SHOW COLUMNS FROM `room` [ RunTime:0.0038s ]
SQL: SHOW COLUMNS FROM `room` [ RunTime:0.0040s ]
NOTIC: [8] Undefined variable: where D:\tp3.2\Application\Admin\Controller\ChallengeController.class.php 第 34 行.
NOTIC: [8] Undefined variable: order D:\tp3.2\Application\Admin\Controller\ChallengeController.class.php 第 35 行.
SQL: SELECT COUNT(*) AS tp_count FROM room r left join room_user as ru on r.id = ru.room_id left join user as us on ru.openid = us.openid  LIMIT 1   [ RunTime:0.0003s ]
NOTIC: [8] Undefined variable: where D:\tp3.2\Application\Admin\Controller\ChallengeController.class.php 第 45 行.
SQL: SELECT r.id,r.create_time,r.status,r.type,r.status,r.failcause,us.nickname FROM room r left join room_user as ru on r.id = ru.room_id left join user as us on ru.openid = us.openid  ORDER BY r.id desc LIMIT 0,10   [ RunTime:0.0004s ]
INFO: [ view_parse ] --START--
INFO: [ template_filter ] --START--
INFO: Run Behavior\ContentReplaceBehavior [ RunTime:0.000034s ]
INFO: [ template_filter ] --END-- [ RunTime:0.000059s ]
INFO: Run Behavior\ParseTemplateBehavior [ RunTime:0.004263s ]
INFO: [ view_parse ] --END-- [ RunTime:0.004283s ]
INFO: [ view_filter ] --START--
INFO: Run Behavior\WriteHtmlCacheBehavior [ RunTime:0.000277s ]
INFO: [ view_filter ] --END-- [ RunTime:0.000292s ]
INFO: [ app_end ] --START--
INFO: Run Behavior\ShowPageTraceBehavior [ RunTime:0.000409s ]
INFO: [ app_end ] --END-- [ RunTime:0.000424s ]

[ 2019-01-02T16:51:45+08:00 ] 192.168.6.167 /index.php/Admin/Challenge/public/Uploads/2018-12-19/5c1a4d9096c65.png
INFO: [ app_init ] --START--
INFO: Run Behavior\BuildLiteBehavior [ RunTime:0.000005s ]
INFO: [ app_init ] --END-- [ RunTime:0.000317s ]

[ 2019-01-02T16:51:46+08:00 ] 192.168.6.167 /index.php/Admin/Challenge/public/Uploads/2018-12-19/5c1a0bf7d2ffb.jpg
INFO: [ app_init ] --START--
INFO: Run Behavior\BuildLiteBehavior [ RunTime:0.000007s ]
INFO: [ app_init ] --END-- [ RunTime:0.000426s ]

[ 2019-01-02T16:51:46+08:00 ] 192.168.6.167 /index.php/Admin/Challenge/public/Uploads/2018-12-19/5c1a4d865835d.png
INFO: [ app_init ] --START--
INFO: Run Behavior\BuildLiteBehavior [ RunTime:0.000005s ]
INFO: [ app_init ] --END-- [ RunTime:0.000349s ]

[ 2019-01-02T16:51:46+08:00 ] 192.168.6.167 /index.php/Admin/Challenge/public/Uploads/2018-12-19/5c19fd08e0e63.png
INFO: [ app_init ] --START--
INFO: Run Behavior\BuildLiteBehavior [ RunTime:0.000006s ]
INFO: [ app_init ] --END-- [ RunTime:0.000544s ]

[ 2019-01-02T16:51:46+08:00 ] 192.168.6.167 /index.php/Admin/Challenge/public/Uploads/2018-12-19/5c19fd08e0b3c.png
INFO: [ app_init ] --START--
INFO: Run Behavior\BuildLiteBehavior [ RunTime:0.000006s ]
INFO: [ app_init ] --END-- [ RunTime:0.000338s ]

[ 2019-01-02T16:51:46+08:00 ] 192.168.6.167 /index.php/Admin/Challenge/complain
INFO: [ app_init ] --START--
INFO: Run Behavior\BuildLiteBehavior [ RunTime:0.000004s ]
INFO: [ app_init ] --END-- [ RunTime:0.000276s ]
INFO: [ app_begin ] --START--
INFO: Run Behavior\ReadHtmlCacheBehavior [ RunTime:0.000377s ]
INFO: [ app_begin ] --END-- [ RunTime:0.000394s ]
SQL: SHOW COLUMNS FROM `complain` [ RunTime:0.0038s ]
SQL: SELECT COUNT(*) AS tp_count FROM `complain` LIMIT 1   [ RunTime:0.0002s ]
SQL: SELECT * FROM `complain` ORDER BY complain_time desc LIMIT 0,10   [ RunTime:0.0003s ]
INFO: [ view_parse ] --START--
INFO: [ template_filter ] --START--
INFO: Run Behavior\ContentReplaceBehavior [ RunTime:0.000040s ]
INFO: [ template_filter ] --END-- [ RunTime:0.000058s ]
INFO: Run Behavior\ParseTemplateBehavior [ RunTime:0.005136s ]
INFO: [ view_parse ] --END-- [ RunTime:0.005152s ]
INFO: [ view_filter ] --START--
INFO: Run Behavior\WriteHtmlCacheBehavior [ RunTime:0.000248s ]
INFO: [ view_filter ] --END-- [ RunTime:0.000262s ]
INFO: [ app_end ] --START--
INFO: Run Behavior\ShowPageTraceBehavior [ RunTime:0.000370s ]
INFO: [ app_end ] --END-- [ RunTime:0.000384s ]

[ 2019-01-02T16:51:46+08:00 ] 192.168.6.167 /index.php/Admin/Challenge/public/Uploads/2018-12-19/5c1a4d9096c65.png
INFO: [ app_init ] --START--
INFO: Run Behavior\BuildLiteBehavior [ RunTime:0.000005s ]
INFO: [ app_init ] --END-- [ RunTime:0.000288s ]

[ 2019-01-02T16:51:46+08:00 ] 192.168.6.167 /index.php/Admin/Challenge/public/Uploads/2018-12-19/5c1a0bf7d2ffb.jpg
INFO: [ app_init ] --START--
INFO: Run Behavior\BuildLiteBehavior [ RunTime:0.000006s ]
INFO: [ app_init ] --END-- [ RunTime:0.000276s ]

[ 2019-01-02T16:51:46+08:00 ] 192.168.6.167 /index.php/Admin/Challenge/public/Uploads/2018-12-19/5c19fd08e0b3c.png
INFO: [ app_init ] --START--
INFO: Run Behavior\BuildLiteBehavior [ RunTime:0.000005s ]
INFO: [ app_init ] --END-- [ RunTime:0.000250s ]

[ 2019-01-02T16:51:46+08:00 ] 192.168.6.167 /index.php/Admin/Challenge/public/Uploads/2018-12-19/5c19fcb83c0cd.png
INFO: [ app_init ] --START--
INFO: Run Behavior\BuildLiteBehavior [ RunTime:0.000006s ]
INFO: [ app_init ] --END-- [ RunTime:0.000266s ]

[ 2019-01-02T16:51:46+08:00 ] 192.168.6.167 /index.php/Admin/Challenge/public/Uploads/2018-12-19/5c19fcb83ecae.png
INFO: [ app_init ] --START--
INFO: Run Behavior\BuildLiteBehavior [ RunTime:0.000008s ]
INFO: [ app_init ] --END-- [ RunTime:0.000326s ]

[ 2019-01-02T16:51:46+08:00 ] 192.168.6.167 /index.php/Admin/Challenge/public/Uploads/2018-12-19/5c19fd08e3043.png
INFO: [ app_init ] --START--
INFO: Run Behavior\BuildLiteBehavior [ RunTime:0.000006s ]
INFO: [ app_init ] --END-- [ RunTime:0.000258s ]

[ 2019-01-02T16:51:46+08:00 ] 192.168.6.167 /index.php/Admin/Challenge/public/Uploads/2018-12-19/5c19fcb83c423.png
INFO: [ app_init ] --START--
INFO: Run Behavior\BuildLiteBehavior [ RunTime:0.000005s ]
INFO: [ app_init ] --END-- [ RunTime:0.000288s ]

[ 2019-01-02T16:51:46+08:00 ] 192.168.6.167 /index.php/Admin/Challenge/public/Uploads/2018-12-19/5c1a4d865835d.png
INFO: [ app_init ] --START--
INFO: Run Behavior\BuildLiteBehavior [ RunTime:0.000007s ]
INFO: [ app_init ] --END-- [ RunTime:0.000671s ]

[ 2019-01-02T16:51:46+08:00 ] 192.168.6.167 /index.php/Admin/Challenge/2
INFO: [ app_init ] --START--
INFO: Run Behavior\BuildLiteBehavior [ RunTime:0.000008s ]
INFO: [ app_init ] --END-- [ RunTime:0.000264s ]
INFO: [ app_begin ] --START--
INFO: Run Behavior\ReadHtmlCacheBehavior [ RunTime:0.000419s ]
INFO: [ app_begin ] --END-- [ RunTime:0.000441s ]
ERR: 非法操作:2

[ 2019-01-02T16:51:46+08:00 ] 192.168.6.167 /index.php/Admin/Challenge/2018-12-18%2017:27:23
INFO: [ app_init ] --START--
INFO: Run Behavior\BuildLiteBehavior [ RunTime:0.000006s ]
INFO: [ app_init ] --END-- [ RunTime:0.000310s ]
INFO: [ app_begin ] --START--
INFO: Run Behavior\ReadHtmlCacheBehavior [ RunTime:0.000375s ]
INFO: [ app_begin ] --END-- [ RunTime:0.000397s ]
ERR: 非法操作:2018-12-18 17:27:23

[ 2019-01-02T16:51:46+08:00 ] 192.168.6.167 /index.php/Admin/Challenge/222
INFO: [ app_init ] --START--
INFO: Run Behavior\BuildLiteBehavior [ RunTime:0.000007s ]
INFO: [ app_init ] --END-- [ RunTime:0.000272s ]
INFO: [ app_begin ] --START--
INFO: Run Behavior\ReadHtmlCacheBehavior [ RunTime:0.000356s ]
INFO: [ app_begin ] --END-- [ RunTime:0.000376s ]
ERR: 非法操作:222

[ 2019-01-02T16:51:46+08:00 ] 192.168.6.167 /index.php/Admin/Challenge/111
INFO: [ app_init ] --START--
INFO: Run Behavior\BuildLiteBehavior [ RunTime:0.000006s ]
INFO: [ app_init ] --END-- [ RunTime:0.000314s ]
INFO: [ app_begin ] --START--
INFO: Run Behavior\ReadHtmlCacheBehavior [ RunTime:0.000387s ]
INFO: [ app_begin ] --END-- [ RunTime:0.000412s ]
ERR: 非法操作:111

[ 2019-01-02T16:51:47+08:00 ] 192.168.6.167 /index.php/Admin/Challenge/public/Uploads/2018-12-19/5c19fd08e0e63.png
INFO: [ app_init ] --START--
INFO: Run Behavior\BuildLiteBehavior [ RunTime:0.000005s ]
INFO: [ app_init ] --END-- [ RunTime:0.000223s ]

[ 2019-01-02T16:51:50+08:00 ] 192.168.6.167 /index.php/Admin/Challenge/public/Uploads/2018-12-19/5c19fd08e0b3c.png
INFO: [ app_init ] --START--
INFO: Run Behavior\BuildLiteBehavior [ RunTime:0.000006s ]
INFO: [ app_init ] --END-- [ RunTime:0.000347s ]

[ 2019-01-02T16:51:59+08:00 ] 192.168.6.167 /index.php/Admin/Topic/index
INFO: [ app_init ] --START--
INFO: Run Behavior\BuildLiteBehavior [ RunTime:0.000005s ]
INFO: [ app_init ] --END-- [ RunTime:0.000235s ]
INFO: [ app_begin ] --START--
INFO: Run Behavior\ReadHtmlCacheBehavior [ RunTime:0.000373s ]
INFO: [ app_begin ] --END-- [ RunTime:0.000391s ]
SQL: SHOW COLUMNS FROM `topic` [ RunTime:0.0039s ]
SQL: SELECT COUNT(*) AS tp_count FROM `topic` LIMIT 1   [ RunTime:0.0001s ]
SQL: SELECT * FROM `topic` ORDER BY id desc LIMIT 0,10   [ RunTime:0.0002s ]
INFO: [ view_parse ] --START--
INFO: [ template_filter ] --START--
INFO: Run Behavior\ContentReplaceBehavior [ RunTime:0.000032s ]
INFO: [ template_filter ] --END-- [ RunTime:0.000053s ]
INFO: Run Behavior\ParseTemplateBehavior [ RunTime:0.004653s ]
INFO: [ view_parse ] --END-- [ RunTime:0.004670s ]
INFO: [ view_filter ] --START--
INFO: Run Behavior\WriteHtmlCacheBehavior [ RunTime:0.000287s ]
INFO: [ view_filter ] --END-- [ RunTime:0.000300s ]
INFO: [ app_end ] --START--
INFO: Run Behavior\ShowPageTraceBehavior [ RunTime:0.000391s ]
INFO: [ app_end ] --END-- [ RunTime:0.000406s ]

[ 2019-01-02T16:52:00+08:00 ] 192.168.6.167 /index.php/Admin/Topic/publish
INFO: [ app_init ] --START--
INFO: Run Behavior\BuildLiteBehavior [ RunTime:0.000005s ]
INFO: [ app_init ] --END-- [ RunTime:0.000330s ]
INFO: [ app_begin ] --START--
INFO: Run Behavior\ReadHtmlCacheBehavior [ RunTime:0.000395s ]
INFO: [ app_begin ] --END-- [ RunTime:0.000410s ]
NOTIC: [8] Undefined index: id D:\tp3.2\Application\Admin\Controller\TopicController.class.php 第 30 行.
NOTIC: [8] Undefined index: id D:\tp3.2\Application\Admin\Controller\TopicController.class.php 第 30 行.
INFO: [ view_parse ] --START--
INFO: [ template_filter ] --START--
INFO: Run Behavior\ContentReplaceBehavior [ RunTime:0.000019s ]
INFO: [ template_filter ] --END-- [ RunTime:0.000035s ]
NOTIC: [8] Undefined variable: detail D:\tp3.2\Application\Runtime\Cache\Admin\63fa7dbece9b314c0f87e1fca1240699.php 第 68 行.
NOTIC: [8] Undefined variable: detail D:\tp3.2\Application\Runtime\Cache\Admin\63fa7dbece9b314c0f87e1fca1240699.php 第 71 行.
INFO: Run Behavior\ParseTemplateBehavior [ RunTime:0.003200s ]
INFO: [ view_parse ] --END-- [ RunTime:0.003215s ]
INFO: [ view_filter ] --START--
INFO: Run Behavior\WriteHtmlCacheBehavior [ RunTime:0.000277s ]
INFO: [ view_filter ] --END-- [ RunTime:0.000290s ]
INFO: [ app_end ] --START--
INFO: Run Behavior\ShowPageTraceBehavior [ RunTime:0.000391s ]
INFO: [ app_end ] --END-- [ RunTime:0.000406s ]

[ 2019-01-02T16:52:06+08:00 ] 192.168.6.167 /index.php/admin/topic/publish.html
INFO: [ app_init ] --START--
INFO: Run Behavior\BuildLiteBehavior [ RunTime:0.000005s ]
INFO: [ app_init ] --END-- [ RunTime:0.000227s ]
INFO: [ app_begin ] --START--
INFO: Run Behavior\ReadHtmlCacheBehavior [ RunTime:0.000299s ]
INFO: [ app_begin ] --END-- [ RunTime:0.000313s ]
NOTIC: [8] Undefined index: id D:\tp3.2\Application\Admin\Controller\TopicController.class.php 第 30 行.
NOTIC: [8] Undefined index: id D:\tp3.2\Application\Admin\Controller\TopicController.class.php 第 30 行.
SQL: SHOW COLUMNS FROM `topic` [ RunTime:0.0036s ]
SQL: INSERT INTO `topic` (`topic_name`,`topic_time`) VALUES ('212111111','2019-01-02 16:52:06') [ RunTime:0.0002s ]

[ 2019-01-02T16:52:10+08:00 ] 192.168.6.167 /index.php/admin/topic/index.html
INFO: [ app_init ] --START--
INFO: Run Behavior\BuildLiteBehavior [ RunTime:0.000005s ]
INFO: [ app_init ] --END-- [ RunTime:0.000221s ]
INFO: [ app_begin ] --START--
INFO: Run Behavior\ReadHtmlCacheBehavior [ RunTime:0.000295s ]
INFO: [ app_begin ] --END-- [ RunTime:0.000310s ]
SQL: SHOW COLUMNS FROM `topic` [ RunTime:0.0035s ]
SQL: SELECT COUNT(*) AS tp_count FROM `topic` LIMIT 1   [ RunTime:0.0001s ]
SQL: SELECT * FROM `topic` ORDER BY id desc LIMIT 0,10   [ RunTime:0.0002s ]
INFO: [ view_parse ] --START--
INFO: [ template_filter ] --START--
INFO: Run Behavior\ContentReplaceBehavior [ RunTime:0.000025s ]
INFO: [ template_filter ] --END-- [ RunTime:0.000043s ]
INFO: Run Behavior\ParseTemplateBehavior [ RunTime:0.005620s ]
INFO: [ view_parse ] --END-- [ RunTime:0.005639s ]
INFO: [ view_filter ] --START--
INFO: Run Behavior\WriteHtmlCacheBehavior [ RunTime:0.000318s ]
INFO: [ view_filter ] --END-- [ RunTime:0.000333s ]
INFO: [ app_end ] --START--
INFO: Run Behavior\ShowPageTraceBehavior [ RunTime:0.000403s ]
INFO: [ app_end ] --END-- [ RunTime:0.000418s ]

[ 2019-01-02T16:52:16+08:00 ] 192.168.6.167 /index.php/admin/topic/del.html
INFO: [ app_init ] --START--
INFO: Run Behavior\BuildLiteBehavior [ RunTime:0.000008s ]
INFO: [ app_init ] --END-- [ RunTime:0.000222s ]
INFO: [ app_begin ] --START--
INFO: Run Behavior\ReadHtmlCacheBehavior [ RunTime:0.000314s ]
INFO: [ app_begin ] --END-- [ RunTime:0.000329s ]
SQL: SHOW COLUMNS FROM `topic_content` [ RunTime:0.0062s ]
SQL: SELECT * FROM `topic_content` WHERE ( tid = 30 )  [ RunTime:0.0007s ]
SQL: SHOW COLUMNS FROM `topic` [ RunTime:0.0033s ]
SQL: DELETE FROM `topic` WHERE ( id = 30 ) [ RunTime:0.0002s ]

[ 2019-01-02T16:52:18+08:00 ] 192.168.6.167 /index.php/admin/topic/index.html
INFO: [ app_init ] --START--
INFO: Run Behavior\BuildLiteBehavior [ RunTime:0.000004s ]
INFO: [ app_init ] --END-- [ RunTime:0.000225s ]
INFO: [ app_begin ] --START--
INFO: Run Behavior\ReadHtmlCacheBehavior [ RunTime:0.000319s ]
INFO: [ app_begin ] --END-- [ RunTime:0.000336s ]
SQL: SHOW COLUMNS FROM `topic` [ RunTime:0.0035s ]
SQL: SELECT COUNT(*) AS tp_count FROM `topic` LIMIT 1   [ RunTime:0.0002s ]
SQL: SELECT * FROM `topic` ORDER BY id desc LIMIT 0,10   [ RunTime:0.0002s ]
INFO: [ view_parse ] --START--
INFO: [ template_filter ] --START--
INFO: Run Behavior\ContentReplaceBehavior [ RunTime:0.000025s ]
INFO: [ template_filter ] --END-- [ RunTime:0.000044s ]
INFO: Run Behavior\ParseTemplateBehavior [ RunTime:0.003556s ]
INFO: [ view_parse ] --END-- [ RunTime:0.003574s ]
INFO: [ view_filter ] --START--
INFO: Run Behavior\WriteHtmlCacheBehavior [ RunTime:0.000268s ]
INFO: [ view_filter ] --END-- [ RunTime:0.000281s ]
INFO: [ app_end ] --START--
INFO: Run Behavior\ShowPageTraceBehavior [ RunTime:0.000340s ]
INFO: [ app_end ] --END-- [ RunTime:0.000355s ]

