[ 2019-01-25T15:57:29+08:00 ] 114.248.87.59 /index.php/Admin/topic
INFO: [ app_init ] --START--
INFO: Run Behavior\BuildLiteBehavior [ RunTime:0.000010s ]
INFO: [ app_init ] --END-- [ RunTime:0.000244s ]
INFO: [ app_begin ] --START--
INFO: Run Behavior\ReadHtmlCacheBehavior [ RunTime:0.000360s ]
INFO: [ app_begin ] --END-- [ RunTime:0.000385s ]
SQL: SHOW COLUMNS FROM `topic` [ RunTime:0.0092s ]
SQL: SELECT COUNT(*) AS tp_count FROM `topic` LIMIT 1   [ RunTime:0.0088s ]
SQL: SELECT * FROM `topic` ORDER BY id desc LIMIT 0,10   [ RunTime:0.0380s ]
INFO: [ view_parse ] --START--
INFO: [ template_filter ] --START--
INFO: Run Behavior\ContentReplaceBehavior [ RunTime:0.000045s ]
INFO: [ template_filter ] --END-- [ RunTime:0.000081s ]
INFO: Run Behavior\ParseTemplateBehavior [ RunTime:0.006198s ]
INFO: [ view_parse ] --END-- [ RunTime:0.006224s ]
INFO: [ view_filter ] --START--
INFO: Run Behavior\WriteHtmlCacheBehavior [ RunTime:0.000100s ]
INFO: [ view_filter ] --END-- [ RunTime:0.000117s ]
INFO: [ app_end ] --START--
INFO: Run Behavior\ShowPageTraceBehavior [ RunTime:0.000423s ]
INFO: [ app_end ] --END-- [ RunTime:0.000444s ]

[ 2019-01-25T15:57:30+08:00 ] 114.248.87.59 /index.php/Admin/article/index
INFO: [ app_init ] --START--
INFO: Run Behavior\BuildLiteBehavior [ RunTime:0.000006s ]
INFO: [ app_init ] --END-- [ RunTime:0.000195s ]
INFO: [ app_begin ] --START--
INFO: Run Behavior\ReadHtmlCacheBehavior [ RunTime:0.000233s ]
INFO: [ app_begin ] --END-- [ RunTime:0.000248s ]
SQL: SHOW COLUMNS FROM `article` [ RunTime:0.0110s ]
SQL: SELECT COUNT(*) AS tp_count FROM `article` LIMIT 1   [ RunTime:0.0105s ]
SQL: SELECT * FROM `article` ORDER BY id desc LIMIT 0,10   [ RunTime:0.0194s ]
INFO: [ view_parse ] --START--
INFO: [ template_filter ] --START--
INFO: Run Behavior\ContentReplaceBehavior [ RunTime:0.000036s ]
INFO: [ template_filter ] --END-- [ RunTime:0.000056s ]
INFO: Run Behavior\ParseTemplateBehavior [ RunTime:0.004671s ]
INFO: [ view_parse ] --END-- [ RunTime:0.004690s ]
INFO: [ view_filter ] --START--
INFO: Run Behavior\WriteHtmlCacheBehavior [ RunTime:0.000074s ]
INFO: [ view_filter ] --END-- [ RunTime:0.000085s ]
INFO: [ app_end ] --START--
INFO: Run Behavior\ShowPageTraceBehavior [ RunTime:0.000278s ]
INFO: [ app_end ] --END-- [ RunTime:0.000292s ]

[ 2019-01-25T15:57:43+08:00 ] 114.248.87.59 /index.php/Admin/article/index
INFO: [ app_init ] --START--
INFO: Run Behavior\BuildLiteBehavior [ RunTime:0.000006s ]
INFO: [ app_init ] --END-- [ RunTime:0.000177s ]
INFO: [ app_begin ] --START--
INFO: Run Behavior\ReadHtmlCacheBehavior [ RunTime:0.000270s ]
INFO: [ app_begin ] --END-- [ RunTime:0.000286s ]
SQL: SHOW COLUMNS FROM `article` [ RunTime:0.0100s ]
SQL: SELECT COUNT(*) AS tp_count FROM `article` LIMIT 1   [ RunTime:0.0095s ]
SQL: SELECT * FROM `article` ORDER BY id desc LIMIT 0,10   [ RunTime:0.0096s ]
INFO: [ view_parse ] --START--
INFO: [ template_filter ] --START--
INFO: Run Behavior\ContentReplaceBehavior [ RunTime:0.000044s ]
INFO: [ template_filter ] --END-- [ RunTime:0.000065s ]
INFO: Run Behavior\ParseTemplateBehavior [ RunTime:0.004854s ]
INFO: [ view_parse ] --END-- [ RunTime:0.004872s ]
INFO: [ view_filter ] --START--
INFO: Run Behavior\WriteHtmlCacheBehavior [ RunTime:0.000105s ]
INFO: [ view_filter ] --END-- [ RunTime:0.000117s ]
INFO: [ app_end ] --START--
INFO: Run Behavior\ShowPageTraceBehavior [ RunTime:0.000299s ]
INFO: [ app_end ] --END-- [ RunTime:0.000313s ]

[ 2019-01-25T15:57:56+08:00 ] 114.248.87.59 /index.php/Admin/article/publish
INFO: [ app_init ] --START--
INFO: Run Behavior\BuildLiteBehavior [ RunTime:0.000006s ]
INFO: [ app_init ] --END-- [ RunTime:0.000164s ]
INFO: [ app_begin ] --START--
INFO: Run Behavior\ReadHtmlCacheBehavior [ RunTime:0.000229s ]
INFO: [ app_begin ] --END-- [ RunTime:0.000244s ]
NOTIC: [8] Undefined index: id /www/wwwroot/tp3.2/Application/Admin/Controller/ArticleController.class.php 第 25 行.
NOTIC: [8] Undefined index: id /www/wwwroot/tp3.2/Application/Admin/Controller/ArticleController.class.php 第 25 行.
INFO: [ view_parse ] --START--
INFO: [ template_filter ] --START--
INFO: Run Behavior\ContentReplaceBehavior [ RunTime:0.000053s ]
INFO: [ template_filter ] --END-- [ RunTime:0.000070s ]
NOTIC: [8] Undefined variable: article /www/wwwroot/tp3.2/Application/Runtime/Cache/Admin/0596532377ed9b2c394887d1ce8ac725.php 第 88 行.
NOTIC: [8] Undefined variable: article /www/wwwroot/tp3.2/Application/Runtime/Cache/Admin/0596532377ed9b2c394887d1ce8ac725.php 第 97 行.
NOTIC: [8] Undefined variable: article /www/wwwroot/tp3.2/Application/Runtime/Cache/Admin/0596532377ed9b2c394887d1ce8ac725.php 第 109 行.
NOTIC: [8] Undefined variable: article /www/wwwroot/tp3.2/Application/Runtime/Cache/Admin/0596532377ed9b2c394887d1ce8ac725.php 第 117 行.
NOTIC: [8] Undefined variable: article /www/wwwroot/tp3.2/Application/Runtime/Cache/Admin/0596532377ed9b2c394887d1ce8ac725.php 第 124 行.
NOTIC: [8] Use of undefined constant author - assumed 'author' /www/wwwroot/tp3.2/Application/Runtime/Cache/Admin/0596532377ed9b2c394887d1ce8ac725.php 第 124 行.
NOTIC: [8] Undefined variable: article /www/wwwroot/tp3.2/Application/Runtime/Cache/Admin/0596532377ed9b2c394887d1ce8ac725.php 第 124 行.
NOTIC: [8] Undefined variable: article /www/wwwroot/tp3.2/Application/Runtime/Cache/Admin/0596532377ed9b2c394887d1ce8ac725.php 第 132 行.
NOTIC: [8] Use of undefined constant reading - assumed 'reading' /www/wwwroot/tp3.2/Application/Runtime/Cache/Admin/0596532377ed9b2c394887d1ce8ac725.php 第 132 行.
NOTIC: [8] Undefined variable: article /www/wwwroot/tp3.2/Application/Runtime/Cache/Admin/0596532377ed9b2c394887d1ce8ac725.php 第 132 行.
NOTIC: [8] Undefined variable: article /www/wwwroot/tp3.2/Application/Runtime/Cache/Admin/0596532377ed9b2c394887d1ce8ac725.php 第 135 行.
NOTIC: [8] Undefined variable: article /www/wwwroot/tp3.2/Application/Runtime/Cache/Admin/0596532377ed9b2c394887d1ce8ac725.php 第 179 行.
INFO: Run Behavior\ParseTemplateBehavior [ RunTime:0.005402s ]
INFO: [ view_parse ] --END-- [ RunTime:0.005416s ]
INFO: [ view_filter ] --START--
INFO: Run Behavior\WriteHtmlCacheBehavior [ RunTime:0.000066s ]
INFO: [ view_filter ] --END-- [ RunTime:0.000077s ]
INFO: [ app_end ] --START--
INFO: Run Behavior\ShowPageTraceBehavior [ RunTime:0.000258s ]
INFO: [ app_end ] --END-- [ RunTime:0.000271s ]

[ 2019-01-25T15:58:19+08:00 ] 114.248.87.59 /index.php/Admin/article/publish
INFO: [ app_init ] --START--
INFO: Run Behavior\BuildLiteBehavior [ RunTime:0.000006s ]
INFO: [ app_init ] --END-- [ RunTime:0.000184s ]
INFO: [ app_begin ] --START--
INFO: Run Behavior\ReadHtmlCacheBehavior [ RunTime:0.000245s ]
INFO: [ app_begin ] --END-- [ RunTime:0.000261s ]
NOTIC: [8] Undefined index: id /www/wwwroot/tp3.2/Application/Admin/Controller/ArticleController.class.php 第 25 行.
NOTIC: [8] Undefined index: id /www/wwwroot/tp3.2/Application/Admin/Controller/ArticleController.class.php 第 25 行.
INFO: [ view_parse ] --START--
INFO: [ template_filter ] --START--
INFO: Run Behavior\ContentReplaceBehavior [ RunTime:0.000056s ]
INFO: [ template_filter ] --END-- [ RunTime:0.000076s ]
NOTIC: [8] Undefined variable: article /www/wwwroot/tp3.2/Application/Runtime/Cache/Admin/0596532377ed9b2c394887d1ce8ac725.php 第 88 行.
NOTIC: [8] Undefined variable: article /www/wwwroot/tp3.2/Application/Runtime/Cache/Admin/0596532377ed9b2c394887d1ce8ac725.php 第 97 行.
NOTIC: [8] Undefined variable: article /www/wwwroot/tp3.2/Application/Runtime/Cache/Admin/0596532377ed9b2c394887d1ce8ac725.php 第 109 行.
NOTIC: [8] Undefined variable: article /www/wwwroot/tp3.2/Application/Runtime/Cache/Admin/0596532377ed9b2c394887d1ce8ac725.php 第 117 行.
NOTIC: [8] Undefined variable: article /www/wwwroot/tp3.2/Application/Runtime/Cache/Admin/0596532377ed9b2c394887d1ce8ac725.php 第 124 行.
NOTIC: [8] Use of undefined constant author - assumed 'author' /www/wwwroot/tp3.2/Application/Runtime/Cache/Admin/0596532377ed9b2c394887d1ce8ac725.php 第 124 行.
NOTIC: [8] Undefined variable: article /www/wwwroot/tp3.2/Application/Runtime/Cache/Admin/0596532377ed9b2c394887d1ce8ac725.php 第 124 行.
NOTIC: [8] Undefined variable: article /www/wwwroot/tp3.2/Application/Runtime/Cache/Admin/0596532377ed9b2c394887d1ce8ac725.php 第 132 行.
NOTIC: [8] Use of undefined constant reading - assumed 'reading' /www/wwwroot/tp3.2/Application/Runtime/Cache/Admin/0596532377ed9b2c394887d1ce8ac725.php 第 132 行.
NOTIC: [8] Undefined variable: article /www/wwwroot/tp3.2/Application/Runtime/Cache/Admin/0596532377ed9b2c394887d1ce8ac725.php 第 132 行.
NOTIC: [8] Undefined variable: article /www/wwwroot/tp3.2/Application/Runtime/Cache/Admin/0596532377ed9b2c394887d1ce8ac725.php 第 135 行.
NOTIC: [8] Undefined variable: article /www/wwwroot/tp3.2/Application/Runtime/Cache/Admin/0596532377ed9b2c394887d1ce8ac725.php 第 179 行.
INFO: Run Behavior\ParseTemplateBehavior [ RunTime:0.005514s ]
INFO: [ view_parse ] --END-- [ RunTime:0.005529s ]
INFO: [ view_filter ] --START--
INFO: Run Behavior\WriteHtmlCacheBehavior [ RunTime:0.000067s ]
INFO: [ view_filter ] --END-- [ RunTime:0.000078s ]
INFO: [ app_end ] --START--
INFO: Run Behavior\ShowPageTraceBehavior [ RunTime:0.000279s ]
INFO: [ app_end ] --END-- [ RunTime:0.000291s ]

[ 2019-01-25T15:58:44+08:00 ] 61.129.6.159 /index.php/Admin/article/index
INFO: [ app_init ] --START--
INFO: Run Behavior\BuildLiteBehavior [ RunTime:0.000007s ]
INFO: [ app_init ] --END-- [ RunTime:0.000166s ]
INFO: [ app_begin ] --START--
INFO: Run Behavior\ReadHtmlCacheBehavior [ RunTime:0.000234s ]
INFO: [ app_begin ] --END-- [ RunTime:0.000251s ]
SQL: SHOW COLUMNS FROM `article` [ RunTime:0.0100s ]
SQL: SELECT COUNT(*) AS tp_count FROM `article` LIMIT 1   [ RunTime:0.0093s ]
SQL: SELECT * FROM `article` ORDER BY id desc LIMIT 0,10   [ RunTime:0.0094s ]
INFO: [ view_parse ] --START--
INFO: [ template_filter ] --START--
INFO: Run Behavior\ContentReplaceBehavior [ RunTime:0.000046s ]
INFO: [ template_filter ] --END-- [ RunTime:0.000068s ]
INFO: Run Behavior\ParseTemplateBehavior [ RunTime:0.004721s ]
INFO: [ view_parse ] --END-- [ RunTime:0.004741s ]
INFO: [ view_filter ] --START--
INFO: Run Behavior\WriteHtmlCacheBehavior [ RunTime:0.000070s ]
INFO: [ view_filter ] --END-- [ RunTime:0.000081s ]
INFO: [ app_end ] --START--
INFO: Run Behavior\ShowPageTraceBehavior [ RunTime:0.000277s ]
INFO: [ app_end ] --END-- [ RunTime:0.000290s ]

[ 2019-01-25T15:58:58+08:00 ] 61.151.178.177 /index.php/Admin/article/publish
INFO: [ app_init ] --START--
INFO: Run Behavior\BuildLiteBehavior [ RunTime:0.000007s ]
INFO: [ app_init ] --END-- [ RunTime:0.000172s ]
INFO: [ app_begin ] --START--
INFO: Run Behavior\ReadHtmlCacheBehavior [ RunTime:0.000241s ]
INFO: [ app_begin ] --END-- [ RunTime:0.000257s ]
NOTIC: [8] Undefined index: id /www/wwwroot/tp3.2/Application/Admin/Controller/ArticleController.class.php 第 25 行.
NOTIC: [8] Undefined index: id /www/wwwroot/tp3.2/Application/Admin/Controller/ArticleController.class.php 第 25 行.
INFO: [ view_parse ] --START--
INFO: [ template_filter ] --START--
INFO: Run Behavior\ContentReplaceBehavior [ RunTime:0.000056s ]
INFO: [ template_filter ] --END-- [ RunTime:0.000075s ]
NOTIC: [8] Undefined variable: article /www/wwwroot/tp3.2/Application/Runtime/Cache/Admin/0596532377ed9b2c394887d1ce8ac725.php 第 88 行.
NOTIC: [8] Undefined variable: article /www/wwwroot/tp3.2/Application/Runtime/Cache/Admin/0596532377ed9b2c394887d1ce8ac725.php 第 97 行.
NOTIC: [8] Undefined variable: article /www/wwwroot/tp3.2/Application/Runtime/Cache/Admin/0596532377ed9b2c394887d1ce8ac725.php 第 109 行.
NOTIC: [8] Undefined variable: article /www/wwwroot/tp3.2/Application/Runtime/Cache/Admin/0596532377ed9b2c394887d1ce8ac725.php 第 117 行.
NOTIC: [8] Undefined variable: article /www/wwwroot/tp3.2/Application/Runtime/Cache/Admin/0596532377ed9b2c394887d1ce8ac725.php 第 124 行.
NOTIC: [8] Use of undefined constant author - assumed 'author' /www/wwwroot/tp3.2/Application/Runtime/Cache/Admin/0596532377ed9b2c394887d1ce8ac725.php 第 124 行.
NOTIC: [8] Undefined variable: article /www/wwwroot/tp3.2/Application/Runtime/Cache/Admin/0596532377ed9b2c394887d1ce8ac725.php 第 124 行.
NOTIC: [8] Undefined variable: article /www/wwwroot/tp3.2/Application/Runtime/Cache/Admin/0596532377ed9b2c394887d1ce8ac725.php 第 132 行.
NOTIC: [8] Use of undefined constant reading - assumed 'reading' /www/wwwroot/tp3.2/Application/Runtime/Cache/Admin/0596532377ed9b2c394887d1ce8ac725.php 第 132 行.
NOTIC: [8] Undefined variable: article /www/wwwroot/tp3.2/Application/Runtime/Cache/Admin/0596532377ed9b2c394887d1ce8ac725.php 第 132 行.
NOTIC: [8] Undefined variable: article /www/wwwroot/tp3.2/Application/Runtime/Cache/Admin/0596532377ed9b2c394887d1ce8ac725.php 第 135 行.
NOTIC: [8] Undefined variable: article /www/wwwroot/tp3.2/Application/Runtime/Cache/Admin/0596532377ed9b2c394887d1ce8ac725.php 第 179 行.
INFO: Run Behavior\ParseTemplateBehavior [ RunTime:0.005610s ]
INFO: [ view_parse ] --END-- [ RunTime:0.005626s ]
INFO: [ view_filter ] --START--
INFO: Run Behavior\WriteHtmlCacheBehavior [ RunTime:0.000069s ]
INFO: [ view_filter ] --END-- [ RunTime:0.000081s ]
INFO: [ app_end ] --START--
INFO: Run Behavior\ShowPageTraceBehavior [ RunTime:0.000273s ]
INFO: [ app_end ] --END-- [ RunTime:0.000286s ]

[ 2019-01-25T16:04:47+08:00 ] 114.248.87.59 /index.php/Admin/article/index
INFO: [ app_init ] --START--
INFO: Run Behavior\BuildLiteBehavior [ RunTime:0.000007s ]
INFO: [ app_init ] --END-- [ RunTime:0.000181s ]
INFO: [ app_begin ] --START--
INFO: Run Behavior\ReadHtmlCacheBehavior [ RunTime:0.000250s ]
INFO: [ app_begin ] --END-- [ RunTime:0.000267s ]
SQL: SHOW COLUMNS FROM `article` [ RunTime:0.0104s ]
SQL: SELECT COUNT(*) AS tp_count FROM `article` LIMIT 1   [ RunTime:0.0100s ]
SQL: SELECT * FROM `article` ORDER BY id desc LIMIT 0,10   [ RunTime:0.0103s ]
INFO: [ view_parse ] --START--
INFO: [ template_filter ] --START--
INFO: Run Behavior\ContentReplaceBehavior [ RunTime:0.000035s ]
INFO: [ template_filter ] --END-- [ RunTime:0.000054s ]
INFO: Run Behavior\ParseTemplateBehavior [ RunTime:0.004607s ]
INFO: [ view_parse ] --END-- [ RunTime:0.004624s ]
INFO: [ view_filter ] --START--
INFO: Run Behavior\WriteHtmlCacheBehavior [ RunTime:0.000070s ]
INFO: [ view_filter ] --END-- [ RunTime:0.000081s ]
INFO: [ app_end ] --START--
INFO: Run Behavior\ShowPageTraceBehavior [ RunTime:0.000306s ]
INFO: [ app_end ] --END-- [ RunTime:0.000319s ]

[ 2019-01-25T16:04:53+08:00 ] 114.248.87.59 /index.php/Admin/article/index
INFO: [ app_init ] --START--
INFO: Run Behavior\BuildLiteBehavior [ RunTime:0.000007s ]
INFO: [ app_init ] --END-- [ RunTime:0.000170s ]
INFO: [ app_begin ] --START--
INFO: Run Behavior\ReadHtmlCacheBehavior [ RunTime:0.000244s ]
INFO: [ app_begin ] --END-- [ RunTime:0.000259s ]
SQL: SHOW COLUMNS FROM `article` [ RunTime:0.0125s ]
SQL: SELECT COUNT(*) AS tp_count FROM `article` LIMIT 1   [ RunTime:0.0120s ]
SQL: SELECT * FROM `article` ORDER BY id desc LIMIT 0,10   [ RunTime:0.0119s ]
INFO: [ view_parse ] --START--
INFO: [ template_filter ] --START--
INFO: Run Behavior\ContentReplaceBehavior [ RunTime:0.000036s ]
INFO: [ template_filter ] --END-- [ RunTime:0.000059s ]
INFO: Run Behavior\ParseTemplateBehavior [ RunTime:0.004673s ]
INFO: [ view_parse ] --END-- [ RunTime:0.004692s ]
INFO: [ view_filter ] --START--
INFO: Run Behavior\WriteHtmlCacheBehavior [ RunTime:0.000072s ]
INFO: [ view_filter ] --END-- [ RunTime:0.000084s ]
INFO: [ app_end ] --START--
INFO: Run Behavior\ShowPageTraceBehavior [ RunTime:0.000282s ]
INFO: [ app_end ] --END-- [ RunTime:0.000294s ]

[ 2019-01-25T16:04:57+08:00 ] 114.248.87.59 /index.php/Admin/article/publish
INFO: [ app_init ] --START--
INFO: Run Behavior\BuildLiteBehavior [ RunTime:0.000006s ]
INFO: [ app_init ] --END-- [ RunTime:0.000169s ]
INFO: [ app_begin ] --START--
INFO: Run Behavior\ReadHtmlCacheBehavior [ RunTime:0.000232s ]
INFO: [ app_begin ] --END-- [ RunTime:0.000247s ]
NOTIC: [8] Undefined index: id /www/wwwroot/tp3.2/Application/Admin/Controller/ArticleController.class.php 第 25 行.
NOTIC: [8] Undefined index: id /www/wwwroot/tp3.2/Application/Admin/Controller/ArticleController.class.php 第 25 行.
INFO: [ view_parse ] --START--
INFO: [ template_filter ] --START--
INFO: Run Behavior\ContentReplaceBehavior [ RunTime:0.000054s ]
INFO: [ template_filter ] --END-- [ RunTime:0.000073s ]
NOTIC: [8] Undefined variable: article /www/wwwroot/tp3.2/Application/Runtime/Cache/Admin/0596532377ed9b2c394887d1ce8ac725.php 第 88 行.
NOTIC: [8] Undefined variable: article /www/wwwroot/tp3.2/Application/Runtime/Cache/Admin/0596532377ed9b2c394887d1ce8ac725.php 第 97 行.
NOTIC: [8] Undefined variable: article /www/wwwroot/tp3.2/Application/Runtime/Cache/Admin/0596532377ed9b2c394887d1ce8ac725.php 第 109 行.
NOTIC: [8] Undefined variable: article /www/wwwroot/tp3.2/Application/Runtime/Cache/Admin/0596532377ed9b2c394887d1ce8ac725.php 第 117 行.
NOTIC: [8] Undefined variable: article /www/wwwroot/tp3.2/Application/Runtime/Cache/Admin/0596532377ed9b2c394887d1ce8ac725.php 第 124 行.
NOTIC: [8] Use of undefined constant author - assumed 'author' /www/wwwroot/tp3.2/Application/Runtime/Cache/Admin/0596532377ed9b2c394887d1ce8ac725.php 第 124 行.
NOTIC: [8] Undefined variable: article /www/wwwroot/tp3.2/Application/Runtime/Cache/Admin/0596532377ed9b2c394887d1ce8ac725.php 第 124 行.
NOTIC: [8] Undefined variable: article /www/wwwroot/tp3.2/Application/Runtime/Cache/Admin/0596532377ed9b2c394887d1ce8ac725.php 第 132 行.
NOTIC: [8] Use of undefined constant reading - assumed 'reading' /www/wwwroot/tp3.2/Application/Runtime/Cache/Admin/0596532377ed9b2c394887d1ce8ac725.php 第 132 行.
NOTIC: [8] Undefined variable: article /www/wwwroot/tp3.2/Application/Runtime/Cache/Admin/0596532377ed9b2c394887d1ce8ac725.php 第 132 行.
NOTIC: [8] Undefined variable: article /www/wwwroot/tp3.2/Application/Runtime/Cache/Admin/0596532377ed9b2c394887d1ce8ac725.php 第 135 行.
NOTIC: [8] Undefined variable: article /www/wwwroot/tp3.2/Application/Runtime/Cache/Admin/0596532377ed9b2c394887d1ce8ac725.php 第 179 行.
INFO: Run Behavior\ParseTemplateBehavior [ RunTime:0.005417s ]
INFO: [ view_parse ] --END-- [ RunTime:0.005432s ]
INFO: [ view_filter ] --START--
INFO: Run Behavior\WriteHtmlCacheBehavior [ RunTime:0.000069s ]
INFO: [ view_filter ] --END-- [ RunTime:0.000080s ]
INFO: [ app_end ] --START--
INFO: Run Behavior\ShowPageTraceBehavior [ RunTime:0.000278s ]
INFO: [ app_end ] --END-- [ RunTime:0.000299s ]

[ 2019-01-25T16:05:21+08:00 ] 114.248.87.59 /index.php/admin/article/upload.html
INFO: [ app_init ] --START--
INFO: Run Behavior\BuildLiteBehavior [ RunTime:0.000006s ]
INFO: [ app_init ] --END-- [ RunTime:0.000187s ]
INFO: [ app_begin ] --START--
INFO: Run Behavior\ReadHtmlCacheBehavior [ RunTime:0.000232s ]
INFO: [ app_begin ] --END-- [ RunTime:0.000246s ]
NOTIC: [2] call_user_func() expects parameter 1 to be a valid callback, no array or string given /www/wwwroot/tp3.2/ThinkPHP/Library/Think/Upload.class.php 第 170 行.
SQL: SHOW COLUMNS FROM `picture` [ RunTime:0.0103s ]
SQL: INSERT INTO `picture` (`picture`,`create_time`) VALUES ('/Public/Uploads/2019-01-25/5c4ac34199882.mp3','2019-01-25 16:05:21') [ RunTime:0.0226s ]

[ 2019-01-25T16:07:32+08:00 ] 114.248.87.59 /index.php/admin/article/publish.html
INFO: [ app_init ] --START--
INFO: Run Behavior\BuildLiteBehavior [ RunTime:0.000007s ]
INFO: [ app_init ] --END-- [ RunTime:0.000178s ]
INFO: [ app_begin ] --START--
INFO: Run Behavior\ReadHtmlCacheBehavior [ RunTime:0.000279s ]
INFO: [ app_begin ] --END-- [ RunTime:0.000297s ]
NOTIC: [8] Undefined index: id /www/wwwroot/tp3.2/Application/Admin/Controller/ArticleController.class.php 第 25 行.
NOTIC: [8] Undefined index: id /www/wwwroot/tp3.2/Application/Admin/Controller/ArticleController.class.php 第 25 行.
SQL: SHOW COLUMNS FROM `article` [ RunTime:0.0119s ]
SQL: INSERT INTO `article` (`mp3`,`title`,`thumb`,`list_thumb`,`desc`,`author`,`like`,`reading`,`content`,`voice`,`create_time`,`time`) VALUES ('/Public/Uploads/2019-01-25/5c4ac34199882.mp3','','','','','','','','央视网消息（新闻联播）：1月15日，全国人大常委会委员长栗战书在人民大会堂会见芬兰总统尼尼斯托。
栗战书表示，中芬建交以来，始终坚持相互尊重、平等相待、互利合作，已成为不同文化、幅员、发展水平国家和平共处，友好交往的典范。习近平主席和总统先生的会谈富有成果，描绘了中芬关系发展新蓝图。中方愿同芬方一道，落实好两国元首重要共识，推动中芬各领域交流合作不断提升到新水平。中国全国人大愿加强同芬兰议会各层级友好往来，开展立法、监督和治国理政交流，推动经贸、创新、环保、冬季运动等各领域合作。','/Public/Uploads/2019-01-25/5c4ac34199882.mp3','2019-01-25 16:07:32','53.81') [ RunTime:0.0200s ]
INFO: [ app_end ] --START--
INFO: Run Behavior\ShowPageTraceBehavior [ RunTime:0.000448s ]
INFO: [ app_end ] --END-- [ RunTime:0.000469s ]

[ 2019-01-25T16:07:38+08:00 ] 114.248.87.59 /index.php/Admin/article/index
INFO: [ app_init ] --START--
INFO: Run Behavior\BuildLiteBehavior [ RunTime:0.000005s ]
INFO: [ app_init ] --END-- [ RunTime:0.000168s ]
INFO: [ app_begin ] --START--
INFO: Run Behavior\ReadHtmlCacheBehavior [ RunTime:0.000255s ]
INFO: [ app_begin ] --END-- [ RunTime:0.000271s ]
SQL: SHOW COLUMNS FROM `article` [ RunTime:0.0112s ]
SQL: SELECT COUNT(*) AS tp_count FROM `article` LIMIT 1   [ RunTime:0.0107s ]
SQL: SELECT * FROM `article` ORDER BY id desc LIMIT 0,10   [ RunTime:0.0108s ]
INFO: [ view_parse ] --START--
INFO: [ template_filter ] --START--
INFO: Run Behavior\ContentReplaceBehavior [ RunTime:0.000038s ]
INFO: [ template_filter ] --END-- [ RunTime:0.000060s ]
INFO: Run Behavior\ParseTemplateBehavior [ RunTime:0.004703s ]
INFO: [ view_parse ] --END-- [ RunTime:0.004722s ]
INFO: [ view_filter ] --START--
INFO: Run Behavior\WriteHtmlCacheBehavior [ RunTime:0.000071s ]
INFO: [ view_filter ] --END-- [ RunTime:0.000084s ]
INFO: [ app_end ] --START--
INFO: Run Behavior\ShowPageTraceBehavior [ RunTime:0.000297s ]
INFO: [ app_end ] --END-- [ RunTime:0.000311s ]

[ 2019-01-25T16:25:55+08:00 ] 114.248.87.59 /index.php/Admin/article/index
INFO: [ app_init ] --START--
INFO: Run Behavior\BuildLiteBehavior [ RunTime:0.000009s ]
INFO: [ app_init ] --END-- [ RunTime:0.000203s ]
INFO: [ app_begin ] --START--
INFO: Run Behavior\ReadHtmlCacheBehavior [ RunTime:0.000238s ]
INFO: [ app_begin ] --END-- [ RunTime:0.000255s ]
SQL: SHOW COLUMNS FROM `article` [ RunTime:0.0094s ]
SQL: SELECT COUNT(*) AS tp_count FROM `article` LIMIT 1   [ RunTime:0.0089s ]
SQL: SELECT * FROM `article` ORDER BY id desc LIMIT 0,10   [ RunTime:0.0093s ]
INFO: [ view_parse ] --START--
INFO: [ template_filter ] --START--
INFO: Run Behavior\ContentReplaceBehavior [ RunTime:0.000048s ]
INFO: [ template_filter ] --END-- [ RunTime:0.000074s ]
INFO: Run Behavior\ParseTemplateBehavior [ RunTime:0.006010s ]
INFO: [ view_parse ] --END-- [ RunTime:0.006028s ]
INFO: [ view_filter ] --START--
INFO: Run Behavior\WriteHtmlCacheBehavior [ RunTime:0.000072s ]
INFO: [ view_filter ] --END-- [ RunTime:0.000085s ]
INFO: [ app_end ] --START--
INFO: Run Behavior\ShowPageTraceBehavior [ RunTime:0.000307s ]
INFO: [ app_end ] --END-- [ RunTime:0.000321s ]

